#
# There is insufficient memory for the Java Runtime Environment to continue.
# Native memory allocation (malloc) failed to allocate 1787456 bytes for Chunk::new
# Possible reasons:
#   The system is out of physical RAM or swap space
#   In 32 bit mode, the process size limit was hit
# Possible solutions:
#   Reduce memory load on the system
#   Increase physical memory or swap space
#   Check if swap backing store is full
#   Use 64 bit Java on a 64 bit OS
#   Decrease Java heap size (-Xmx/-Xms)
#   Decrease number of Java threads
#   Decrease Java thread stack sizes (-Xss)
#   Set larger code cache with -XX:ReservedCodeCacheSize=
# This output file may be truncated or incomplete.
#
#  Out of Memory Error (allocation.cpp:388), pid=6468, tid=4660
#
# JRE version: Java(TM) SE Runtime Environment (8.0_05-b13) (build 1.8.0_05-b13)
# Java VM: Java HotSpot(TM) 64-Bit Server VM (25.5-b02 mixed mode windows-amd64 compressed oops)
# Failed to write core dump. Minidumps are not enabled by default on client versions of Windows
#

---------------  T H R E A D  ---------------

Current thread (0x0000000006a11000):  JavaThread "C2 CompilerThread1" daemon [_thread_in_native, id=4660, stack(0x0000000008460000,0x0000000008560000)]

Stack: [0x0000000008460000,0x0000000008560000]
Native frames: (J=compiled Java code, j=interpreted, Vv=VM code, C=native code)
V  [jvm.dll+0x308dea]
V  [jvm.dll+0x25def1]
V  [jvm.dll+0x25eb0f]
V  [jvm.dll+0x2564e5]
V  [jvm.dll+0xbcfc5]
V  [jvm.dll+0xbd45c]
V  [jvm.dll+0x44d422]
V  [jvm.dll+0x48e13f]
V  [jvm.dll+0x4425d0]
V  [jvm.dll+0x44366b]
V  [jvm.dll+0x427532]
V  [jvm.dll+0x96702]
V  [jvm.dll+0x96ef3]
V  [jvm.dll+0x2232c4]
V  [jvm.dll+0x27baca]
C  [msvcr100.dll+0x21d9f]
C  [msvcr100.dll+0x21e3b]
C  [KERNEL32.DLL+0x12d92]
C  [ntdll.dll+0x9f64]


Current CompileTask:
C2:  43195 2654       4       com.android.dx.dex.cf.CfTranslator::translate0 (259 bytes)


---------------  P R O C E S S  ---------------

Java Threads: ( => current thread )
  0x0000000008cac800 JavaThread "pool-2-thread-4" [_thread_blocked, id=8276, stack(0x0000000009460000,0x0000000009560000)]
  0x0000000008dc2000 JavaThread "pool-2-thread-3" [_thread_blocked, id=7060, stack(0x0000000009360000,0x0000000009460000)]
  0x000000000811d000 JavaThread "pool-2-thread-2" [_thread_blocked, id=880, stack(0x0000000009260000,0x0000000009360000)]
  0x0000000008043800 JavaThread "pool-3-thread-1" [_thread_blocked, id=8948, stack(0x0000000009160000,0x0000000009260000)]
  0x0000000008acf800 JavaThread "pool-2-thread-1" [_thread_blocked, id=6748, stack(0x0000000009060000,0x0000000009160000)]
  0x0000000007df7800 JavaThread "Service Thread" daemon [_thread_blocked, id=7656, stack(0x0000000008660000,0x0000000008760000)]
  0x0000000006a1e800 JavaThread "C1 CompilerThread2" daemon [_thread_blocked, id=8784, stack(0x0000000008560000,0x0000000008660000)]
=>0x0000000006a11000 JavaThread "C2 CompilerThread1" daemon [_thread_in_native, id=4660, stack(0x0000000008460000,0x0000000008560000)]
  0x0000000006a0e800 JavaThread "C2 CompilerThread0" daemon [_thread_in_native, id=8976, stack(0x0000000008360000,0x0000000008460000)]
  0x0000000007da2800 JavaThread "Attach Listener" daemon [_thread_blocked, id=7604, stack(0x0000000008260000,0x0000000008360000)]
  0x0000000006a04800 JavaThread "Signal Dispatcher" daemon [_thread_blocked, id=7552, stack(0x0000000008160000,0x0000000008260000)]
  0x0000000003315000 JavaThread "Finalizer" daemon [_thread_blocked, id=7120, stack(0x0000000007c60000,0x0000000007d60000)]
  0x00000000069b8000 JavaThread "Reference Handler" daemon [_thread_blocked, id=6708, stack(0x0000000007b60000,0x0000000007c60000)]
  0x0000000002c2e000 JavaThread "main" [_thread_blocked, id=7044, stack(0x0000000003120000,0x0000000003220000)]

Other Threads:
  0x00000000069b7000 VMThread [stack: 0x0000000007a60000,0x0000000007b60000] [id=6768]
  0x0000000007e06000 WatcherThread [stack: 0x0000000008760000,0x0000000008860000] [id=3200]

VM state:at safepoint (normal execution)

VM Mutex/Monitor currently owned by a thread:  ([mutex/lock_event])
[0x0000000002c2d420] Threads_lock - owner thread: 0x00000000069b7000
[0x0000000002c2cea0] Heap_lock - owner thread: 0x0000000002c2e000

Heap:
 PSYoungGen      total 232960K, used 215650K [0x00000000eab00000, 0x0000000100000000, 0x0000000100000000)
  eden space 116736K, 100% used [0x00000000eab00000,0x00000000f1d00000,0x00000000f1d00000)
  from space 116224K, 85% used [0x00000000f1d00000,0x00000000f7d988d8,0x00000000f8e80000)
  to   space 116224K, 13% used [0x00000000f8e80000,0x00000000f9e43c28,0x0000000100000000)
 ParOldGen       total 549888K, used 499841K [0x00000000c0000000, 0x00000000e1900000, 0x00000000eab00000)
  object space 549888K, 90% used [0x00000000c0000000,0x00000000de822748,0x00000000e1900000)
 Metaspace       used 6189K, capacity 7096K, committed 7296K, reserved 1056768K
  class space    used 614K, capacity 624K, committed 640K, reserved 1048576K

Card table byte_map: [0x00000000036e0000,0x00000000038f0000] byte_map_base: 0x00000000030e0000

Marking Bits: (ParMarkBitMap*) 0x00000000576813b0
 Begin Bits: [0x0000000003e50000, 0x0000000004e50000)
 End Bits:   [0x0000000004e50000, 0x0000000005e50000)

Polling page: 0x00000000010c0000

CodeCache: size=245760Kb used=10499Kb max_used=11452Kb free=235260Kb
 bounds [0x000000000f010000, 0x000000000fb90000, 0x000000001e010000]
 total_blobs=2481 nmethods=2214 adapters=180
 compilation: enabled

Compilation events (10 events):
Event: 41.912 Thread 0x0000000006a1e800 2657       3       com.android.dx.ssa.back.RegisterAllocator::insertMoveBefore (240 bytes)
Event: 41.916 Thread 0x0000000006a1e800 nmethod 2657 0x000000000f71ab50 code [0x000000000f71afc0, 0x000000000f71dc68]
Event: 41.921 Thread 0x0000000006a1e800 2658 %     3       com.android.dx.cf.direct.StdAttributeFactory::innerClasses @ 108 (383 bytes)
Event: 41.931 Thread 0x0000000006a1e800 nmethod 2658% 0x000000000f2c0d50 code [0x000000000f2c1780, 0x000000000f2c9008]
Event: 41.940 Thread 0x0000000006a1e800 2659       3       com.android.dx.cf.direct.StdAttributeFactory::innerClasses (383 bytes)
Event: 41.949 Thread 0x0000000006a1e800 nmethod 2659 0x000000000f3adf50 code [0x000000000f3ae980, 0x000000000f3b5f48]
Event: 42.169 Thread 0x0000000006a11000 nmethod 2649 0x000000000fb6bed0 code [0x000000000fb6d260, 0x000000000fb74868]
Event: 42.172 Thread 0x0000000006a11000 2599       4       com.android.dx.ssa.back.FirstFitLocalCombiningAllocator::handleLocalAssociatedOther (151 bytes)
Event: 42.235 Thread 0x0000000006a11000 nmethod 2599 0x000000000f3e1090 code [0x000000000f3e12c0, 0x000000000f3e27b8]
Event: 42.235 Thread 0x0000000006a11000 2654       4       com.android.dx.dex.cf.CfTranslator::translate0 (259 bytes)

GC Heap History (10 events):
Event: 40.051 GC heap after
Heap after GC invocations=51 (full 10):
 PSYoungGen      total 159232K, used 40665K [0x00000000eab00000, 0x00000000ff580000, 0x0000000100000000)
  eden space 118272K, 0% used [0x00000000eab00000,0x00000000eab00000,0x00000000f1e80000)
  from space 40960K, 99% used [0x00000000f1e80000,0x00000000f4636708,0x00000000f4680000)
  to   space 110080K, 0% used [0x00000000f8a00000,0x00000000f8a00000,0x00000000ff580000)
 ParOldGen       total 549888K, used 471221K [0x00000000c0000000, 0x00000000e1900000, 0x00000000eab00000)
  object space 549888K, 85% used [0x00000000c0000000,0x00000000dcc2d610,0x00000000e1900000)
 Metaspace       used 6188K, capacity 7096K, committed 7296K, reserved 1056768K
  class space    used 614K, capacity 624K, committed 640K, reserved 1048576K
}
Event: 40.487 GC heap before
{Heap before GC invocations=52 (full 10):
 PSYoungGen      total 159232K, used 158937K [0x00000000eab00000, 0x00000000ff580000, 0x0000000100000000)
  eden space 118272K, 100% used [0x00000000eab00000,0x00000000f1e80000,0x00000000f1e80000)
  from space 40960K, 99% used [0x00000000f1e80000,0x00000000f4636708,0x00000000f4680000)
  to   space 110080K, 0% used [0x00000000f8a00000,0x00000000f8a00000,0x00000000ff580000)
 ParOldGen       total 549888K, used 471221K [0x00000000c0000000, 0x00000000e1900000, 0x00000000eab00000)
  object space 549888K, 85% used [0x00000000c0000000,0x00000000dcc2d610,0x00000000e1900000)
 Metaspace       used 6188K, capacity 7096K, committed 7296K, reserved 1056768K
  class space    used 614K, capacity 624K, committed 640K, reserved 1048576K
Event: 40.633 GC heap after
Heap after GC invocations=52 (full 10):
 PSYoungGen      total 230912K, used 58502K [0x00000000eab00000, 0x00000000ff680000, 0x0000000100000000)
  eden space 120832K, 0% used [0x00000000eab00000,0x00000000eab00000,0x00000000f2100000)
  from space 110080K, 53% used [0x00000000f8a00000,0x00000000fc3219f0,0x00000000ff580000)
  to   space 107520K, 0% used [0x00000000f2100000,0x00000000f2100000,0x00000000f8a00000)
 ParOldGen       total 549888K, used 471221K [0x00000000c0000000, 0x00000000e1900000, 0x00000000eab00000)
  object space 549888K, 85% used [0x00000000c0000000,0x00000000dcc2d610,0x00000000e1900000)
 Metaspace       used 6188K, capacity 7096K, committed 7296K, reserved 1056768K
  class space    used 614K, capacity 624K, committed 640K, reserved 1048576K
}
Event: 41.124 GC heap before
{Heap before GC invocations=53 (full 10):
 PSYoungGen      total 230912K, used 179334K [0x00000000eab00000, 0x00000000ff680000, 0x0000000100000000)
  eden space 120832K, 100% used [0x00000000eab00000,0x00000000f2100000,0x00000000f2100000)
  from space 110080K, 53% used [0x00000000f8a00000,0x00000000fc3219f0,0x00000000ff580000)
  to   space 107520K, 0% used [0x00000000f2100000,0x00000000f2100000,0x00000000f8a00000)
 ParOldGen       total 549888K, used 471221K [0x00000000c0000000, 0x00000000e1900000, 0x00000000eab00000)
  object space 549888K, 85% used [0x00000000c0000000,0x00000000dcc2d610,0x00000000e1900000)
 Metaspace       used 6188K, capacity 7096K, committed 7296K, reserved 1056768K
  class space    used 614K, capacity 624K, committed 640K, reserved 1048576K
Event: 41.274 GC heap after
Heap after GC invocations=53 (full 10):
 PSYoungGen      total 228352K, used 78886K [0x00000000eab00000, 0x0000000100000000, 0x0000000100000000)
  eden space 120832K, 0% used [0x00000000eab00000,0x00000000eab00000,0x00000000f2100000)
  from space 107520K, 73% used [0x00000000f2100000,0x00000000f6e098f8,0x00000000f8a00000)
  to   space 112128K, 0% used [0x00000000f9280000,0x00000000f9280000,0x0000000100000000)
 ParOldGen       total 549888K, used 471221K [0x00000000c0000000, 0x00000000e1900000, 0x00000000eab00000)
  object space 549888K, 85% used [0x00000000c0000000,0x00000000dcc2d610,0x00000000e1900000)
 Metaspace       used 6188K, capacity 7096K, committed 7296K, reserved 1056768K
  class space    used 614K, capacity 624K, committed 640K, reserved 1048576K
}
Event: 41.606 GC heap before
{Heap before GC invocations=54 (full 10):
 PSYoungGen      total 228352K, used 199718K [0x00000000eab00000, 0x0000000100000000, 0x0000000100000000)
  eden space 120832K, 100% used [0x00000000eab00000,0x00000000f2100000,0x00000000f2100000)
  from space 107520K, 73% used [0x00000000f2100000,0x00000000f6e098f8,0x00000000f8a00000)
  to   space 112128K, 0% used [0x00000000f9280000,0x00000000f9280000,0x0000000100000000)
 ParOldGen       total 549888K, used 471221K [0x00000000c0000000, 0x00000000e1900000, 0x00000000eab00000)
  object space 549888K, 85% used [0x00000000c0000000,0x00000000dcc2d610,0x00000000e1900000)
 Metaspace       used 6189K, capacity 7096K, committed 7296K, reserved 1056768K
  class space    used 614K, capacity 624K, committed 640K, reserved 1048576K
Event: 41.787 GC heap after
Heap after GC invocations=54 (full 10):
 PSYoungGen      total 228864K, used 97040K [0x00000000eab00000, 0x0000000100000000, 0x0000000100000000)
  eden space 116736K, 0% used [0x00000000eab00000,0x00000000eab00000,0x00000000f1d00000)
  from space 112128K, 86% used [0x00000000f9280000,0x00000000ff144308,0x0000000100000000)
  to   space 116224K, 0% used [0x00000000f1d00000,0x00000000f1d00000,0x00000000f8e80000)
 ParOldGen       total 549888K, used 471221K [0x00000000c0000000, 0x00000000e1900000, 0x00000000eab00000)
  object space 549888K, 85% used [0x00000000c0000000,0x00000000dcc2d610,0x00000000e1900000)
 Metaspace       used 6189K, capacity 7096K, committed 7296K, reserved 1056768K
  class space    used 614K, capacity 624K, committed 640K, reserved 1048576K
}
Event: 42.287 GC heap before
{Heap before GC invocations=55 (full 10):
 PSYoungGen      total 228864K, used 213776K [0x00000000eab00000, 0x0000000100000000, 0x0000000100000000)
  eden space 116736K, 100% used [0x00000000eab00000,0x00000000f1d00000,0x00000000f1d00000)
  from space 112128K, 86% used [0x00000000f9280000,0x00000000ff144308,0x0000000100000000)
  to   space 116224K, 0% used [0x00000000f1d00000,0x00000000f1d00000,0x00000000f8e80000)
 ParOldGen       total 549888K, used 471221K [0x00000000c0000000, 0x00000000e1900000, 0x00000000eab00000)
  object space 549888K, 85% used [0x00000000c0000000,0x00000000dcc2d610,0x00000000e1900000)
 Metaspace       used 6189K, capacity 7096K, committed 7296K, reserved 1056768K
  class space    used 614K, capacity 624K, committed 640K, reserved 1048576K
Event: 42.497 GC heap after
Heap after GC invocations=55 (full 10):
 PSYoungGen      total 232960K, used 98914K [0x00000000eab00000, 0x0000000100000000, 0x0000000100000000)
  eden space 116736K, 0% used [0x00000000eab00000,0x00000000eab00000,0x00000000f1d00000)
  from space 116224K, 85% used [0x00000000f1d00000,0x00000000f7d988d8,0x00000000f8e80000)
  to   space 116224K, 0% used [0x00000000f8e80000,0x00000000f8e80000,0x0000000100000000)
 ParOldGen       total 549888K, used 487366K [0x00000000c0000000, 0x00000000e1900000, 0x00000000eab00000)
  object space 549888K, 88% used [0x00000000c0000000,0x00000000ddbf1a40,0x00000000e1900000)
 Metaspace       used 6189K, capacity 7096K, committed 7296K, reserved 1056768K
  class space    used 614K, capacity 624K, committed 640K, reserved 1048576K
}
Event: 43.029 GC heap before
{Heap before GC invocations=56 (full 10):
 PSYoungGen      total 232960K, used 215650K [0x00000000eab00000, 0x0000000100000000, 0x0000000100000000)
  eden space 116736K, 100% used [0x00000000eab00000,0x00000000f1d00000,0x00000000f1d00000)
  from space 116224K, 85% used [0x00000000f1d00000,0x00000000f7d988d8,0x00000000f8e80000)
  to   space 116224K, 0% used [0x00000000f8e80000,0x00000000f8e80000,0x0000000100000000)
 ParOldGen       total 549888K, used 487366K [0x00000000c0000000, 0x00000000e1900000, 0x00000000eab00000)
  object space 549888K, 88% used [0x00000000c0000000,0x00000000ddbf1a40,0x00000000e1900000)
 Metaspace       used 6189K, capacity 7096K, committed 7296K, reserved 1056768K
  class space    used 614K, capacity 624K, committed 640K, reserved 1048576K

Deoptimization events (10 events):
Event: 40.216 Thread 0x0000000008acf800 Uncommon trap: reason=class_check action=maybe_recompile pc=0x000000000f326f50 method=com.android.dx.cf.code.Simulator$SimVisitor.visitNoArgs(IIILcom/android/dx/rop/type/Type;)V @ 1189
Event: 40.224 Thread 0x0000000008acf800 Uncommon trap: reason=class_check action=maybe_recompile pc=0x000000000f326f50 method=com.android.dx.cf.code.Simulator$SimVisitor.visitNoArgs(IIILcom/android/dx/rop/type/Type;)V @ 1189
Event: 40.252 Thread 0x0000000002c2e000 Uncommon trap: reason=class_check action=maybe_recompile pc=0x000000000f326f50 method=com.android.dx.cf.code.Simulator$SimVisitor.visitNoArgs(IIILcom/android/dx/rop/type/Type;)V @ 1189
Event: 40.274 Thread 0x0000000008cac800 Uncommon trap: reason=class_check action=maybe_recompile pc=0x000000000f3284f8 method=com.android.dx.cf.code.Simulator$SimVisitor.visitNoArgs(IIILcom/android/dx/rop/type/Type;)V @ 1379
Event: 40.279 Thread 0x0000000008cac800 Uncommon trap: reason=class_check action=maybe_recompile pc=0x000000000f32a530 method=com.android.dx.cf.code.Simulator$SimVisitor.visitNoArgs(IIILcom/android/dx/rop/type/Type;)V @ 1725
Event: 40.822 Thread 0x0000000008dc2000 Uncommon trap: reason=class_check action=maybe_recompile pc=0x000000000f326f50 method=com.android.dx.cf.code.Simulator$SimVisitor.visitNoArgs(IIILcom/android/dx/rop/type/Type;)V @ 1189
Event: 41.376 Thread 0x0000000008dc2000 Uncommon trap: reason=class_check action=maybe_recompile pc=0x000000000f80bd30 method=com.android.dx.cf.code.Simulator$SimVisitor.visitNoArgs(IIILcom/android/dx/rop/type/Type;)V @ 1655
Event: 41.377 Thread 0x0000000008dc2000 Uncommon trap: reason=class_check action=maybe_recompile pc=0x000000000f80bd30 method=com.android.dx.cf.code.Simulator$SimVisitor.visitNoArgs(IIILcom/android/dx/rop/type/Type;)V @ 1655
Event: 41.807 Thread 0x000000000811d000 Uncommon trap: reason=class_check action=maybe_recompile pc=0x000000000f77cad0 method=com.android.dx.cf.code.Simulator$SimVisitor.visitNoArgs(IIILcom/android/dx/rop/type/Type;)V @ 879
Event: 41.807 Thread 0x000000000811d000 Uncommon trap: reason=class_check action=maybe_recompile pc=0x000000000f77cad0 method=com.android.dx.cf.code.Simulator$SimVisitor.visitNoArgs(IIILcom/android/dx/rop/type/Type;)V @ 879

Internal exceptions (10 events):
Event: 2.088 Thread 0x0000000008dc2000 Exception <a 'java/lang/ArrayIndexOutOfBoundsException'> (0x00000000ebedaa28) thrown at [D:\re\workspace\8-2-build-windows-amd64-cygwin\jdk8u5\2488\hotspot\src\share\vm\runtime\sharedRuntime.cpp, line 595]
Event: 2.450 Thread 0x0000000008cac800 Exception <a 'java/security/PrivilegedActionException'> (0x00000000ecf27510) thrown at [D:\re\workspace\8-2-build-windows-amd64-cygwin\jdk8u5\2488\hotspot\src\share\vm\prims\jvm.cpp, line 1248]
Event: 6.416 Thread 0x0000000002c2e000 Exception <a 'java/security/PrivilegedActionException'> (0x00000000ecfe0440) thrown at [D:\re\workspace\8-2-build-windows-amd64-cygwin\jdk8u5\2488\hotspot\src\share\vm\prims\jvm.cpp, line 1248]
Event: 6.418 Thread 0x0000000002c2e000 Implicit null exception at 0x000000000f1c6aa5 to 0x000000000f1c75c1
Event: 22.174 Thread 0x000000000811d000 Exception <a 'java/security/PrivilegedActionException'> (0x00000000f14b1078) thrown at [D:\re\workspace\8-2-build-windows-amd64-cygwin\jdk8u5\2488\hotspot\src\share\vm\prims\jvm.cpp, line 1248]
Event: 22.191 Thread 0x000000000811d000 Exception <a 'java/security/PrivilegedActionException'> (0x00000000f1635b90) thrown at [D:\re\workspace\8-2-build-windows-amd64-cygwin\jdk8u5\2488\hotspot\src\share\vm\prims\jvm.cpp, line 1248]
Event: 23.624 Thread 0x0000000008dc2000 Exception <a 'java/security/PrivilegedActionException'> (0x00000000f04ba5c0) thrown at [D:\re\workspace\8-2-build-windows-amd64-cygwin\jdk8u5\2488\hotspot\src\share\vm\prims\jvm.cpp, line 1248]
Event: 27.246 Thread 0x0000000008dc2000 Exception <a 'java/security/PrivilegedActionException'> (0x00000000eb055d98) thrown at [D:\re\workspace\8-2-build-windows-amd64-cygwin\jdk8u5\2488\hotspot\src\share\vm\prims\jvm.cpp, line 1248]
Event: 28.262 Thread 0x0000000002c2e000 Exception <a 'java/security/PrivilegedActionException'> (0x00000000ed097c80) thrown at [D:\re\workspace\8-2-build-windows-amd64-cygwin\jdk8u5\2488\hotspot\src\share\vm\prims\jvm.cpp, line 1248]
Event: 40.054 Thread 0x0000000008cac800 Implicit null exception at 0x000000000f29786b to 0x000000000f297de5

Events (10 events):
Event: 41.995 Thread 0x0000000008cac800 DEOPT UNPACKING pc=0x000000000f057604 sp=0x000000000955eea0 mode 0
Event: 42.205 Thread 0x0000000008dc2000 DEOPT PACKING pc=0x000000000f61610c sp=0x000000000945ee90
Event: 42.205 Thread 0x0000000008dc2000 DEOPT UNPACKING pc=0x000000000f057604 sp=0x000000000945ec70 mode 0
Event: 42.287 Executing VM operation: ParallelGCFailedAllocation
Event: 42.497 Executing VM operation: ParallelGCFailedAllocation done
Event: 42.580 Thread 0x0000000008acf800 DEOPT PACKING pc=0x000000000f61610c sp=0x000000000915ee10
Event: 42.580 Thread 0x0000000008acf800 DEOPT UNPACKING pc=0x000000000f057604 sp=0x000000000915ebf0 mode 0
Event: 42.807 Thread 0x0000000008cac800 DEOPT PACKING pc=0x000000000f61610c sp=0x000000000955f0c0
Event: 42.807 Thread 0x0000000008cac800 DEOPT UNPACKING pc=0x000000000f057604 sp=0x000000000955eea0 mode 0
Event: 43.028 Executing VM operation: ParallelGCFailedAllocation


Dynamic libraries:
0x00007ff6ac5b0000 - 0x00007ff6ac5e4000 	C:\Program Files\Java\jdk1.8.0_05\bin\java.exe
0x00007ffd663b0000 - 0x00007ffd66571000 	C:\WINDOWS\SYSTEM32\ntdll.dll
0x00007ffd648c0000 - 0x00007ffd6496d000 	C:\WINDOWS\system32\KERNEL32.DLL
0x00007ffd62f10000 - 0x00007ffd630ed000 	C:\WINDOWS\system32\KERNELBASE.dll
0x00007ffd63b00000 - 0x00007ffd63ba6000 	C:\WINDOWS\system32\ADVAPI32.dll
0x00007ffd63a60000 - 0x00007ffd63afd000 	C:\WINDOWS\system32\msvcrt.dll
0x00007ffd641e0000 - 0x00007ffd6423b000 	C:\WINDOWS\system32\sechost.dll
0x00007ffd64790000 - 0x00007ffd648b6000 	C:\WINDOWS\system32\RPCRT4.dll
0x00007ffd64260000 - 0x00007ffd643ae000 	C:\WINDOWS\system32\USER32.dll
0x00007ffd63de0000 - 0x00007ffd63f66000 	C:\WINDOWS\system32\GDI32.dll
0x00007ffd5f630000 - 0x00007ffd5f8a4000 	C:\WINDOWS\WinSxS\amd64_microsoft.windows.common-controls_6595b64144ccf1df_6.0.10240.16384_none_f41f7b285750ef43\COMCTL32.dll
0x00007ffd649e0000 - 0x00007ffd64a16000 	C:\WINDOWS\system32\IMM32.DLL
0x00007ffd64630000 - 0x00007ffd6478c000 	C:\WINDOWS\system32\MSCTF.dll
0x00007ffd62cb0000 - 0x00007ffd62ce1000 	C:\Windows\system32\nvinitx.dll
0x00007ffd62ca0000 - 0x00007ffd62caa000 	C:\WINDOWS\SYSTEM32\VERSION.dll
0x000000000f000000 - 0x000000000f006000 	C:\Program Files\NVIDIA Corporation\CoProcManager\_etoured.dll
0x00007ffd60050000 - 0x00007ffd60083000 	C:\Program Files\NVIDIA Corporation\CoProcManager\nvd3d9wrapx.dll
0x00007ffd643b0000 - 0x00007ffd64575000 	C:\WINDOWS\system32\SETUPAPI.dll
0x00007ffd630f0000 - 0x00007ffd63134000 	C:\WINDOWS\system32\CFGMGR32.dll
0x00007ffd60020000 - 0x00007ffd60042000 	C:\Program Files\NVIDIA Corporation\CoProcManager\nvdxgiwrapx.dll
0x0000000056770000 - 0x0000000056842000 	C:\Program Files\Java\jdk1.8.0_05\jre\bin\msvcr100.dll
0x0000000056ed0000 - 0x00000000576fa000 	C:\Program Files\Java\jdk1.8.0_05\jre\bin\server\jvm.dll
0x00007ffd65f80000 - 0x00007ffd65f88000 	C:\WINDOWS\system32\PSAPI.DLL
0x00007ffd58a10000 - 0x00007ffd58a19000 	C:\WINDOWS\SYSTEM32\WSOCK32.dll
0x00007ffd60d30000 - 0x00007ffd60d53000 	C:\WINDOWS\SYSTEM32\WINMM.dll
0x00007ffd64970000 - 0x00007ffd649d9000 	C:\WINDOWS\system32\WS2_32.dll
0x00007ffd64a20000 - 0x00007ffd64a28000 	C:\WINDOWS\system32\NSI.dll
0x00007ffd60d00000 - 0x00007ffd60d2c000 	C:\WINDOWS\SYSTEM32\WINMMBASE.dll
0x00007ffd61640000 - 0x00007ffd61667000 	C:\WINDOWS\SYSTEM32\DEVOBJ.dll
0x0000000057e60000 - 0x0000000057e6f000 	C:\Program Files\Java\jdk1.8.0_05\jre\bin\verify.dll
0x0000000057c60000 - 0x0000000057c88000 	C:\Program Files\Java\jdk1.8.0_05\jre\bin\java.dll
0x0000000056eb0000 - 0x0000000056ec6000 	C:\Program Files\Java\jdk1.8.0_05\jre\bin\zip.dll
0x00007ffd64a50000 - 0x00007ffd65f72000 	C:\WINDOWS\system32\SHELL32.dll
0x00007ffd63310000 - 0x00007ffd63938000 	C:\WINDOWS\system32\windows.storage.dll
0x00007ffd660c0000 - 0x00007ffd6633c000 	C:\WINDOWS\system32\combase.dll
0x00007ffd66060000 - 0x00007ffd660b1000 	C:\WINDOWS\system32\shlwapi.dll
0x00007ffd62e30000 - 0x00007ffd62e3f000 	C:\WINDOWS\system32\kernel.appcore.dll
0x00007ffd63940000 - 0x00007ffd639f3000 	C:\WINDOWS\system32\shcore.dll
0x00007ffd62de0000 - 0x00007ffd62e2a000 	C:\WINDOWS\system32\powrprof.dll
0x00007ffd62e40000 - 0x00007ffd62e53000 	C:\WINDOWS\system32\profapi.dll
0x00007ffd4af00000 - 0x00007ffd4b08a000 	C:\WINDOWS\SYSTEM32\dbghelp.dll

VM Arguments:
jvm_args: -Xmx1024M -Dfile.encoding=GBK -Duser.country=US -Duser.language=en -Duser.variant 
java_command: com.android.dx.command.Main --dex --num-threads=4 --multi-dex --main-dex-list E:\USA\courses\Advanced_Programming_Tools\Zijiang-Yang-APT\Connexus-Android\app\build\intermediates\multi-dex\debug\maindexlist.txt --output E:\USA\courses\Advanced_Programming_Tools\Zijiang-Yang-APT\Connexus-Android\app\build\intermediates\dex\debug E:\USA\courses\Advanced_Programming_Tools\Zijiang-Yang-APT\Connexus-Android\app\build\intermediates\multi-dex\debug\allclasses.jar
java_class_path (initial): D:\Program Files (x86)\AndroidSDK\build-tools\build-tools-23.0.1\lib\dx.jar
Launcher Type: SUN_STANDARD

Environment Variables:
JAVA_HOME=C:\Program Files\Java\jdk1.8.0_05
CLASSPATH=.;C:\Program Files\Java\jdk1.8.0_05\lib\dt.jar;C:\Program Files\Java\jdk1.8.0_05\lib\tools.jar;E:\CS_self_study\Algorithm\algs4.jar;E:\CS_self_study\Algorithm\stdlib.jar;
PATH=C:\Program Files (x86)\Common Files\Microsoft Shared\Windows Live;C:\Windows\system32;C:\Windows;C:\Windows\System32\Wbem;C:\Windows\System32\WindowsPowerShell\v1.0\;C:\Program Files\Lenovo\Bluetooth Software\;C:\Program Files\Lenovo\Bluetooth Software\syswow64;C:\Program Files (x86)\Common Files\Acronis\SnapAPI\;C:\Program Files (x86)\Microsoft SQL Server\100\Tools\Binn\;C:\Program Files (x86)\Microsoft SQL Server\100\DTS\Binn\;d:\Program Files\MATLAB\R2012a\runtime\win64;d:\Program Files\MATLAB\R2012a\bin;d:\Program Files\MATLAB\MATLAB Production Server\R2013b\runtime\win64;d:\Program Files\MATLAB\MATLAB Production Server\R2013b\bin;d:\Program Files\MATLAB\MATLAB Production Server\R2013b\polyspace\bin;C:\WINDOWS\system32;C:\WINDOWS;C:\WINDOWS\System32\Wbem;C:\WINDOWS\System32\WindowsPowerShell\v1.0\;C:\Program Files (x86)\NVIDIA Corporation\PhysX\Common;C:\Program Files (x86)\Skype\Phone\;C:\Users\Josh\.dnx\bin;C:\Program Files\Microsoft DNX\Dnvm\;C:\Program Files (x86)\Windows Kits\8.1\Windows Performance Toolkit\;D:\Program Files\Git\cmd;D:\Program Files (x86)\MiKTeX 2.9\miktex\bin\;C:\Program Files (x86)\Common Files\Microsoft Shared\Windows Live;D:\LeapDeveloperKit\LeapSDK\lib\x86;C:\Program Files\Java\jdk1.8.0_05\bin;C:\Program Files\Java\jdk1.8.0_05\jre\bin;D:\Program Files (x86)\eclipse\AndroidSDK\platform-tools;D:\Program Files (x86)\eclipse\AndroidSDK\tools;D:\Program Files (x86)\Oracle\VirtualBox;D:\cygwin64\bin;C:\Python27;C:\Python27\Scripts;C:\Users\Josh\AppData\Local\Code\bin
USERNAME=Josh
OS=Windows_NT
PROCESSOR_IDENTIFIER=Intel64 Family 6 Model 42 Stepping 7, GenuineIntel



---------------  S Y S T E M  ---------------

OS: Windows 8.1 , 64 bit Build 9600 

CPU:total 4 (2 cores per cpu, 2 threads per core) family 6 model 42 stepping 7, cmov, cx8, fxsr, mmx, sse, sse2, sse3, ssse3, sse4.1, sse4.2, popcnt, avx, aes, clmul, ht, tsc, tscinvbit

Memory: 4k page, physical 6233964k(317448k free), swap 6233964k(5564k free)

vm_info: Java HotSpot(TM) 64-Bit Server VM (25.5-b02) for windows-amd64 JRE (1.8.0_05-b13), built on Mar 18 2014 01:08:39 by "java_re" with MS VC++ 10.0 (VS2010)

time: Sun Oct 18 00:48:40 2015
elapsed time: 43 seconds

