#
# There is insufficient memory for the Java Runtime Environment to continue.
# Native memory allocation (malloc) failed to allocate 1048576 bytes for AllocateHeap
# Possible reasons:
#   The system is out of physical RAM or swap space
#   In 32 bit mode, the process size limit was hit
# Possible solutions:
#   Reduce memory load on the system
#   Increase physical memory or swap space
#   Check if swap backing store is full
#   Use 64 bit Java on a 64 bit OS
#   Decrease Java heap size (-Xmx/-Xms)
#   Decrease number of Java threads
#   Decrease Java thread stack sizes (-Xss)
#   Set larger code cache with -XX:ReservedCodeCacheSize=
# This output file may be truncated or incomplete.
#
#  Out of Memory Error (memory/allocation.inline.hpp:62), pid=7560, tid=9732
#
# JRE version:  (8.0_05-b13) (build )
# Java VM: Java HotSpot(TM) 64-Bit Server VM (25.5-b02 mixed mode windows-amd64 compressed oops)
# Failed to write core dump. Minidumps are not enabled by default on client versions of Windows
#

---------------  T H R E A D  ---------------

Current thread (0x0000000002b0d800):  JavaThread "Unknown thread" [_thread_in_vm, id=9732, stack(0x00000000029d0000,0x0000000002ad0000)]

Stack: [0x00000000029d0000,0x0000000002ad0000]
Native frames: (J=compiled Java code, j=interpreted, Vv=VM code, C=native code)
V  [jvm.dll+0x308dea]
V  [jvm.dll+0x25def1]
V  [jvm.dll+0x25eb0f]
V  [jvm.dll+0x2564e5]
V  [jvm.dll+0x3d020f]
V  [jvm.dll+0x3d0bff]
V  [jvm.dll+0x3d0e64]
V  [jvm.dll+0x3d1033]
V  [jvm.dll+0xe2142]
V  [jvm.dll+0x1f1419]
V  [jvm.dll+0x2227c4]
V  [jvm.dll+0x149f71]
C  [java.exe+0x207a]
C  [java.exe+0xc99b]
C  [java.exe+0xca2f]
C  [KERNEL32.DLL+0x12d92]
C  [ntdll.dll+0x9f64]


---------------  P R O C E S S  ---------------

Java Threads: ( => current thread )

Other Threads:

=>0x0000000002b0d800 (exited) JavaThread "Unknown thread" [_thread_in_vm, id=9732, stack(0x00000000029d0000,0x0000000002ad0000)]

VM state:not at safepoint (normal execution)

VM Mutex/Monitor currently owned by a thread: None

Heap:
 PSYoungGen      total 1024K, used 20K [0x00000000eab00000, 0x00000000eac80000, 0x0000000100000000)
  eden space 512K, 4% used [0x00000000eab00000,0x00000000eab05288,0x00000000eab80000)
  from space 512K, 0% used [0x00000000eac00000,0x00000000eac00000,0x00000000eac80000)
  to   space 512K, 0% used [0x00000000eab80000,0x00000000eab80000,0x00000000eac00000)
 ParOldGen       total 96768K, used 0K [0x00000000c0000000, 0x00000000c5e80000, 0x00000000eab00000)
  object space 96768K, 0% used [0x00000000c0000000,0x00000000c0000000,0x00000000c5e80000)
 Metaspace       used 673K, capacity 4480K, committed 4480K, reserved 1056768K
  class space    used 66K, capacity 384K, committed 384K, reserved 1048576K

Card table byte_map: [0x0000000003360000,0x0000000003570000] byte_map_base: 0x0000000002d60000

Marking Bits: (ParMarkBitMap*) 0x00000000659713b0
 Begin Bits: [0x0000000003ad0000, 0x0000000004ad0000)
 End Bits:   [0x0000000004ad0000, 0x0000000005ad0000)

Polling page: 0x0000000001230000

CodeCache: size=245760Kb used=327Kb max_used=327Kb free=245432Kb
 bounds [0x000000000f010000, 0x000000000f280000, 0x000000001e010000]
 total_blobs=56 nmethods=0 adapters=37
 compilation: enabled

Compilation events (0 events):
No events

GC Heap History (0 events):
No events

Deoptimization events (0 events):
No events

Internal exceptions (0 events):
No events

Events (10 events):
Event: 0.025 loading class java/lang/Short
Event: 0.025 loading class java/lang/Short done
Event: 0.025 loading class java/lang/Integer
Event: 0.025 loading class java/lang/Integer done
Event: 0.025 loading class java/lang/Long
Event: 0.025 loading class java/lang/Long done
Event: 0.026 loading class java/lang/NullPointerException
Event: 0.026 loading class java/lang/NullPointerException done
Event: 0.026 loading class java/lang/ArithmeticException
Event: 0.026 loading class java/lang/ArithmeticException done


Dynamic libraries:
0x00007ff7b4fc0000 - 0x00007ff7b4ff4000 	C:\Program Files\Java\jdk1.8.0_05\bin\java.exe
0x00007ffc12260000 - 0x00007ffc12421000 	C:\WINDOWS\SYSTEM32\ntdll.dll
0x00007ffc121b0000 - 0x00007ffc1225d000 	C:\WINDOWS\system32\KERNEL32.DLL
0x00007ffc0ee80000 - 0x00007ffc0f05d000 	C:\WINDOWS\system32\KERNELBASE.dll
0x00007ffc10740000 - 0x00007ffc107e6000 	C:\WINDOWS\system32\ADVAPI32.dll
0x00007ffc0fc70000 - 0x00007ffc0fd0d000 	C:\WINDOWS\system32\msvcrt.dll
0x00007ffc11f60000 - 0x00007ffc11fbb000 	C:\WINDOWS\system32\sechost.dll
0x00007ffc0fe70000 - 0x00007ffc0ff96000 	C:\WINDOWS\system32\RPCRT4.dll
0x00007ffc12000000 - 0x00007ffc1214e000 	C:\WINDOWS\system32\USER32.dll
0x00007ffc10840000 - 0x00007ffc109c6000 	C:\WINDOWS\system32\GDI32.dll
0x00007ffc0a090000 - 0x00007ffc0a304000 	C:\WINDOWS\WinSxS\amd64_microsoft.windows.common-controls_6595b64144ccf1df_6.0.10240.16384_none_f41f7b285750ef43\COMCTL32.dll
0x00007ffc107f0000 - 0x00007ffc10826000 	C:\WINDOWS\system32\IMM32.DLL
0x00007ffc0fd10000 - 0x00007ffc0fe6c000 	C:\WINDOWS\system32\MSCTF.dll
0x00007ffc0eb60000 - 0x00007ffc0eb91000 	C:\Windows\system32\nvinitx.dll
0x00007ffc0eb50000 - 0x00007ffc0eb5a000 	C:\WINDOWS\SYSTEM32\VERSION.dll
0x000000000f000000 - 0x000000000f006000 	C:\Program Files\NVIDIA Corporation\CoProcManager\_etoured.dll
0x00007ffc0c970000 - 0x00007ffc0c9a3000 	C:\Program Files\NVIDIA Corporation\CoProcManager\nvd3d9wrapx.dll
0x00007ffc0faa0000 - 0x00007ffc0fc65000 	C:\WINDOWS\system32\SETUPAPI.dll
0x00007ffc0f0c0000 - 0x00007ffc0f104000 	C:\WINDOWS\system32\CFGMGR32.dll
0x00007ffc0c920000 - 0x00007ffc0c942000 	C:\Program Files\NVIDIA Corporation\CoProcManager\nvdxgiwrapx.dll
0x0000000064d80000 - 0x0000000064e52000 	C:\Program Files\Java\jdk1.8.0_05\jre\bin\msvcr100.dll
0x00000000651c0000 - 0x00000000659ea000 	C:\Program Files\Java\jdk1.8.0_05\jre\bin\server\jvm.dll
0x00007ffc10830000 - 0x00007ffc10838000 	C:\WINDOWS\system32\PSAPI.DLL
0x00007ffc05c20000 - 0x00007ffc05c29000 	C:\WINDOWS\SYSTEM32\WSOCK32.dll
0x00007ffc10440000 - 0x00007ffc104a9000 	C:\WINDOWS\system32\WS2_32.dll
0x00007ffc11ff0000 - 0x00007ffc11ff8000 	C:\WINDOWS\system32\NSI.dll
0x00007ffc0cc60000 - 0x00007ffc0cc83000 	C:\WINDOWS\SYSTEM32\WINMM.dll
0x00007ffc0cc00000 - 0x00007ffc0cc2c000 	C:\WINDOWS\SYSTEM32\WINMMBASE.dll
0x00007ffc0d4f0000 - 0x00007ffc0d517000 	C:\WINDOWS\SYSTEM32\DEVOBJ.dll
0x0000000066180000 - 0x000000006618f000 	C:\Program Files\Java\jdk1.8.0_05\jre\bin\verify.dll
0x0000000066150000 - 0x0000000066178000 	C:\Program Files\Java\jdk1.8.0_05\jre\bin\java.dll
0x00000000651a0000 - 0x00000000651b6000 	C:\Program Files\Java\jdk1.8.0_05\jre\bin\zip.dll
0x00007ffbf73e0000 - 0x00007ffbf756a000 	C:\WINDOWS\SYSTEM32\dbghelp.dll

VM Arguments:
jvm_args: -Xmx1024M -Dfile.encoding=GBK -Duser.country=US -Duser.language=en -Duser.variant 
java_command: com.android.dx.command.Main --dex --num-threads=4 --output E:\USA\courses\Advanced_Programming_Tools\Zijiang-Yang-APT\Connexus-Android\app\build\intermediates\pre-dexed\debug\classes-dbc7b00e8293ce1cbadeac85a44c5e341600fc8e.jar E:\USA\courses\Advanced_Programming_Tools\Zijiang-Yang-APT\Connexus-Android\app\build\intermediates\exploded-aar\com.google.android.gms\play-services-gcm\8.1.0\jars\classes.jar
java_class_path (initial): D:\Program Files (x86)\AndroidSDK\build-tools\build-tools-23.0.1\lib\dx.jar
Launcher Type: SUN_STANDARD

Environment Variables:
JAVA_HOME=C:\Program Files\Java\jdk1.8.0_05
CLASSPATH=.;C:\Program Files\Java\jdk1.8.0_05\lib\dt.jar;C:\Program Files\Java\jdk1.8.0_05\lib\tools.jar;E:\CS_self_study\Algorithm\algs4.jar;E:\CS_self_study\Algorithm\stdlib.jar;
PATH=C:\Program Files (x86)\Common Files\Microsoft Shared\Windows Live;C:\Windows\system32;C:\Windows;C:\Windows\System32\Wbem;C:\Windows\System32\WindowsPowerShell\v1.0\;C:\Program Files\Lenovo\Bluetooth Software\;C:\Program Files\Lenovo\Bluetooth Software\syswow64;C:\Program Files (x86)\Common Files\Acronis\SnapAPI\;C:\Program Files (x86)\Microsoft SQL Server\100\Tools\Binn\;C:\Program Files (x86)\Microsoft SQL Server\100\DTS\Binn\;d:\Program Files\MATLAB\R2012a\runtime\win64;d:\Program Files\MATLAB\R2012a\bin;d:\Program Files\MATLAB\MATLAB Production Server\R2013b\runtime\win64;d:\Program Files\MATLAB\MATLAB Production Server\R2013b\bin;d:\Program Files\MATLAB\MATLAB Production Server\R2013b\polyspace\bin;C:\WINDOWS\system32;C:\WINDOWS;C:\WINDOWS\System32\Wbem;C:\WINDOWS\System32\WindowsPowerShell\v1.0\;C:\Program Files (x86)\NVIDIA Corporation\PhysX\Common;C:\Program Files (x86)\Skype\Phone\;C:\Users\Josh\.dnx\bin;C:\Program Files\Microsoft DNX\Dnvm\;C:\Program Files (x86)\Windows Kits\8.1\Windows Performance Toolkit\;D:\Program Files\Git\cmd;D:\Program Files (x86)\MiKTeX 2.9\miktex\bin\;C:\Program Files (x86)\Common Files\Microsoft Shared\Windows Live;D:\LeapDeveloperKit\LeapSDK\lib\x86;C:\Program Files\Java\jdk1.8.0_05\bin;C:\Program Files\Java\jdk1.8.0_05\jre\bin;D:\Program Files (x86)\eclipse\AndroidSDK\platform-tools;D:\Program Files (x86)\eclipse\AndroidSDK\tools;D:\Program Files (x86)\Oracle\VirtualBox;D:\cygwin64\bin;C:\Python27;C:\Python27\Scripts;C:\Users\Josh\AppData\Local\Code\bin
USERNAME=Josh
OS=Windows_NT
PROCESSOR_IDENTIFIER=Intel64 Family 6 Model 42 Stepping 7, GenuineIntel



---------------  S Y S T E M  ---------------

OS: Windows 8.1 , 64 bit Build 9600 

CPU:total 4 (2 cores per cpu, 2 threads per core) family 6 model 42 stepping 7, cmov, cx8, fxsr, mmx, sse, sse2, sse3, ssse3, sse4.1, sse4.2, popcnt, avx, aes, clmul, ht, tsc, tscinvbit

Memory: 4k page, physical 6233964k(790376k free), swap 6233964k(150160k free)

vm_info: Java HotSpot(TM) 64-Bit Server VM (25.5-b02) for windows-amd64 JRE (1.8.0_05-b13), built on Mar 18 2014 01:08:39 by "java_re" with MS VC++ 10.0 (VS2010)

time: Fri Oct 16 20:46:13 2015
elapsed time: 0 seconds

