#
# There is insufficient memory for the Java Runtime Environment to continue.
# Native memory allocation (malloc) failed to allocate 1662816 bytes for Chunk::new
# Possible reasons:
#   The system is out of physical RAM or swap space
#   In 32 bit mode, the process size limit was hit
# Possible solutions:
#   Reduce memory load on the system
#   Increase physical memory or swap space
#   Check if swap backing store is full
#   Use 64 bit Java on a 64 bit OS
#   Decrease Java heap size (-Xmx/-Xms)
#   Decrease number of Java threads
#   Decrease Java thread stack sizes (-Xss)
#   Set larger code cache with -XX:ReservedCodeCacheSize=
# This output file may be truncated or incomplete.
#
#  Out of Memory Error (allocation.cpp:388), pid=3972, tid=9104
#
# JRE version: Java(TM) SE Runtime Environment (8.0_05-b13) (build 1.8.0_05-b13)
# Java VM: Java HotSpot(TM) 64-Bit Server VM (25.5-b02 mixed mode windows-amd64 compressed oops)
# Failed to write core dump. Minidumps are not enabled by default on client versions of Windows
#

---------------  T H R E A D  ---------------

Current thread (0x0000000005ec1000):  JavaThread "C2 CompilerThread1" daemon [_thread_in_native, id=9104, stack(0x00000000079b0000,0x0000000007ab0000)]

Stack: [0x00000000079b0000,0x0000000007ab0000]
Native frames: (J=compiled Java code, j=interpreted, Vv=VM code, C=native code)
V  [jvm.dll+0x308dea]
V  [jvm.dll+0x25def1]
V  [jvm.dll+0x25eb0f]
V  [jvm.dll+0x2564e5]
V  [jvm.dll+0xbcfc5]
V  [jvm.dll+0xbd45c]
V  [jvm.dll+0x44d422]
V  [jvm.dll+0x48e13f]
V  [jvm.dll+0x44293e]
V  [jvm.dll+0x44366b]
V  [jvm.dll+0x427532]
V  [jvm.dll+0x96702]
V  [jvm.dll+0x96ef3]
V  [jvm.dll+0x2232c4]
V  [jvm.dll+0x27baca]
C  [msvcr100.dll+0x21d9f]
C  [msvcr100.dll+0x21e3b]
C  [KERNEL32.DLL+0x12d92]
C  [ntdll.dll+0x9f64]


Current CompileTask:
C2:   4402 2065   !   4       com.android.dx.cf.code.Ropper::processBlock (1101 bytes)


---------------  P R O C E S S  ---------------

Java Threads: ( => current thread )
  0x000000000751a000 JavaThread "pool-2-thread-4" [_thread_blocked, id=7868, stack(0x00000000089b0000,0x0000000008ab0000)]
  0x0000000007519000 JavaThread "pool-2-thread-3" [_thread_blocked, id=6276, stack(0x00000000088b0000,0x00000000089b0000)]
  0x00000000074bd000 JavaThread "pool-2-thread-2" [_thread_in_vm, id=9404, stack(0x00000000087b0000,0x00000000088b0000)]
  0x0000000007e46800 JavaThread "pool-3-thread-1" [_thread_blocked, id=7544, stack(0x00000000086b0000,0x00000000087b0000)]
  0x0000000008057000 JavaThread "pool-2-thread-1" [_thread_in_Java, id=9064, stack(0x00000000085b0000,0x00000000086b0000)]
  0x0000000007341800 JavaThread "Service Thread" daemon [_thread_blocked, id=4276, stack(0x0000000007bb0000,0x0000000007cb0000)]
  0x0000000005ec6800 JavaThread "C1 CompilerThread2" daemon [_thread_blocked, id=6492, stack(0x0000000007ab0000,0x0000000007bb0000)]
=>0x0000000005ec1000 JavaThread "C2 CompilerThread1" daemon [_thread_in_native, id=9104, stack(0x00000000079b0000,0x0000000007ab0000)]
  0x0000000005eb2000 JavaThread "C2 CompilerThread0" daemon [_thread_in_native, id=5892, stack(0x00000000078b0000,0x00000000079b0000)]
  0x00000000072f2800 JavaThread "Attach Listener" daemon [_thread_blocked, id=9768, stack(0x00000000077b0000,0x00000000078b0000)]
  0x0000000005ec0000 JavaThread "Signal Dispatcher" daemon [_thread_blocked, id=7492, stack(0x00000000076b0000,0x00000000077b0000)]
  0x0000000002745000 JavaThread "Finalizer" daemon [_thread_blocked, id=7256, stack(0x00000000070f0000,0x00000000071f0000)]
  0x0000000005e68000 JavaThread "Reference Handler" daemon [_thread_blocked, id=8276, stack(0x0000000006ff0000,0x00000000070f0000)]
  0x00000000027ce000 JavaThread "main" [_thread_in_Java, id=8676, stack(0x00000000021d0000,0x00000000022d0000)]

Other Threads:
  0x0000000005e67000 VMThread [stack: 0x0000000006ef0000,0x0000000006ff0000] [id=2976]
  0x0000000007344000 WatcherThread [stack: 0x0000000007cb0000,0x0000000007db0000] [id=8092]

VM state:not at safepoint (normal execution)

VM Mutex/Monitor currently owned by a thread: None

Heap:
 PSYoungGen      total 79360K, used 36426K [0x00000000eab00000, 0x00000000f0580000, 0x0000000100000000)
  eden space 67584K, 37% used [0x00000000eab00000,0x00000000ec3e9270,0x00000000eed00000)
  from space 11776K, 92% used [0x00000000ef900000,0x00000000f03a9768,0x00000000f0480000)
  to   space 12288K, 0% used [0x00000000eed00000,0x00000000eed00000,0x00000000ef900000)
 ParOldGen       total 96768K, used 59882K [0x00000000c0000000, 0x00000000c5e80000, 0x00000000eab00000)
  object space 96768K, 61% used [0x00000000c0000000,0x00000000c3a7aab0,0x00000000c5e80000)
 Metaspace       used 6121K, capacity 7032K, committed 7296K, reserved 1056768K
  class space    used 611K, capacity 624K, committed 640K, reserved 1048576K

Card table byte_map: [0x0000000002b90000,0x0000000002da0000] byte_map_base: 0x0000000002590000

Marking Bits: (ParMarkBitMap*) 0x00000000659713b0
 Begin Bits: [0x0000000003300000, 0x0000000004300000)
 End Bits:   [0x0000000004300000, 0x0000000005300000)

Polling page: 0x0000000000a60000

CodeCache: size=245760Kb used=7865Kb max_used=7865Kb free=237894Kb
 bounds [0x000000000f010000, 0x000000000f7d0000, 0x000000001e010000]
 total_blobs=2289 nmethods=2022 adapters=180
 compilation: enabled

Compilation events (10 events):
Event: 4.104 Thread 0x0000000005ec6800 2077       2       java.util.HashMap$Values::<init> (10 bytes)
Event: 4.104 Thread 0x0000000005ec6800 nmethod 2077 0x000000000f7b4810 code [0x000000000f7b4960, 0x000000000f7b4ad0]
Event: 4.104 Thread 0x0000000005ec6800 2078       2       java.util.HashMap$Values::iterator (12 bytes)
Event: 4.104 Thread 0x0000000005ec6800 nmethod 2078 0x000000000f7b4410 code [0x000000000f7b4580, 0x000000000f7b4768]
Event: 4.121 Thread 0x0000000005ec6800 2079       2       com.android.dx.cf.code.Ropper::labelToBlock (52 bytes)
Event: 4.122 Thread 0x0000000005ec6800 nmethod 2079 0x000000000f7bb510 code [0x000000000f7bb6e0, 0x000000000f7bbc18]
Event: 4.131 Thread 0x0000000005ec6800 2080       1       com.android.dx.ssa.LiteralOpUpgrader$1::visitPhiInsn (1 bytes)
Event: 4.131 Thread 0x0000000005ec6800 nmethod 2080 0x000000000f7b4150 code [0x000000000f7b42a0, 0x000000000f7b43b0]
Event: 4.317 Thread 0x0000000005ec6800 2083       2       com.android.dx.rop.code.Rop::<init> (15 bytes)
Event: 4.318 Thread 0x0000000005ec6800 nmethod 2083 0x000000000f7bb150 code [0x000000000f7bb2c0, 0x000000000f7bb448]

GC Heap History (10 events):
Event: 2.516 GC heap before
{Heap before GC invocations=20 (full 0):
 PSYoungGen      total 41472K, used 41169K [0x00000000eab00000, 0x00000000eea00000, 0x0000000100000000)
  eden space 34816K, 100% used [0x00000000eab00000,0x00000000ecd00000,0x00000000ecd00000)
  from space 6656K, 95% used [0x00000000ecd00000,0x00000000ed334610,0x00000000ed380000)
  to   space 7680K, 0% used [0x00000000ee280000,0x00000000ee280000,0x00000000eea00000)
 ParOldGen       total 96768K, used 23371K [0x00000000c0000000, 0x00000000c5e80000, 0x00000000eab00000)
  object space 96768K, 24% used [0x00000000c0000000,0x00000000c16d2e50,0x00000000c5e80000)
 Metaspace       used 6048K, capacity 7032K, committed 7296K, reserved 1056768K
  class space    used 610K, capacity 624K, committed 640K, reserved 1048576K
Event: 2.534 GC heap after
Heap after GC invocations=20 (full 0):
 PSYoungGen      total 56320K, used 5664K [0x00000000eab00000, 0x00000000eeb00000, 0x0000000100000000)
  eden space 48640K, 0% used [0x00000000eab00000,0x00000000eab00000,0x00000000eda80000)
  from space 7680K, 73% used [0x00000000ee280000,0x00000000ee808000,0x00000000eea00000)
  to   space 8192K, 0% used [0x00000000eda80000,0x00000000eda80000,0x00000000ee280000)
 ParOldGen       total 96768K, used 29027K [0x00000000c0000000, 0x00000000c5e80000, 0x00000000eab00000)
  object space 96768K, 29% used [0x00000000c0000000,0x00000000c1c58cc8,0x00000000c5e80000)
 Metaspace       used 6048K, capacity 7032K, committed 7296K, reserved 1056768K
  class space    used 610K, capacity 624K, committed 640K, reserved 1048576K
}
Event: 3.102 GC heap before
{Heap before GC invocations=21 (full 0):
 PSYoungGen      total 56320K, used 54304K [0x00000000eab00000, 0x00000000eeb00000, 0x0000000100000000)
  eden space 48640K, 100% used [0x00000000eab00000,0x00000000eda80000,0x00000000eda80000)
  from space 7680K, 73% used [0x00000000ee280000,0x00000000ee808000,0x00000000eea00000)
  to   space 8192K, 0% used [0x00000000eda80000,0x00000000eda80000,0x00000000ee280000)
 ParOldGen       total 96768K, used 29027K [0x00000000c0000000, 0x00000000c5e80000, 0x00000000eab00000)
  object space 96768K, 29% used [0x00000000c0000000,0x00000000c1c58cc8,0x00000000c5e80000)
 Metaspace       used 6085K, capacity 7032K, committed 7296K, reserved 1056768K
  class space    used 611K, capacity 624K, committed 640K, reserved 1048576K
Event: 3.143 GC heap after
Heap after GC invocations=21 (full 0):
 PSYoungGen      total 56832K, used 8179K [0x00000000eab00000, 0x00000000f0480000, 0x0000000100000000)
  eden space 48640K, 0% used [0x00000000eab00000,0x00000000eab00000,0x00000000eda80000)
  from space 8192K, 99% used [0x00000000eda80000,0x00000000ee27cd70,0x00000000ee280000)
  to   space 11776K, 0% used [0x00000000ef900000,0x00000000ef900000,0x00000000f0480000)
 ParOldGen       total 96768K, used 34745K [0x00000000c0000000, 0x00000000c5e80000, 0x00000000eab00000)
  object space 96768K, 35% used [0x00000000c0000000,0x00000000c21ee5a0,0x00000000c5e80000)
 Metaspace       used 6085K, capacity 7032K, committed 7296K, reserved 1056768K
  class space    used 611K, capacity 624K, committed 640K, reserved 1048576K
}
Event: 3.385 GC heap before
{Heap before GC invocations=22 (full 0):
 PSYoungGen      total 56832K, used 56819K [0x00000000eab00000, 0x00000000f0480000, 0x0000000100000000)
  eden space 48640K, 100% used [0x00000000eab00000,0x00000000eda80000,0x00000000eda80000)
  from space 8192K, 99% used [0x00000000eda80000,0x00000000ee27cd70,0x00000000ee280000)
  to   space 11776K, 0% used [0x00000000ef900000,0x00000000ef900000,0x00000000f0480000)
 ParOldGen       total 96768K, used 34745K [0x00000000c0000000, 0x00000000c5e80000, 0x00000000eab00000)
  object space 96768K, 35% used [0x00000000c0000000,0x00000000c21ee5a0,0x00000000c5e80000)
 Metaspace       used 6095K, capacity 7032K, committed 7296K, reserved 1056768K
  class space    used 611K, capacity 624K, committed 640K, reserved 1048576K
Event: 3.414 GC heap after
Heap after GC invocations=22 (full 0):
 PSYoungGen      total 79360K, used 8039K [0x00000000eab00000, 0x00000000f0580000, 0x0000000100000000)
  eden space 67584K, 0% used [0x00000000eab00000,0x00000000eab00000,0x00000000eed00000)
  from space 11776K, 68% used [0x00000000ef900000,0x00000000f00d9d50,0x00000000f0480000)
  to   space 12288K, 0% used [0x00000000eed00000,0x00000000eed00000,0x00000000ef900000)
 ParOldGen       total 96768K, used 42094K [0x00000000c0000000, 0x00000000c5e80000, 0x00000000eab00000)
  object space 96768K, 43% used [0x00000000c0000000,0x00000000c291b938,0x00000000c5e80000)
 Metaspace       used 6095K, capacity 7032K, committed 7296K, reserved 1056768K
  class space    used 611K, capacity 624K, committed 640K, reserved 1048576K
}
Event: 3.740 GC heap before
{Heap before GC invocations=23 (full 0):
 PSYoungGen      total 79360K, used 75623K [0x00000000eab00000, 0x00000000f0580000, 0x0000000100000000)
  eden space 67584K, 100% used [0x00000000eab00000,0x00000000eed00000,0x00000000eed00000)
  from space 11776K, 68% used [0x00000000ef900000,0x00000000f00d9d50,0x00000000f0480000)
  to   space 12288K, 0% used [0x00000000eed00000,0x00000000eed00000,0x00000000ef900000)
 ParOldGen       total 96768K, used 42094K [0x00000000c0000000, 0x00000000c5e80000, 0x00000000eab00000)
  object space 96768K, 43% used [0x00000000c0000000,0x00000000c291b938,0x00000000c5e80000)
 Metaspace       used 6120K, capacity 7032K, committed 7296K, reserved 1056768K
  class space    used 611K, capacity 624K, committed 640K, reserved 1048576K
Event: 3.776 GC heap after
Heap after GC invocations=23 (full 0):
 PSYoungGen      total 79872K, used 10811K [0x00000000eab00000, 0x00000000f0580000, 0x0000000100000000)
  eden space 67584K, 0% used [0x00000000eab00000,0x00000000eab00000,0x00000000eed00000)
  from space 12288K, 87% used [0x00000000eed00000,0x00000000ef78ef20,0x00000000ef900000)
  to   space 11776K, 0% used [0x00000000ef900000,0x00000000ef900000,0x00000000f0480000)
 ParOldGen       total 96768K, used 49812K [0x00000000c0000000, 0x00000000c5e80000, 0x00000000eab00000)
  object space 96768K, 51% used [0x00000000c0000000,0x00000000c30a50a8,0x00000000c5e80000)
 Metaspace       used 6120K, capacity 7032K, committed 7296K, reserved 1056768K
  class space    used 611K, capacity 624K, committed 640K, reserved 1048576K
}
Event: 4.251 GC heap before
{Heap before GC invocations=24 (full 0):
 PSYoungGen      total 79872K, used 78395K [0x00000000eab00000, 0x00000000f0580000, 0x0000000100000000)
  eden space 67584K, 100% used [0x00000000eab00000,0x00000000eed00000,0x00000000eed00000)
  from space 12288K, 87% used [0x00000000eed00000,0x00000000ef78ef20,0x00000000ef900000)
  to   space 11776K, 0% used [0x00000000ef900000,0x00000000ef900000,0x00000000f0480000)
 ParOldGen       total 96768K, used 49812K [0x00000000c0000000, 0x00000000c5e80000, 0x00000000eab00000)
  object space 96768K, 51% used [0x00000000c0000000,0x00000000c30a50a8,0x00000000c5e80000)
 Metaspace       used 6121K, capacity 7032K, committed 7296K, reserved 1056768K
  class space    used 611K, capacity 624K, committed 640K, reserved 1048576K
Event: 4.290 GC heap after
Heap after GC invocations=24 (full 0):
 PSYoungGen      total 79360K, used 10917K [0x00000000eab00000, 0x00000000f0580000, 0x0000000100000000)
  eden space 67584K, 0% used [0x00000000eab00000,0x00000000eab00000,0x00000000eed00000)
  from space 11776K, 92% used [0x00000000ef900000,0x00000000f03a9768,0x00000000f0480000)
  to   space 12288K, 0% used [0x00000000eed00000,0x00000000eed00000,0x00000000ef900000)
 ParOldGen       total 96768K, used 59882K [0x00000000c0000000, 0x00000000c5e80000, 0x00000000eab00000)
  object space 96768K, 61% used [0x00000000c0000000,0x00000000c3a7aab0,0x00000000c5e80000)
 Metaspace       used 6121K, capacity 7032K, committed 7296K, reserved 1056768K
  class space    used 611K, capacity 624K, committed 640K, reserved 1048576K
}

Deoptimization events (10 events):
Event: 2.321 Thread 0x0000000007519000 Uncommon trap: reason=unreached action=reinterpret pc=0x000000000f69cce8 method=java.util.HashMap.putVal(ILjava/lang/Object;Ljava/lang/Object;ZZ)Ljava/lang/Object; @ 109
Event: 2.453 Thread 0x00000000027ce000 Uncommon trap: reason=bimorphic action=maybe_recompile pc=0x000000000f6dc794 method=com.android.dx.cf.code.BytecodeArray.parseInstruction(ILcom/android/dx/cf/code/BytecodeArray$Visitor;)I @ 1130
Event: 2.454 Thread 0x00000000027ce000 Uncommon trap: reason=bimorphic action=maybe_recompile pc=0x000000000f6dc41c method=com.android.dx.cf.code.BytecodeArray.parseInstruction(ILcom/android/dx/cf/code/BytecodeArray$Visitor;)I @ 923
Event: 2.454 Thread 0x00000000027ce000 Uncommon trap: reason=bimorphic action=maybe_recompile pc=0x000000000f6dc41c method=com.android.dx.cf.code.BytecodeArray.parseInstruction(ILcom/android/dx/cf/code/BytecodeArray$Visitor;)I @ 923
Event: 2.632 Thread 0x000000000751a000 Uncommon trap: reason=unreached action=reinterpret pc=0x000000000f42a69c method=com.android.dx.ssa.SsaMethod.updateOneDefinition(Lcom/android/dx/ssa/SsaInsn;Lcom/android/dx/rop/code/RegisterSpec;)V @ 4
Event: 3.269 Thread 0x00000000074bd000 Uncommon trap: reason=class_check action=maybe_recompile pc=0x000000000f6a36c8 method=com.android.dx.ssa.SCCP.simulateBranch(Lcom/android/dx/ssa/SsaInsn;)V @ 145
Event: 3.287 Thread 0x0000000008057000 Uncommon trap: reason=class_check action=maybe_recompile pc=0x000000000f6a36c8 method=com.android.dx.ssa.SCCP.simulateBranch(Lcom/android/dx/ssa/SsaInsn;)V @ 145
Event: 3.980 Thread 0x00000000074bd000 Uncommon trap: reason=bimorphic action=maybe_recompile pc=0x000000000f75c2e8 method=com.android.dx.cf.code.BytecodeArray.parseInstruction(ILcom/android/dx/cf/code/BytecodeArray$Visitor;)I @ 1161
Event: 3.980 Thread 0x00000000074bd000 Uncommon trap: reason=bimorphic action=maybe_recompile pc=0x000000000f75c2e8 method=com.android.dx.cf.code.BytecodeArray.parseInstruction(ILcom/android/dx/cf/code/BytecodeArray$Visitor;)I @ 1161
Event: 4.314 Thread 0x00000000027ce000 Uncommon trap: reason=class_check action=maybe_recompile pc=0x000000000f6a36c8 method=com.android.dx.ssa.SCCP.simulateBranch(Lcom/android/dx/ssa/SsaInsn;)V @ 145

Internal exceptions (10 events):
Event: 1.207 Thread 0x00000000027ce000 Exception <a 'java/security/PrivilegedActionException'> (0x00000000eb3e28a8) thrown at [D:\re\workspace\8-2-build-windows-amd64-cygwin\jdk8u5\2488\hotspot\src\share\vm\prims\jvm.cpp, line 1248]
Event: 1.353 Thread 0x00000000027ce000 Exception <a 'java/security/PrivilegedActionException'> (0x00000000eb64a3a0) thrown at [D:\re\workspace\8-2-build-windows-amd64-cygwin\jdk8u5\2488\hotspot\src\share\vm\prims\jvm.cpp, line 1248]
Event: 1.385 Thread 0x00000000027ce000 Exception <a 'java/security/PrivilegedActionException'> (0x00000000eb8bc620) thrown at [D:\re\workspace\8-2-build-windows-amd64-cygwin\jdk8u5\2488\hotspot\src\share\vm\prims\jvm.cpp, line 1248]
Event: 1.392 Thread 0x000000000751a000 Implicit null exception at 0x000000000f4220ad to 0x000000000f423549
Event: 1.398 Thread 0x00000000027ce000 Exception <a 'java/security/PrivilegedActionException'> (0x00000000eb9838d0) thrown at [D:\re\workspace\8-2-build-windows-amd64-cygwin\jdk8u5\2488\hotspot\src\share\vm\prims\jvm.cpp, line 1248]
Event: 1.612 Thread 0x0000000007519000 Exception <a 'java/security/PrivilegedActionException'> (0x00000000eb12e2c8) thrown at [D:\re\workspace\8-2-build-windows-amd64-cygwin\jdk8u5\2488\hotspot\src\share\vm\prims\jvm.cpp, line 1248]
Event: 2.046 Thread 0x0000000008057000 Exception <a 'java/lang/ArrayIndexOutOfBoundsException': 18> (0x00000000eb9614e0) thrown at [D:\re\workspace\8-2-build-windows-amd64-cygwin\jdk8u5\2488\hotspot\src\share\vm\interpreter\interpreterRuntime.cpp, line 337]
Event: 2.047 Thread 0x0000000008057000 Exception <a 'java/lang/ArrayIndexOutOfBoundsException': 145> (0x00000000eb962f78) thrown at [D:\re\workspace\8-2-build-windows-amd64-cygwin\jdk8u5\2488\hotspot\src\share\vm\interpreter\interpreterRuntime.cpp, line 337]
Event: 2.109 Thread 0x0000000008057000 Exception <a 'java/lang/ArrayIndexOutOfBoundsException'> (0x00000000eb964190) thrown at [D:\re\workspace\8-2-build-windows-amd64-cygwin\jdk8u5\2488\hotspot\src\share\vm\runtime\sharedRuntime.cpp, line 595]
Event: 2.632 Thread 0x000000000751a000 Exception <a 'java/security/PrivilegedActionException'> (0x00000000eb09c710) thrown at [D:\re\workspace\8-2-build-windows-amd64-cygwin\jdk8u5\2488\hotspot\src\share\vm\prims\jvm.cpp, line 1248]

Events (10 events):
Event: 3.980 Thread 0x00000000074bd000 Uncommon trap: trap_request=0xffffffc6 fr.pc=0x000000000f75c2e8
Event: 3.980 Thread 0x00000000074bd000 DEOPT PACKING pc=0x000000000f75c2e8 sp=0x00000000088ae820
Event: 3.980 Thread 0x00000000074bd000 DEOPT UNPACKING pc=0x000000000f0555af sp=0x00000000088ae7d8 mode 2
Event: 4.115 Executing VM operation: EnableBiasedLocking
Event: 4.118 Executing VM operation: EnableBiasedLocking done
Event: 4.247 Executing VM operation: ParallelGCFailedAllocation
Event: 4.291 Executing VM operation: ParallelGCFailedAllocation done
Event: 4.314 Thread 0x00000000027ce000 Uncommon trap: trap_request=0xffffffde fr.pc=0x000000000f6a36c8
Event: 4.314 Thread 0x00000000027ce000 DEOPT PACKING pc=0x000000000f6a36c8 sp=0x00000000022ce120
Event: 4.314 Thread 0x00000000027ce000 DEOPT UNPACKING pc=0x000000000f0555af sp=0x00000000022ce0f8 mode 2


Dynamic libraries:
0x00007ff7b4fc0000 - 0x00007ff7b4ff4000 	C:\Program Files\Java\jdk1.8.0_05\bin\java.exe
0x00007ffc12260000 - 0x00007ffc12421000 	C:\WINDOWS\SYSTEM32\ntdll.dll
0x00007ffc121b0000 - 0x00007ffc1225d000 	C:\WINDOWS\system32\KERNEL32.DLL
0x00007ffc0ee80000 - 0x00007ffc0f05d000 	C:\WINDOWS\system32\KERNELBASE.dll
0x00007ffc10740000 - 0x00007ffc107e6000 	C:\WINDOWS\system32\ADVAPI32.dll
0x00007ffc0fc70000 - 0x00007ffc0fd0d000 	C:\WINDOWS\system32\msvcrt.dll
0x00007ffc11f60000 - 0x00007ffc11fbb000 	C:\WINDOWS\system32\sechost.dll
0x00007ffc0fe70000 - 0x00007ffc0ff96000 	C:\WINDOWS\system32\RPCRT4.dll
0x00007ffc12000000 - 0x00007ffc1214e000 	C:\WINDOWS\system32\USER32.dll
0x00007ffc10840000 - 0x00007ffc109c6000 	C:\WINDOWS\system32\GDI32.dll
0x00007ffc0a090000 - 0x00007ffc0a304000 	C:\WINDOWS\WinSxS\amd64_microsoft.windows.common-controls_6595b64144ccf1df_6.0.10240.16384_none_f41f7b285750ef43\COMCTL32.dll
0x00007ffc107f0000 - 0x00007ffc10826000 	C:\WINDOWS\system32\IMM32.DLL
0x00007ffc0fd10000 - 0x00007ffc0fe6c000 	C:\WINDOWS\system32\MSCTF.dll
0x00007ffc0eb60000 - 0x00007ffc0eb91000 	C:\Windows\system32\nvinitx.dll
0x00007ffc0eb50000 - 0x00007ffc0eb5a000 	C:\WINDOWS\SYSTEM32\VERSION.dll
0x000000000f000000 - 0x000000000f006000 	C:\Program Files\NVIDIA Corporation\CoProcManager\_etoured.dll
0x00007ffc0c970000 - 0x00007ffc0c9a3000 	C:\Program Files\NVIDIA Corporation\CoProcManager\nvd3d9wrapx.dll
0x00007ffc0faa0000 - 0x00007ffc0fc65000 	C:\WINDOWS\system32\SETUPAPI.dll
0x00007ffc0f0c0000 - 0x00007ffc0f104000 	C:\WINDOWS\system32\CFGMGR32.dll
0x00007ffc0c920000 - 0x00007ffc0c942000 	C:\Program Files\NVIDIA Corporation\CoProcManager\nvdxgiwrapx.dll
0x0000000064d80000 - 0x0000000064e52000 	C:\Program Files\Java\jdk1.8.0_05\jre\bin\msvcr100.dll
0x00000000651c0000 - 0x00000000659ea000 	C:\Program Files\Java\jdk1.8.0_05\jre\bin\server\jvm.dll
0x00007ffc10830000 - 0x00007ffc10838000 	C:\WINDOWS\system32\PSAPI.DLL
0x00007ffc05c20000 - 0x00007ffc05c29000 	C:\WINDOWS\SYSTEM32\WSOCK32.dll
0x00007ffc0cc60000 - 0x00007ffc0cc83000 	C:\WINDOWS\SYSTEM32\WINMM.dll
0x00007ffc10440000 - 0x00007ffc104a9000 	C:\WINDOWS\system32\WS2_32.dll
0x00007ffc11ff0000 - 0x00007ffc11ff8000 	C:\WINDOWS\system32\NSI.dll
0x0000000000a30000 - 0x0000000000a5c000 	C:\WINDOWS\SYSTEM32\WINMMBASE.dll
0x00007ffc0d4f0000 - 0x00007ffc0d517000 	C:\WINDOWS\SYSTEM32\DEVOBJ.dll
0x0000000066180000 - 0x000000006618f000 	C:\Program Files\Java\jdk1.8.0_05\jre\bin\verify.dll
0x0000000066150000 - 0x0000000066178000 	C:\Program Files\Java\jdk1.8.0_05\jre\bin\java.dll
0x00000000651a0000 - 0x00000000651b6000 	C:\Program Files\Java\jdk1.8.0_05\jre\bin\zip.dll
0x00007ffc109d0000 - 0x00007ffc11ef2000 	C:\WINDOWS\system32\SHELL32.dll
0x00007ffc0f2e0000 - 0x00007ffc0f908000 	C:\WINDOWS\system32\windows.storage.dll
0x00007ffc10160000 - 0x00007ffc103dc000 	C:\WINDOWS\system32\combase.dll
0x00007ffc11f00000 - 0x00007ffc11f51000 	C:\WINDOWS\system32\shlwapi.dll
0x00007ffc0ec70000 - 0x00007ffc0ec7f000 	C:\WINDOWS\system32\kernel.appcore.dll
0x00000000071f0000 - 0x00000000072a3000 	C:\WINDOWS\system32\shcore.dll
0x00007ffc0ecc0000 - 0x00007ffc0ed0a000 	C:\WINDOWS\system32\powrprof.dll
0x00007ffc0ec80000 - 0x00007ffc0ec93000 	C:\WINDOWS\system32\profapi.dll
0x00007ffbf73e0000 - 0x00007ffbf756a000 	C:\WINDOWS\SYSTEM32\dbghelp.dll

VM Arguments:
jvm_args: -Xmx1024M -Dfile.encoding=GBK -Duser.country=US -Duser.language=en -Duser.variant 
java_command: com.android.dx.command.Main --dex --num-threads=4 --multi-dex --main-dex-list E:\USA\courses\Advanced_Programming_Tools\Zijiang-Yang-APT\Connexus-Android\app\build\intermediates\multi-dex\debug\maindexlist.txt --output E:\USA\courses\Advanced_Programming_Tools\Zijiang-Yang-APT\Connexus-Android\app\build\intermediates\dex\debug E:\USA\courses\Advanced_Programming_Tools\Zijiang-Yang-APT\Connexus-Android\app\build\intermediates\multi-dex\debug\allclasses.jar
java_class_path (initial): D:\Program Files (x86)\AndroidSDK\build-tools\build-tools-23.0.1\lib\dx.jar
Launcher Type: SUN_STANDARD

Environment Variables:
JAVA_HOME=C:\Program Files\Java\jdk1.8.0_05
CLASSPATH=.;C:\Program Files\Java\jdk1.8.0_05\lib\dt.jar;C:\Program Files\Java\jdk1.8.0_05\lib\tools.jar;E:\CS_self_study\Algorithm\algs4.jar;E:\CS_self_study\Algorithm\stdlib.jar;
PATH=C:\Program Files (x86)\Common Files\Microsoft Shared\Windows Live;C:\Windows\system32;C:\Windows;C:\Windows\System32\Wbem;C:\Windows\System32\WindowsPowerShell\v1.0\;C:\Program Files\Lenovo\Bluetooth Software\;C:\Program Files\Lenovo\Bluetooth Software\syswow64;C:\Program Files (x86)\Common Files\Acronis\SnapAPI\;C:\Program Files (x86)\Microsoft SQL Server\100\Tools\Binn\;C:\Program Files (x86)\Microsoft SQL Server\100\DTS\Binn\;d:\Program Files\MATLAB\R2012a\runtime\win64;d:\Program Files\MATLAB\R2012a\bin;d:\Program Files\MATLAB\MATLAB Production Server\R2013b\runtime\win64;d:\Program Files\MATLAB\MATLAB Production Server\R2013b\bin;d:\Program Files\MATLAB\MATLAB Production Server\R2013b\polyspace\bin;C:\WINDOWS\system32;C:\WINDOWS;C:\WINDOWS\System32\Wbem;C:\WINDOWS\System32\WindowsPowerShell\v1.0\;C:\Program Files (x86)\NVIDIA Corporation\PhysX\Common;C:\Program Files (x86)\Skype\Phone\;C:\Users\Josh\.dnx\bin;C:\Program Files\Microsoft DNX\Dnvm\;C:\Program Files (x86)\Windows Kits\8.1\Windows Performance Toolkit\;D:\Program Files\Git\cmd;D:\Program Files (x86)\MiKTeX 2.9\miktex\bin\;C:\Program Files (x86)\Common Files\Microsoft Shared\Windows Live;D:\LeapDeveloperKit\LeapSDK\lib\x86;C:\Program Files\Java\jdk1.8.0_05\bin;C:\Program Files\Java\jdk1.8.0_05\jre\bin;D:\Program Files (x86)\eclipse\AndroidSDK\platform-tools;D:\Program Files (x86)\eclipse\AndroidSDK\tools;D:\Program Files (x86)\Oracle\VirtualBox;D:\cygwin64\bin;C:\Python27;C:\Python27\Scripts;C:\Users\Josh\AppData\Local\Code\bin
USERNAME=Josh
OS=Windows_NT
PROCESSOR_IDENTIFIER=Intel64 Family 6 Model 42 Stepping 7, GenuineIntel



---------------  S Y S T E M  ---------------

OS: Windows 8.1 , 64 bit Build 9600 

CPU:total 4 (2 cores per cpu, 2 threads per core) family 6 model 42 stepping 7, cmov, cx8, fxsr, mmx, sse, sse2, sse3, ssse3, sse4.1, sse4.2, popcnt, avx, aes, clmul, ht, tsc, tscinvbit

Memory: 4k page, physical 6233964k(478084k free), swap 6233964k(6228k free)

vm_info: Java HotSpot(TM) 64-Bit Server VM (25.5-b02) for windows-amd64 JRE (1.8.0_05-b13), built on Mar 18 2014 01:08:39 by "java_re" with MS VC++ 10.0 (VS2010)

time: Sat Oct 17 00:21:31 2015
elapsed time: 4 seconds

