#
# There is insufficient memory for the Java Runtime Environment to continue.
# Native memory allocation (malloc) failed to allocate 304208 bytes for Chunk::new
# Possible reasons:
#   The system is out of physical RAM or swap space
#   In 32 bit mode, the process size limit was hit
# Possible solutions:
#   Reduce memory load on the system
#   Increase physical memory or swap space
#   Check if swap backing store is full
#   Use 64 bit Java on a 64 bit OS
#   Decrease Java heap size (-Xmx/-Xms)
#   Decrease number of Java threads
#   Decrease Java thread stack sizes (-Xss)
#   Set larger code cache with -XX:ReservedCodeCacheSize=
# This output file may be truncated or incomplete.
#
#  Out of Memory Error (allocation.cpp:388), pid=8452, tid=4084
#
# JRE version: Java(TM) SE Runtime Environment (8.0_05-b13) (build 1.8.0_05-b13)
# Java VM: Java HotSpot(TM) 64-Bit Server VM (25.5-b02 mixed mode windows-amd64 compressed oops)
# Failed to write core dump. Minidumps are not enabled by default on client versions of Windows
#

---------------  T H R E A D  ---------------

Current thread (0x0000000006741000):  JavaThread "C2 CompilerThread1" daemon [_thread_in_native, id=4084, stack(0x00000000081a0000,0x00000000082a0000)]

Stack: [0x00000000081a0000,0x00000000082a0000]
Native frames: (J=compiled Java code, j=interpreted, Vv=VM code, C=native code)
V  [jvm.dll+0x308dea]
V  [jvm.dll+0x25def1]
V  [jvm.dll+0x25eb0f]
V  [jvm.dll+0x2564e5]
V  [jvm.dll+0xbcfc5]
V  [jvm.dll+0xbd45c]
V  [jvm.dll+0x43adc2]
V  [jvm.dll+0x4ac050]
V  [jvm.dll+0x4b00ec]
V  [jvm.dll+0x440f31]
V  [jvm.dll+0x4436a9]
V  [jvm.dll+0x427532]
V  [jvm.dll+0x96702]
V  [jvm.dll+0x96ef3]
V  [jvm.dll+0x2232c4]
V  [jvm.dll+0x27baca]
C  [msvcr100.dll+0x21d9f]
C  [msvcr100.dll+0x21e3b]
C  [KERNEL32.DLL+0x12d92]
C  [ntdll.dll+0x9f64]


Current CompileTask:
C2:  46112 2561       4       com.android.dx.cf.code.Simulator$SimVisitor::visitNoArgs (2108 bytes)


---------------  P R O C E S S  ---------------

Java Threads: ( => current thread )
  0x0000000008879000 JavaThread "pool-2-thread-4" [_thread_in_Java, id=4660, stack(0x00000000091a0000,0x00000000092a0000)]
  0x0000000008878800 JavaThread "pool-2-thread-3" [_thread_in_Java, id=3372, stack(0x00000000090a0000,0x00000000091a0000)]
  0x0000000008810800 JavaThread "pool-2-thread-2" [_thread_in_Java, id=8976, stack(0x0000000008fa0000,0x00000000090a0000)]
  0x00000000088c8000 JavaThread "pool-3-thread-1" [_thread_blocked, id=8000, stack(0x0000000008ea0000,0x0000000008fa0000)]
  0x000000000880f800 JavaThread "pool-2-thread-1" [_thread_blocked, id=5856, stack(0x0000000008da0000,0x0000000008ea0000)]
  0x0000000007b33000 JavaThread "Service Thread" daemon [_thread_blocked, id=7060, stack(0x00000000083a0000,0x00000000084a0000)]
  0x0000000006762000 JavaThread "C1 CompilerThread2" daemon [_thread_blocked, id=8672, stack(0x00000000082a0000,0x00000000083a0000)]
=>0x0000000006741000 JavaThread "C2 CompilerThread1" daemon [_thread_in_native, id=4084, stack(0x00000000081a0000,0x00000000082a0000)]
  0x000000000673e800 JavaThread "C2 CompilerThread0" daemon [_thread_in_native, id=6700, stack(0x00000000080a0000,0x00000000081a0000)]
  0x0000000007ae2800 JavaThread "Attach Listener" daemon [_thread_blocked, id=7020, stack(0x0000000007fa0000,0x00000000080a0000)]
  0x0000000006734800 JavaThread "Signal Dispatcher" daemon [_thread_blocked, id=8104, stack(0x0000000007ea0000,0x0000000007fa0000)]
  0x0000000003045000 JavaThread "Finalizer" daemon [_thread_blocked, id=4892, stack(0x0000000007980000,0x0000000007a80000)]
  0x00000000066e8000 JavaThread "Reference Handler" daemon [_thread_blocked, id=8588, stack(0x0000000007880000,0x0000000007980000)]
  0x000000000298e000 JavaThread "main" [_thread_blocked, id=6716, stack(0x0000000002e50000,0x0000000002f50000)]

Other Threads:
  0x00000000066e7000 VMThread [stack: 0x0000000007780000,0x0000000007880000] [id=7120]
  0x0000000007b36000 WatcherThread [stack: 0x00000000084a0000,0x00000000085a0000] [id=8664]

VM state:not at safepoint (normal execution)

VM Mutex/Monitor currently owned by a thread: None

Heap:
 PSYoungGen      total 232960K, used 39041K [0x00000000eab00000, 0x0000000100000000, 0x0000000100000000)
  eden space 116736K, 33% used [0x00000000eab00000,0x00000000ed120560,0x00000000f1d00000)
  from space 116224K, 0% used [0x00000000f8e80000,0x00000000f8e80000,0x0000000100000000)
  to   space 116224K, 0% used [0x00000000f1d00000,0x00000000f1d00000,0x00000000f8e80000)
 ParOldGen       total 699392K, used 614691K [0x00000000c0000000, 0x00000000eab00000, 0x00000000eab00000)
  object space 699392K, 87% used [0x00000000c0000000,0x00000000e5848c70,0x00000000eab00000)
 Metaspace       used 6182K, capacity 7096K, committed 7296K, reserved 1056768K
  class space    used 614K, capacity 624K, committed 640K, reserved 1048576K

Card table byte_map: [0x0000000003410000,0x0000000003620000] byte_map_base: 0x0000000002e10000

Marking Bits: (ParMarkBitMap*) 0x00000000576813b0
 Begin Bits: [0x0000000003b80000, 0x0000000004b80000)
 End Bits:   [0x0000000004b80000, 0x0000000005b80000)

Polling page: 0x0000000002960000

CodeCache: size=245760Kb used=12436Kb max_used=12446Kb free=233323Kb
 bounds [0x000000000f010000, 0x000000000fc50000, 0x000000001e010000]
 total_blobs=2841 nmethods=2574 adapters=180
 compilation: enabled

Compilation events (10 events):
Event: 45.932 Thread 0x0000000006741000 nmethod 2531 0x000000000fc1ac50 code [0x000000000fc1adc0, 0x000000000fc1aff8]
Event: 45.932 Thread 0x0000000006741000 2555       4       com.android.dx.ssa.SsaRenamer$BlockRenamer::visitPhiInsn (6 bytes)
Event: 45.947 Thread 0x0000000006741000 nmethod 2555 0x000000000fc1f750 code [0x000000000fc1f8e0, 0x000000000fc1ff88]
Event: 45.947 Thread 0x0000000006741000 2560       4       com.android.dx.ssa.SsaMethod::onSourceChanged (65 bytes)
Event: 45.959 Thread 0x0000000006741000 nmethod 2560 0x000000000fc19f50 code [0x000000000fc1a0c0, 0x000000000fc1a648]
Event: 45.959 Thread 0x0000000006741000 2559       4       com.android.dx.dex.file.OffsettedItem::<init> (44 bytes)
Event: 45.960 Thread 0x0000000006741000 nmethod 2559 0x000000000fc19c90 code [0x000000000fc19dc0, 0x000000000fc19e78]
Event: 45.960 Thread 0x0000000006741000 2558       4       com.android.dx.rop.code.RegisterSpecList::getType (12 bytes)
Event: 45.961 Thread 0x0000000006741000 nmethod 2558 0x000000000fbd6ed0 code [0x000000000fbd7020, 0x000000000fbd7118]
Event: 45.961 Thread 0x0000000006741000 2561       4       com.android.dx.cf.code.Simulator$SimVisitor::visitNoArgs (2108 bytes)

GC Heap History (10 events):
Event: 42.347 GC heap before
{Heap before GC invocations=59 (full 12):
 PSYoungGen      total 232960K, used 116736K [0x00000000eab00000, 0x0000000100000000, 0x0000000100000000)
  eden space 116736K, 100% used [0x00000000eab00000,0x00000000f1d00000,0x00000000f1d00000)
  from space 116224K, 0% used [0x00000000f8e80000,0x00000000f8e80000,0x0000000100000000)
  to   space 116224K, 0% used [0x00000000f1d00000,0x00000000f1d00000,0x00000000f8e80000)
 ParOldGen       total 632320K, used 544461K [0x00000000c0000000, 0x00000000e6980000, 0x00000000eab00000)
  object space 632320K, 86% used [0x00000000c0000000,0x00000000e13b3698,0x00000000e6980000)
 Metaspace       used 6182K, capacity 7096K, committed 7296K, reserved 1056768K
  class space    used 614K, capacity 624K, committed 640K, reserved 1048576K
Event: 42.394 GC heap after
Heap after GC invocations=59 (full 12):
 PSYoungGen      total 232960K, used 18770K [0x00000000eab00000, 0x0000000100000000, 0x0000000100000000)
  eden space 116736K, 0% used [0x00000000eab00000,0x00000000eab00000,0x00000000f1d00000)
  from space 116224K, 16% used [0x00000000f1d00000,0x00000000f2f54a50,0x00000000f8e80000)
  to   space 116224K, 0% used [0x00000000f8e80000,0x00000000f8e80000,0x0000000100000000)
 ParOldGen       total 632320K, used 544461K [0x00000000c0000000, 0x00000000e6980000, 0x00000000eab00000)
  object space 632320K, 86% used [0x00000000c0000000,0x00000000e13b3698,0x00000000e6980000)
 Metaspace       used 6182K, capacity 7096K, committed 7296K, reserved 1056768K
  class space    used 614K, capacity 624K, committed 640K, reserved 1048576K
}
Event: 42.728 GC heap before
{Heap before GC invocations=60 (full 12):
 PSYoungGen      total 232960K, used 135506K [0x00000000eab00000, 0x0000000100000000, 0x0000000100000000)
  eden space 116736K, 100% used [0x00000000eab00000,0x00000000f1d00000,0x00000000f1d00000)
  from space 116224K, 16% used [0x00000000f1d00000,0x00000000f2f54a50,0x00000000f8e80000)
  to   space 116224K, 0% used [0x00000000f8e80000,0x00000000f8e80000,0x0000000100000000)
 ParOldGen       total 632320K, used 544461K [0x00000000c0000000, 0x00000000e6980000, 0x00000000eab00000)
  object space 632320K, 86% used [0x00000000c0000000,0x00000000e13b3698,0x00000000e6980000)
 Metaspace       used 6182K, capacity 7096K, committed 7296K, reserved 1056768K
  class space    used 614K, capacity 624K, committed 640K, reserved 1048576K
Event: 42.829 GC heap after
Heap after GC invocations=60 (full 12):
 PSYoungGen      total 232960K, used 18719K [0x00000000eab00000, 0x0000000100000000, 0x0000000100000000)
  eden space 116736K, 0% used [0x00000000eab00000,0x00000000eab00000,0x00000000f1d00000)
  from space 116224K, 16% used [0x00000000f8e80000,0x00000000fa0c7d60,0x0000000100000000)
  to   space 116224K, 0% used [0x00000000f1d00000,0x00000000f1d00000,0x00000000f8e80000)
 ParOldGen       total 632320K, used 562561K [0x00000000c0000000, 0x00000000e6980000, 0x00000000eab00000)
  object space 632320K, 88% used [0x00000000c0000000,0x00000000e25605a0,0x00000000e6980000)
 Metaspace       used 6182K, capacity 7096K, committed 7296K, reserved 1056768K
  class space    used 614K, capacity 624K, committed 640K, reserved 1048576K
}
Event: 43.282 GC heap before
{Heap before GC invocations=61 (full 12):
 PSYoungGen      total 232960K, used 135455K [0x00000000eab00000, 0x0000000100000000, 0x0000000100000000)
  eden space 116736K, 100% used [0x00000000eab00000,0x00000000f1d00000,0x00000000f1d00000)
  from space 116224K, 16% used [0x00000000f8e80000,0x00000000fa0c7d60,0x0000000100000000)
  to   space 116224K, 0% used [0x00000000f1d00000,0x00000000f1d00000,0x00000000f8e80000)
 ParOldGen       total 632320K, used 562561K [0x00000000c0000000, 0x00000000e6980000, 0x00000000eab00000)
  object space 632320K, 88% used [0x00000000c0000000,0x00000000e25605a0,0x00000000e6980000)
 Metaspace       used 6182K, capacity 7096K, committed 7296K, reserved 1056768K
  class space    used 614K, capacity 624K, committed 640K, reserved 1048576K
Event: 43.383 GC heap after
Heap after GC invocations=61 (full 12):
 PSYoungGen      total 232960K, used 18594K [0x00000000eab00000, 0x0000000100000000, 0x0000000100000000)
  eden space 116736K, 0% used [0x00000000eab00000,0x00000000eab00000,0x00000000f1d00000)
  from space 116224K, 15% used [0x00000000f1d00000,0x00000000f2f28b60,0x00000000f8e80000)
  to   space 116224K, 0% used [0x00000000f8e80000,0x00000000f8e80000,0x0000000100000000)
 ParOldGen       total 632320K, used 580244K [0x00000000c0000000, 0x00000000e6980000, 0x00000000eab00000)
  object space 632320K, 91% used [0x00000000c0000000,0x00000000e36a50b8,0x00000000e6980000)
 Metaspace       used 6182K, capacity 7096K, committed 7296K, reserved 1056768K
  class space    used 614K, capacity 624K, committed 640K, reserved 1048576K
}
Event: 43.755 GC heap before
{Heap before GC invocations=62 (full 12):
 PSYoungGen      total 232960K, used 135330K [0x00000000eab00000, 0x0000000100000000, 0x0000000100000000)
  eden space 116736K, 100% used [0x00000000eab00000,0x00000000f1d00000,0x00000000f1d00000)
  from space 116224K, 15% used [0x00000000f1d00000,0x00000000f2f28b60,0x00000000f8e80000)
  to   space 116224K, 0% used [0x00000000f8e80000,0x00000000f8e80000,0x0000000100000000)
 ParOldGen       total 632320K, used 580244K [0x00000000c0000000, 0x00000000e6980000, 0x00000000eab00000)
  object space 632320K, 91% used [0x00000000c0000000,0x00000000e36a50b8,0x00000000e6980000)
 Metaspace       used 6182K, capacity 7096K, committed 7296K, reserved 1056768K
  class space    used 614K, capacity 624K, committed 640K, reserved 1048576K
Event: 43.820 GC heap after
Heap after GC invocations=62 (full 12):
 PSYoungGen      total 232960K, used 18464K [0x00000000eab00000, 0x0000000100000000, 0x0000000100000000)
  eden space 116736K, 0% used [0x00000000eab00000,0x00000000eab00000,0x00000000f1d00000)
  from space 116224K, 15% used [0x00000000f8e80000,0x00000000fa088000,0x0000000100000000)
  to   space 116224K, 0% used [0x00000000f1d00000,0x00000000f1d00000,0x00000000f8e80000)
 ParOldGen       total 632320K, used 598180K [0x00000000c0000000, 0x00000000e6980000, 0x00000000eab00000)
  object space 632320K, 94% used [0x00000000c0000000,0x00000000e4829350,0x00000000e6980000)
 Metaspace       used 6182K, capacity 7096K, committed 7296K, reserved 1056768K
  class space    used 614K, capacity 624K, committed 640K, reserved 1048576K
}
Event: 43.820 GC heap before
{Heap before GC invocations=63 (full 13):
 PSYoungGen      total 232960K, used 18464K [0x00000000eab00000, 0x0000000100000000, 0x0000000100000000)
  eden space 116736K, 0% used [0x00000000eab00000,0x00000000eab00000,0x00000000f1d00000)
  from space 116224K, 15% used [0x00000000f8e80000,0x00000000fa088000,0x0000000100000000)
  to   space 116224K, 0% used [0x00000000f1d00000,0x00000000f1d00000,0x00000000f8e80000)
 ParOldGen       total 632320K, used 598180K [0x00000000c0000000, 0x00000000e6980000, 0x00000000eab00000)
  object space 632320K, 94% used [0x00000000c0000000,0x00000000e4829350,0x00000000e6980000)
 Metaspace       used 6182K, capacity 7096K, committed 7296K, reserved 1056768K
  class space    used 614K, capacity 624K, committed 640K, reserved 1048576K
Event: 45.911 GC heap after
Heap after GC invocations=63 (full 13):
 PSYoungGen      total 232960K, used 0K [0x00000000eab00000, 0x0000000100000000, 0x0000000100000000)
  eden space 116736K, 0% used [0x00000000eab00000,0x00000000eab00000,0x00000000f1d00000)
  from space 116224K, 0% used [0x00000000f8e80000,0x00000000f8e80000,0x0000000100000000)
  to   space 116224K, 0% used [0x00000000f1d00000,0x00000000f1d00000,0x00000000f8e80000)
 ParOldGen       total 699392K, used 614691K [0x00000000c0000000, 0x00000000eab00000, 0x00000000eab00000)
  object space 699392K, 87% used [0x00000000c0000000,0x00000000e5848c70,0x00000000eab00000)
 Metaspace       used 6182K, capacity 7096K, committed 7296K, reserved 1056768K
  class space    used 614K, capacity 624K, committed 640K, reserved 1048576K
}

Deoptimization events (10 events):
Event: 23.675 Thread 0x0000000008810800 Uncommon trap: reason=class_check action=maybe_recompile pc=0x000000000f9f5114 method=com.android.dx.ssa.back.InterferenceGraph.mergeInterferenceSet(ILcom/android/dx/util/IntSet;)V @ 20
Event: 23.685 Thread 0x0000000008810800 Uncommon trap: reason=class_check action=maybe_recompile pc=0x000000000f968e04 method=com.android.dx.ssa.back.InterferenceGraph.mergeInterferenceSet(ILcom/android/dx/util/IntSet;)V @ 20
Event: 28.701 Thread 0x0000000008878800 Uncommon trap: reason=class_check action=maybe_recompile pc=0x000000000f941b64 method=com.android.dx.ssa.DomFront.calcDomFronts()V @ 101
Event: 28.706 Thread 0x0000000008878800 Uncommon trap: reason=predicate action=maybe_recompile pc=0x000000000fa7454c method=com.android.dx.ssa.SsaConverter.placePhiFunctions(Lcom/android/dx/ssa/SsaMethod;Lcom/android/dx/ssa/LocalVariableInfo;I)V @ 274
Event: 28.712 Thread 0x0000000008878800 Uncommon trap: reason=class_check action=maybe_recompile pc=0x000000000fa3267c method=com.android.dx.ssa.SsaConverter.placePhiFunctions(Lcom/android/dx/ssa/SsaMethod;Lcom/android/dx/ssa/LocalVariableInfo;I)V @ 266
Event: 37.330 Thread 0x000000000880f800 Uncommon trap: reason=class_check action=maybe_recompile pc=0x000000000fb62344 method=com.android.dx.cf.code.Simulator$SimVisitor.visitLocal(IIIILcom/android/dx/rop/type/Type;I)V @ 246
Event: 37.332 Thread 0x000000000880f800 Uncommon trap: reason=class_check action=maybe_recompile pc=0x000000000fb62344 method=com.android.dx.cf.code.Simulator$SimVisitor.visitLocal(IIIILcom/android/dx/rop/type/Type;I)V @ 246
Event: 37.453 Thread 0x0000000008879000 Uncommon trap: reason=class_check action=maybe_recompile pc=0x000000000fb62344 method=com.android.dx.cf.code.Simulator$SimVisitor.visitLocal(IIIILcom/android/dx/rop/type/Type;I)V @ 246
Event: 37.453 Thread 0x0000000008879000 Uncommon trap: reason=class_check action=maybe_recompile pc=0x000000000fb62344 method=com.android.dx.cf.code.Simulator$SimVisitor.visitLocal(IIIILcom/android/dx/rop/type/Type;I)V @ 246
Event: 38.022 Thread 0x000000000298e000 Uncommon trap: reason=unreached action=reinterpret pc=0x000000000f3b1ad4 method=com.android.dx.rop.code.RegisterSpec.equals(ILcom/android/dx/rop/type/TypeBearer;Lcom/android/dx/rop/code/LocalItem;)Z @ 31

Internal exceptions (10 events):
Event: 1.920 Thread 0x0000000008878800 Exception <a 'java/lang/ArrayIndexOutOfBoundsException'> (0x00000000eb34b518) thrown at [D:\re\workspace\8-2-build-windows-amd64-cygwin\jdk8u5\2488\hotspot\src\share\vm\runtime\sharedRuntime.cpp, line 595]
Event: 2.304 Thread 0x0000000008810800 Exception <a 'java/security/PrivilegedActionException'> (0x00000000ec7f7d20) thrown at [D:\re\workspace\8-2-build-windows-amd64-cygwin\jdk8u5\2488\hotspot\src\share\vm\prims\jvm.cpp, line 1248]
Event: 6.052 Thread 0x000000000298e000 Exception <a 'java/security/PrivilegedActionException'> (0x00000000eb467d08) thrown at [D:\re\workspace\8-2-build-windows-amd64-cygwin\jdk8u5\2488\hotspot\src\share\vm\prims\jvm.cpp, line 1248]
Event: 6.054 Thread 0x000000000298e000 Implicit null exception at 0x000000000f1c2f37 to 0x000000000f1c43d5
Event: 8.140 Thread 0x000000000880f800 Exception <a 'java/security/PrivilegedActionException'> (0x00000000f2b38740) thrown at [D:\re\workspace\8-2-build-windows-amd64-cygwin\jdk8u5\2488\hotspot\src\share\vm\prims\jvm.cpp, line 1248]
Event: 20.544 Thread 0x0000000008810800 Exception <a 'java/security/PrivilegedActionException'> (0x00000000f0aa2d18) thrown at [D:\re\workspace\8-2-build-windows-amd64-cygwin\jdk8u5\2488\hotspot\src\share\vm\prims\jvm.cpp, line 1248]
Event: 20.558 Thread 0x0000000008810800 Exception <a 'java/security/PrivilegedActionException'> (0x00000000f0c27848) thrown at [D:\re\workspace\8-2-build-windows-amd64-cygwin\jdk8u5\2488\hotspot\src\share\vm\prims\jvm.cpp, line 1248]
Event: 26.831 Thread 0x000000000298e000 Exception <a 'java/security/PrivilegedActionException'> (0x00000000f0cce6e0) thrown at [D:\re\workspace\8-2-build-windows-amd64-cygwin\jdk8u5\2488\hotspot\src\share\vm\prims\jvm.cpp, line 1248]
Event: 28.174 Thread 0x0000000008878800 Exception <a 'java/security/PrivilegedActionException'> (0x00000000eaf364b8) thrown at [D:\re\workspace\8-2-build-windows-amd64-cygwin\jdk8u5\2488\hotspot\src\share\vm\prims\jvm.cpp, line 1248]
Event: 38.022 Thread 0x000000000298e000 Implicit null exception at 0x000000000f3b15d2 to 0x000000000f3b1ab1

Events (10 events):
Event: 43.282 Executing VM operation: ParallelGCFailedAllocation
Event: 43.383 Executing VM operation: ParallelGCFailedAllocation done
Event: 43.541 Thread 0x000000000298e000 DEOPT PACKING pc=0x000000000f63a10a sp=0x0000000002f4e720
Event: 43.541 Thread 0x000000000298e000 DEOPT UNPACKING pc=0x000000000f057604 sp=0x0000000002f4e530 mode 0
Event: 43.554 Thread 0x0000000008879000 DEOPT PACKING pc=0x000000000f6a3dcc sp=0x000000000929ee90
Event: 43.554 Thread 0x0000000008879000 DEOPT UNPACKING pc=0x000000000f057604 sp=0x000000000929ec70 mode 0
Event: 43.655 Thread 0x000000000298e000 DEOPT PACKING pc=0x000000000f63a10a sp=0x0000000002f4e720
Event: 43.655 Thread 0x000000000298e000 DEOPT UNPACKING pc=0x000000000f057604 sp=0x0000000002f4e530 mode 0
Event: 43.755 Executing VM operation: ParallelGCFailedAllocation
Event: 45.911 Executing VM operation: ParallelGCFailedAllocation done


Dynamic libraries:
0x00007ff6ac5b0000 - 0x00007ff6ac5e4000 	C:\Program Files\Java\jdk1.8.0_05\bin\java.exe
0x00007ffd663b0000 - 0x00007ffd66571000 	C:\WINDOWS\SYSTEM32\ntdll.dll
0x00007ffd648c0000 - 0x00007ffd6496d000 	C:\WINDOWS\system32\KERNEL32.DLL
0x00007ffd62f10000 - 0x00007ffd630ed000 	C:\WINDOWS\system32\KERNELBASE.dll
0x00007ffd63b00000 - 0x00007ffd63ba6000 	C:\WINDOWS\system32\ADVAPI32.dll
0x00007ffd63a60000 - 0x00007ffd63afd000 	C:\WINDOWS\system32\msvcrt.dll
0x00007ffd641e0000 - 0x00007ffd6423b000 	C:\WINDOWS\system32\sechost.dll
0x00007ffd64790000 - 0x00007ffd648b6000 	C:\WINDOWS\system32\RPCRT4.dll
0x00007ffd64260000 - 0x00007ffd643ae000 	C:\WINDOWS\system32\USER32.dll
0x00007ffd63de0000 - 0x00007ffd63f66000 	C:\WINDOWS\system32\GDI32.dll
0x00007ffd5f630000 - 0x00007ffd5f8a4000 	C:\WINDOWS\WinSxS\amd64_microsoft.windows.common-controls_6595b64144ccf1df_6.0.10240.16384_none_f41f7b285750ef43\COMCTL32.dll
0x00007ffd649e0000 - 0x00007ffd64a16000 	C:\WINDOWS\system32\IMM32.DLL
0x00007ffd64630000 - 0x00007ffd6478c000 	C:\WINDOWS\system32\MSCTF.dll
0x00007ffd62cb0000 - 0x00007ffd62ce1000 	C:\Windows\system32\nvinitx.dll
0x00007ffd62ca0000 - 0x00007ffd62caa000 	C:\WINDOWS\SYSTEM32\VERSION.dll
0x000000000f000000 - 0x000000000f006000 	C:\Program Files\NVIDIA Corporation\CoProcManager\_etoured.dll
0x00007ffd60050000 - 0x00007ffd60083000 	C:\Program Files\NVIDIA Corporation\CoProcManager\nvd3d9wrapx.dll
0x00007ffd643b0000 - 0x00007ffd64575000 	C:\WINDOWS\system32\SETUPAPI.dll
0x00007ffd630f0000 - 0x00007ffd63134000 	C:\WINDOWS\system32\CFGMGR32.dll
0x00007ffd60020000 - 0x00007ffd60042000 	C:\Program Files\NVIDIA Corporation\CoProcManager\nvdxgiwrapx.dll
0x0000000056770000 - 0x0000000056842000 	C:\Program Files\Java\jdk1.8.0_05\jre\bin\msvcr100.dll
0x0000000056ed0000 - 0x00000000576fa000 	C:\Program Files\Java\jdk1.8.0_05\jre\bin\server\jvm.dll
0x00007ffd65f80000 - 0x00007ffd65f88000 	C:\WINDOWS\system32\PSAPI.DLL
0x00007ffd58a10000 - 0x00007ffd58a19000 	C:\WINDOWS\SYSTEM32\WSOCK32.dll
0x00007ffd60d30000 - 0x00007ffd60d53000 	C:\WINDOWS\SYSTEM32\WINMM.dll
0x00007ffd64970000 - 0x00007ffd649d9000 	C:\WINDOWS\system32\WS2_32.dll
0x00007ffd64a20000 - 0x00007ffd64a28000 	C:\WINDOWS\system32\NSI.dll
0x0000000002ac0000 - 0x0000000002aec000 	C:\WINDOWS\SYSTEM32\WINMMBASE.dll
0x00007ffd61640000 - 0x00007ffd61667000 	C:\WINDOWS\SYSTEM32\DEVOBJ.dll
0x0000000057e60000 - 0x0000000057e6f000 	C:\Program Files\Java\jdk1.8.0_05\jre\bin\verify.dll
0x0000000057c60000 - 0x0000000057c88000 	C:\Program Files\Java\jdk1.8.0_05\jre\bin\java.dll
0x0000000056eb0000 - 0x0000000056ec6000 	C:\Program Files\Java\jdk1.8.0_05\jre\bin\zip.dll
0x00007ffd64a50000 - 0x00007ffd65f72000 	C:\WINDOWS\system32\SHELL32.dll
0x00007ffd63310000 - 0x00007ffd63938000 	C:\WINDOWS\system32\windows.storage.dll
0x00007ffd660c0000 - 0x00007ffd6633c000 	C:\WINDOWS\system32\combase.dll
0x00007ffd66060000 - 0x00007ffd660b1000 	C:\WINDOWS\system32\shlwapi.dll
0x00007ffd62e30000 - 0x00007ffd62e3f000 	C:\WINDOWS\system32\kernel.appcore.dll
0x00007ffd63940000 - 0x00007ffd639f3000 	C:\WINDOWS\system32\shcore.dll
0x00007ffd62de0000 - 0x00007ffd62e2a000 	C:\WINDOWS\system32\powrprof.dll
0x00007ffd62e40000 - 0x00007ffd62e53000 	C:\WINDOWS\system32\profapi.dll
0x00007ffd4af00000 - 0x00007ffd4b08a000 	C:\WINDOWS\SYSTEM32\dbghelp.dll

VM Arguments:
jvm_args: -Xmx1024M -Dfile.encoding=GBK -Duser.country=US -Duser.language=en -Duser.variant 
java_command: com.android.dx.command.Main --dex --num-threads=4 --multi-dex --main-dex-list E:\USA\courses\Advanced_Programming_Tools\Zijiang-Yang-APT\Connexus-Android\app\build\intermediates\multi-dex\debug\maindexlist.txt --output E:\USA\courses\Advanced_Programming_Tools\Zijiang-Yang-APT\Connexus-Android\app\build\intermediates\dex\debug E:\USA\courses\Advanced_Programming_Tools\Zijiang-Yang-APT\Connexus-Android\app\build\intermediates\multi-dex\debug\allclasses.jar
java_class_path (initial): D:\Program Files (x86)\AndroidSDK\build-tools\build-tools-23.0.1\lib\dx.jar
Launcher Type: SUN_STANDARD

Environment Variables:
JAVA_HOME=C:\Program Files\Java\jdk1.8.0_05
CLASSPATH=.;C:\Program Files\Java\jdk1.8.0_05\lib\dt.jar;C:\Program Files\Java\jdk1.8.0_05\lib\tools.jar;E:\CS_self_study\Algorithm\algs4.jar;E:\CS_self_study\Algorithm\stdlib.jar;
PATH=C:\Program Files (x86)\Common Files\Microsoft Shared\Windows Live;C:\Windows\system32;C:\Windows;C:\Windows\System32\Wbem;C:\Windows\System32\WindowsPowerShell\v1.0\;C:\Program Files\Lenovo\Bluetooth Software\;C:\Program Files\Lenovo\Bluetooth Software\syswow64;C:\Program Files (x86)\Common Files\Acronis\SnapAPI\;C:\Program Files (x86)\Microsoft SQL Server\100\Tools\Binn\;C:\Program Files (x86)\Microsoft SQL Server\100\DTS\Binn\;d:\Program Files\MATLAB\R2012a\runtime\win64;d:\Program Files\MATLAB\R2012a\bin;d:\Program Files\MATLAB\MATLAB Production Server\R2013b\runtime\win64;d:\Program Files\MATLAB\MATLAB Production Server\R2013b\bin;d:\Program Files\MATLAB\MATLAB Production Server\R2013b\polyspace\bin;C:\WINDOWS\system32;C:\WINDOWS;C:\WINDOWS\System32\Wbem;C:\WINDOWS\System32\WindowsPowerShell\v1.0\;C:\Program Files (x86)\NVIDIA Corporation\PhysX\Common;C:\Program Files (x86)\Skype\Phone\;C:\Users\Josh\.dnx\bin;C:\Program Files\Microsoft DNX\Dnvm\;C:\Program Files (x86)\Windows Kits\8.1\Windows Performance Toolkit\;D:\Program Files\Git\cmd;D:\Program Files (x86)\MiKTeX 2.9\miktex\bin\;C:\Program Files (x86)\Common Files\Microsoft Shared\Windows Live;D:\LeapDeveloperKit\LeapSDK\lib\x86;C:\Program Files\Java\jdk1.8.0_05\bin;C:\Program Files\Java\jdk1.8.0_05\jre\bin;D:\Program Files (x86)\eclipse\AndroidSDK\platform-tools;D:\Program Files (x86)\eclipse\AndroidSDK\tools;D:\Program Files (x86)\Oracle\VirtualBox;D:\cygwin64\bin;C:\Python27;C:\Python27\Scripts;C:\Users\Josh\AppData\Local\Code\bin
USERNAME=Josh
OS=Windows_NT
PROCESSOR_IDENTIFIER=Intel64 Family 6 Model 42 Stepping 7, GenuineIntel



---------------  S Y S T E M  ---------------

OS: Windows 8.1 , 64 bit Build 9600 

CPU:total 4 (2 cores per cpu, 2 threads per core) family 6 model 42 stepping 7, cmov, cx8, fxsr, mmx, sse, sse2, sse3, ssse3, sse4.1, sse4.2, popcnt, avx, aes, clmul, ht, tsc, tscinvbit

Memory: 4k page, physical 6233964k(300756k free), swap 6233964k(3424k free)

vm_info: Java HotSpot(TM) 64-Bit Server VM (25.5-b02) for windows-amd64 JRE (1.8.0_05-b13), built on Mar 18 2014 01:08:39 by "java_re" with MS VC++ 10.0 (VS2010)

time: Sun Oct 18 00:10:28 2015
elapsed time: 46 seconds

