#
# There is insufficient memory for the Java Runtime Environment to continue.
# Native memory allocation (malloc) failed to allocate 32744 bytes for ChunkPool::allocate
# Possible reasons:
#   The system is out of physical RAM or swap space
#   In 32 bit mode, the process size limit was hit
# Possible solutions:
#   Reduce memory load on the system
#   Increase physical memory or swap space
#   Check if swap backing store is full
#   Use 64 bit Java on a 64 bit OS
#   Decrease Java heap size (-Xmx/-Xms)
#   Decrease number of Java threads
#   Decrease Java thread stack sizes (-Xss)
#   Set larger code cache with -XX:ReservedCodeCacheSize=
# This output file may be truncated or incomplete.
#
#  Out of Memory Error (allocation.cpp:271), pid=3068, tid=7580
#
# JRE version: Java(TM) SE Runtime Environment (8.0_05-b13) (build 1.8.0_05-b13)
# Java VM: Java HotSpot(TM) 64-Bit Server VM (25.5-b02 mixed mode windows-amd64 compressed oops)
# Failed to write core dump. Minidumps are not enabled by default on client versions of Windows
#

---------------  T H R E A D  ---------------

Current thread (0x0000000006071000):  JavaThread "C2 CompilerThread1" daemon [_thread_in_native, id=7580, stack(0x0000000007b60000,0x0000000007c60000)]

Stack: [0x0000000007b60000,0x0000000007c60000]
Native frames: (J=compiled Java code, j=interpreted, Vv=VM code, C=native code)
V  [jvm.dll+0x308dea]
V  [jvm.dll+0x25def1]
V  [jvm.dll+0x25eb0f]
V  [jvm.dll+0x2564e5]
V  [jvm.dll+0xbcd21]
V  [jvm.dll+0xbd45c]
V  [jvm.dll+0x4db78b]
V  [jvm.dll+0x4362d1]
V  [jvm.dll+0x44111e]
V  [jvm.dll+0x4436a9]
V  [jvm.dll+0x427532]
V  [jvm.dll+0x96702]
V  [jvm.dll+0x96ef3]
V  [jvm.dll+0x2232c4]
V  [jvm.dll+0x27baca]
C  [msvcr100.dll+0x21d9f]


Current CompileTask:
C2:   4153 1826   !   4       com.android.dx.cf.code.BytecodeArray::parseInstruction (2764 bytes)


---------------  P R O C E S S  ---------------

Java Threads: ( => current thread )
  0x00000000060ae000 JavaThread "Service Thread" daemon [_thread_blocked, id=8964, stack(0x0000000007d60000,0x0000000007e60000)]
  0x0000000006094800 JavaThread "C1 CompilerThread2" daemon [_thread_blocked, id=9020, stack(0x0000000007c60000,0x0000000007d60000)]
=>0x0000000006071000 JavaThread "C2 CompilerThread1" daemon [_thread_in_native, id=7580, stack(0x0000000007b60000,0x0000000007c60000)]
  0x0000000006062800 JavaThread "C2 CompilerThread0" daemon [_thread_in_native, id=8260, stack(0x0000000007a60000,0x0000000007b60000)]
  0x00000000074a2800 JavaThread "Attach Listener" daemon [_thread_blocked, id=8940, stack(0x0000000007960000,0x0000000007a60000)]
  0x0000000006070800 JavaThread "Signal Dispatcher" daemon [_thread_blocked, id=8740, stack(0x0000000007860000,0x0000000007960000)]
  0x0000000002975000 JavaThread "Finalizer" daemon [_thread_blocked, id=3808, stack(0x00000000072a0000,0x00000000073a0000)]
  0x0000000006018000 JavaThread "Reference Handler" daemon [_thread_blocked, id=5680, stack(0x00000000071a0000,0x00000000072a0000)]
  0x000000000277d800 JavaThread "main" [_thread_blocked, id=2340, stack(0x0000000002600000,0x0000000002700000)]

Other Threads:
  0x0000000006017000 VMThread [stack: 0x00000000070a0000,0x00000000071a0000] [id=6916]
  0x00000000074f6000 WatcherThread [stack: 0x0000000007e60000,0x0000000007f60000] [id=8496]

VM state:at safepoint (normal execution)

VM Mutex/Monitor currently owned by a thread:  ([mutex/lock_event])
[0x000000000277cd40] Threads_lock - owner thread: 0x0000000006017000
[0x000000000277d040] Heap_lock - owner thread: 0x000000000277d800

Heap:
 PSYoungGen      total 63488K, used 60761K [0x00000000eab00000, 0x00000000ef380000, 0x0000000100000000)
  eden space 54272K, 100% used [0x00000000eab00000,0x00000000ee000000,0x00000000ee000000)
  from space 9216K, 70% used [0x00000000ee980000,0x00000000eefd6758,0x00000000ef280000)
  to   space 9728K, 80% used [0x00000000ee000000,0x00000000ee7a0020,0x00000000ee980000)
 ParOldGen       total 96768K, used 34876K [0x00000000c0000000, 0x00000000c5e80000, 0x00000000eab00000)
  object space 96768K, 36% used [0x00000000c0000000,0x00000000c22110c8,0x00000000c5e80000)
 Metaspace       used 6117K, capacity 7064K, committed 7424K, reserved 1056768K
  class space    used 610K, capacity 656K, committed 768K, reserved 1048576K

Card table byte_map: [0x0000000002d40000,0x0000000002f50000] byte_map_base: 0x0000000002740000

Marking Bits: (ParMarkBitMap*) 0x00000000659713b0
 Begin Bits: [0x00000000034b0000, 0x00000000044b0000)
 End Bits:   [0x00000000044b0000, 0x00000000054b0000)

Polling page: 0x0000000000ab0000

CodeCache: size=245760Kb used=6983Kb max_used=6983Kb free=238776Kb
 bounds [0x000000000f010000, 0x000000000f6f0000, 0x000000001e010000]
 total_blobs=2114 nmethods=1847 adapters=180
 compilation: enabled

Compilation events (10 events):
Event: 3.964 Thread 0x0000000006094800 1936 %     3       com.android.dx.dex.code.StdCatchBuilder::hasAnyCatches @ 15 (57 bytes)
Event: 3.965 Thread 0x0000000006094800 nmethod 1936% 0x000000000f6e28d0 code [0x000000000f6e2ac0, 0x000000000f6e37f8]
Event: 3.965 Thread 0x0000000006094800 1937       3       com.android.dx.dex.code.StdCatchBuilder::hasAnyCatches (57 bytes)
Event: 3.965 Thread 0x0000000006094800 nmethod 1937 0x000000000f6e3d90 code [0x000000000f6e3f80, 0x000000000f6e4c78]
Event: 3.975 Thread 0x0000000006094800 1938       2       java.util.HashSet::<init> (17 bytes)
Event: 3.976 Thread 0x0000000006094800 nmethod 1938 0x000000000f6e51d0 code [0x000000000f6e5360, 0x000000000f6e5568]
Event: 4.001 Thread 0x0000000006094800 1939       2       com.android.dx.dex.code.StdCatchBuilder::getCatchTypes (97 bytes)
Event: 4.002 Thread 0x0000000006094800 nmethod 1939 0x000000000f6e5650 code [0x000000000f6e5860, 0x000000000f6e5df8]
Event: 4.014 Thread 0x0000000006094800 1941       2       com.android.dx.dex.file.DebugInfoItem::<init> (36 bytes)
Event: 4.014 Thread 0x0000000006094800 nmethod 1941 0x000000000f6e6550 code [0x000000000f6e66c0, 0x000000000f6e6918]

GC Heap History (10 events):
Event: 1.835 GC heap after
Heap after GC invocations=16 (full 0):
 PSYoungGen      total 31744K, used 2784K [0x00000000eab00000, 0x00000000ecd80000, 0x0000000100000000)
  eden space 28160K, 0% used [0x00000000eab00000,0x00000000eab00000,0x00000000ec680000)
  from space 3584K, 77% used [0x00000000eca00000,0x00000000eccb8000,0x00000000ecd80000)
  to   space 3584K, 0% used [0x00000000ec680000,0x00000000ec680000,0x00000000eca00000)
 ParOldGen       total 96768K, used 11605K [0x00000000c0000000, 0x00000000c5e80000, 0x00000000eab00000)
  object space 96768K, 11% used [0x00000000c0000000,0x00000000c0b554c8,0x00000000c5e80000)
 Metaspace       used 5835K, capacity 6896K, committed 7040K, reserved 1056768K
  class space    used 583K, capacity 616K, committed 640K, reserved 1048576K
}
Event: 2.031 GC heap before
{Heap before GC invocations=17 (full 0):
 PSYoungGen      total 31744K, used 30944K [0x00000000eab00000, 0x00000000ecd80000, 0x0000000100000000)
  eden space 28160K, 100% used [0x00000000eab00000,0x00000000ec680000,0x00000000ec680000)
  from space 3584K, 77% used [0x00000000eca00000,0x00000000eccb8000,0x00000000ecd80000)
  to   space 3584K, 0% used [0x00000000ec680000,0x00000000ec680000,0x00000000eca00000)
 ParOldGen       total 96768K, used 11605K [0x00000000c0000000, 0x00000000c5e80000, 0x00000000eab00000)
  object space 96768K, 11% used [0x00000000c0000000,0x00000000c0b554c8,0x00000000c5e80000)
 Metaspace       used 5867K, capacity 6960K, committed 7040K, reserved 1056768K
  class space    used 583K, capacity 616K, committed 640K, reserved 1048576K
Event: 2.043 GC heap after
Heap after GC invocations=17 (full 0):
 PSYoungGen      total 31744K, used 3552K [0x00000000eab00000, 0x00000000edc80000, 0x0000000100000000)
  eden space 28160K, 0% used [0x00000000eab00000,0x00000000eab00000,0x00000000ec680000)
  from space 3584K, 99% used [0x00000000ec680000,0x00000000ec9f8010,0x00000000eca00000)
  to   space 5632K, 0% used [0x00000000ed700000,0x00000000ed700000,0x00000000edc80000)
 ParOldGen       total 96768K, used 14952K [0x00000000c0000000, 0x00000000c5e80000, 0x00000000eab00000)
  object space 96768K, 15% used [0x00000000c0000000,0x00000000c0e9a3f8,0x00000000c5e80000)
 Metaspace       used 5867K, capacity 6960K, committed 7040K, reserved 1056768K
  class space    used 583K, capacity 616K, committed 640K, reserved 1048576K
}
Event: 2.185 GC heap before
{Heap before GC invocations=18 (full 0):
 PSYoungGen      total 31744K, used 31712K [0x00000000eab00000, 0x00000000edc80000, 0x0000000100000000)
  eden space 28160K, 100% used [0x00000000eab00000,0x00000000ec680000,0x00000000ec680000)
  from space 3584K, 99% used [0x00000000ec680000,0x00000000ec9f8010,0x00000000eca00000)
  to   space 5632K, 0% used [0x00000000ed700000,0x00000000ed700000,0x00000000edc80000)
 ParOldGen       total 96768K, used 14952K [0x00000000c0000000, 0x00000000c5e80000, 0x00000000eab00000)
  object space 96768K, 15% used [0x00000000c0000000,0x00000000c0e9a3f8,0x00000000c5e80000)
 Metaspace       used 5880K, capacity 6960K, committed 7040K, reserved 1056768K
  class space    used 583K, capacity 616K, committed 640K, reserved 1048576K
Event: 2.202 GC heap after
Heap after GC invocations=18 (full 0):
 PSYoungGen      total 44544K, used 4960K [0x00000000eab00000, 0x00000000edd80000, 0x0000000100000000)
  eden space 38912K, 0% used [0x00000000eab00000,0x00000000eab00000,0x00000000ed100000)
  from space 5632K, 88% used [0x00000000ed700000,0x00000000edbd8000,0x00000000edc80000)
  to   space 6144K, 0% used [0x00000000ed100000,0x00000000ed100000,0x00000000ed700000)
 ParOldGen       total 96768K, used 18462K [0x00000000c0000000, 0x00000000c5e80000, 0x00000000eab00000)
  object space 96768K, 19% used [0x00000000c0000000,0x00000000c1207918,0x00000000c5e80000)
 Metaspace       used 5880K, capacity 6960K, committed 7040K, reserved 1056768K
  class space    used 583K, capacity 616K, committed 640K, reserved 1048576K
}
Event: 2.906 GC heap before
{Heap before GC invocations=19 (full 0):
 PSYoungGen      total 44544K, used 43872K [0x00000000eab00000, 0x00000000edd80000, 0x0000000100000000)
  eden space 38912K, 100% used [0x00000000eab00000,0x00000000ed100000,0x00000000ed100000)
  from space 5632K, 88% used [0x00000000ed700000,0x00000000edbd8000,0x00000000edc80000)
  to   space 6144K, 0% used [0x00000000ed100000,0x00000000ed100000,0x00000000ed700000)
 ParOldGen       total 96768K, used 18462K [0x00000000c0000000, 0x00000000c5e80000, 0x00000000eab00000)
  object space 96768K, 19% used [0x00000000c0000000,0x00000000c1207918,0x00000000c5e80000)
 Metaspace       used 5883K, capacity 6960K, committed 7040K, reserved 1056768K
  class space    used 584K, capacity 616K, committed 640K, reserved 1048576K
Event: 2.964 GC heap after
Heap after GC invocations=19 (full 0):
 PSYoungGen      total 45056K, used 6140K [0x00000000eab00000, 0x00000000ef280000, 0x0000000100000000)
  eden space 38912K, 0% used [0x00000000eab00000,0x00000000eab00000,0x00000000ed100000)
  from space 6144K, 99% used [0x00000000ed100000,0x00000000ed6ff290,0x00000000ed700000)
  to   space 9216K, 0% used [0x00000000ee980000,0x00000000ee980000,0x00000000ef280000)
 ParOldGen       total 96768K, used 23186K [0x00000000c0000000, 0x00000000c5e80000, 0x00000000eab00000)
  object space 96768K, 23% used [0x00000000c0000000,0x00000000c16a4ad8,0x00000000c5e80000)
 Metaspace       used 5883K, capacity 6960K, committed 7040K, reserved 1056768K
  class space    used 584K, capacity 616K, committed 640K, reserved 1048576K
}
Event: 3.286 GC heap before
{Heap before GC invocations=20 (full 0):
 PSYoungGen      total 45056K, used 45052K [0x00000000eab00000, 0x00000000ef280000, 0x0000000100000000)
  eden space 38912K, 100% used [0x00000000eab00000,0x00000000ed100000,0x00000000ed100000)
  from space 6144K, 99% used [0x00000000ed100000,0x00000000ed6ff290,0x00000000ed700000)
  to   space 9216K, 0% used [0x00000000ee980000,0x00000000ee980000,0x00000000ef280000)
 ParOldGen       total 96768K, used 23186K [0x00000000c0000000, 0x00000000c5e80000, 0x00000000eab00000)
  object space 96768K, 23% used [0x00000000c0000000,0x00000000c16a4ad8,0x00000000c5e80000)
 Metaspace       used 6015K, capacity 6968K, committed 7040K, reserved 1056768K
  class space    used 604K, capacity 624K, committed 640K, reserved 1048576K
Event: 3.308 GC heap after
Heap after GC invocations=20 (full 0):
 PSYoungGen      total 63488K, used 6489K [0x00000000eab00000, 0x00000000ef380000, 0x0000000100000000)
  eden space 54272K, 0% used [0x00000000eab00000,0x00000000eab00000,0x00000000ee000000)
  from space 9216K, 70% used [0x00000000ee980000,0x00000000eefd6758,0x00000000ef280000)
  to   space 9728K, 0% used [0x00000000ee000000,0x00000000ee000000,0x00000000ee980000)
 ParOldGen       total 96768K, used 28848K [0x00000000c0000000, 0x00000000c5e80000, 0x00000000eab00000)
  object space 96768K, 29% used [0x00000000c0000000,0x00000000c1c2c038,0x00000000c5e80000)
 Metaspace       used 6015K, capacity 6968K, committed 7040K, reserved 1056768K
  class space    used 604K, capacity 624K, committed 640K, reserved 1048576K
}
Event: 4.019 GC heap before
{Heap before GC invocations=21 (full 0):
 PSYoungGen      total 63488K, used 60761K [0x00000000eab00000, 0x00000000ef380000, 0x0000000100000000)
  eden space 54272K, 100% used [0x00000000eab00000,0x00000000ee000000,0x00000000ee000000)
  from space 9216K, 70% used [0x00000000ee980000,0x00000000eefd6758,0x00000000ef280000)
  to   space 9728K, 0% used [0x00000000ee000000,0x00000000ee000000,0x00000000ee980000)
 ParOldGen       total 96768K, used 28848K [0x00000000c0000000, 0x00000000c5e80000, 0x00000000eab00000)
  object space 96768K, 29% used [0x00000000c0000000,0x00000000c1c2c038,0x00000000c5e80000)
 Metaspace       used 6117K, capacity 7064K, committed 7424K, reserved 1056768K
  class space    used 610K, capacity 656K, committed 768K, reserved 1048576K

Deoptimization events (10 events):
Event: 3.031 Thread 0x000000000277d800 Uncommon trap: reason=unreached action=reinterpret pc=0x000000000f5d046c method=java.util.HashMap.getNode(ILjava/lang/Object;)Ljava/util/HashMap$Node; @ 84
Event: 3.341 Thread 0x000000000277d800 Uncommon trap: reason=bimorphic action=maybe_recompile pc=0x000000000f671e74 method=com.android.dx.cf.code.BytecodeArray.parseInstruction(ILcom/android/dx/cf/code/BytecodeArray$Visitor;)I @ 2281
Event: 3.341 Thread 0x000000000277d800 Uncommon trap: reason=bimorphic action=maybe_recompile pc=0x000000000f671e74 method=com.android.dx.cf.code.BytecodeArray.parseInstruction(ILcom/android/dx/cf/code/BytecodeArray$Visitor;)I @ 2281
Event: 3.492 Thread 0x000000000277d800 Uncommon trap: reason=class_check action=maybe_recompile pc=0x000000000f443f24 method=java.util.HashMap.putVal(ILjava/lang/Object;Ljava/lang/Object;ZZ)Ljava/lang/Object; @ 203
Event: 3.693 Thread 0x000000000277d800 Uncommon trap: reason=class_check action=maybe_recompile pc=0x000000000f440ca0 method=java.util.Arrays.hashCode([Ljava/lang/Object;)I @ 43
Event: 3.693 Thread 0x000000000277d800 Uncommon trap: reason=class_check action=maybe_recompile pc=0x000000000f440ca0 method=java.util.Arrays.hashCode([Ljava/lang/Object;)I @ 43
Event: 3.694 Thread 0x000000000277d800 Uncommon trap: reason=class_check action=maybe_recompile pc=0x000000000f440ca0 method=java.util.Arrays.hashCode([Ljava/lang/Object;)I @ 43
Event: 3.694 Thread 0x000000000277d800 Uncommon trap: reason=class_check action=maybe_recompile pc=0x000000000f440ca0 method=java.util.Arrays.hashCode([Ljava/lang/Object;)I @ 43
Event: 3.694 Thread 0x000000000277d800 Uncommon trap: reason=class_check action=maybe_recompile pc=0x000000000f43d2c0 method=java.util.Arrays.hashCode([Ljava/lang/Object;)I @ 43
Event: 3.745 Thread 0x000000000277d800 Uncommon trap: reason=class_check action=maybe_recompile pc=0x000000000f50e74c method=java.util.HashMap.putVal(ILjava/lang/Object;Ljava/lang/Object;ZZ)Ljava/lang/Object; @ 203

Internal exceptions (10 events):
Event: 0.637 Thread 0x000000000277d800 Exception <a 'java/security/PrivilegedActionException'> (0x00000000eacab170) thrown at [D:\re\workspace\8-2-build-windows-amd64-cygwin\jdk8u5\2488\hotspot\src\share\vm\prims\jvm.cpp, line 1248]
Event: 0.650 Thread 0x000000000775a800 Exception <a 'java/security/PrivilegedActionException'> (0x00000000ead09e48) thrown at [D:\re\workspace\8-2-build-windows-amd64-cygwin\jdk8u5\2488\hotspot\src\share\vm\prims\jvm.cpp, line 1248]
Event: 1.135 Thread 0x000000000277d800 Exception <a 'java/security/PrivilegedActionException'> (0x00000000ead323d8) thrown at [D:\re\workspace\8-2-build-windows-amd64-cygwin\jdk8u5\2488\hotspot\src\share\vm\prims\jvm.cpp, line 1248]
Event: 1.445 Thread 0x000000000776d000 Exception <a 'java/security/PrivilegedActionException'> (0x00000000eacdd608) thrown at [D:\re\workspace\8-2-build-windows-amd64-cygwin\jdk8u5\2488\hotspot\src\share\vm\prims\jvm.cpp, line 1248]
Event: 1.651 Thread 0x000000000776d000 Exception <a 'java/security/PrivilegedActionException'> (0x00000000eb8bd658) thrown at [D:\re\workspace\8-2-build-windows-amd64-cygwin\jdk8u5\2488\hotspot\src\share\vm\prims\jvm.cpp, line 1248]
Event: 2.636 Thread 0x000000000277d800 Exception <a 'java/security/PrivilegedActionException'> (0x00000000eb474378) thrown at [D:\re\workspace\8-2-build-windows-amd64-cygwin\jdk8u5\2488\hotspot\src\share\vm\prims\jvm.cpp, line 1248]
Event: 3.025 Thread 0x000000000277d800 Exception <a 'java/lang/ArrayIndexOutOfBoundsException': 18> (0x00000000eb2150f0) thrown at [D:\re\workspace\8-2-build-windows-amd64-cygwin\jdk8u5\2488\hotspot\src\share\vm\interpreter\interpreterRuntime.cpp, line 337]
Event: 3.026 Thread 0x000000000277d800 Exception <a 'java/lang/ArrayIndexOutOfBoundsException'> (0x00000000eb216b88) thrown at [D:\re\workspace\8-2-build-windows-amd64-cygwin\jdk8u5\2488\hotspot\src\share\vm\runtime\sharedRuntime.cpp, line 595]
Event: 3.027 Thread 0x000000000277d800 Exception <a 'java/lang/ArrayIndexOutOfBoundsException'> (0x00000000eb217da0) thrown at [D:\re\workspace\8-2-build-windows-amd64-cygwin\jdk8u5\2488\hotspot\src\share\vm\runtime\sharedRuntime.cpp, line 595]
Event: 3.765 Thread 0x000000000277d800 Exception <a 'java/security/PrivilegedActionException'> (0x00000000ededcb78) thrown at [D:\re\workspace\8-2-build-windows-amd64-cygwin\jdk8u5\2488\hotspot\src\share\vm\prims\jvm.cpp, line 1248]

Events (10 events):
Event: 3.765 loading class com/android/dx/dex/file/CatchStructs
Event: 3.765 loading class com/android/dx/dex/file/CatchStructs done
Event: 3.880 Thread 0x000000000776d000 Thread exited: 0x000000000776d000
Event: 3.918 Thread 0x000000000277d800 DEOPT PACKING pc=0x000000000f548b02 sp=0x00000000026fee20
Event: 3.918 Thread 0x000000000277d800 DEOPT UNPACKING pc=0x000000000f057604 sp=0x00000000026feb50 mode 0
Event: 3.927 Thread 0x000000000277d800 DEOPT PACKING pc=0x000000000f6dc7d4 sp=0x00000000026fedc0
Event: 3.928 Thread 0x000000000277d800 DEOPT UNPACKING pc=0x000000000f057604 sp=0x00000000026feb50 mode 0
Event: 3.965 Thread 0x000000000277d800 DEOPT PACKING pc=0x000000000f6de5c4 sp=0x00000000026fedf0
Event: 3.965 Thread 0x000000000277d800 DEOPT UNPACKING pc=0x000000000f057604 sp=0x00000000026feb40 mode 0
Event: 4.019 Executing VM operation: ParallelGCFailedAllocation


Dynamic libraries:
0x00007ff7b4fc0000 - 0x00007ff7b4ff4000 	C:\Program Files\Java\jdk1.8.0_05\bin\java.exe
0x00007ffc12260000 - 0x00007ffc12421000 	C:\WINDOWS\SYSTEM32\ntdll.dll
0x00007ffc121b0000 - 0x00007ffc1225d000 	C:\WINDOWS\system32\KERNEL32.DLL
0x00007ffc0ee80000 - 0x00007ffc0f05d000 	C:\WINDOWS\system32\KERNELBASE.dll
0x00007ffc10740000 - 0x00007ffc107e6000 	C:\WINDOWS\system32\ADVAPI32.dll
0x00007ffc0fc70000 - 0x00007ffc0fd0d000 	C:\WINDOWS\system32\msvcrt.dll
0x00007ffc11f60000 - 0x00007ffc11fbb000 	C:\WINDOWS\system32\sechost.dll
0x00007ffc0fe70000 - 0x00007ffc0ff96000 	C:\WINDOWS\system32\RPCRT4.dll
0x00007ffc12000000 - 0x00007ffc1214e000 	C:\WINDOWS\system32\USER32.dll
0x00007ffc10840000 - 0x00007ffc109c6000 	C:\WINDOWS\system32\GDI32.dll
0x00007ffc0a090000 - 0x00007ffc0a304000 	C:\WINDOWS\WinSxS\amd64_microsoft.windows.common-controls_6595b64144ccf1df_6.0.10240.16384_none_f41f7b285750ef43\COMCTL32.dll
0x00007ffc107f0000 - 0x00007ffc10826000 	C:\WINDOWS\system32\IMM32.DLL
0x00007ffc0fd10000 - 0x00007ffc0fe6c000 	C:\WINDOWS\system32\MSCTF.dll
0x00007ffc0eb60000 - 0x00007ffc0eb91000 	C:\Windows\system32\nvinitx.dll
0x00007ffc0eb50000 - 0x00007ffc0eb5a000 	C:\WINDOWS\SYSTEM32\VERSION.dll
0x000000000f000000 - 0x000000000f006000 	C:\Program Files\NVIDIA Corporation\CoProcManager\_etoured.dll
0x00007ffc0c970000 - 0x00007ffc0c9a3000 	C:\Program Files\NVIDIA Corporation\CoProcManager\nvd3d9wrapx.dll
0x00007ffc0faa0000 - 0x00007ffc0fc65000 	C:\WINDOWS\system32\SETUPAPI.dll
0x00007ffc0f0c0000 - 0x00007ffc0f104000 	C:\WINDOWS\system32\CFGMGR32.dll
0x00007ffc0c920000 - 0x00007ffc0c942000 	C:\Program Files\NVIDIA Corporation\CoProcManager\nvdxgiwrapx.dll
0x0000000064d80000 - 0x0000000064e52000 	C:\Program Files\Java\jdk1.8.0_05\jre\bin\msvcr100.dll
0x00000000651c0000 - 0x00000000659ea000 	C:\Program Files\Java\jdk1.8.0_05\jre\bin\server\jvm.dll
0x00007ffc10830000 - 0x00007ffc10838000 	C:\WINDOWS\system32\PSAPI.DLL
0x00007ffc05c20000 - 0x00007ffc05c29000 	C:\WINDOWS\SYSTEM32\WSOCK32.dll
0x00007ffc0cc60000 - 0x00007ffc0cc83000 	C:\WINDOWS\SYSTEM32\WINMM.dll
0x00007ffc10440000 - 0x00007ffc104a9000 	C:\WINDOWS\system32\WS2_32.dll
0x00007ffc11ff0000 - 0x00007ffc11ff8000 	C:\WINDOWS\system32\NSI.dll
0x00007ffc0cc00000 - 0x00007ffc0cc2c000 	C:\WINDOWS\SYSTEM32\WINMMBASE.dll
0x00007ffc0d4f0000 - 0x00007ffc0d517000 	C:\WINDOWS\SYSTEM32\DEVOBJ.dll
0x0000000066180000 - 0x000000006618f000 	C:\Program Files\Java\jdk1.8.0_05\jre\bin\verify.dll
0x0000000066150000 - 0x0000000066178000 	C:\Program Files\Java\jdk1.8.0_05\jre\bin\java.dll
0x00000000651a0000 - 0x00000000651b6000 	C:\Program Files\Java\jdk1.8.0_05\jre\bin\zip.dll
0x00007ffc109d0000 - 0x00007ffc11ef2000 	C:\WINDOWS\system32\SHELL32.dll
0x00007ffc0f2e0000 - 0x00007ffc0f908000 	C:\WINDOWS\system32\windows.storage.dll
0x00007ffc10160000 - 0x00007ffc103dc000 	C:\WINDOWS\system32\combase.dll
0x00007ffc11f00000 - 0x00007ffc11f51000 	C:\WINDOWS\system32\shlwapi.dll
0x00007ffc0ec70000 - 0x00007ffc0ec7f000 	C:\WINDOWS\system32\kernel.appcore.dll
0x00000000073a0000 - 0x0000000007453000 	C:\WINDOWS\system32\shcore.dll
0x00007ffc0ecc0000 - 0x00007ffc0ed0a000 	C:\WINDOWS\system32\powrprof.dll
0x00007ffc0ec80000 - 0x00007ffc0ec93000 	C:\WINDOWS\system32\profapi.dll
0x00007ffbf73e0000 - 0x00007ffbf756a000 	C:\WINDOWS\SYSTEM32\dbghelp.dll

VM Arguments:
jvm_args: -Xmx1024M -Dfile.encoding=GBK -Duser.country=US -Duser.language=en -Duser.variant 
java_command: com.android.dx.command.Main --dex --num-threads=4 --output E:\USA\courses\Advanced_Programming_Tools\Zijiang-Yang-APT\Connexus-Android\app\build\intermediates\pre-dexed\debug\classes-05a35f2349f90be976515f2a40ea57a3a74ad3b4.jar E:\USA\courses\Advanced_Programming_Tools\Zijiang-Yang-APT\Connexus-Android\app\build\intermediates\exploded-aar\com.google.android.gms\play-services-analytics\8.1.0\jars\classes.jar
java_class_path (initial): D:\Program Files (x86)\AndroidSDK\build-tools\build-tools-23.0.1\lib\dx.jar
Launcher Type: SUN_STANDARD

Environment Variables:
JAVA_HOME=C:\Program Files\Java\jdk1.8.0_05
CLASSPATH=.;C:\Program Files\Java\jdk1.8.0_05\lib\dt.jar;C:\Program Files\Java\jdk1.8.0_05\lib\tools.jar;E:\CS_self_study\Algorithm\algs4.jar;E:\CS_self_study\Algorithm\stdlib.jar;
PATH=C:\Program Files (x86)\Common Files\Microsoft Shared\Windows Live;C:\Windows\system32;C:\Windows;C:\Windows\System32\Wbem;C:\Windows\System32\WindowsPowerShell\v1.0\;C:\Program Files\Lenovo\Bluetooth Software\;C:\Program Files\Lenovo\Bluetooth Software\syswow64;C:\Program Files (x86)\Common Files\Acronis\SnapAPI\;C:\Program Files (x86)\Microsoft SQL Server\100\Tools\Binn\;C:\Program Files (x86)\Microsoft SQL Server\100\DTS\Binn\;d:\Program Files\MATLAB\R2012a\runtime\win64;d:\Program Files\MATLAB\R2012a\bin;d:\Program Files\MATLAB\MATLAB Production Server\R2013b\runtime\win64;d:\Program Files\MATLAB\MATLAB Production Server\R2013b\bin;d:\Program Files\MATLAB\MATLAB Production Server\R2013b\polyspace\bin;C:\WINDOWS\system32;C:\WINDOWS;C:\WINDOWS\System32\Wbem;C:\WINDOWS\System32\WindowsPowerShell\v1.0\;C:\Program Files (x86)\NVIDIA Corporation\PhysX\Common;C:\Program Files (x86)\Skype\Phone\;C:\Users\Josh\.dnx\bin;C:\Program Files\Microsoft DNX\Dnvm\;C:\Program Files (x86)\Windows Kits\8.1\Windows Performance Toolkit\;D:\Program Files\Git\cmd;D:\Program Files (x86)\MiKTeX 2.9\miktex\bin\;C:\Program Files (x86)\Common Files\Microsoft Shared\Windows Live;D:\LeapDeveloperKit\LeapSDK\lib\x86;C:\Program Files\Java\jdk1.8.0_05\bin;C:\Program Files\Java\jdk1.8.0_05\jre\bin;D:\Program Files (x86)\eclipse\AndroidSDK\platform-tools;D:\Program Files (x86)\eclipse\AndroidSDK\tools;D:\Program Files (x86)\Oracle\VirtualBox;D:\cygwin64\bin;C:\Python27;C:\Python27\Scripts;C:\Users\Josh\AppData\Local\Code\bin
USERNAME=Josh
OS=Windows_NT
PROCESSOR_IDENTIFIER=Intel64 Family 6 Model 42 Stepping 7, GenuineIntel



---------------  S Y S T E M  ---------------

OS: Windows 8.1 , 64 bit Build 9600 

CPU:total 4 (2 cores per cpu, 2 threads per core) family 6 model 42 stepping 7, cmov, cx8, fxsr, mmx, sse, sse2, sse3, ssse3, sse4.1, sse4.2, popcnt, avx, aes, clmul, ht, tsc, tscinvbit

Memory: 4k page, physical 6233964k(621600k free), swap 6233964k(3076k free)

vm_info: Java HotSpot(TM) 64-Bit Server VM (25.5-b02) for windows-amd64 JRE (1.8.0_05-b13), built on Mar 18 2014 01:08:39 by "java_re" with MS VC++ 10.0 (VS2010)

time: Fri Oct 16 20:46:20 2015
elapsed time: 4 seconds

