#
# There is insufficient memory for the Java Runtime Environment to continue.
# Native memory allocation (malloc) failed to allocate 32744 bytes for ChunkPool::allocate
# Possible reasons:
#   The system is out of physical RAM or swap space
#   In 32 bit mode, the process size limit was hit
# Possible solutions:
#   Reduce memory load on the system
#   Increase physical memory or swap space
#   Check if swap backing store is full
#   Use 64 bit Java on a 64 bit OS
#   Decrease Java heap size (-Xmx/-Xms)
#   Decrease number of Java threads
#   Decrease Java thread stack sizes (-Xss)
#   Set larger code cache with -XX:ReservedCodeCacheSize=
# This output file may be truncated or incomplete.
#
#  Out of Memory Error (allocation.cpp:271), pid=8200, tid=3196
#
# JRE version: Java(TM) SE Runtime Environment (8.0_05-b13) (build 1.8.0_05-b13)
# Java VM: Java HotSpot(TM) 64-Bit Server VM (25.5-b02 mixed mode windows-amd64 compressed oops)
# Failed to write core dump. Minidumps are not enabled by default on client versions of Windows
#

---------------  T H R E A D  ---------------

Current thread (0x00000000063c2000):  JavaThread "C2 CompilerThread1" daemon [_thread_in_native, id=3196, stack(0x0000000007e00000,0x0000000007f00000)]

Stack: [0x0000000007e00000,0x0000000007f00000]
Native frames: (J=compiled Java code, j=interpreted, Vv=VM code, C=native code)
V  [jvm.dll+0x308dea]
V  [jvm.dll+0x25def1]
V  [jvm.dll+0x25eb0f]
V  [jvm.dll+0x2564e5]
V  [jvm.dll+0xbcd21]
V  [jvm.dll+0xbd45c]
V  [jvm.dll+0x41f071]
V  [jvm.dll+0x4c6489]
V  [jvm.dll+0x4ca81d]
V  [jvm.dll+0x428461]
V  [jvm.dll+0x44b2bd]
V  [jvm.dll+0x4d1519]
V  [jvm.dll+0x4ca067]
V  [jvm.dll+0x4ca3e9]
V  [jvm.dll+0x4ca945]
V  [jvm.dll+0x428461]
V  [jvm.dll+0x44b2bd]
V  [jvm.dll+0x4d1519]
V  [jvm.dll+0x4ca067]
V  [jvm.dll+0x4ca3e9]
V  [jvm.dll+0x4ca945]
V  [jvm.dll+0x428461]
V  [jvm.dll+0x443468]
V  [jvm.dll+0x427532]
V  [jvm.dll+0x96702]
V  [jvm.dll+0x96ef3]
V  [jvm.dll+0x2232c4]
V  [jvm.dll+0x27baca]
C  [msvcr100.dll+0x21d9f]
C  [msvcr100.dll+0x21e3b]
C  [KERNEL32.DLL+0x12d92]
C  [ntdll.dll+0x9f64]


Current CompileTask:
C2:  66105 2968       4       com.android.dx.dex.file.ClassDefsSection::orderItems0 (158 bytes)


---------------  P R O C E S S  ---------------

Java Threads: ( => current thread )
  0x0000000008fb4000 JavaThread "pool-1-thread-1" [_thread_blocked, id=4424, stack(0x0000000000c30000,0x0000000000d30000)]
  0x000000000833c000 JavaThread "pool-2-thread-4" [_thread_blocked, id=4920, stack(0x0000000008e00000,0x0000000008f00000)]
  0x000000000833b000 JavaThread "pool-2-thread-3" [_thread_blocked, id=5532, stack(0x0000000008d00000,0x0000000008e00000)]
  0x0000000007a39000 JavaThread "pool-2-thread-2" [_thread_blocked, id=2956, stack(0x0000000008c00000,0x0000000008d00000)]
  0x0000000008504000 JavaThread "pool-3-thread-1" [_thread_blocked, id=5392, stack(0x0000000008b00000,0x0000000008c00000)]
  0x00000000083bd800 JavaThread "pool-2-thread-1" [_thread_blocked, id=7956, stack(0x0000000008a00000,0x0000000008b00000)]
  0x0000000007799800 JavaThread "Service Thread" daemon [_thread_blocked, id=8928, stack(0x0000000008000000,0x0000000008100000)]
  0x00000000063c6000 JavaThread "C1 CompilerThread2" daemon [_thread_blocked, id=8352, stack(0x0000000007f00000,0x0000000008000000)]
=>0x00000000063c2000 JavaThread "C2 CompilerThread1" daemon [_thread_in_native, id=3196, stack(0x0000000007e00000,0x0000000007f00000)]
  0x00000000063c0000 JavaThread "C2 CompilerThread0" daemon [_thread_blocked, id=8224, stack(0x0000000007d00000,0x0000000007e00000)]
  0x0000000007742800 JavaThread "Attach Listener" daemon [_thread_blocked, id=8576, stack(0x0000000007c00000,0x0000000007d00000)]
  0x00000000063b5800 JavaThread "Signal Dispatcher" daemon [_thread_blocked, id=3736, stack(0x0000000007b00000,0x0000000007c00000)]
  0x0000000002cc6000 JavaThread "Finalizer" daemon [_thread_blocked, id=4892, stack(0x0000000007600000,0x0000000007700000)]
  0x0000000006368000 JavaThread "Reference Handler" daemon [_thread_blocked, id=5516, stack(0x0000000007500000,0x0000000007600000)]
  0x0000000002bce000 JavaThread "main" [_thread_blocked, id=3640, stack(0x0000000002a20000,0x0000000002b20000)]

Other Threads:
  0x0000000006367000 VMThread [stack: 0x0000000007400000,0x0000000007500000] [id=6576]
  0x000000000779c800 WatcherThread [stack: 0x0000000008100000,0x0000000008200000] [id=544]

VM state:at safepoint (normal execution)

VM Mutex/Monitor currently owned by a thread:  ([mutex/lock_event])
[0x0000000002bcd0a0] Threads_lock - owner thread: 0x0000000006367000
[0x0000000002bcc820] Heap_lock - owner thread: 0x0000000002bce000

Heap:
 PSYoungGen      total 232960K, used 116736K [0x00000000eab00000, 0x0000000100000000, 0x0000000100000000)
  eden space 116736K, 100% used [0x00000000eab00000,0x00000000f1d00000,0x00000000f1d00000)
  from space 116224K, 0% used [0x00000000f1d00000,0x00000000f1d00000,0x00000000f8e80000)
  to   space 116224K, 0% used [0x00000000f8e80000,0x00000000f8e80000,0x0000000100000000)
 ParOldGen       total 699392K, used 699253K [0x00000000c0000000, 0x00000000eab00000, 0x00000000eab00000)
  object space 699392K, 99% used [0x00000000c0000000,0x00000000eaadd758,0x00000000eab00000)
 Metaspace       used 6225K, capacity 7128K, committed 7424K, reserved 1056768K
  class space    used 619K, capacity 656K, committed 768K, reserved 1048576K

Card table byte_map: [0x0000000003090000,0x00000000032a0000] byte_map_base: 0x0000000002a90000

Marking Bits: (ParMarkBitMap*) 0x00000000576813b0
 Begin Bits: [0x0000000003800000, 0x0000000004800000)
 End Bits:   [0x0000000004800000, 0x0000000005800000)

Polling page: 0x0000000000b20000

CodeCache: size=245760Kb used=12114Kb max_used=12273Kb free=233645Kb
 bounds [0x000000000f010000, 0x000000000fc70000, 0x000000001e010000]
 total_blobs=2750 nmethods=2483 adapters=180
 compilation: enabled

Compilation events (10 events):
Event: 65.995 Thread 0x00000000063c6000 2994       3       com.android.dx.dex.file.AnnotationsDirectoryItem::isEmpty (34 bytes)
Event: 65.995 Thread 0x00000000063c6000 nmethod 2994 0x000000000f2f2350 code [0x000000000f2f24c0, 0x000000000f2f2730]
Event: 65.996 Thread 0x00000000063c0000 2995       4       com.android.dx.rop.cst.CstArray::<init> (28 bytes)
Event: 65.997 Thread 0x00000000063c0000 nmethod 2995 0x000000000f4cb010 code [0x000000000f4cb140, 0x000000000f4cb1d8]
Event: 65.998 Thread 0x00000000063c0000 2996       4       com.android.dx.rop.cst.CstArray$List::<init> (6 bytes)
Event: 65.999 Thread 0x00000000063c6000 2997       3       com.android.dx.rop.cst.CstArray::hashCode (8 bytes)
Event: 65.999 Thread 0x00000000063c6000 nmethod 2997 0x000000000f37bd10 code [0x000000000f37be80, 0x000000000f37c068]
Event: 65.999 Thread 0x00000000063c0000 nmethod 2996 0x000000000f2d3790 code [0x000000000f2d38e0, 0x000000000f2d3a18]
Event: 66.002 Thread 0x00000000063c6000 2998       3       com.android.dx.dex.file.TypeListItem::hashCode (8 bytes)
Event: 66.002 Thread 0x00000000063c6000 nmethod 2998 0x000000000f498a50 code [0x000000000f498bc0, 0x000000000f498d48]

GC Heap History (10 events):
Event: 54.794 GC heap before
{Heap before GC invocations=73 (full 18):
 PSYoungGen      total 232960K, used 116736K [0x00000000eab00000, 0x0000000100000000, 0x0000000100000000)
  eden space 116736K, 100% used [0x00000000eab00000,0x00000000f1d00000,0x00000000f1d00000)
  from space 116224K, 0% used [0x00000000f1d00000,0x00000000f1d00000,0x00000000f8e80000)
  to   space 116224K, 0% used [0x00000000f8e80000,0x00000000f8e80000,0x0000000100000000)
 ParOldGen       total 699392K, used 699171K [0x00000000c0000000, 0x00000000eab00000, 0x00000000eab00000)
  object space 699392K, 99% used [0x00000000c0000000,0x00000000eaac8d80,0x00000000eab00000)
 Metaspace       used 6173K, capacity 7096K, committed 7296K, reserved 1056768K
  class space    used 614K, capacity 624K, committed 640K, reserved 1048576K
Event: 56.226 GC heap after
Heap after GC invocations=73 (full 18):
 PSYoungGen      total 232960K, used 0K [0x00000000eab00000, 0x0000000100000000, 0x0000000100000000)
  eden space 116736K, 0% used [0x00000000eab00000,0x00000000eab00000,0x00000000f1d00000)
  from space 116224K, 0% used [0x00000000f1d00000,0x00000000f1d00000,0x00000000f8e80000)
  to   space 116224K, 0% used [0x00000000f8e80000,0x00000000f8e80000,0x0000000100000000)
 ParOldGen       total 699392K, used 693495K [0x00000000c0000000, 0x00000000eab00000, 0x00000000eab00000)
  object space 699392K, 99% used [0x00000000c0000000,0x00000000ea53dd90,0x00000000eab00000)
 Metaspace       used 6173K, capacity 7096K, committed 7296K, reserved 1056768K
  class space    used 614K, capacity 624K, committed 640K, reserved 1048576K
}
Event: 56.642 GC heap before
{Heap before GC invocations=74 (full 19):
 PSYoungGen      total 232960K, used 116736K [0x00000000eab00000, 0x0000000100000000, 0x0000000100000000)
  eden space 116736K, 100% used [0x00000000eab00000,0x00000000f1d00000,0x00000000f1d00000)
  from space 116224K, 0% used [0x00000000f1d00000,0x00000000f1d00000,0x00000000f8e80000)
  to   space 116224K, 0% used [0x00000000f8e80000,0x00000000f8e80000,0x0000000100000000)
 ParOldGen       total 699392K, used 693495K [0x00000000c0000000, 0x00000000eab00000, 0x00000000eab00000)
  object space 699392K, 99% used [0x00000000c0000000,0x00000000ea53dd90,0x00000000eab00000)
 Metaspace       used 6175K, capacity 7096K, committed 7296K, reserved 1056768K
  class space    used 614K, capacity 624K, committed 640K, reserved 1048576K
Event: 59.169 GC heap after
Heap after GC invocations=74 (full 19):
 PSYoungGen      total 232960K, used 40446K [0x00000000eab00000, 0x0000000100000000, 0x0000000100000000)
  eden space 116736K, 34% used [0x00000000eab00000,0x00000000ed27f898,0x00000000f1d00000)
  from space 116224K, 0% used [0x00000000f1d00000,0x00000000f1d00000,0x00000000f8e80000)
  to   space 116224K, 0% used [0x00000000f8e80000,0x00000000f8e80000,0x0000000100000000)
 ParOldGen       total 699392K, used 699175K [0x00000000c0000000, 0x00000000eab00000, 0x00000000eab00000)
  object space 699392K, 99% used [0x00000000c0000000,0x00000000eaac9c50,0x00000000eab00000)
 Metaspace       used 6175K, capacity 7096K, committed 7296K, reserved 1056768K
  class space    used 614K, capacity 624K, committed 640K, reserved 1048576K
}
Event: 59.515 GC heap before
{Heap before GC invocations=75 (full 20):
 PSYoungGen      total 232960K, used 116736K [0x00000000eab00000, 0x0000000100000000, 0x0000000100000000)
  eden space 116736K, 100% used [0x00000000eab00000,0x00000000f1d00000,0x00000000f1d00000)
  from space 116224K, 0% used [0x00000000f1d00000,0x00000000f1d00000,0x00000000f8e80000)
  to   space 116224K, 0% used [0x00000000f8e80000,0x00000000f8e80000,0x0000000100000000)
 ParOldGen       total 699392K, used 699175K [0x00000000c0000000, 0x00000000eab00000, 0x00000000eab00000)
  object space 699392K, 99% used [0x00000000c0000000,0x00000000eaac9c50,0x00000000eab00000)
 Metaspace       used 6175K, capacity 7096K, committed 7296K, reserved 1056768K
  class space    used 614K, capacity 624K, committed 640K, reserved 1048576K
Event: 60.959 GC heap after
Heap after GC invocations=75 (full 20):
 PSYoungGen      total 232960K, used 36949K [0x00000000eab00000, 0x0000000100000000, 0x0000000100000000)
  eden space 116736K, 31% used [0x00000000eab00000,0x00000000ecf15650,0x00000000f1d00000)
  from space 116224K, 0% used [0x00000000f1d00000,0x00000000f1d00000,0x00000000f8e80000)
  to   space 116224K, 0% used [0x00000000f8e80000,0x00000000f8e80000,0x0000000100000000)
 ParOldGen       total 699392K, used 699254K [0x00000000c0000000, 0x00000000eab00000, 0x00000000eab00000)
  object space 699392K, 99% used [0x00000000c0000000,0x00000000eaadd958,0x00000000eab00000)
 Metaspace       used 6175K, capacity 7096K, committed 7296K, reserved 1056768K
  class space    used 614K, capacity 624K, committed 640K, reserved 1048576K
}
Event: 61.159 GC heap before
{Heap before GC invocations=76 (full 21):
 PSYoungGen      total 232960K, used 116736K [0x00000000eab00000, 0x0000000100000000, 0x0000000100000000)
  eden space 116736K, 100% used [0x00000000eab00000,0x00000000f1d00000,0x00000000f1d00000)
  from space 116224K, 0% used [0x00000000f1d00000,0x00000000f1d00000,0x00000000f8e80000)
  to   space 116224K, 0% used [0x00000000f8e80000,0x00000000f8e80000,0x0000000100000000)
 ParOldGen       total 699392K, used 699254K [0x00000000c0000000, 0x00000000eab00000, 0x00000000eab00000)
  object space 699392K, 99% used [0x00000000c0000000,0x00000000eaadd958,0x00000000eab00000)
 Metaspace       used 6175K, capacity 7096K, committed 7296K, reserved 1056768K
  class space    used 614K, capacity 624K, committed 640K, reserved 1048576K
Event: 62.633 GC heap after
Heap after GC invocations=76 (full 21):
 PSYoungGen      total 232960K, used 16752K [0x00000000eab00000, 0x0000000100000000, 0x0000000100000000)
  eden space 116736K, 14% used [0x00000000eab00000,0x00000000ebb5c080,0x00000000f1d00000)
  from space 116224K, 0% used [0x00000000f1d00000,0x00000000f1d00000,0x00000000f8e80000)
  to   space 116224K, 0% used [0x00000000f8e80000,0x00000000f8e80000,0x0000000100000000)
 ParOldGen       total 699392K, used 699254K [0x00000000c0000000, 0x00000000eab00000, 0x00000000eab00000)
  object space 699392K, 99% used [0x00000000c0000000,0x00000000eaadd958,0x00000000eab00000)
 Metaspace       used 6175K, capacity 7096K, committed 7296K, reserved 1056768K
  class space    used 614K, capacity 624K, committed 640K, reserved 1048576K
}
Event: 63.030 GC heap before
{Heap before GC invocations=77 (full 22):
 PSYoungGen      total 232960K, used 116736K [0x00000000eab00000, 0x0000000100000000, 0x0000000100000000)
  eden space 116736K, 100% used [0x00000000eab00000,0x00000000f1d00000,0x00000000f1d00000)
  from space 116224K, 0% used [0x00000000f1d00000,0x00000000f1d00000,0x00000000f8e80000)
  to   space 116224K, 0% used [0x00000000f8e80000,0x00000000f8e80000,0x0000000100000000)
 ParOldGen       total 699392K, used 699254K [0x00000000c0000000, 0x00000000eab00000, 0x00000000eab00000)
  object space 699392K, 99% used [0x00000000c0000000,0x00000000eaadd958,0x00000000eab00000)
 Metaspace       used 6175K, capacity 7096K, committed 7296K, reserved 1056768K
  class space    used 614K, capacity 624K, committed 640K, reserved 1048576K
Event: 65.880 GC heap after
Heap after GC invocations=77 (full 22):
 PSYoungGen      total 232960K, used 56774K [0x00000000eab00000, 0x0000000100000000, 0x0000000100000000)
  eden space 116736K, 48% used [0x00000000eab00000,0x00000000ee271a30,0x00000000f1d00000)
  from space 116224K, 0% used [0x00000000f1d00000,0x00000000f1d00000,0x00000000f8e80000)
  to   space 116224K, 0% used [0x00000000f8e80000,0x00000000f8e80000,0x0000000100000000)
 ParOldGen       total 699392K, used 699253K [0x00000000c0000000, 0x00000000eab00000, 0x00000000eab00000)
  object space 699392K, 99% used [0x00000000c0000000,0x00000000eaadd758,0x00000000eab00000)
 Metaspace       used 6175K, capacity 7096K, committed 7296K, reserved 1056768K
  class space    used 614K, capacity 624K, committed 640K, reserved 1048576K
}

Deoptimization events (10 events):
Event: 35.638 Thread 0x000000000833c000 Uncommon trap: reason=class_check action=maybe_recompile pc=0x000000000f45c048 method=com.android.dx.cf.code.Simulator$SimVisitor.visitBranch(IIII)V @ 264
Event: 35.638 Thread 0x000000000833c000 Uncommon trap: reason=class_check action=maybe_recompile pc=0x000000000f45c048 method=com.android.dx.cf.code.Simulator$SimVisitor.visitBranch(IIII)V @ 264
Event: 35.639 Thread 0x000000000833c000 Uncommon trap: reason=class_check action=maybe_recompile pc=0x000000000f45c048 method=com.android.dx.cf.code.Simulator$SimVisitor.visitBranch(IIII)V @ 264
Event: 35.943 Thread 0x00000000083bd800 Uncommon trap: reason=unreached action=reinterpret pc=0x000000000fae4e8c method=java.util.HashMap$TreeNode.find(ILjava/lang/Object;Ljava/lang/Class;)Ljava/util/HashMap$TreeNode; @ 58
Event: 36.128 Thread 0x000000000833b000 Uncommon trap: reason=class_check action=maybe_recompile pc=0x000000000fc369b0 method=com.android.dx.cf.code.Simulator$SimVisitor.visitNoArgs(IIILcom/android/dx/rop/type/Type;)V @ 1655
Event: 36.128 Thread 0x000000000833b000 Uncommon trap: reason=class_check action=maybe_recompile pc=0x000000000fc369b0 method=com.android.dx.cf.code.Simulator$SimVisitor.visitNoArgs(IIILcom/android/dx/rop/type/Type;)V @ 1655
Event: 65.979 Thread 0x0000000008fb4000 Uncommon trap: reason=class_check action=maybe_recompile pc=0x000000000f4d1e5c method=java.util.Arrays.hashCode([Ljava/lang/Object;)I @ 43
Event: 65.979 Thread 0x0000000008fb4000 Uncommon trap: reason=class_check action=maybe_recompile pc=0x000000000f4d1e5c method=java.util.Arrays.hashCode([Ljava/lang/Object;)I @ 43
Event: 65.979 Thread 0x0000000008fb4000 Uncommon trap: reason=class_check action=maybe_recompile pc=0x000000000f4d1e5c method=java.util.Arrays.hashCode([Ljava/lang/Object;)I @ 43
Event: 65.979 Thread 0x0000000008fb4000 Uncommon trap: reason=class_check action=maybe_recompile pc=0x000000000f4d1e5c method=java.util.Arrays.hashCode([Ljava/lang/Object;)I @ 43

Internal exceptions (10 events):
Event: 6.457 Thread 0x0000000002bce000 Exception <a 'java/security/PrivilegedActionException'> (0x00000000eab79208) thrown at [D:\re\workspace\8-2-build-windows-amd64-cygwin\jdk8u5\2488\hotspot\src\share\vm\prims\jvm.cpp, line 1248]
Event: 6.461 Thread 0x0000000002bce000 Implicit null exception at 0x000000000f1c0877 to 0x000000000f1c1d09
Event: 17.121 Thread 0x000000000833c000 Exception <a 'java/security/PrivilegedActionException'> (0x00000000eb13f458) thrown at [D:\re\workspace\8-2-build-windows-amd64-cygwin\jdk8u5\2488\hotspot\src\share\vm\prims\jvm.cpp, line 1248]
Event: 20.627 Thread 0x000000000833c000 Exception <a 'java/security/PrivilegedActionException'> (0x00000000ef236260) thrown at [D:\re\workspace\8-2-build-windows-amd64-cygwin\jdk8u5\2488\hotspot\src\share\vm\prims\jvm.cpp, line 1248]
Event: 21.051 Thread 0x000000000833c000 Exception <a 'java/security/PrivilegedActionException'> (0x00000000f5ae9a18) thrown at [D:\re\workspace\8-2-build-windows-amd64-cygwin\jdk8u5\2488\hotspot\src\share\vm\prims\jvm.cpp, line 1248]
Event: 21.066 Thread 0x000000000833c000 Exception <a 'java/security/PrivilegedActionException'> (0x00000000f5c03050) thrown at [D:\re\workspace\8-2-build-windows-amd64-cygwin\jdk8u5\2488\hotspot\src\share\vm\prims\jvm.cpp, line 1248]
Event: 23.805 Thread 0x0000000002bce000 Exception <a 'java/security/PrivilegedActionException'> (0x00000000ee64bdf8) thrown at [D:\re\workspace\8-2-build-windows-amd64-cygwin\jdk8u5\2488\hotspot\src\share\vm\prims\jvm.cpp, line 1248]
Event: 35.259 Thread 0x000000000833c000 Implicit null exception at 0x000000000f1e032b to 0x000000000f1e08ad
Event: 65.950 Thread 0x0000000002bce000 Exception <a 'java/security/PrivilegedActionException'> (0x00000000efba1f98) thrown at [D:\re\workspace\8-2-build-windows-amd64-cygwin\jdk8u5\2488\hotspot\src\share\vm\prims\jvm.cpp, line 1248]
Event: 65.982 Thread 0x0000000008fb4000 Exception <a 'java/security/PrivilegedActionException'> (0x00000000efbf03a8) thrown at [D:\re\workspace\8-2-build-windows-amd64-cygwin\jdk8u5\2488\hotspot\src\share\vm\prims\jvm.cpp, line 1248]

Events (10 events):
Event: 65.979 Thread 0x0000000008fb4000 Uncommon trap: trap_request=0xffffffde fr.pc=0x000000000f4d1e5c
Event: 65.979 Thread 0x0000000008fb4000 DEOPT PACKING pc=0x000000000f4d1e5c sp=0x0000000000d2ead0
Event: 65.979 Thread 0x0000000008fb4000 DEOPT UNPACKING pc=0x000000000f0555af sp=0x0000000000d2ea00 mode 2
Event: 65.979 Thread 0x0000000008fb4000 Uncommon trap: trap_request=0xffffffde fr.pc=0x000000000f4d1e5c
Event: 65.979 Thread 0x0000000008fb4000 DEOPT PACKING pc=0x000000000f4d1e5c sp=0x0000000000d2ead0
Event: 65.979 Thread 0x0000000008fb4000 DEOPT UNPACKING pc=0x000000000f0555af sp=0x0000000000d2ea00 mode 2
Event: 65.980 loading class java/util/ComparableTimSort
Event: 65.981 loading class java/util/ComparableTimSort done
Event: 65.982 loading class com/android/dx/rop/cst/Zeroes
Event: 65.982 loading class com/android/dx/rop/cst/Zeroes done


Dynamic libraries:
0x00007ff6ac5b0000 - 0x00007ff6ac5e4000 	C:\Program Files\Java\jdk1.8.0_05\bin\java.exe
0x00007ffd663b0000 - 0x00007ffd66571000 	C:\WINDOWS\SYSTEM32\ntdll.dll
0x00007ffd648c0000 - 0x00007ffd6496d000 	C:\WINDOWS\system32\KERNEL32.DLL
0x00007ffd62f10000 - 0x00007ffd630ed000 	C:\WINDOWS\system32\KERNELBASE.dll
0x00007ffd63b00000 - 0x00007ffd63ba6000 	C:\WINDOWS\system32\ADVAPI32.dll
0x00007ffd63a60000 - 0x00007ffd63afd000 	C:\WINDOWS\system32\msvcrt.dll
0x00007ffd641e0000 - 0x00007ffd6423b000 	C:\WINDOWS\system32\sechost.dll
0x00007ffd64790000 - 0x00007ffd648b6000 	C:\WINDOWS\system32\RPCRT4.dll
0x00007ffd64260000 - 0x00007ffd643ae000 	C:\WINDOWS\system32\USER32.dll
0x00007ffd63de0000 - 0x00007ffd63f66000 	C:\WINDOWS\system32\GDI32.dll
0x00007ffd5f630000 - 0x00007ffd5f8a4000 	C:\WINDOWS\WinSxS\amd64_microsoft.windows.common-controls_6595b64144ccf1df_6.0.10240.16384_none_f41f7b285750ef43\COMCTL32.dll
0x00007ffd649e0000 - 0x00007ffd64a16000 	C:\WINDOWS\system32\IMM32.DLL
0x00007ffd64630000 - 0x00007ffd6478c000 	C:\WINDOWS\system32\MSCTF.dll
0x00007ffd62cb0000 - 0x00007ffd62ce1000 	C:\Windows\system32\nvinitx.dll
0x00007ffd62ca0000 - 0x00007ffd62caa000 	C:\WINDOWS\SYSTEM32\VERSION.dll
0x000000000f000000 - 0x000000000f006000 	C:\Program Files\NVIDIA Corporation\CoProcManager\_etoured.dll
0x00007ffd60050000 - 0x00007ffd60083000 	C:\Program Files\NVIDIA Corporation\CoProcManager\nvd3d9wrapx.dll
0x00007ffd643b0000 - 0x00007ffd64575000 	C:\WINDOWS\system32\SETUPAPI.dll
0x00007ffd630f0000 - 0x00007ffd63134000 	C:\WINDOWS\system32\CFGMGR32.dll
0x00007ffd60020000 - 0x00007ffd60042000 	C:\Program Files\NVIDIA Corporation\CoProcManager\nvdxgiwrapx.dll
0x0000000056770000 - 0x0000000056842000 	C:\Program Files\Java\jdk1.8.0_05\jre\bin\msvcr100.dll
0x0000000056ed0000 - 0x00000000576fa000 	C:\Program Files\Java\jdk1.8.0_05\jre\bin\server\jvm.dll
0x00007ffd65f80000 - 0x00007ffd65f88000 	C:\WINDOWS\system32\PSAPI.DLL
0x00007ffd60d30000 - 0x00007ffd60d53000 	C:\WINDOWS\SYSTEM32\WINMM.dll
0x00007ffd58a10000 - 0x00007ffd58a19000 	C:\WINDOWS\SYSTEM32\WSOCK32.dll
0x00007ffd64970000 - 0x00007ffd649d9000 	C:\WINDOWS\system32\WS2_32.dll
0x00007ffd60d00000 - 0x00007ffd60d2c000 	C:\WINDOWS\SYSTEM32\WINMMBASE.dll
0x00007ffd64a20000 - 0x00007ffd64a28000 	C:\WINDOWS\system32\NSI.dll
0x00007ffd61640000 - 0x00007ffd61667000 	C:\WINDOWS\SYSTEM32\DEVOBJ.dll
0x0000000057e60000 - 0x0000000057e6f000 	C:\Program Files\Java\jdk1.8.0_05\jre\bin\verify.dll
0x0000000057c60000 - 0x0000000057c88000 	C:\Program Files\Java\jdk1.8.0_05\jre\bin\java.dll
0x0000000056eb0000 - 0x0000000056ec6000 	C:\Program Files\Java\jdk1.8.0_05\jre\bin\zip.dll
0x00007ffd64a50000 - 0x00007ffd65f72000 	C:\WINDOWS\system32\SHELL32.dll
0x00007ffd63310000 - 0x00007ffd63938000 	C:\WINDOWS\system32\windows.storage.dll
0x00007ffd660c0000 - 0x00007ffd6633c000 	C:\WINDOWS\system32\combase.dll
0x00007ffd66060000 - 0x00007ffd660b1000 	C:\WINDOWS\system32\shlwapi.dll
0x00007ffd62e30000 - 0x00007ffd62e3f000 	C:\WINDOWS\system32\kernel.appcore.dll
0x00007ffd63940000 - 0x00007ffd639f3000 	C:\WINDOWS\system32\shcore.dll
0x00007ffd62de0000 - 0x00007ffd62e2a000 	C:\WINDOWS\system32\powrprof.dll
0x00007ffd62e40000 - 0x00007ffd62e53000 	C:\WINDOWS\system32\profapi.dll
0x00007ffd4af00000 - 0x00007ffd4b08a000 	C:\WINDOWS\SYSTEM32\dbghelp.dll

VM Arguments:
jvm_args: -Xmx1024M -Dfile.encoding=GBK -Duser.country=US -Duser.language=en -Duser.variant 
java_command: com.android.dx.command.Main --dex --num-threads=4 --multi-dex --main-dex-list E:\USA\courses\Advanced_Programming_Tools\Zijiang-Yang-APT\Connexus-Android\app\build\intermediates\multi-dex\debug\maindexlist.txt --output E:\USA\courses\Advanced_Programming_Tools\Zijiang-Yang-APT\Connexus-Android\app\build\intermediates\dex\debug E:\USA\courses\Advanced_Programming_Tools\Zijiang-Yang-APT\Connexus-Android\app\build\intermediates\multi-dex\debug\allclasses.jar
java_class_path (initial): D:\Program Files (x86)\AndroidSDK\build-tools\build-tools-23.0.1\lib\dx.jar
Launcher Type: SUN_STANDARD

Environment Variables:
JAVA_HOME=C:\Program Files\Java\jdk1.8.0_05
CLASSPATH=.;C:\Program Files\Java\jdk1.8.0_05\lib\dt.jar;C:\Program Files\Java\jdk1.8.0_05\lib\tools.jar;E:\CS_self_study\Algorithm\algs4.jar;E:\CS_self_study\Algorithm\stdlib.jar;
PATH=C:\Program Files (x86)\Common Files\Microsoft Shared\Windows Live;C:\Windows\system32;C:\Windows;C:\Windows\System32\Wbem;C:\Windows\System32\WindowsPowerShell\v1.0\;C:\Program Files\Lenovo\Bluetooth Software\;C:\Program Files\Lenovo\Bluetooth Software\syswow64;C:\Program Files (x86)\Common Files\Acronis\SnapAPI\;C:\Program Files (x86)\Microsoft SQL Server\100\Tools\Binn\;C:\Program Files (x86)\Microsoft SQL Server\100\DTS\Binn\;d:\Program Files\MATLAB\R2012a\runtime\win64;d:\Program Files\MATLAB\R2012a\bin;d:\Program Files\MATLAB\MATLAB Production Server\R2013b\runtime\win64;d:\Program Files\MATLAB\MATLAB Production Server\R2013b\bin;d:\Program Files\MATLAB\MATLAB Production Server\R2013b\polyspace\bin;C:\WINDOWS\system32;C:\WINDOWS;C:\WINDOWS\System32\Wbem;C:\WINDOWS\System32\WindowsPowerShell\v1.0\;C:\Program Files (x86)\NVIDIA Corporation\PhysX\Common;C:\Program Files (x86)\Skype\Phone\;C:\Users\Josh\.dnx\bin;C:\Program Files\Microsoft DNX\Dnvm\;C:\Program Files (x86)\Windows Kits\8.1\Windows Performance Toolkit\;D:\Program Files\Git\cmd;D:\Program Files (x86)\MiKTeX 2.9\miktex\bin\;C:\Program Files (x86)\Common Files\Microsoft Shared\Windows Live;D:\LeapDeveloperKit\LeapSDK\lib\x86;C:\Program Files\Java\jdk1.8.0_05\bin;C:\Program Files\Java\jdk1.8.0_05\jre\bin;D:\Program Files (x86)\eclipse\AndroidSDK\platform-tools;D:\Program Files (x86)\eclipse\AndroidSDK\tools;D:\Program Files (x86)\Oracle\VirtualBox;D:\cygwin64\bin;C:\Python27;C:\Python27\Scripts;C:\Users\Josh\AppData\Local\Code\bin
USERNAME=Josh
OS=Windows_NT
PROCESSOR_IDENTIFIER=Intel64 Family 6 Model 42 Stepping 7, GenuineIntel



---------------  S Y S T E M  ---------------

OS: Windows 8.1 , 64 bit Build 9600 

CPU:total 4 (2 cores per cpu, 2 threads per core) family 6 model 42 stepping 7, cmov, cx8, fxsr, mmx, sse, sse2, sse3, ssse3, sse4.1, sse4.2, popcnt, avx, aes, clmul, ht, tsc, tscinvbit

Memory: 4k page, physical 6233964k(177184k free), swap 6233964k(2924k free)

vm_info: Java HotSpot(TM) 64-Bit Server VM (25.5-b02) for windows-amd64 JRE (1.8.0_05-b13), built on Mar 18 2014 01:08:39 by "java_re" with MS VC++ 10.0 (VS2010)

time: Sun Oct 18 02:50:52 2015
elapsed time: 66 seconds

