#
# There is insufficient memory for the Java Runtime Environment to continue.
# Native memory allocation (malloc) failed to allocate 1010496 bytes for Chunk::new
# Possible reasons:
#   The system is out of physical RAM or swap space
#   In 32 bit mode, the process size limit was hit
# Possible solutions:
#   Reduce memory load on the system
#   Increase physical memory or swap space
#   Check if swap backing store is full
#   Use 64 bit Java on a 64 bit OS
#   Decrease Java heap size (-Xmx/-Xms)
#   Decrease number of Java threads
#   Decrease Java thread stack sizes (-Xss)
#   Set larger code cache with -XX:ReservedCodeCacheSize=
# This output file may be truncated or incomplete.
#
#  Out of Memory Error (allocation.cpp:388), pid=8496, tid=6572
#
# JRE version: Java(TM) SE Runtime Environment (8.0_05-b13) (build 1.8.0_05-b13)
# Java VM: Java HotSpot(TM) 64-Bit Server VM (25.5-b02 mixed mode windows-amd64 compressed oops)
# Failed to write core dump. Minidumps are not enabled by default on client versions of Windows
#

---------------  T H R E A D  ---------------

Current thread (0x0000000005c61000):  JavaThread "C2 CompilerThread1" daemon [_thread_in_native, id=6572, stack(0x00000000076b0000,0x00000000077b0000)]

Stack: [0x00000000076b0000,0x00000000077b0000]
Native frames: (J=compiled Java code, j=interpreted, Vv=VM code, C=native code)
V  [jvm.dll+0x308dea]


Current CompileTask:
C2:  18461 2439       4       com.android.dx.cf.code.Simulator$SimVisitor::visitLocal (329 bytes)


---------------  P R O C E S S  ---------------

Java Threads: ( => current thread )
  0x0000000007206800 JavaThread "pool-2-thread-4" [_thread_blocked, id=2712, stack(0x00000000086b0000,0x00000000087b0000)]
  0x0000000007bae800 JavaThread "pool-2-thread-3" [_thread_blocked, id=7128, stack(0x00000000085b0000,0x00000000086b0000)]
  0x0000000007c51000 JavaThread "pool-2-thread-2" [_thread_in_Java, id=7444, stack(0x00000000084b0000,0x00000000085b0000)]
  0x0000000007d3c800 JavaThread "pool-3-thread-1" [_thread_blocked, id=1104, stack(0x00000000083b0000,0x00000000084b0000)]
  0x0000000007d3b800 JavaThread "pool-2-thread-1" [_thread_blocked, id=7376, stack(0x00000000082b0000,0x00000000083b0000)]
  0x000000000703e800 JavaThread "Service Thread" daemon [_thread_blocked, id=8220, stack(0x00000000078b0000,0x00000000079b0000)]
  0x0000000005c64800 JavaThread "C1 CompilerThread2" daemon [_thread_blocked, id=5540, stack(0x00000000077b0000,0x00000000078b0000)]
=>0x0000000005c61000 JavaThread "C2 CompilerThread1" daemon [_thread_in_native, id=6572, stack(0x00000000076b0000,0x00000000077b0000)]
  0x0000000005c53000 JavaThread "C2 CompilerThread0" daemon [_thread_in_native, id=4908, stack(0x00000000075b0000,0x00000000076b0000)]
  0x0000000006ff2800 JavaThread "Attach Listener" daemon [_thread_blocked, id=8088, stack(0x00000000074b0000,0x00000000075b0000)]
  0x0000000005c60000 JavaThread "Signal Dispatcher" daemon [_thread_blocked, id=1496, stack(0x00000000073b0000,0x00000000074b0000)]
  0x0000000002565000 JavaThread "Finalizer" daemon [_thread_blocked, id=1364, stack(0x0000000006eb0000,0x0000000006fb0000)]
  0x0000000005c08000 JavaThread "Reference Handler" daemon [_thread_blocked, id=892, stack(0x0000000006db0000,0x0000000006eb0000)]
  0x000000000246e000 JavaThread "main" [_thread_blocked, id=5296, stack(0x0000000002290000,0x0000000002390000)]

Other Threads:
  0x0000000005c07000 VMThread [stack: 0x0000000006cb0000,0x0000000006db0000] [id=6268]
  0x0000000007041800 WatcherThread [stack: 0x00000000079b0000,0x0000000007ab0000] [id=5304]

VM state:not at safepoint (normal execution)

VM Mutex/Monitor currently owned by a thread: None

Heap:
 PSYoungGen      total 246784K, used 34454K [0x00000000eab00000, 0x00000000fd900000, 0x0000000100000000)
  eden space 186880K, 0% used [0x00000000eab00000,0x00000000eac82758,0x00000000f6180000)
  from space 59904K, 54% used [0x00000000f9c80000,0x00000000fbca3178,0x00000000fd700000)
  to   space 60416K, 0% used [0x00000000f6180000,0x00000000f6180000,0x00000000f9c80000)
 ParOldGen       total 279040K, used 278845K [0x00000000c0000000, 0x00000000d1080000, 0x00000000eab00000)
  object space 279040K, 99% used [0x00000000c0000000,0x00000000d104f538,0x00000000d1080000)
 Metaspace       used 6181K, capacity 7096K, committed 7296K, reserved 1056768K
  class space    used 613K, capacity 624K, committed 640K, reserved 1048576K

Card table byte_map: [0x0000000002930000,0x0000000002b40000] byte_map_base: 0x0000000002330000

Marking Bits: (ParMarkBitMap*) 0x000000006a8013b0
 Begin Bits: [0x00000000030a0000, 0x00000000040a0000)
 End Bits:   [0x00000000040a0000, 0x00000000050a0000)

Polling page: 0x0000000000350000

CodeCache: size=245760Kb used=11005Kb max_used=11016Kb free=234754Kb
 bounds [0x000000000f010000, 0x000000000fae0000, 0x000000001e010000]
 total_blobs=2622 nmethods=2355 adapters=180
 compilation: enabled

Compilation events (10 events):
Event: 16.115 Thread 0x0000000005c64800 2441       1       com.android.dx.cf.code.BaseMachine::localInfo (6 bytes)
Event: 16.115 Thread 0x0000000005c64800 nmethod 2441 0x000000000fab1c90 code [0x000000000fab1de0, 0x000000000fab1ef0]
Event: 16.117 Thread 0x0000000005c64800 2442       2       com.android.dx.cf.code.BaseMachine::localTarget (11 bytes)
Event: 16.117 Thread 0x0000000005c64800 nmethod 2442 0x000000000faa7b10 code [0x000000000faa7c80, 0x000000000faa7e08]
Event: 16.131 Thread 0x0000000005c53000 nmethod 2293 0x000000000fab4810 code [0x000000000fab49a0, 0x000000000fab5248]
Event: 16.132 Thread 0x0000000005c53000 2443       4       com.android.dx.cf.code.Simulator$SimVisitor::visitConstant (332 bytes)
Event: 16.134 Thread 0x0000000005c64800 2446       1       com.android.dx.cf.code.BaseMachine::auxType (6 bytes)
Event: 16.134 Thread 0x0000000005c64800 nmethod 2446 0x000000000f11cdd0 code [0x000000000f11cf20, 0x000000000f11d050]
Event: 16.135 Thread 0x0000000005c64800 2447       2       com.android.dx.rop.cst.CstInterfaceMethodRef::toMethodRef (31 bytes)
Event: 16.136 Thread 0x0000000005c64800 nmethod 2447 0x000000000faa7510 code [0x000000000faa7680, 0x000000000faa78f8]

GC Heap History (10 events):
Event: 13.364 GC heap before
{Heap before GC invocations=35 (full 5):
 PSYoungGen      total 214016K, used 214010K [0x00000000eab00000, 0x00000000fbc80000, 0x0000000100000000)
  eden space 171520K, 100% used [0x00000000eab00000,0x00000000f5280000,0x00000000f5280000)
  from space 42496K, 99% used [0x00000000f5280000,0x00000000f7bfe988,0x00000000f7c00000)
  to   space 50688K, 0% used [0x00000000f8b00000,0x00000000f8b00000,0x00000000fbc80000)
 ParOldGen       total 209920K, used 182614K [0x00000000c0000000, 0x00000000ccd00000, 0x00000000eab00000)
  object space 209920K, 86% used [0x00000000c0000000,0x00000000cb255a50,0x00000000ccd00000)
 Metaspace       used 6175K, capacity 7096K, committed 7296K, reserved 1056768K
  class space    used 612K, capacity 624K, committed 640K, reserved 1048576K
Event: 13.481 GC heap after
Heap after GC invocations=35 (full 5):
 PSYoungGen      total 229376K, used 28448K [0x00000000eab00000, 0x00000000fbe00000, 0x0000000100000000)
  eden space 178688K, 0% used [0x00000000eab00000,0x00000000eab00000,0x00000000f5980000)
  from space 50688K, 56% used [0x00000000f8b00000,0x00000000fa6c8010,0x00000000fbc80000)
  to   space 50688K, 0% used [0x00000000f5980000,0x00000000f5980000,0x00000000f8b00000)
 ParOldGen       total 226816K, used 225299K [0x00000000c0000000, 0x00000000cdd80000, 0x00000000eab00000)
  object space 226816K, 99% used [0x00000000c0000000,0x00000000cdc04e48,0x00000000cdd80000)
 Metaspace       used 6175K, capacity 7096K, committed 7296K, reserved 1056768K
  class space    used 612K, capacity 624K, committed 640K, reserved 1048576K
}
Event: 13.481 GC heap before
{Heap before GC invocations=36 (full 6):
 PSYoungGen      total 229376K, used 28448K [0x00000000eab00000, 0x00000000fbe00000, 0x0000000100000000)
  eden space 178688K, 0% used [0x00000000eab00000,0x00000000eab00000,0x00000000f5980000)
  from space 50688K, 56% used [0x00000000f8b00000,0x00000000fa6c8010,0x00000000fbc80000)
  to   space 50688K, 0% used [0x00000000f5980000,0x00000000f5980000,0x00000000f8b00000)
 ParOldGen       total 226816K, used 225299K [0x00000000c0000000, 0x00000000cdd80000, 0x00000000eab00000)
  object space 226816K, 99% used [0x00000000c0000000,0x00000000cdc04e48,0x00000000cdd80000)
 Metaspace       used 6175K, capacity 7096K, committed 7296K, reserved 1056768K
  class space    used 612K, capacity 624K, committed 640K, reserved 1048576K
Event: 14.777 GC heap after
Heap after GC invocations=36 (full 6):
 PSYoungGen      total 229376K, used 25203K [0x00000000eab00000, 0x00000000fbe00000, 0x0000000100000000)
  eden space 178688K, 0% used [0x00000000eab00000,0x00000000eab00000,0x00000000f5980000)
  from space 50688K, 49% used [0x00000000f8b00000,0x00000000fa39cc88,0x00000000fbc80000)
  to   space 50688K, 0% used [0x00000000f5980000,0x00000000f5980000,0x00000000f8b00000)
 ParOldGen       total 270848K, used 226650K [0x00000000c0000000, 0x00000000d0880000, 0x00000000eab00000)
  object space 270848K, 83% used [0x00000000c0000000,0x00000000cdd56a48,0x00000000d0880000)
 Metaspace       used 6175K, capacity 7096K, committed 7296K, reserved 1056768K
  class space    used 612K, capacity 624K, committed 640K, reserved 1048576K
}
Event: 15.356 GC heap before
{Heap before GC invocations=37 (full 6):
 PSYoungGen      total 229376K, used 203891K [0x00000000eab00000, 0x00000000fbe00000, 0x0000000100000000)
  eden space 178688K, 100% used [0x00000000eab00000,0x00000000f5980000,0x00000000f5980000)
  from space 50688K, 49% used [0x00000000f8b00000,0x00000000fa39cc88,0x00000000fbc80000)
  to   space 50688K, 0% used [0x00000000f5980000,0x00000000f5980000,0x00000000f8b00000)
 ParOldGen       total 270848K, used 226650K [0x00000000c0000000, 0x00000000d0880000, 0x00000000eab00000)
  object space 270848K, 83% used [0x00000000c0000000,0x00000000cdd56a48,0x00000000d0880000)
 Metaspace       used 6178K, capacity 7096K, committed 7296K, reserved 1056768K
  class space    used 612K, capacity 624K, committed 640K, reserved 1048576K
Event: 15.490 GC heap after
Heap after GC invocations=37 (full 6):
 PSYoungGen      total 229376K, used 50665K [0x00000000eab00000, 0x00000000fd700000, 0x0000000100000000)
  eden space 178688K, 0% used [0x00000000eab00000,0x00000000eab00000,0x00000000f5980000)
  from space 50688K, 99% used [0x00000000f5980000,0x00000000f8afa778,0x00000000f8b00000)
  to   space 59904K, 0% used [0x00000000f9c80000,0x00000000f9c80000,0x00000000fd700000)
 ParOldGen       total 270848K, used 228217K [0x00000000c0000000, 0x00000000d0880000, 0x00000000eab00000)
  object space 270848K, 84% used [0x00000000c0000000,0x00000000cdede4a8,0x00000000d0880000)
 Metaspace       used 6178K, capacity 7096K, committed 7296K, reserved 1056768K
  class space    used 612K, capacity 624K, committed 640K, reserved 1048576K
}
Event: 16.155 GC heap before
{Heap before GC invocations=38 (full 6):
 PSYoungGen      total 229376K, used 229353K [0x00000000eab00000, 0x00000000fd700000, 0x0000000100000000)
  eden space 178688K, 100% used [0x00000000eab00000,0x00000000f5980000,0x00000000f5980000)
  from space 50688K, 99% used [0x00000000f5980000,0x00000000f8afa778,0x00000000f8b00000)
  to   space 59904K, 0% used [0x00000000f9c80000,0x00000000f9c80000,0x00000000fd700000)
 ParOldGen       total 270848K, used 228217K [0x00000000c0000000, 0x00000000d0880000, 0x00000000eab00000)
  object space 270848K, 84% used [0x00000000c0000000,0x00000000cdede4a8,0x00000000d0880000)
 Metaspace       used 6181K, capacity 7096K, committed 7296K, reserved 1056768K
  class space    used 613K, capacity 624K, committed 640K, reserved 1048576K
Event: 16.261 GC heap after
Heap after GC invocations=38 (full 6):
 PSYoungGen      total 246784K, used 34630K [0x00000000eab00000, 0x00000000fd900000, 0x0000000100000000)
  eden space 186880K, 0% used [0x00000000eab00000,0x00000000eab00000,0x00000000f6180000)
  from space 59904K, 57% used [0x00000000f9c80000,0x00000000fbe51880,0x00000000fd700000)
  to   space 60416K, 0% used [0x00000000f6180000,0x00000000f6180000,0x00000000f9c80000)
 ParOldGen       total 279040K, used 278963K [0x00000000c0000000, 0x00000000d1080000, 0x00000000eab00000)
  object space 279040K, 99% used [0x00000000c0000000,0x00000000d106cc20,0x00000000d1080000)
 Metaspace       used 6181K, capacity 7096K, committed 7296K, reserved 1056768K
  class space    used 613K, capacity 624K, committed 640K, reserved 1048576K
}
Event: 16.261 GC heap before
{Heap before GC invocations=39 (full 7):
 PSYoungGen      total 246784K, used 34630K [0x00000000eab00000, 0x00000000fd900000, 0x0000000100000000)
  eden space 186880K, 0% used [0x00000000eab00000,0x00000000eab00000,0x00000000f6180000)
  from space 59904K, 57% used [0x00000000f9c80000,0x00000000fbe51880,0x00000000fd700000)
  to   space 60416K, 0% used [0x00000000f6180000,0x00000000f6180000,0x00000000f9c80000)
 ParOldGen       total 279040K, used 278963K [0x00000000c0000000, 0x00000000d1080000, 0x00000000eab00000)
  object space 279040K, 99% used [0x00000000c0000000,0x00000000d106cc20,0x00000000d1080000)
 Metaspace       used 6181K, capacity 7096K, committed 7296K, reserved 1056768K
  class space    used 613K, capacity 624K, committed 640K, reserved 1048576K
Event: 18.430 GC heap after
Heap after GC invocations=39 (full 7):
 PSYoungGen      total 246784K, used 32908K [0x00000000eab00000, 0x00000000fd900000, 0x0000000100000000)
  eden space 186880K, 0% used [0x00000000eab00000,0x00000000eab00000,0x00000000f6180000)
  from space 59904K, 54% used [0x00000000f9c80000,0x00000000fbca3178,0x00000000fd700000)
  to   space 60416K, 0% used [0x00000000f6180000,0x00000000f6180000,0x00000000f9c80000)
 ParOldGen       total 279040K, used 278845K [0x00000000c0000000, 0x00000000d1080000, 0x00000000eab00000)
  object space 279040K, 99% used [0x00000000c0000000,0x00000000d104f538,0x00000000d1080000)
 Metaspace       used 6181K, capacity 7096K, committed 7296K, reserved 1056768K
  class space    used 613K, capacity 624K, committed 640K, reserved 1048576K
}

Deoptimization events (10 events):
Event: 15.335 Thread 0x0000000007c51000 Uncommon trap: reason=class_check action=maybe_recompile pc=0x000000000fa740a0 method=java.util.HashMap$TreeNode.find(ILjava/lang/Object;Ljava/lang/Class;)Ljava/util/HashMap$TreeNode; @ 68
Event: 15.335 Thread 0x0000000007c51000 Uncommon trap: reason=class_check action=maybe_recompile pc=0x000000000fa740a0 method=java.util.HashMap$TreeNode.find(ILjava/lang/Object;Ljava/lang/Class;)Ljava/util/HashMap$TreeNode; @ 68
Event: 16.057 Thread 0x0000000007bae800 Uncommon trap: reason=class_check action=maybe_recompile pc=0x000000000faca760 method=com.android.dx.cf.code.Simulator$SimVisitor.visitLocal(IIIILcom/android/dx/rop/type/Type;I)V @ 246
Event: 16.057 Thread 0x0000000007bae800 Uncommon trap: reason=class_check action=maybe_recompile pc=0x000000000faca760 method=com.android.dx.cf.code.Simulator$SimVisitor.visitLocal(IIIILcom/android/dx/rop/type/Type;I)V @ 246
Event: 16.068 Thread 0x0000000007bae800 Uncommon trap: reason=class_check action=maybe_recompile pc=0x000000000faca760 method=com.android.dx.cf.code.Simulator$SimVisitor.visitLocal(IIIILcom/android/dx/rop/type/Type;I)V @ 246
Event: 16.084 Thread 0x0000000007206800 Uncommon trap: reason=class_check action=maybe_recompile pc=0x000000000faca760 method=com.android.dx.cf.code.Simulator$SimVisitor.visitLocal(IIIILcom/android/dx/rop/type/Type;I)V @ 246
Event: 16.111 Thread 0x0000000007206800 Uncommon trap: reason=class_check action=maybe_recompile pc=0x000000000fad0fa0 method=com.android.dx.cf.code.Simulator$SimVisitor.visitConstant(IIILcom/android/dx/rop/cst/Constant;I)V @ 103
Event: 16.113 Thread 0x0000000007206800 Uncommon trap: reason=class_check action=maybe_recompile pc=0x000000000fad0fa0 method=com.android.dx.cf.code.Simulator$SimVisitor.visitConstant(IIILcom/android/dx/rop/cst/Constant;I)V @ 103
Event: 16.122 Thread 0x0000000007bae800 Uncommon trap: reason=class_check action=maybe_recompile pc=0x000000000fad0fa0 method=com.android.dx.cf.code.Simulator$SimVisitor.visitConstant(IIILcom/android/dx/rop/cst/Constant;I)V @ 103
Event: 16.126 Thread 0x0000000007bae800 Uncommon trap: reason=class_check action=maybe_recompile pc=0x000000000fad0fa0 method=com.android.dx.cf.code.Simulator$SimVisitor.visitConstant(IIILcom/android/dx/rop/cst/Constant;I)V @ 103

Internal exceptions (10 events):
Event: 1.691 Thread 0x000000000246e000 Implicit null exception at 0x000000000f6643b6 to 0x000000000f665ea1
Event: 1.798 Thread 0x0000000007d3b800 Exception <a 'java/lang/ArrayIndexOutOfBoundsException': 18> (0x00000000eb791ff8) thrown at [D:\re\workspace\8-2-build-windows-amd64-cygwin\jdk8u5\2488\hotspot\src\share\vm\interpreter\interpreterRuntime.cpp, line 337]
Event: 1.799 Thread 0x0000000007d3b800 Exception <a 'java/lang/ArrayIndexOutOfBoundsException': 145> (0x00000000eb793a90) thrown at [D:\re\workspace\8-2-build-windows-amd64-cygwin\jdk8u5\2488\hotspot\src\share\vm\interpreter\interpreterRuntime.cpp, line 337]
Event: 1.800 Thread 0x0000000007d3b800 Exception <a 'java/lang/ArrayIndexOutOfBoundsException'> (0x00000000eb794ca8) thrown at [D:\re\workspace\8-2-build-windows-amd64-cygwin\jdk8u5\2488\hotspot\src\share\vm\runtime\sharedRuntime.cpp, line 595]
Event: 2.212 Thread 0x0000000007206800 Exception <a 'java/security/PrivilegedActionException'> (0x00000000ed0e1ab0) thrown at [D:\re\workspace\8-2-build-windows-amd64-cygwin\jdk8u5\2488\hotspot\src\share\vm\prims\jvm.cpp, line 1248]
Event: 5.880 Thread 0x000000000246e000 Exception <a 'java/security/PrivilegedActionException'> (0x00000000ee840e18) thrown at [D:\re\workspace\8-2-build-windows-amd64-cygwin\jdk8u5\2488\hotspot\src\share\vm\prims\jvm.cpp, line 1248]
Event: 5.883 Thread 0x000000000246e000 Implicit null exception at 0x000000000f1cdc33 to 0x000000000f1cf5c1
Event: 8.340 Thread 0x000000000246e000 Exception <a 'java/security/PrivilegedActionException'> (0x00000000eb1f8260) thrown at [D:\re\workspace\8-2-build-windows-amd64-cygwin\jdk8u5\2488\hotspot\src\share\vm\prims\jvm.cpp, line 1248]
Event: 15.680 Thread 0x000000000246e000 Exception <a 'java/security/PrivilegedActionException'> (0x00000000ed5819f0) thrown at [D:\re\workspace\8-2-build-windows-amd64-cygwin\jdk8u5\2488\hotspot\src\share\vm\prims\jvm.cpp, line 1248]
Event: 15.698 Thread 0x0000000007206800 Exception <a 'java/security/PrivilegedActionException'> (0x00000000ed737ba0) thrown at [D:\re\workspace\8-2-build-windows-amd64-cygwin\jdk8u5\2488\hotspot\src\share\vm\prims\jvm.cpp, line 1248]

Events (10 events):
Event: 16.113 Thread 0x0000000007206800 DEOPT UNPACKING pc=0x000000000f0555af sp=0x00000000087ae910 mode 2
Event: 16.122 Thread 0x0000000007bae800 Uncommon trap: trap_request=0xffffffde fr.pc=0x000000000fad0fa0
Event: 16.122 Thread 0x0000000007bae800 DEOPT PACKING pc=0x000000000fad0fa0 sp=0x00000000086ae830
Event: 16.122 Thread 0x0000000007bae800 DEOPT UNPACKING pc=0x000000000f0555af sp=0x00000000086ae830 mode 2
Event: 16.126 Thread 0x0000000007bae800 Uncommon trap: trap_request=0xffffffde fr.pc=0x000000000fad0fa0
Event: 16.126 Thread 0x0000000007bae800 DEOPT PACKING pc=0x000000000fad0fa0 sp=0x00000000086ae830
Event: 16.126 Thread 0x0000000007bae800 DEOPT UNPACKING pc=0x000000000f0555af sp=0x00000000086ae830 mode 2
Event: 16.131 Thread 0x0000000005c53000 flushing nmethod 0x000000000f11cdd0
Event: 16.154 Executing VM operation: ParallelGCFailedAllocation
Event: 18.430 Executing VM operation: ParallelGCFailedAllocation done


Dynamic libraries:
0x00007ff7a78d0000 - 0x00007ff7a7904000 	C:\Program Files\Java\jdk1.8.0_05\bin\java.exe
0x00007ff841d00000 - 0x00007ff841ec1000 	C:\WINDOWS\SYSTEM32\ntdll.dll
0x00007ff840570000 - 0x00007ff84061d000 	C:\WINDOWS\system32\KERNEL32.DLL
0x00007ff83e7b0000 - 0x00007ff83e98d000 	C:\WINDOWS\system32\KERNELBASE.dll
0x00007ff83f620000 - 0x00007ff83f6c6000 	C:\WINDOWS\system32\ADVAPI32.dll
0x00007ff83fb10000 - 0x00007ff83fbad000 	C:\WINDOWS\system32\msvcrt.dll
0x00007ff83f900000 - 0x00007ff83f95b000 	C:\WINDOWS\system32\sechost.dll
0x00007ff83f430000 - 0x00007ff83f556000 	C:\WINDOWS\system32\RPCRT4.dll
0x00007ff840680000 - 0x00007ff8407ce000 	C:\WINDOWS\system32\USER32.dll
0x00007ff83ff10000 - 0x00007ff840096000 	C:\WINDOWS\system32\GDI32.dll
0x00007ff839520000 - 0x00007ff839794000 	C:\WINDOWS\WinSxS\amd64_microsoft.windows.common-controls_6595b64144ccf1df_6.0.10240.16384_none_f41f7b285750ef43\COMCTL32.dll
0x00007ff840640000 - 0x00007ff840676000 	C:\WINDOWS\system32\IMM32.DLL
0x00007ff83f7a0000 - 0x00007ff83f8fc000 	C:\WINDOWS\system32\MSCTF.dll
0x00007ff83e600000 - 0x00007ff83e631000 	C:\Windows\system32\nvinitx.dll
0x00007ff83e5f0000 - 0x00007ff83e5fa000 	C:\WINDOWS\SYSTEM32\VERSION.dll
0x000000000f000000 - 0x000000000f006000 	C:\Program Files\NVIDIA Corporation\CoProcManager\_etoured.dll
0x00007ff83c410000 - 0x00007ff83c443000 	C:\Program Files\NVIDIA Corporation\CoProcManager\nvd3d9wrapx.dll
0x00007ff8400a0000 - 0x00007ff840265000 	C:\WINDOWS\system32\SETUPAPI.dll
0x00007ff83f2b0000 - 0x00007ff83f2f4000 	C:\WINDOWS\system32\CFGMGR32.dll
0x00007ff83c240000 - 0x00007ff83c262000 	C:\Program Files\NVIDIA Corporation\CoProcManager\nvdxgiwrapx.dll
0x0000000069ef0000 - 0x0000000069fc2000 	C:\Program Files\Java\jdk1.8.0_05\jre\bin\msvcr100.dll
0x000000006a050000 - 0x000000006a87a000 	C:\Program Files\Java\jdk1.8.0_05\jre\bin\server\jvm.dll
0x00007ff83fb00000 - 0x00007ff83fb08000 	C:\WINDOWS\system32\PSAPI.DLL
0x00007ff834360000 - 0x00007ff834369000 	C:\WINDOWS\SYSTEM32\WSOCK32.dll
0x00007ff83c810000 - 0x00007ff83c833000 	C:\WINDOWS\SYSTEM32\WINMM.dll
0x00007ff83f6d0000 - 0x00007ff83f739000 	C:\WINDOWS\system32\WS2_32.dll
0x00007ff83fa80000 - 0x00007ff83fa88000 	C:\WINDOWS\system32\NSI.dll
0x00007ff83c7b0000 - 0x00007ff83c7dc000 	C:\WINDOWS\SYSTEM32\WINMMBASE.dll
0x00007ff83cf90000 - 0x00007ff83cfb7000 	C:\WINDOWS\SYSTEM32\DEVOBJ.dll
0x000000006b930000 - 0x000000006b93f000 	C:\Program Files\Java\jdk1.8.0_05\jre\bin\verify.dll
0x000000006b900000 - 0x000000006b928000 	C:\Program Files\Java\jdk1.8.0_05\jre\bin\java.dll
0x000000006b8c0000 - 0x000000006b8d6000 	C:\Program Files\Java\jdk1.8.0_05\jre\bin\zip.dll
0x00007ff8407d0000 - 0x00007ff841cf2000 	C:\WINDOWS\system32\SHELL32.dll
0x00007ff83e990000 - 0x00007ff83efb8000 	C:\WINDOWS\system32\windows.storage.dll
0x00007ff83fc90000 - 0x00007ff83ff0c000 	C:\WINDOWS\system32\combase.dll
0x00007ff83f3b0000 - 0x00007ff83f401000 	C:\WINDOWS\system32\shlwapi.dll
0x0000000001ed0000 - 0x0000000001edf000 	C:\WINDOWS\system32\kernel.appcore.dll
0x00007ff83f190000 - 0x00007ff83f243000 	C:\WINDOWS\system32\shcore.dll
0x00007ff83e710000 - 0x00007ff83e75a000 	C:\WINDOWS\system32\powrprof.dll
0x00007ff83e760000 - 0x00007ff83e773000 	C:\WINDOWS\system32\profapi.dll
0x00007ff825a10000 - 0x00007ff825b9a000 	C:\WINDOWS\SYSTEM32\dbghelp.dll

VM Arguments:
jvm_args: -Xmx1024M -Dfile.encoding=GBK -Duser.country=US -Duser.language=en -Duser.variant 
java_command: com.android.dx.command.Main --dex --num-threads=4 --multi-dex --main-dex-list E:\USA\courses\Advanced_Programming_Tools\Zijiang-Yang-APT\Connexus-Android\app\build\intermediates\multi-dex\debug\maindexlist.txt --output E:\USA\courses\Advanced_Programming_Tools\Zijiang-Yang-APT\Connexus-Android\app\build\intermediates\dex\debug E:\USA\courses\Advanced_Programming_Tools\Zijiang-Yang-APT\Connexus-Android\app\build\intermediates\multi-dex\debug\allclasses.jar
java_class_path (initial): D:\Program Files (x86)\AndroidSDK\build-tools\build-tools-23.0.1\lib\dx.jar
Launcher Type: SUN_STANDARD

Environment Variables:
JAVA_HOME=C:\Program Files\Java\jdk1.8.0_05
CLASSPATH=.;C:\Program Files\Java\jdk1.8.0_05\lib\dt.jar;C:\Program Files\Java\jdk1.8.0_05\lib\tools.jar;E:\CS_self_study\Algorithm\algs4.jar;E:\CS_self_study\Algorithm\stdlib.jar;
PATH=C:\Program Files (x86)\Common Files\Microsoft Shared\Windows Live;C:\Windows\system32;C:\Windows;C:\Windows\System32\Wbem;C:\Windows\System32\WindowsPowerShell\v1.0\;C:\Program Files\Lenovo\Bluetooth Software\;C:\Program Files\Lenovo\Bluetooth Software\syswow64;C:\Program Files (x86)\Common Files\Acronis\SnapAPI\;C:\Program Files (x86)\Microsoft SQL Server\100\Tools\Binn\;C:\Program Files (x86)\Microsoft SQL Server\100\DTS\Binn\;d:\Program Files\MATLAB\R2012a\runtime\win64;d:\Program Files\MATLAB\R2012a\bin;d:\Program Files\MATLAB\MATLAB Production Server\R2013b\runtime\win64;d:\Program Files\MATLAB\MATLAB Production Server\R2013b\bin;d:\Program Files\MATLAB\MATLAB Production Server\R2013b\polyspace\bin;C:\WINDOWS\system32;C:\WINDOWS;C:\WINDOWS\System32\Wbem;C:\WINDOWS\System32\WindowsPowerShell\v1.0\;C:\Program Files (x86)\NVIDIA Corporation\PhysX\Common;C:\Program Files (x86)\Skype\Phone\;C:\Users\Josh\.dnx\bin;C:\Program Files\Microsoft DNX\Dnvm\;C:\Program Files (x86)\Windows Kits\8.1\Windows Performance Toolkit\;D:\Program Files\Git\cmd;D:\Program Files (x86)\MiKTeX 2.9\miktex\bin\;C:\Program Files (x86)\Common Files\Microsoft Shared\Windows Live;D:\LeapDeveloperKit\LeapSDK\lib\x86;C:\Program Files\Java\jdk1.8.0_05\bin;C:\Program Files\Java\jdk1.8.0_05\jre\bin;D:\Program Files (x86)\eclipse\AndroidSDK\platform-tools;D:\Program Files (x86)\eclipse\AndroidSDK\tools;D:\Program Files (x86)\Oracle\VirtualBox;D:\cygwin64\bin;C:\Python27;C:\Python27\Scripts;C:\Users\Josh\AppData\Local\Code\bin
USERNAME=Josh
OS=Windows_NT
PROCESSOR_IDENTIFIER=Intel64 Family 6 Model 42 Stepping 7, GenuineIntel



---------------  S Y S T E M  ---------------

OS: Windows 8.1 , 64 bit Build 9600 

CPU:total 4 (2 cores per cpu, 2 threads per core) family 6 model 42 stepping 7, cmov, cx8, fxsr, mmx, sse, sse2, sse3, ssse3, sse4.1, sse4.2, popcnt, avx, aes, clmul, ht, tsc, tscinvbit

Memory: 4k page, physical 6233964k(436464k free), swap 6233964k(5120k free)

vm_info: Java HotSpot(TM) 64-Bit Server VM (25.5-b02) for windows-amd64 JRE (1.8.0_05-b13), built on Mar 18 2014 01:08:39 by "java_re" with MS VC++ 10.0 (VS2010)

time: Sat Oct 24 19:48:12 2015
elapsed time: 18 seconds

