#
# There is insufficient memory for the Java Runtime Environment to continue.
# Native memory allocation (malloc) failed to allocate 67108880 bytes for Chunk::new
# Possible reasons:
#   The system is out of physical RAM or swap space
#   In 32 bit mode, the process size limit was hit
# Possible solutions:
#   Reduce memory load on the system
#   Increase physical memory or swap space
#   Check if swap backing store is full
#   Use 64 bit Java on a 64 bit OS
#   Decrease Java heap size (-Xmx/-Xms)
#   Decrease number of Java threads
#   Decrease Java thread stack sizes (-Xss)
#   Set larger code cache with -XX:ReservedCodeCacheSize=
# This output file may be truncated or incomplete.
#
#  Out of Memory Error (allocation.cpp:388), pid=10148, tid=2608
#
# JRE version: Java(TM) SE Runtime Environment (8.0_05-b13) (build 1.8.0_05-b13)
# Java VM: Java HotSpot(TM) 64-Bit Server VM (25.5-b02 mixed mode windows-amd64 compressed oops)
# Failed to write core dump. Minidumps are not enabled by default on client versions of Windows
#

---------------  T H R E A D  ---------------

Current thread (0x0000000006be1000):  JavaThread "C2 CompilerThread1" daemon [_thread_in_native, id=2608, stack(0x0000000008620000,0x0000000008720000)]

Stack: [0x0000000008620000,0x0000000008720000]
Native frames: (J=compiled Java code, j=interpreted, Vv=VM code, C=native code)
V  [jvm.dll+0x308dea]
V  [jvm.dll+0x25def1]
V  [jvm.dll+0x25eb0f]
V  [jvm.dll+0x2564e5]
V  [jvm.dll+0xbcfc5]
V  [jvm.dll+0xbd45c]
V  [jvm.dll+0x44e048]
V  [jvm.dll+0x44ef20]
V  [jvm.dll+0x44f1da]
V  [jvm.dll+0x4500bf]
V  [jvm.dll+0x45245a]
V  [jvm.dll+0x4545a5]
V  [jvm.dll+0x454f2c]
V  [jvm.dll+0x455273]
V  [jvm.dll+0x4420c3]
V  [jvm.dll+0x44366b]
V  [jvm.dll+0x427532]
V  [jvm.dll+0x96702]
V  [jvm.dll+0x96ef3]
V  [jvm.dll+0x2232c4]
V  [jvm.dll+0x27baca]
C  [msvcr100.dll+0x21d9f]
C  [msvcr100.dll+0x21e3b]
C  [KERNEL32.DLL+0x12d92]
C  [ntdll.dll+0x9f64]


Current CompileTask:
C2:  14474 1997   !   4       com.android.dx.cf.code.Ropper::processBlock (1101 bytes)


---------------  P R O C E S S  ---------------

Java Threads: ( => current thread )
  0x0000000008233800 JavaThread "pool-2-thread-4" [_thread_blocked, id=4472, stack(0x0000000009620000,0x0000000009720000)]
  0x00000000082eb000 JavaThread "pool-2-thread-3" [_thread_blocked, id=9524, stack(0x0000000009520000,0x0000000009620000)]
  0x00000000082ea800 JavaThread "pool-2-thread-2" [_thread_blocked, id=548, stack(0x0000000009420000,0x0000000009520000)]
  0x00000000082e9800 JavaThread "pool-3-thread-1" [_thread_blocked, id=4672, stack(0x0000000009320000,0x0000000009420000)]
  0x000000000830b800 JavaThread "pool-2-thread-1" [_thread_blocked, id=3944, stack(0x0000000009220000,0x0000000009320000)]
  0x0000000006c1d800 JavaThread "Service Thread" daemon [_thread_blocked, id=2420, stack(0x0000000008820000,0x0000000008920000)]
  0x0000000006be6000 JavaThread "C1 CompilerThread2" daemon [_thread_blocked, id=3388, stack(0x0000000008720000,0x0000000008820000)]
=>0x0000000006be1000 JavaThread "C2 CompilerThread1" daemon [_thread_in_native, id=2608, stack(0x0000000008620000,0x0000000008720000)]
  0x0000000006bd3800 JavaThread "C2 CompilerThread0" daemon [_thread_blocked, id=6096, stack(0x0000000008520000,0x0000000008620000)]
  0x0000000007f62800 JavaThread "Attach Listener" daemon [_thread_blocked, id=9464, stack(0x0000000008420000,0x0000000008520000)]
  0x0000000006be0800 JavaThread "Signal Dispatcher" daemon [_thread_blocked, id=10208, stack(0x0000000008320000,0x0000000008420000)]
  0x00000000034e5000 JavaThread "Finalizer" daemon [_thread_blocked, id=9956, stack(0x0000000007e20000,0x0000000007f20000)]
  0x0000000006b88000 JavaThread "Reference Handler" daemon [_thread_blocked, id=4296, stack(0x0000000007d20000,0x0000000007e20000)]
  0x00000000032ee000 JavaThread "main" [_thread_blocked, id=3912, stack(0x00000000032f0000,0x00000000033f0000)]

Other Threads:
  0x0000000006b87000 VMThread [stack: 0x0000000007c20000,0x0000000007d20000] [id=9500]
  0x0000000007fb9000 WatcherThread [stack: 0x0000000008920000,0x0000000008a20000] [id=7500]

VM state:at safepoint (normal execution)

VM Mutex/Monitor currently owned by a thread:  ([mutex/lock_event])
[0x00000000032ec920] Threads_lock - owner thread: 0x0000000006b87000
[0x00000000032ed5a0] Heap_lock - owner thread: 0x00000000082ea800

Heap:
 PSYoungGen      total 233472K, used 66533K [0x00000000eab00000, 0x00000000ff880000, 0x0000000100000000)
  eden space 166912K, 0% used [0x00000000eab00000,0x00000000eab00000,0x00000000f4e00000)
  from space 66560K, 99% used [0x00000000f4e00000,0x00000000f8ef97f0,0x00000000f8f00000)
  to   space 82432K, 0% used [0x00000000fa800000,0x00000000fa800000,0x00000000ff880000)
 ParOldGen       total 208384K, used 175158K [0x00000000c0000000, 0x00000000ccb80000, 0x00000000eab00000)
  object space 208384K, 84% used [0x00000000c0000000,0x00000000cab0dac0,0x00000000ccb80000)
 Metaspace       used 6195K, capacity 7096K, committed 7296K, reserved 1056768K
  class space    used 612K, capacity 624K, committed 640K, reserved 1048576K

Card table byte_map: [0x00000000038b0000,0x0000000003ac0000] byte_map_base: 0x00000000032b0000

Marking Bits: (ParMarkBitMap*) 0x00000000582013b0
 Begin Bits: [0x0000000004020000, 0x0000000005020000)
 End Bits:   [0x0000000005020000, 0x0000000006020000)

Polling page: 0x00000000016d0000

CodeCache: size=245760Kb used=9883Kb max_used=9896Kb free=235876Kb
 bounds [0x000000000f010000, 0x000000000f9d0000, 0x000000001e010000]
 total_blobs=2549 nmethods=2282 adapters=180
 compilation: enabled

Compilation events (10 events):
Event: 14.082 Thread 0x0000000006be6000 2409       2       com.android.dx.cf.code.BytecodeArray::parseTableswitch (205 bytes)
Event: 14.083 Thread 0x0000000006be6000 nmethod 2409 0x000000000f9ae5d0 code [0x000000000f9ae820, 0x000000000f9af058]
Event: 14.106 Thread 0x0000000006bd3800 nmethod 2400 0x000000000f9b6a50 code [0x000000000f9b6ea0, 0x000000000f9bb008]
Event: 14.109 Thread 0x0000000006bd3800 2331       4       com.android.dx.ssa.DomFront::run (264 bytes)
Event: 14.142 Thread 0x0000000006bd3800 nmethod 2331 0x000000000f9b0c10 code [0x000000000f9b0e40, 0x000000000f9b1dc0]
Event: 14.142 Thread 0x0000000006bd3800 2336       4       com.android.dx.ssa.back.FirstFitLocalCombiningAllocator::handleUnassociatedParameters (60 bytes)
Event: 14.144 Thread 0x0000000006be6000 2410       2       java.util.HashMap$TreeNode::getTreeNode (22 bytes)
Event: 14.144 Thread 0x0000000006be6000 nmethod 2410 0x000000000f9b0750 code [0x000000000f9b08c0, 0x000000000f9b0aa8]
Event: 14.167 Thread 0x0000000006be6000 2411       2       com.android.dx.cf.code.BytecodeArray::parseLookupswitch (175 bytes)
Event: 14.168 Thread 0x0000000006be6000 nmethod 2411 0x000000000f99bb90 code [0x000000000f99bdc0, 0x000000000f99c528]

GC Heap History (10 events):
Event: 11.275 GC heap after
Heap after GC invocations=29 (full 3):
 PSYoungGen      total 227328K, used 29322K [0x00000000eab00000, 0x00000000fcb80000, 0x0000000100000000)
  eden space 166400K, 0% used [0x00000000eab00000,0x00000000eab00000,0x00000000f4d80000)
  from space 60928K, 48% used [0x00000000f8880000,0x00000000fa5228e0,0x00000000fc400000)
  to   space 60416K, 0% used [0x00000000f4d80000,0x00000000f4d80000,0x00000000f8880000)
 ParOldGen       total 208384K, used 198386K [0x00000000c0000000, 0x00000000ccb80000, 0x00000000eab00000)
  object space 208384K, 95% used [0x00000000c0000000,0x00000000cc1bca58,0x00000000ccb80000)
 Metaspace       used 6177K, capacity 7096K, committed 7296K, reserved 1056768K
  class space    used 612K, capacity 624K, committed 640K, reserved 1048576K
}
Event: 11.275 GC heap before
{Heap before GC invocations=30 (full 4):
 PSYoungGen      total 227328K, used 29322K [0x00000000eab00000, 0x00000000fcb80000, 0x0000000100000000)
  eden space 166400K, 0% used [0x00000000eab00000,0x00000000eab00000,0x00000000f4d80000)
  from space 60928K, 48% used [0x00000000f8880000,0x00000000fa5228e0,0x00000000fc400000)
  to   space 60416K, 0% used [0x00000000f4d80000,0x00000000f4d80000,0x00000000f8880000)
 ParOldGen       total 208384K, used 198386K [0x00000000c0000000, 0x00000000ccb80000, 0x00000000eab00000)
  object space 208384K, 95% used [0x00000000c0000000,0x00000000cc1bca58,0x00000000ccb80000)
 Metaspace       used 6177K, capacity 7096K, committed 7296K, reserved 1056768K
  class space    used 612K, capacity 624K, committed 640K, reserved 1048576K
Event: 11.977 GC heap after
Heap after GC invocations=30 (full 4):
 PSYoungGen      total 227328K, used 0K [0x00000000eab00000, 0x00000000fcb80000, 0x0000000100000000)
  eden space 166400K, 0% used [0x00000000eab00000,0x00000000eab00000,0x00000000f4d80000)
  from space 60928K, 0% used [0x00000000f8880000,0x00000000f8880000,0x00000000fc400000)
  to   space 60416K, 0% used [0x00000000f4d80000,0x00000000f4d80000,0x00000000f8880000)
 ParOldGen       total 208384K, used 162677K [0x00000000c0000000, 0x00000000ccb80000, 0x00000000eab00000)
  object space 208384K, 78% used [0x00000000c0000000,0x00000000c9edd580,0x00000000ccb80000)
 Metaspace       used 6177K, capacity 7096K, committed 7296K, reserved 1056768K
  class space    used 612K, capacity 624K, committed 640K, reserved 1048576K
}
Event: 12.586 GC heap before
{Heap before GC invocations=31 (full 4):
 PSYoungGen      total 227328K, used 166400K [0x00000000eab00000, 0x00000000fcb80000, 0x0000000100000000)
  eden space 166400K, 100% used [0x00000000eab00000,0x00000000f4d80000,0x00000000f4d80000)
  from space 60928K, 0% used [0x00000000f8880000,0x00000000f8880000,0x00000000fc400000)
  to   space 60416K, 0% used [0x00000000f4d80000,0x00000000f4d80000,0x00000000f8880000)
 ParOldGen       total 208384K, used 162677K [0x00000000c0000000, 0x00000000ccb80000, 0x00000000eab00000)
  object space 208384K, 78% used [0x00000000c0000000,0x00000000c9edd580,0x00000000ccb80000)
 Metaspace       used 6180K, capacity 7096K, committed 7296K, reserved 1056768K
  class space    used 612K, capacity 624K, committed 640K, reserved 1048576K
Event: 12.650 GC heap after
Heap after GC invocations=31 (full 4):
 PSYoungGen      total 226816K, used 27656K [0x00000000eab00000, 0x00000000fc880000, 0x0000000100000000)
  eden space 166400K, 0% used [0x00000000eab00000,0x00000000eab00000,0x00000000f4d80000)
  from space 60416K, 45% used [0x00000000f4d80000,0x00000000f6882130,0x00000000f8880000)
  to   space 58880K, 0% used [0x00000000f8f00000,0x00000000f8f00000,0x00000000fc880000)
 ParOldGen       total 208384K, used 162677K [0x00000000c0000000, 0x00000000ccb80000, 0x00000000eab00000)
  object space 208384K, 78% used [0x00000000c0000000,0x00000000c9edd580,0x00000000ccb80000)
 Metaspace       used 6180K, capacity 7096K, committed 7296K, reserved 1056768K
  class space    used 612K, capacity 624K, committed 640K, reserved 1048576K
}
Event: 13.371 GC heap before
{Heap before GC invocations=32 (full 4):
 PSYoungGen      total 226816K, used 194056K [0x00000000eab00000, 0x00000000fc880000, 0x0000000100000000)
  eden space 166400K, 100% used [0x00000000eab00000,0x00000000f4d80000,0x00000000f4d80000)
  from space 60416K, 45% used [0x00000000f4d80000,0x00000000f6882130,0x00000000f8880000)
  to   space 58880K, 0% used [0x00000000f8f00000,0x00000000f8f00000,0x00000000fc880000)
 ParOldGen       total 208384K, used 162677K [0x00000000c0000000, 0x00000000ccb80000, 0x00000000eab00000)
  object space 208384K, 78% used [0x00000000c0000000,0x00000000c9edd580,0x00000000ccb80000)
 Metaspace       used 6180K, capacity 7096K, committed 7296K, reserved 1056768K
  class space    used 612K, capacity 624K, committed 640K, reserved 1048576K
Event: 13.456 GC heap after
Heap after GC invocations=32 (full 4):
 PSYoungGen      total 225792K, used 52011K [0x00000000eab00000, 0x00000000fd800000, 0x0000000100000000)
  eden space 166912K, 0% used [0x00000000eab00000,0x00000000eab00000,0x00000000f4e00000)
  from space 58880K, 88% used [0x00000000f8f00000,0x00000000fc1cae20,0x00000000fc880000)
  to   space 66560K, 0% used [0x00000000f4e00000,0x00000000f4e00000,0x00000000f8f00000)
 ParOldGen       total 208384K, used 162677K [0x00000000c0000000, 0x00000000ccb80000, 0x00000000eab00000)
  object space 208384K, 78% used [0x00000000c0000000,0x00000000c9edd580,0x00000000ccb80000)
 Metaspace       used 6180K, capacity 7096K, committed 7296K, reserved 1056768K
  class space    used 612K, capacity 624K, committed 640K, reserved 1048576K
}
Event: 14.202 GC heap before
{Heap before GC invocations=33 (full 4):
 PSYoungGen      total 225792K, used 218923K [0x00000000eab00000, 0x00000000fd800000, 0x0000000100000000)
  eden space 166912K, 100% used [0x00000000eab00000,0x00000000f4e00000,0x00000000f4e00000)
  from space 58880K, 88% used [0x00000000f8f00000,0x00000000fc1cae20,0x00000000fc880000)
  to   space 66560K, 0% used [0x00000000f4e00000,0x00000000f4e00000,0x00000000f8f00000)
 ParOldGen       total 208384K, used 162677K [0x00000000c0000000, 0x00000000ccb80000, 0x00000000eab00000)
  object space 208384K, 78% used [0x00000000c0000000,0x00000000c9edd580,0x00000000ccb80000)
 Metaspace       used 6195K, capacity 7096K, committed 7296K, reserved 1056768K
  class space    used 612K, capacity 624K, committed 640K, reserved 1048576K
Event: 14.331 GC heap after
Heap after GC invocations=33 (full 4):
 PSYoungGen      total 233472K, used 66533K [0x00000000eab00000, 0x00000000ff880000, 0x0000000100000000)
  eden space 166912K, 0% used [0x00000000eab00000,0x00000000eab00000,0x00000000f4e00000)
  from space 66560K, 99% used [0x00000000f4e00000,0x00000000f8ef97f0,0x00000000f8f00000)
  to   space 82432K, 0% used [0x00000000fa800000,0x00000000fa800000,0x00000000ff880000)
 ParOldGen       total 208384K, used 175158K [0x00000000c0000000, 0x00000000ccb80000, 0x00000000eab00000)
  object space 208384K, 84% used [0x00000000c0000000,0x00000000cab0dac0,0x00000000ccb80000)
 Metaspace       used 6195K, capacity 7096K, committed 7296K, reserved 1056768K
  class space    used 612K, capacity 624K, committed 640K, reserved 1048576K
}
Event: 14.331 GC heap before
{Heap before GC invocations=34 (full 5):
 PSYoungGen      total 233472K, used 66533K [0x00000000eab00000, 0x00000000ff880000, 0x0000000100000000)
  eden space 166912K, 0% used [0x00000000eab00000,0x00000000eab00000,0x00000000f4e00000)
  from space 66560K, 99% used [0x00000000f4e00000,0x00000000f8ef97f0,0x00000000f8f00000)
  to   space 82432K, 0% used [0x00000000fa800000,0x00000000fa800000,0x00000000ff880000)
 ParOldGen       total 208384K, used 175158K [0x00000000c0000000, 0x00000000ccb80000, 0x00000000eab00000)
  object space 208384K, 84% used [0x00000000c0000000,0x00000000cab0dac0,0x00000000ccb80000)
 Metaspace       used 6195K, capacity 7096K, committed 7296K, reserved 1056768K
  class space    used 612K, capacity 624K, committed 640K, reserved 1048576K

Deoptimization events (10 events):
Event: 10.610 Thread 0x00000000082eb000 Uncommon trap: reason=class_check action=maybe_recompile pc=0x000000000f8cef88 method=com.android.dx.ssa.back.InterferenceGraph.mergeInterferenceSet(ILcom/android/dx/util/IntSet;)V @ 20
Event: 10.610 Thread 0x00000000082eb000 Uncommon trap: reason=class_check action=maybe_recompile pc=0x000000000f8cef88 method=com.android.dx.ssa.back.InterferenceGraph.mergeInterferenceSet(ILcom/android/dx/util/IntSet;)V @ 20
Event: 10.611 Thread 0x00000000082eb000 Uncommon trap: reason=class_check action=maybe_recompile pc=0x000000000f8cef88 method=com.android.dx.ssa.back.InterferenceGraph.mergeInterferenceSet(ILcom/android/dx/util/IntSet;)V @ 20
Event: 12.207 Thread 0x000000000830b800 Uncommon trap: reason=unreached action=reinterpret pc=0x000000000f6c6370 method=com.android.dx.rop.code.LocalItem.compareHandlesNulls(Lcom/android/dx/rop/cst/CstString;Lcom/android/dx/rop/cst/CstString;)I @ 8
Event: 13.314 Thread 0x0000000008233800 Uncommon trap: reason=unreached action=reinterpret pc=0x000000000f30a7a4 method=com.android.dx.rop.code.RegisterSpec.equals(ILcom/android/dx/rop/type/TypeBearer;Lcom/android/dx/rop/code/LocalItem;)Z @ 31
Event: 13.672 Thread 0x0000000008233800 Uncommon trap: reason=bimorphic action=maybe_recompile pc=0x000000000f8da44c method=com.android.dx.ssa.LiteralOpUpgrader.tryReplacingWithConstant(Lcom/android/dx/ssa/NormalSsaInsn;)Z @ 62
Event: 13.672 Thread 0x0000000008233800 Uncommon trap: reason=bimorphic action=maybe_recompile pc=0x000000000f8da44c method=com.android.dx.ssa.LiteralOpUpgrader.tryReplacingWithConstant(Lcom/android/dx/ssa/NormalSsaInsn;)Z @ 62
Event: 13.672 Thread 0x0000000008233800 Uncommon trap: reason=bimorphic action=maybe_recompile pc=0x000000000f8da44c method=com.android.dx.ssa.LiteralOpUpgrader.tryReplacingWithConstant(Lcom/android/dx/ssa/NormalSsaInsn;)Z @ 62
Event: 13.672 Thread 0x0000000008233800 Uncommon trap: reason=bimorphic action=maybe_recompile pc=0x000000000f8da44c method=com.android.dx.ssa.LiteralOpUpgrader.tryReplacingWithConstant(Lcom/android/dx/ssa/NormalSsaInsn;)Z @ 62
Event: 13.672 Thread 0x0000000008233800 Uncommon trap: reason=bimorphic action=maybe_recompile pc=0x000000000f8d27a0 method=com.android.dx.ssa.LiteralOpUpgrader.tryReplacingWithConstant(Lcom/android/dx/ssa/NormalSsaInsn;)Z @ 62

Internal exceptions (10 events):
Event: 2.141 Thread 0x00000000082ea800 Exception <a 'java/lang/ArrayIndexOutOfBoundsException': 18> (0x00000000ecb4bd48) thrown at [D:\re\workspace\8-2-build-windows-amd64-cygwin\jdk8u5\2488\hotspot\src\share\vm\interpreter\interpreterRuntime.cpp, line 337]
Event: 2.142 Thread 0x00000000082ea800 Exception <a 'java/lang/ArrayIndexOutOfBoundsException': 145> (0x00000000ecb4d7e0) thrown at [D:\re\workspace\8-2-build-windows-amd64-cygwin\jdk8u5\2488\hotspot\src\share\vm\interpreter\interpreterRuntime.cpp, line 337]
Event: 2.143 Thread 0x00000000082ea800 Exception <a 'java/lang/ArrayIndexOutOfBoundsException'> (0x00000000ecb4e9f8) thrown at [D:\re\workspace\8-2-build-windows-amd64-cygwin\jdk8u5\2488\hotspot\src\share\vm\runtime\sharedRuntime.cpp, line 595]
Event: 2.497 Thread 0x00000000032ee000 Exception <a 'java/security/PrivilegedActionException'> (0x00000000edbd23e0) thrown at [D:\re\workspace\8-2-build-windows-amd64-cygwin\jdk8u5\2488\hotspot\src\share\vm\prims\jvm.cpp, line 1248]
Event: 2.969 Thread 0x00000000082ea800 Exception <a 'java/security/PrivilegedActionException'> (0x00000000ebabd748) thrown at [D:\re\workspace\8-2-build-windows-amd64-cygwin\jdk8u5\2488\hotspot\src\share\vm\prims\jvm.cpp, line 1248]
Event: 3.563 Thread 0x00000000032ee000 Exception <a 'java/security/PrivilegedActionException'> (0x00000000ef5781a0) thrown at [D:\re\workspace\8-2-build-windows-amd64-cygwin\jdk8u5\2488\hotspot\src\share\vm\prims\jvm.cpp, line 1248]
Event: 10.132 Thread 0x00000000082eb000 Exception <a 'java/security/PrivilegedActionException'> (0x00000000ebfd5280) thrown at [D:\re\workspace\8-2-build-windows-amd64-cygwin\jdk8u5\2488\hotspot\src\share\vm\prims\jvm.cpp, line 1248]
Event: 10.164 Thread 0x00000000082eb000 Exception <a 'java/security/PrivilegedActionException'> (0x00000000ec159dc0) thrown at [D:\re\workspace\8-2-build-windows-amd64-cygwin\jdk8u5\2488\hotspot\src\share\vm\prims\jvm.cpp, line 1248]
Event: 12.207 Thread 0x000000000830b800 Implicit null exception at 0x000000000f6c41ea to 0x000000000f6c6361
Event: 13.314 Thread 0x0000000008233800 Implicit null exception at 0x000000000f30a320 to 0x000000000f30a779

Events (10 events):
Event: 13.793 Thread 0x00000000082ea800 DEOPT UNPACKING pc=0x000000000f057604 sp=0x000000000951e5c0 mode 0
Event: 13.984 Thread 0x0000000008233800 DEOPT PACKING pc=0x000000000f3feb96 sp=0x000000000971e790
Event: 13.984 Thread 0x0000000008233800 DEOPT UNPACKING pc=0x000000000f057604 sp=0x000000000971e5d0 mode 0
Event: 14.106 Thread 0x0000000008233800 DEOPT PACKING pc=0x000000000f3feb96 sp=0x000000000971e790
Event: 14.106 Thread 0x0000000008233800 DEOPT UNPACKING pc=0x000000000f057604 sp=0x000000000971e5d0 mode 0
Event: 14.143 Thread 0x000000000830b800 DEOPT PACKING pc=0x000000000f3feb96 sp=0x000000000931eb10
Event: 14.143 Thread 0x000000000830b800 DEOPT UNPACKING pc=0x000000000f057604 sp=0x000000000931e950 mode 0
Event: 14.171 Thread 0x00000000082eb000 DEOPT PACKING pc=0x000000000f3febad sp=0x000000000961e3f0
Event: 14.171 Thread 0x00000000082eb000 DEOPT UNPACKING pc=0x000000000f057604 sp=0x000000000961e230 mode 0
Event: 14.201 Executing VM operation: ParallelGCFailedAllocation


Dynamic libraries:
0x00007ff75a910000 - 0x00007ff75a944000 	C:\Program Files\Java\jdk1.8.0_05\bin\java.exe
0x00007ff974730000 - 0x00007ff9748f1000 	C:\WINDOWS\SYSTEM32\ntdll.dll
0x00007ff973fb0000 - 0x00007ff97405d000 	C:\WINDOWS\system32\KERNEL32.DLL
0x00007ff9713b0000 - 0x00007ff97158d000 	C:\WINDOWS\system32\KERNELBASE.dll
0x00007ff9722a0000 - 0x00007ff972346000 	C:\WINDOWS\system32\ADVAPI32.dll
0x00007ff973b70000 - 0x00007ff973c0d000 	C:\WINDOWS\system32\msvcrt.dll
0x00007ff972350000 - 0x00007ff9723ab000 	C:\WINDOWS\system32\sechost.dll
0x00007ff973e80000 - 0x00007ff973fa6000 	C:\WINDOWS\system32\RPCRT4.dll
0x00007ff974560000 - 0x00007ff9746ae000 	C:\WINDOWS\system32\USER32.dll
0x00007ff9743d0000 - 0x00007ff974556000 	C:\WINDOWS\system32\GDI32.dll
0x00007ff96c820000 - 0x00007ff96ca94000 	C:\WINDOWS\WinSxS\amd64_microsoft.windows.common-controls_6595b64144ccf1df_6.0.10240.16384_none_f41f7b285750ef43\COMCTL32.dll
0x00007ff9739d0000 - 0x00007ff973a06000 	C:\WINDOWS\system32\IMM32.DLL
0x00007ff973a10000 - 0x00007ff973b6c000 	C:\WINDOWS\system32\MSCTF.dll
0x00007ff971030000 - 0x00007ff971061000 	C:\Windows\system32\nvinitx.dll
0x00007ff971020000 - 0x00007ff97102a000 	C:\WINDOWS\SYSTEM32\VERSION.dll
0x000000000f000000 - 0x000000000f006000 	C:\Program Files\NVIDIA Corporation\CoProcManager\_etoured.dll
0x00007ff96eda0000 - 0x00007ff96edd3000 	C:\Program Files\NVIDIA Corporation\CoProcManager\nvd3d9wrapx.dll
0x00007ff9720d0000 - 0x00007ff972295000 	C:\WINDOWS\system32\SETUPAPI.dll
0x00007ff971590000 - 0x00007ff9715d4000 	C:\WINDOWS\system32\CFGMGR32.dll
0x00007ff96ed70000 - 0x00007ff96ed92000 	C:\Program Files\NVIDIA Corporation\CoProcManager\nvdxgiwrapx.dll
0x0000000057880000 - 0x0000000057952000 	C:\Program Files\Java\jdk1.8.0_05\jre\bin\msvcr100.dll
0x0000000057a50000 - 0x000000005827a000 	C:\Program Files\Java\jdk1.8.0_05\jre\bin\server\jvm.dll
0x00007ff971de0000 - 0x00007ff971de8000 	C:\WINDOWS\system32\PSAPI.DLL
0x00007ff96f370000 - 0x00007ff96f393000 	C:\WINDOWS\SYSTEM32\WINMM.dll
0x00007ff965e10000 - 0x00007ff965e19000 	C:\WINDOWS\SYSTEM32\WSOCK32.dll
0x00007ff9723b0000 - 0x00007ff972419000 	C:\WINDOWS\system32\WS2_32.dll
0x00007ff96f310000 - 0x00007ff96f33c000 	C:\WINDOWS\SYSTEM32\WINMMBASE.dll
0x00007ff973dc0000 - 0x00007ff973dc8000 	C:\WINDOWS\system32\NSI.dll
0x00007ff96f9c0000 - 0x00007ff96f9e7000 	C:\WINDOWS\SYSTEM32\DEVOBJ.dll
0x0000000058fd0000 - 0x0000000058fdf000 	C:\Program Files\Java\jdk1.8.0_05\jre\bin\verify.dll
0x0000000058fa0000 - 0x0000000058fc8000 	C:\Program Files\Java\jdk1.8.0_05\jre\bin\java.dll
0x0000000058f80000 - 0x0000000058f96000 	C:\Program Files\Java\jdk1.8.0_05\jre\bin\zip.dll
0x00007ff972420000 - 0x00007ff973942000 	C:\WINDOWS\system32\SHELL32.dll
0x00007ff9715e0000 - 0x00007ff971c08000 	C:\WINDOWS\system32\windows.storage.dll
0x00007ff971df0000 - 0x00007ff97206c000 	C:\WINDOWS\system32\combase.dll
0x00007ff973970000 - 0x00007ff9739c1000 	C:\WINDOWS\system32\shlwapi.dll
0x00007ff971140000 - 0x00007ff97114f000 	C:\WINDOWS\system32\kernel.appcore.dll
0x00007ff9711e0000 - 0x00007ff971293000 	C:\WINDOWS\system32\shcore.dll
0x00007ff971190000 - 0x00007ff9711da000 	C:\WINDOWS\system32\powrprof.dll
0x00007ff971150000 - 0x00007ff971163000 	C:\WINDOWS\system32\profapi.dll
0x00007ff958780000 - 0x00007ff95890a000 	C:\WINDOWS\SYSTEM32\dbghelp.dll

VM Arguments:
jvm_args: -Xmx1024M -Dfile.encoding=GBK -Duser.country=US -Duser.language=en -Duser.variant 
java_command: com.android.dx.command.Main --dex --num-threads=4 --multi-dex --main-dex-list E:\USA\courses\Advanced_Programming_Tools\Zijiang-Yang-APT\Connexus-Android\app\build\intermediates\multi-dex\debug\maindexlist.txt --output E:\USA\courses\Advanced_Programming_Tools\Zijiang-Yang-APT\Connexus-Android\app\build\intermediates\dex\debug E:\USA\courses\Advanced_Programming_Tools\Zijiang-Yang-APT\Connexus-Android\app\build\intermediates\multi-dex\debug\allclasses.jar
java_class_path (initial): D:\Program Files (x86)\AndroidSDK\build-tools\build-tools-23.0.1\lib\dx.jar
Launcher Type: SUN_STANDARD

Environment Variables:
JAVA_HOME=C:\Program Files\Java\jdk1.8.0_05
CLASSPATH=.;C:\Program Files\Java\jdk1.8.0_05\lib\dt.jar;C:\Program Files\Java\jdk1.8.0_05\lib\tools.jar;E:\CS_self_study\Algorithm\algs4.jar;E:\CS_self_study\Algorithm\stdlib.jar;
PATH=C:\Program Files (x86)\Common Files\Microsoft Shared\Windows Live;C:\Windows\system32;C:\Windows;C:\Windows\System32\Wbem;C:\Windows\System32\WindowsPowerShell\v1.0\;C:\Program Files\Lenovo\Bluetooth Software\;C:\Program Files\Lenovo\Bluetooth Software\syswow64;C:\Program Files (x86)\Common Files\Acronis\SnapAPI\;C:\Program Files (x86)\Microsoft SQL Server\100\Tools\Binn\;C:\Program Files (x86)\Microsoft SQL Server\100\DTS\Binn\;d:\Program Files\MATLAB\R2012a\runtime\win64;d:\Program Files\MATLAB\R2012a\bin;d:\Program Files\MATLAB\MATLAB Production Server\R2013b\runtime\win64;d:\Program Files\MATLAB\MATLAB Production Server\R2013b\bin;d:\Program Files\MATLAB\MATLAB Production Server\R2013b\polyspace\bin;C:\WINDOWS\system32;C:\WINDOWS;C:\WINDOWS\System32\Wbem;C:\WINDOWS\System32\WindowsPowerShell\v1.0\;C:\Program Files (x86)\NVIDIA Corporation\PhysX\Common;C:\Program Files (x86)\Skype\Phone\;C:\Users\Josh\.dnx\bin;C:\Program Files\Microsoft DNX\Dnvm\;C:\Program Files (x86)\Windows Kits\8.1\Windows Performance Toolkit\;D:\Program Files\Git\cmd;D:\Program Files (x86)\MiKTeX 2.9\miktex\bin\;C:\Program Files (x86)\Common Files\Microsoft Shared\Windows Live;D:\LeapDeveloperKit\LeapSDK\lib\x86;C:\Program Files\Java\jdk1.8.0_05\bin;C:\Program Files\Java\jdk1.8.0_05\jre\bin;D:\Program Files (x86)\eclipse\AndroidSDK\platform-tools;D:\Program Files (x86)\eclipse\AndroidSDK\tools;D:\Program Files (x86)\Oracle\VirtualBox;D:\cygwin64\bin;C:\Python27;C:\Python27\Scripts;C:\Users\Josh\AppData\Local\Code\bin
USERNAME=Josh
OS=Windows_NT
PROCESSOR_IDENTIFIER=Intel64 Family 6 Model 42 Stepping 7, GenuineIntel



---------------  S Y S T E M  ---------------

OS: Windows 8.1 , 64 bit Build 9600 

CPU:total 4 (2 cores per cpu, 2 threads per core) family 6 model 42 stepping 7, cmov, cx8, fxsr, mmx, sse, sse2, sse3, ssse3, sse4.1, sse4.2, popcnt, avx, aes, clmul, ht, tsc, tscinvbit

Memory: 4k page, physical 6233964k(405188k free), swap 6233964k(12100k free)

vm_info: Java HotSpot(TM) 64-Bit Server VM (25.5-b02) for windows-amd64 JRE (1.8.0_05-b13), built on Mar 18 2014 01:08:39 by "java_re" with MS VC++ 10.0 (VS2010)

time: Sun Oct 25 09:28:20 2015
elapsed time: 14 seconds

