#
# There is insufficient memory for the Java Runtime Environment to continue.
# Native memory allocation (malloc) failed to allocate 32744 bytes for ChunkPool::allocate
# Possible reasons:
#   The system is out of physical RAM or swap space
#   In 32 bit mode, the process size limit was hit
# Possible solutions:
#   Reduce memory load on the system
#   Increase physical memory or swap space
#   Check if swap backing store is full
#   Use 64 bit Java on a 64 bit OS
#   Decrease Java heap size (-Xmx/-Xms)
#   Decrease number of Java threads
#   Decrease Java thread stack sizes (-Xss)
#   Set larger code cache with -XX:ReservedCodeCacheSize=
# This output file may be truncated or incomplete.
#
#  Out of Memory Error (allocation.cpp:271), pid=3692, tid=5428
#
# JRE version: Java(TM) SE Runtime Environment (8.0_05-b13) (build 1.8.0_05-b13)
# Java VM: Java HotSpot(TM) 64-Bit Server VM (25.5-b02 mixed mode windows-amd64 compressed oops)
# Failed to write core dump. Minidumps are not enabled by default on client versions of Windows
#

---------------  T H R E A D  ---------------

Current thread (0x0000000006a84000):  JavaThread "C1 CompilerThread2" daemon [_thread_in_native, id=5428, stack(0x00000000085c0000,0x00000000086c0000)]

Stack: [0x00000000085c0000,0x00000000086c0000]
Native frames: (J=compiled Java code, j=interpreted, Vv=VM code, C=native code)
V  [jvm.dll+0x308dea]


Current CompileTask:
C1: 292802 2936       3       com.android.dx.cf.direct.DirectClassFile::parse0 (901 bytes)


---------------  P R O C E S S  ---------------

Java Threads: ( => current thread )
  0x0000000008d55000 JavaThread "pool-2-thread-4" [_thread_in_Java, id=7036, stack(0x000000000a490000,0x000000000a590000)]
  0x0000000008d54000 JavaThread "pool-2-thread-3" [_thread_blocked, id=6740, stack(0x000000000a390000,0x000000000a490000)]
  0x0000000008bc6000 JavaThread "pool-2-thread-2" [_thread_blocked, id=5860, stack(0x000000000a290000,0x000000000a390000)]
  0x0000000008bc5000 JavaThread "pool-3-thread-1" [_thread_blocked, id=7660, stack(0x000000000a190000,0x000000000a290000)]
  0x0000000008968000 JavaThread "pool-2-thread-1" [_thread_blocked, id=8216, stack(0x000000000a090000,0x000000000a190000)]
  0x0000000007e5b000 JavaThread "Service Thread" daemon [_thread_blocked, id=6980, stack(0x00000000086c0000,0x00000000087c0000)]
=>0x0000000006a84000 JavaThread "C1 CompilerThread2" daemon [_thread_in_native, id=5428, stack(0x00000000085c0000,0x00000000086c0000)]
  0x0000000006a81000 JavaThread "C2 CompilerThread1" daemon [_thread_blocked, id=1168, stack(0x00000000084c0000,0x00000000085c0000)]
  0x0000000006a73000 JavaThread "C2 CompilerThread0" daemon [_thread_blocked, id=5660, stack(0x00000000083c0000,0x00000000084c0000)]
  0x0000000007e02800 JavaThread "Attach Listener" daemon [_thread_blocked, id=2304, stack(0x00000000082c0000,0x00000000083c0000)]
  0x0000000006a80000 JavaThread "Signal Dispatcher" daemon [_thread_blocked, id=4324, stack(0x00000000081c0000,0x00000000082c0000)]
  0x0000000003385000 JavaThread "Finalizer" daemon [_thread_blocked, id=7616, stack(0x0000000007cc0000,0x0000000007dc0000)]
  0x0000000006a28000 JavaThread "Reference Handler" daemon [_thread_blocked, id=2572, stack(0x0000000007bc0000,0x0000000007cc0000)]
  0x000000000328e000 JavaThread "main" [_thread_blocked, id=5016, stack(0x00000000030e0000,0x00000000031e0000)]

Other Threads:
  0x0000000006a27000 VMThread [stack: 0x0000000007ac0000,0x0000000007bc0000] [id=5224]
  0x0000000007e65800 WatcherThread [stack: 0x00000000087c0000,0x00000000088c0000] [id=8168]

VM state:not at safepoint (normal execution)

VM Mutex/Monitor currently owned by a thread: None

Heap:
 PSYoungGen      total 232960K, used 181362K [0x00000000eab00000, 0x0000000100000000, 0x0000000100000000)
  eden space 116736K, 55% used [0x00000000eab00000,0x00000000eea9eb28,0x00000000f1d00000)
  from space 116224K, 99% used [0x00000000f8e80000,0x00000000ffffe648,0x0000000100000000)
  to   space 116224K, 0% used [0x00000000f1d00000,0x00000000f1d00000,0x00000000f8e80000)
 ParOldGen       total 699392K, used 647759K [0x00000000c0000000, 0x00000000eab00000, 0x00000000eab00000)
  object space 699392K, 92% used [0x00000000c0000000,0x00000000e7893fc8,0x00000000eab00000)
 Metaspace       used 6181K, capacity 7096K, committed 7296K, reserved 1056768K
  class space    used 614K, capacity 624K, committed 640K, reserved 1048576K

Card table byte_map: [0x0000000003750000,0x0000000003960000] byte_map_base: 0x0000000003150000

Marking Bits: (ParMarkBitMap*) 0x00000000576813b0
 Begin Bits: [0x0000000003ec0000, 0x0000000004ec0000)
 End Bits:   [0x0000000004ec0000, 0x0000000005ec0000)

Polling page: 0x0000000001150000

CodeCache: size=245760Kb used=11062Kb max_used=12926Kb free=234697Kb
 bounds [0x000000000f010000, 0x000000000fcf0000, 0x000000001e010000]
 total_blobs=2528 nmethods=2261 adapters=180
 compilation: enabled

Compilation events (10 events):
Event: 292.671 Thread 0x0000000006a84000 nmethod 2934 0x000000000f443a50 code [0x000000000f443f80, 0x000000000f4475e8]
Event: 292.672 Thread 0x0000000006a84000 2930       3       com.android.dx.cf.direct.DirectClassFile::<init> (53 bytes)
Event: 292.672 Thread 0x0000000006a84000 nmethod 2930 0x000000000f4433d0 code [0x000000000f443560, 0x000000000f4438f8]
Event: 292.672 Thread 0x0000000006a84000 2931       3       com.android.dx.cf.direct.DirectClassFile::isGoodVersion (38 bytes)
Event: 292.673 Thread 0x0000000006a84000 nmethod 2931 0x000000000f2f1550 code [0x000000000f2f16c0, 0x000000000f2f1990]
Event: 292.673 Thread 0x0000000006a84000 2932       3       com.android.dx.cf.cst.ConstantPoolParser::<init> (41 bytes)
Event: 292.674 Thread 0x0000000006a84000 nmethod 2932 0x000000000f43af90 code [0x000000000f43b140, 0x000000000f43b6b8]
Event: 292.674 Thread 0x0000000006a84000 2936       3       com.android.dx.cf.direct.DirectClassFile::parse0 (901 bytes)
Event: 292.679 Thread 0x0000000006a73000 2938       4       com.android.dx.rop.code.Rops::opAnd (21 bytes)
Event: 292.683 Thread 0x0000000006a73000 nmethod 2938 0x000000000f30e9d0 code [0x000000000f30eb40, 0x000000000f30ed08]

GC Heap History (10 events):
Event: 278.791 GC heap before
{Heap before GC invocations=218 (full 167):
 PSYoungGen      total 232960K, used 116736K [0x00000000eab00000, 0x0000000100000000, 0x0000000100000000)
  eden space 116736K, 100% used [0x00000000eab00000,0x00000000f1d00000,0x00000000f1d00000)
  from space 116224K, 0% used [0x00000000f1d00000,0x00000000f1d00000,0x00000000f8e80000)
  to   space 116224K, 0% used [0x00000000f8e80000,0x00000000f8e80000,0x0000000100000000)
 ParOldGen       total 646144K, used 645784K [0x00000000c0000000, 0x00000000e7700000, 0x00000000eab00000)
  object space 646144K, 99% used [0x00000000c0000000,0x00000000e76a6308,0x00000000e7700000)
 Metaspace       used 6181K, capacity 7096K, committed 7296K, reserved 1056768K
  class space    used 614K, capacity 624K, committed 640K, reserved 1048576K
Event: 280.287 GC heap after
Heap after GC invocations=218 (full 167):
 PSYoungGen      total 232960K, used 116735K [0x00000000eab00000, 0x0000000100000000, 0x0000000100000000)
  eden space 116736K, 99% used [0x00000000eab00000,0x00000000f1cfffc8,0x00000000f1d00000)
  from space 116224K, 0% used [0x00000000f1d00000,0x00000000f1d00000,0x00000000f8e80000)
  to   space 116224K, 0% used [0x00000000f8e80000,0x00000000f8e80000,0x0000000100000000)
 ParOldGen       total 646144K, used 645767K [0x00000000c0000000, 0x00000000e7700000, 0x00000000eab00000)
  object space 646144K, 99% used [0x00000000c0000000,0x00000000e76a1ee0,0x00000000e7700000)
 Metaspace       used 6181K, capacity 7096K, committed 7296K, reserved 1056768K
  class space    used 614K, capacity 624K, committed 640K, reserved 1048576K
}
Event: 280.287 GC heap before
{Heap before GC invocations=219 (full 168):
 PSYoungGen      total 232960K, used 116735K [0x00000000eab00000, 0x0000000100000000, 0x0000000100000000)
  eden space 116736K, 99% used [0x00000000eab00000,0x00000000f1cfffe0,0x00000000f1d00000)
  from space 116224K, 0% used [0x00000000f1d00000,0x00000000f1d00000,0x00000000f8e80000)
  to   space 116224K, 0% used [0x00000000f8e80000,0x00000000f8e80000,0x0000000100000000)
 ParOldGen       total 646144K, used 645767K [0x00000000c0000000, 0x00000000e7700000, 0x00000000eab00000)
  object space 646144K, 99% used [0x00000000c0000000,0x00000000e76a1ee0,0x00000000e7700000)
 Metaspace       used 6181K, capacity 7096K, committed 7296K, reserved 1056768K
  class space    used 614K, capacity 624K, committed 640K, reserved 1048576K
Event: 284.694 GC heap after
Heap after GC invocations=219 (full 168):
 PSYoungGen      total 232960K, used 116735K [0x00000000eab00000, 0x0000000100000000, 0x0000000100000000)
  eden space 116736K, 99% used [0x00000000eab00000,0x00000000f1cfffe0,0x00000000f1d00000)
  from space 116224K, 0% used [0x00000000f1d00000,0x00000000f1d00000,0x00000000f8e80000)
  to   space 116224K, 0% used [0x00000000f8e80000,0x00000000f8e80000,0x0000000100000000)
 ParOldGen       total 646144K, used 645737K [0x00000000c0000000, 0x00000000e7700000, 0x00000000eab00000)
  object space 646144K, 99% used [0x00000000c0000000,0x00000000e769a660,0x00000000e7700000)
 Metaspace       used 6181K, capacity 7096K, committed 7296K, reserved 1056768K
  class space    used 614K, capacity 624K, committed 640K, reserved 1048576K
}
Event: 284.695 GC heap before
{Heap before GC invocations=220 (full 169):
 PSYoungGen      total 232960K, used 116735K [0x00000000eab00000, 0x0000000100000000, 0x0000000100000000)
  eden space 116736K, 99% used [0x00000000eab00000,0x00000000f1cffff8,0x00000000f1d00000)
  from space 116224K, 0% used [0x00000000f1d00000,0x00000000f1d00000,0x00000000f8e80000)
  to   space 116224K, 0% used [0x00000000f8e80000,0x00000000f8e80000,0x0000000100000000)
 ParOldGen       total 646144K, used 645760K [0x00000000c0000000, 0x00000000e7700000, 0x00000000eab00000)
  object space 646144K, 99% used [0x00000000c0000000,0x00000000e76a0330,0x00000000e7700000)
 Metaspace       used 6181K, capacity 7096K, committed 7296K, reserved 1056768K
  class space    used 614K, capacity 624K, committed 640K, reserved 1048576K
Event: 286.287 GC heap after
Heap after GC invocations=220 (full 169):
 PSYoungGen      total 232960K, used 116735K [0x00000000eab00000, 0x0000000100000000, 0x0000000100000000)
  eden space 116736K, 99% used [0x00000000eab00000,0x00000000f1cfffa8,0x00000000f1d00000)
  from space 116224K, 0% used [0x00000000f1d00000,0x00000000f1d00000,0x00000000f8e80000)
  to   space 116224K, 0% used [0x00000000f8e80000,0x00000000f8e80000,0x0000000100000000)
 ParOldGen       total 646144K, used 645740K [0x00000000c0000000, 0x00000000e7700000, 0x00000000eab00000)
  object space 646144K, 99% used [0x00000000c0000000,0x00000000e769b3a0,0x00000000e7700000)
 Metaspace       used 6181K, capacity 7096K, committed 7296K, reserved 1056768K
  class space    used 614K, capacity 624K, committed 640K, reserved 1048576K
}
Event: 286.288 GC heap before
{Heap before GC invocations=221 (full 170):
 PSYoungGen      total 232960K, used 116736K [0x00000000eab00000, 0x0000000100000000, 0x0000000100000000)
  eden space 116736K, 100% used [0x00000000eab00000,0x00000000f1d00000,0x00000000f1d00000)
  from space 116224K, 0% used [0x00000000f1d00000,0x00000000f1d00000,0x00000000f8e80000)
  to   space 116224K, 0% used [0x00000000f8e80000,0x00000000f8e80000,0x0000000100000000)
 ParOldGen       total 646144K, used 645740K [0x00000000c0000000, 0x00000000e7700000, 0x00000000eab00000)
  object space 646144K, 99% used [0x00000000c0000000,0x00000000e769b3a0,0x00000000e7700000)
 Metaspace       used 6181K, capacity 7096K, committed 7296K, reserved 1056768K
  class space    used 614K, capacity 624K, committed 640K, reserved 1048576K
Event: 292.289 GC heap after
Heap after GC invocations=221 (full 170):
 PSYoungGen      total 232960K, used 116735K [0x00000000eab00000, 0x0000000100000000, 0x0000000100000000)
  eden space 116736K, 99% used [0x00000000eab00000,0x00000000f1cfffe8,0x00000000f1d00000)
  from space 116224K, 0% used [0x00000000f1d00000,0x00000000f1d00000,0x00000000f8e80000)
  to   space 116224K, 0% used [0x00000000f8e80000,0x00000000f8e80000,0x0000000100000000)
 ParOldGen       total 699392K, used 645740K [0x00000000c0000000, 0x00000000eab00000, 0x00000000eab00000)
  object space 699392K, 92% used [0x00000000c0000000,0x00000000e769b218,0x00000000eab00000)
 Metaspace       used 6181K, capacity 7096K, committed 7296K, reserved 1056768K
  class space    used 614K, capacity 624K, committed 640K, reserved 1048576K
}
Event: 292.290 GC heap before
{Heap before GC invocations=222 (full 170):
 PSYoungGen      total 232960K, used 116735K [0x00000000eab00000, 0x0000000100000000, 0x0000000100000000)
  eden space 116736K, 99% used [0x00000000eab00000,0x00000000f1cffff8,0x00000000f1d00000)
  from space 116224K, 0% used [0x00000000f1d00000,0x00000000f1d00000,0x00000000f8e80000)
  to   space 116224K, 0% used [0x00000000f8e80000,0x00000000f8e80000,0x0000000100000000)
 ParOldGen       total 699392K, used 645751K [0x00000000c0000000, 0x00000000eab00000, 0x00000000eab00000)
  object space 699392K, 92% used [0x00000000c0000000,0x00000000e769dea8,0x00000000eab00000)
 Metaspace       used 6181K, capacity 7096K, committed 7296K, reserved 1056768K
  class space    used 614K, capacity 624K, committed 640K, reserved 1048576K
Event: 292.543 GC heap after
Heap after GC invocations=222 (full 170):
 PSYoungGen      total 232960K, used 116217K [0x00000000eab00000, 0x0000000100000000, 0x0000000100000000)
  eden space 116736K, 0% used [0x00000000eab00000,0x00000000eab00000,0x00000000f1d00000)
  from space 116224K, 99% used [0x00000000f8e80000,0x00000000ffffe648,0x0000000100000000)
  to   space 116224K, 0% used [0x00000000f1d00000,0x00000000f1d00000,0x00000000f8e80000)
 ParOldGen       total 699392K, used 647759K [0x00000000c0000000, 0x00000000eab00000, 0x00000000eab00000)
  object space 699392K, 92% used [0x00000000c0000000,0x00000000e7893fc8,0x00000000eab00000)
 Metaspace       used 6181K, capacity 7096K, committed 7296K, reserved 1056768K
  class space    used 614K, capacity 624K, committed 640K, reserved 1048576K
}

Deoptimization events (10 events):
Event: 36.989 Thread 0x0000000008d54000 Uncommon trap: reason=bimorphic action=maybe_recompile pc=0x000000000f8840e0 method=com.android.dx.cf.code.BytecodeArray.parseInstruction(ILcom/android/dx/cf/code/BytecodeArray$Visitor;)I @ 2554
Event: 36.990 Thread 0x0000000008d54000 Uncommon trap: reason=bimorphic action=maybe_recompile pc=0x000000000f8840e0 method=com.android.dx.cf.code.BytecodeArray.parseInstruction(ILcom/android/dx/cf/code/BytecodeArray$Visitor;)I @ 2554
Event: 37.627 Thread 0x0000000008bc6000 Uncommon trap: reason=class_check action=maybe_recompile pc=0x000000000f73d3cc method=com.android.dx.cf.code.Simulator$SimVisitor.visitNoArgs(IIILcom/android/dx/rop/type/Type;)V @ 1655
Event: 37.628 Thread 0x0000000008bc6000 Uncommon trap: reason=class_check action=maybe_recompile pc=0x000000000f73d3cc method=com.android.dx.cf.code.Simulator$SimVisitor.visitNoArgs(IIILcom/android/dx/rop/type/Type;)V @ 1655
Event: 38.022 Thread 0x0000000008d54000 Uncommon trap: reason=class_check action=maybe_recompile pc=0x000000000fadd0dc method=com.android.dx.cf.code.Simulator$SimVisitor.visitNoArgs(IIILcom/android/dx/rop/type/Type;)V @ 1412
Event: 38.023 Thread 0x0000000008d54000 Uncommon trap: reason=class_check action=maybe_recompile pc=0x000000000fadd0dc method=com.android.dx.cf.code.Simulator$SimVisitor.visitNoArgs(IIILcom/android/dx/rop/type/Type;)V @ 1412
Event: 38.038 Thread 0x0000000008968000 Uncommon trap: reason=bimorphic action=maybe_recompile pc=0x000000000fc10b34 method=com.android.dx.cf.code.BytecodeArray.parseInstruction(ILcom/android/dx/cf/code/BytecodeArray$Visitor;)I @ 1035
Event: 38.038 Thread 0x0000000008968000 Uncommon trap: reason=bimorphic action=maybe_recompile pc=0x000000000fc10b34 method=com.android.dx.cf.code.BytecodeArray.parseInstruction(ILcom/android/dx/cf/code/BytecodeArray$Visitor;)I @ 1035
Event: 38.796 Thread 0x0000000008d55000 Uncommon trap: reason=bimorphic action=maybe_recompile pc=0x000000000fb507bc method=com.android.dx.cf.code.BytecodeArray.parseInstruction(ILcom/android/dx/cf/code/BytecodeArray$Visitor;)I @ 1051
Event: 38.796 Thread 0x0000000008d55000 Uncommon trap: reason=bimorphic action=maybe_recompile pc=0x000000000fb507bc method=com.android.dx.cf.code.BytecodeArray.parseInstruction(ILcom/android/dx/cf/code/BytecodeArray$Visitor;)I @ 1051

Internal exceptions (10 events):
Event: 2.305 Thread 0x0000000008d55000 Exception <a 'java/lang/ArrayIndexOutOfBoundsException'> (0x00000000ead20df0) thrown at [D:\re\workspace\8-2-build-windows-amd64-cygwin\jdk8u5\2488\hotspot\src\share\vm\runtime\sharedRuntime.cpp, line 595]
Event: 2.821 Thread 0x0000000008d54000 Exception <a 'java/security/PrivilegedActionException'> (0x00000000eac460e8) thrown at [D:\re\workspace\8-2-build-windows-amd64-cygwin\jdk8u5\2488\hotspot\src\share\vm\prims\jvm.cpp, line 1248]
Event: 6.986 Thread 0x000000000328e000 Exception <a 'java/security/PrivilegedActionException'> (0x00000000ed4038b8) thrown at [D:\re\workspace\8-2-build-windows-amd64-cygwin\jdk8u5\2488\hotspot\src\share\vm\prims\jvm.cpp, line 1248]
Event: 6.990 Thread 0x000000000328e000 Implicit null exception at 0x000000000f1f1b15 to 0x000000000f1f38a1
Event: 16.789 Thread 0x0000000008bc6000 Exception <a 'java/security/PrivilegedActionException'> (0x00000000f08a83a0) thrown at [D:\re\workspace\8-2-build-windows-amd64-cygwin\jdk8u5\2488\hotspot\src\share\vm\prims\jvm.cpp, line 1248]
Event: 24.555 Thread 0x0000000008d54000 Exception <a 'java/security/PrivilegedActionException'> (0x00000000eba18288) thrown at [D:\re\workspace\8-2-build-windows-amd64-cygwin\jdk8u5\2488\hotspot\src\share\vm\prims\jvm.cpp, line 1248]
Event: 24.571 Thread 0x0000000008d54000 Exception <a 'java/security/PrivilegedActionException'> (0x00000000ebb318c8) thrown at [D:\re\workspace\8-2-build-windows-amd64-cygwin\jdk8u5\2488\hotspot\src\share\vm\prims\jvm.cpp, line 1248]
Event: 25.285 Thread 0x000000000328e000 Exception <a 'java/security/PrivilegedActionException'> (0x00000000f03124d8) thrown at [D:\re\workspace\8-2-build-windows-amd64-cygwin\jdk8u5\2488\hotspot\src\share\vm\prims\jvm.cpp, line 1248]
Event: 25.293 Thread 0x0000000008d55000 Exception <a 'java/security/PrivilegedActionException'> (0x00000000f05094d8) thrown at [D:\re\workspace\8-2-build-windows-amd64-cygwin\jdk8u5\2488\hotspot\src\share\vm\prims\jvm.cpp, line 1248]
Event: 33.289 Thread 0x0000000008d55000 Implicit null exception at 0x000000000f2de89d to 0x000000000f2deef9

Events (10 events):
Event: 292.290 Executing VM operation: ParallelGCFailedAllocation
Event: 292.543 Executing VM operation: ParallelGCFailedAllocation done
Event: 292.671 Thread 0x0000000006a84000 flushing nmethod 0x000000000f1e9110
Event: 292.671 Thread 0x0000000006a84000 flushing nmethod 0x000000000f1fc410
Event: 292.671 Thread 0x0000000006a84000 flushing nmethod 0x000000000f203c90
Event: 292.674 Thread 0x0000000006a84000 flushing nmethod 0x000000000f396ad0
Event: 292.683 Thread 0x0000000006a73000 flushing nmethod 0x000000000f40c950
Event: 292.683 Thread 0x0000000006a73000 flushing nmethod 0x000000000f40df50
Event: 292.683 Thread 0x0000000006a73000 flushing nmethod 0x000000000f411cd0
Event: 292.684 Thread 0x0000000006a73000 flushing nmethod 0x000000000f42eed0


Dynamic libraries:
0x00007ff6ac5b0000 - 0x00007ff6ac5e4000 	C:\Program Files\Java\jdk1.8.0_05\bin\java.exe
0x00007ffd663b0000 - 0x00007ffd66571000 	C:\WINDOWS\SYSTEM32\ntdll.dll
0x00007ffd648c0000 - 0x00007ffd6496d000 	C:\WINDOWS\system32\KERNEL32.DLL
0x00007ffd62f10000 - 0x00007ffd630ed000 	C:\WINDOWS\system32\KERNELBASE.dll
0x00007ffd63b00000 - 0x00007ffd63ba6000 	C:\WINDOWS\system32\ADVAPI32.dll
0x00007ffd63a60000 - 0x00007ffd63afd000 	C:\WINDOWS\system32\msvcrt.dll
0x00007ffd641e0000 - 0x00007ffd6423b000 	C:\WINDOWS\system32\sechost.dll
0x00007ffd64790000 - 0x00007ffd648b6000 	C:\WINDOWS\system32\RPCRT4.dll
0x00007ffd64260000 - 0x00007ffd643ae000 	C:\WINDOWS\system32\USER32.dll
0x00007ffd63de0000 - 0x00007ffd63f66000 	C:\WINDOWS\system32\GDI32.dll
0x00007ffd5f630000 - 0x00007ffd5f8a4000 	C:\WINDOWS\WinSxS\amd64_microsoft.windows.common-controls_6595b64144ccf1df_6.0.10240.16384_none_f41f7b285750ef43\COMCTL32.dll
0x00007ffd649e0000 - 0x00007ffd64a16000 	C:\WINDOWS\system32\IMM32.DLL
0x00007ffd64630000 - 0x00007ffd6478c000 	C:\WINDOWS\system32\MSCTF.dll
0x00007ffd62cb0000 - 0x00007ffd62ce1000 	C:\Windows\system32\nvinitx.dll
0x00007ffd62ca0000 - 0x00007ffd62caa000 	C:\WINDOWS\SYSTEM32\VERSION.dll
0x000000000f000000 - 0x000000000f006000 	C:\Program Files\NVIDIA Corporation\CoProcManager\_etoured.dll
0x00007ffd60050000 - 0x00007ffd60083000 	C:\Program Files\NVIDIA Corporation\CoProcManager\nvd3d9wrapx.dll
0x00007ffd643b0000 - 0x00007ffd64575000 	C:\WINDOWS\system32\SETUPAPI.dll
0x00007ffd630f0000 - 0x00007ffd63134000 	C:\WINDOWS\system32\CFGMGR32.dll
0x00007ffd60020000 - 0x00007ffd60042000 	C:\Program Files\NVIDIA Corporation\CoProcManager\nvdxgiwrapx.dll
0x0000000056a90000 - 0x0000000056b62000 	C:\Program Files\Java\jdk1.8.0_05\jre\bin\msvcr100.dll
0x0000000056ed0000 - 0x00000000576fa000 	C:\Program Files\Java\jdk1.8.0_05\jre\bin\server\jvm.dll
0x00007ffd65f80000 - 0x00007ffd65f88000 	C:\WINDOWS\system32\PSAPI.DLL
0x00007ffd58a10000 - 0x00007ffd58a19000 	C:\WINDOWS\SYSTEM32\WSOCK32.dll
0x00007ffd60d30000 - 0x00007ffd60d53000 	C:\WINDOWS\SYSTEM32\WINMM.dll
0x00007ffd64970000 - 0x00007ffd649d9000 	C:\WINDOWS\system32\WS2_32.dll
0x00007ffd64a20000 - 0x00007ffd64a28000 	C:\WINDOWS\system32\NSI.dll
0x0000000002cc0000 - 0x0000000002cec000 	C:\WINDOWS\SYSTEM32\WINMMBASE.dll
0x00007ffd61640000 - 0x00007ffd61667000 	C:\WINDOWS\SYSTEM32\DEVOBJ.dll
0x0000000057e60000 - 0x0000000057e6f000 	C:\Program Files\Java\jdk1.8.0_05\jre\bin\verify.dll
0x0000000057c60000 - 0x0000000057c88000 	C:\Program Files\Java\jdk1.8.0_05\jre\bin\java.dll
0x0000000056eb0000 - 0x0000000056ec6000 	C:\Program Files\Java\jdk1.8.0_05\jre\bin\zip.dll
0x00007ffd64a50000 - 0x00007ffd65f72000 	C:\WINDOWS\system32\SHELL32.dll
0x00007ffd63310000 - 0x00007ffd63938000 	C:\WINDOWS\system32\windows.storage.dll
0x00007ffd660c0000 - 0x00007ffd6633c000 	C:\WINDOWS\system32\combase.dll
0x00007ffd66060000 - 0x00007ffd660b1000 	C:\WINDOWS\system32\shlwapi.dll
0x00007ffd62e30000 - 0x00007ffd62e3f000 	C:\WINDOWS\system32\kernel.appcore.dll
0x00007ffd63940000 - 0x00007ffd639f3000 	C:\WINDOWS\system32\shcore.dll
0x00007ffd62de0000 - 0x00007ffd62e2a000 	C:\WINDOWS\system32\powrprof.dll
0x00007ffd62e40000 - 0x00007ffd62e53000 	C:\WINDOWS\system32\profapi.dll

VM Arguments:
jvm_args: -Xmx1024M -Dfile.encoding=GBK -Duser.country=US -Duser.language=en -Duser.variant 
java_command: com.android.dx.command.Main --dex --num-threads=4 --multi-dex --main-dex-list E:\USA\courses\Advanced_Programming_Tools\Zijiang-Yang-APT\Connexus-Android\app\build\intermediates\multi-dex\debug\maindexlist.txt --output E:\USA\courses\Advanced_Programming_Tools\Zijiang-Yang-APT\Connexus-Android\app\build\intermediates\dex\debug E:\USA\courses\Advanced_Programming_Tools\Zijiang-Yang-APT\Connexus-Android\app\build\intermediates\multi-dex\debug\allclasses.jar
java_class_path (initial): D:\Program Files (x86)\AndroidSDK\build-tools\build-tools-23.0.1\lib\dx.jar
Launcher Type: SUN_STANDARD

Environment Variables:
JAVA_HOME=C:\Program Files\Java\jdk1.8.0_05
CLASSPATH=.;C:\Program Files\Java\jdk1.8.0_05\lib\dt.jar;C:\Program Files\Java\jdk1.8.0_05\lib\tools.jar;E:\CS_self_study\Algorithm\algs4.jar;E:\CS_self_study\Algorithm\stdlib.jar;
PATH=C:\Program Files (x86)\Common Files\Microsoft Shared\Windows Live;C:\Windows\system32;C:\Windows;C:\Windows\System32\Wbem;C:\Windows\System32\WindowsPowerShell\v1.0\;C:\Program Files\Lenovo\Bluetooth Software\;C:\Program Files\Lenovo\Bluetooth Software\syswow64;C:\Program Files (x86)\Common Files\Acronis\SnapAPI\;C:\Program Files (x86)\Microsoft SQL Server\100\Tools\Binn\;C:\Program Files (x86)\Microsoft SQL Server\100\DTS\Binn\;d:\Program Files\MATLAB\R2012a\runtime\win64;d:\Program Files\MATLAB\R2012a\bin;d:\Program Files\MATLAB\MATLAB Production Server\R2013b\runtime\win64;d:\Program Files\MATLAB\MATLAB Production Server\R2013b\bin;d:\Program Files\MATLAB\MATLAB Production Server\R2013b\polyspace\bin;C:\WINDOWS\system32;C:\WINDOWS;C:\WINDOWS\System32\Wbem;C:\WINDOWS\System32\WindowsPowerShell\v1.0\;C:\Program Files (x86)\NVIDIA Corporation\PhysX\Common;C:\Program Files (x86)\Skype\Phone\;C:\Users\Josh\.dnx\bin;C:\Program Files\Microsoft DNX\Dnvm\;C:\Program Files (x86)\Windows Kits\8.1\Windows Performance Toolkit\;D:\Program Files\Git\cmd;D:\Program Files (x86)\MiKTeX 2.9\miktex\bin\;C:\Program Files (x86)\Common Files\Microsoft Shared\Windows Live;D:\LeapDeveloperKit\LeapSDK\lib\x86;C:\Program Files\Java\jdk1.8.0_05\bin;C:\Program Files\Java\jdk1.8.0_05\jre\bin;D:\Program Files (x86)\eclipse\AndroidSDK\platform-tools;D:\Program Files (x86)\eclipse\AndroidSDK\tools;D:\Program Files (x86)\Oracle\VirtualBox;D:\cygwin64\bin;C:\Python27;C:\Python27\Scripts;C:\Users\Josh\AppData\Local\Code\bin
USERNAME=Josh
OS=Windows_NT
PROCESSOR_IDENTIFIER=Intel64 Family 6 Model 42 Stepping 7, GenuineIntel



---------------  S Y S T E M  ---------------

OS: Windows 8.1 , 64 bit Build 9600 

CPU:total 4 (2 cores per cpu, 2 threads per core) family 6 model 42 stepping 7, cmov, cx8, fxsr, mmx, sse, sse2, sse3, ssse3, sse4.1, sse4.2, popcnt, avx, aes, clmul, ht, tsc, tscinvbit

Memory: 4k page, physical 6233964k(261908k free), swap 6233964k(4112k free)

vm_info: Java HotSpot(TM) 64-Bit Server VM (25.5-b02) for windows-amd64 JRE (1.8.0_05-b13), built on Mar 18 2014 01:08:39 by "java_re" with MS VC++ 10.0 (VS2010)

time: Sat Oct 17 20:21:06 2015
elapsed time: 292 seconds

