#
# There is insufficient memory for the Java Runtime Environment to continue.
# Native memory allocation (malloc) failed to allocate 1905536 bytes for Chunk::new
# Possible reasons:
#   The system is out of physical RAM or swap space
#   In 32 bit mode, the process size limit was hit
# Possible solutions:
#   Reduce memory load on the system
#   Increase physical memory or swap space
#   Check if swap backing store is full
#   Use 64 bit Java on a 64 bit OS
#   Decrease Java heap size (-Xmx/-Xms)
#   Decrease number of Java threads
#   Decrease Java thread stack sizes (-Xss)
#   Set larger code cache with -XX:ReservedCodeCacheSize=
# This output file may be truncated or incomplete.
#
#  Out of Memory Error (allocation.cpp:388), pid=9588, tid=4488
#
# JRE version: Java(TM) SE Runtime Environment (8.0_05-b13) (build 1.8.0_05-b13)
# Java VM: Java HotSpot(TM) 64-Bit Server VM (25.5-b02 mixed mode windows-amd64 compressed oops)
# Failed to write core dump. Minidumps are not enabled by default on client versions of Windows
#

---------------  T H R E A D  ---------------

Current thread (0x0000000006a0f800):  JavaThread "C2 CompilerThread0" daemon [_thread_in_native, id=4488, stack(0x0000000008400000,0x0000000008500000)]

Stack: [0x0000000008400000,0x0000000008500000]
Native frames: (J=compiled Java code, j=interpreted, Vv=VM code, C=native code)
V  [jvm.dll+0x308dea]
V  [jvm.dll+0x25def1]
V  [jvm.dll+0x25eb0f]
V  [jvm.dll+0x2564e5]
V  [jvm.dll+0xbcfc5]
V  [jvm.dll+0xbd45c]
V  [jvm.dll+0x44d422]
V  [jvm.dll+0x48e13f]
V  [jvm.dll+0x4422eb]
V  [jvm.dll+0x44366b]
V  [jvm.dll+0x427532]
V  [jvm.dll+0x96702]
V  [jvm.dll+0x96ef3]
V  [jvm.dll+0x2232c4]
V  [jvm.dll+0x27baca]
C  [msvcr100.dll+0x21d9f]
C  [msvcr100.dll+0x21e3b]
C  [KERNEL32.DLL+0x12d92]
C  [ntdll.dll+0x9f64]


Current CompileTask:
C2:   5861 1432   !   4       com.android.dx.cf.code.BytecodeArray::parseInstruction (2764 bytes)


---------------  P R O C E S S  ---------------

Java Threads: ( => current thread )
  0x000000000904a000 JavaThread "pool-2-thread-4" [_thread_blocked, id=2060, stack(0x000000000a4d0000,0x000000000a5d0000)]
  0x0000000009048800 JavaThread "pool-2-thread-3" [_thread_blocked, id=9804, stack(0x000000000a3d0000,0x000000000a4d0000)]
  0x0000000008ffe800 JavaThread "pool-2-thread-2" [_thread_blocked, id=6368, stack(0x000000000a2d0000,0x000000000a3d0000)]
  0x0000000008e1b000 JavaThread "pool-3-thread-1" [_thread_blocked, id=7164, stack(0x000000000a1d0000,0x000000000a2d0000)]
  0x0000000008e18800 JavaThread "pool-2-thread-1" [_thread_blocked, id=9596, stack(0x000000000a0d0000,0x000000000a1d0000)]
  0x0000000007e91000 JavaThread "Service Thread" daemon [_thread_blocked, id=5200, stack(0x0000000008700000,0x0000000008800000)]
  0x0000000006a15000 JavaThread "C1 CompilerThread2" daemon [_thread_blocked, id=3968, stack(0x0000000008600000,0x0000000008700000)]
  0x0000000006a12800 JavaThread "C2 CompilerThread1" daemon [_thread_in_native, id=4548, stack(0x0000000008500000,0x0000000008600000)]
=>0x0000000006a0f800 JavaThread "C2 CompilerThread0" daemon [_thread_in_native, id=4488, stack(0x0000000008400000,0x0000000008500000)]
  0x0000000007e42800 JavaThread "Attach Listener" daemon [_thread_blocked, id=8024, stack(0x0000000008300000,0x0000000008400000)]
  0x0000000006a06800 JavaThread "Signal Dispatcher" daemon [_thread_blocked, id=9296, stack(0x0000000008200000,0x0000000008300000)]
  0x0000000003257800 JavaThread "Finalizer" daemon [_thread_blocked, id=992, stack(0x0000000007c40000,0x0000000007d40000)]
  0x00000000069b7800 JavaThread "Reference Handler" daemon [_thread_blocked, id=9148, stack(0x0000000007b40000,0x0000000007c40000)]
  0x000000000331e000 JavaThread "main" [_thread_in_native, id=7808, stack(0x0000000002ce0000,0x0000000002de0000)]

Other Threads:
  0x00000000069b6800 VMThread [stack: 0x0000000007a40000,0x0000000007b40000] [id=9328]
  0x0000000007e9a000 WatcherThread [stack: 0x0000000008800000,0x0000000008900000] [id=996]

VM state:not at safepoint (normal execution)

VM Mutex/Monitor currently owned by a thread: None

Heap:
 PSYoungGen      total 145408K, used 15752K [0x00000000eab00000, 0x00000000f5000000, 0x0000000100000000)
  eden space 126464K, 12% used [0x00000000eab00000,0x00000000eba439c8,0x00000000f2680000)
  from space 18944K, 0% used [0x00000000f3a80000,0x00000000f3a9ea00,0x00000000f4d00000)
  to   space 20480K, 0% used [0x00000000f2680000,0x00000000f2680000,0x00000000f3a80000)
 ParOldGen       total 113664K, used 96691K [0x00000000c0000000, 0x00000000c6f00000, 0x00000000eab00000)
  object space 113664K, 85% used [0x00000000c0000000,0x00000000c5e6cea0,0x00000000c6f00000)
 Metaspace       used 6137K, capacity 7096K, committed 7296K, reserved 1056768K
  class space    used 610K, capacity 624K, committed 640K, reserved 1048576K

Card table byte_map: [0x00000000036e0000,0x00000000038f0000] byte_map_base: 0x00000000030e0000

Marking Bits: (ParMarkBitMap*) 0x00000000659713b0
 Begin Bits: [0x0000000003e50000, 0x0000000004e50000)
 End Bits:   [0x0000000004e50000, 0x0000000005e50000)

Polling page: 0x0000000001540000

CodeCache: size=245760Kb used=8459Kb max_used=8459Kb free=237300Kb
 bounds [0x000000000f010000, 0x000000000f860000, 0x000000001e010000]
 total_blobs=2330 nmethods=2063 adapters=180
 compilation: enabled

Compilation events (10 events):
Event: 5.727 Thread 0x0000000006a15000 2140       2       com.android.dx.ssa.SsaBasicBlock::setRegsUsed (27 bytes)
Event: 5.727 Thread 0x0000000006a15000 nmethod 2140 0x000000000f839d10 code [0x000000000f839ea0, 0x000000000f83a098]
Event: 5.727 Thread 0x0000000006a15000 2141       2       java.util.ArrayList$SubList::set (40 bytes)
Event: 5.727 Thread 0x0000000006a15000 nmethod 2141 0x000000000f839550 code [0x000000000f8396e0, 0x000000000f839a28]
Event: 5.728 Thread 0x0000000006a15000 2144       2       com.android.dx.ssa.SsaBasicBlock::checkRegUsed (39 bytes)
Event: 5.728 Thread 0x0000000006a15000 nmethod 2144 0x000000000f838fd0 code [0x000000000f839160, 0x000000000f839398]
Event: 5.745 Thread 0x0000000006a15000 2145       2       java.util.Collections::swap (25 bytes)
Event: 5.745 Thread 0x0000000006a15000 nmethod 2145 0x000000000f838b90 code [0x000000000f838d00, 0x000000000f838ec8]
Event: 5.745 Thread 0x0000000006a15000 2146       2       com.android.dx.ssa.SsaBasicBlock::scheduleUseBeforeAssigned (389 bytes)
Event: 5.749 Thread 0x0000000006a15000 nmethod 2146 0x000000000f856650 code [0x000000000f856ac0, 0x000000000f857fa8]

GC Heap History (10 events):
Event: 3.464 GC heap before
{Heap before GC invocations=23 (full 0):
 PSYoungGen      total 80896K, used 78923K [0x00000000eab00000, 0x00000000f0700000, 0x0000000100000000)
  eden space 70656K, 100% used [0x00000000eab00000,0x00000000ef000000,0x00000000ef000000)
  from space 10240K, 80% used [0x00000000efb00000,0x00000000f0312d90,0x00000000f0500000)
  to   space 11264K, 0% used [0x00000000ef000000,0x00000000ef000000,0x00000000efb00000)
 ParOldGen       total 96768K, used 42888K [0x00000000c0000000, 0x00000000c5e80000, 0x00000000eab00000)
  object space 96768K, 44% used [0x00000000c0000000,0x00000000c29e21b8,0x00000000c5e80000)
 Metaspace       used 6129K, capacity 7096K, committed 7296K, reserved 1056768K
  class space    used 610K, capacity 624K, committed 640K, reserved 1048576K
Event: 3.502 GC heap after
Heap after GC invocations=23 (full 0):
 PSYoungGen      total 81920K, used 11246K [0x00000000eab00000, 0x00000000f2b00000, 0x0000000100000000)
  eden space 70656K, 0% used [0x00000000eab00000,0x00000000eab00000,0x00000000ef000000)
  from space 11264K, 99% used [0x00000000ef000000,0x00000000efafb930,0x00000000efb00000)
  to   space 15872K, 0% used [0x00000000f1b80000,0x00000000f1b80000,0x00000000f2b00000)
 ParOldGen       total 96768K, used 51147K [0x00000000c0000000, 0x00000000c5e80000, 0x00000000eab00000)
  object space 96768K, 52% used [0x00000000c0000000,0x00000000c31f2ce0,0x00000000c5e80000)
 Metaspace       used 6129K, capacity 7096K, committed 7296K, reserved 1056768K
  class space    used 610K, capacity 624K, committed 640K, reserved 1048576K
}
Event: 3.909 GC heap before
{Heap before GC invocations=24 (full 0):
 PSYoungGen      total 81920K, used 81902K [0x00000000eab00000, 0x00000000f2b00000, 0x0000000100000000)
  eden space 70656K, 100% used [0x00000000eab00000,0x00000000ef000000,0x00000000ef000000)
  from space 11264K, 99% used [0x00000000ef000000,0x00000000efafb930,0x00000000efb00000)
  to   space 15872K, 0% used [0x00000000f1b80000,0x00000000f1b80000,0x00000000f2b00000)
 ParOldGen       total 96768K, used 51147K [0x00000000c0000000, 0x00000000c5e80000, 0x00000000eab00000)
  object space 96768K, 52% used [0x00000000c0000000,0x00000000c31f2ce0,0x00000000c5e80000)
 Metaspace       used 6131K, capacity 7096K, committed 7296K, reserved 1056768K
  class space    used 610K, capacity 624K, committed 640K, reserved 1048576K
Event: 3.966 GC heap after
Heap after GC invocations=24 (full 0):
 PSYoungGen      total 114176K, used 10226K [0x00000000eab00000, 0x00000000f2d00000, 0x0000000100000000)
  eden space 98304K, 0% used [0x00000000eab00000,0x00000000eab00000,0x00000000f0b00000)
  from space 15872K, 64% used [0x00000000f1b80000,0x00000000f257c858,0x00000000f2b00000)
  to   space 16896K, 0% used [0x00000000f0b00000,0x00000000f0b00000,0x00000000f1b80000)
 ParOldGen       total 96768K, used 61781K [0x00000000c0000000, 0x00000000c5e80000, 0x00000000eab00000)
  object space 96768K, 63% used [0x00000000c0000000,0x00000000c3c55740,0x00000000c5e80000)
 Metaspace       used 6131K, capacity 7096K, committed 7296K, reserved 1056768K
  class space    used 610K, capacity 624K, committed 640K, reserved 1048576K
}
Event: 4.368 GC heap before
{Heap before GC invocations=25 (full 0):
 PSYoungGen      total 114176K, used 108530K [0x00000000eab00000, 0x00000000f2d00000, 0x0000000100000000)
  eden space 98304K, 100% used [0x00000000eab00000,0x00000000f0b00000,0x00000000f0b00000)
  from space 15872K, 64% used [0x00000000f1b80000,0x00000000f257c858,0x00000000f2b00000)
  to   space 16896K, 0% used [0x00000000f0b00000,0x00000000f0b00000,0x00000000f1b80000)
 ParOldGen       total 96768K, used 61781K [0x00000000c0000000, 0x00000000c5e80000, 0x00000000eab00000)
  object space 96768K, 63% used [0x00000000c0000000,0x00000000c3c55740,0x00000000c5e80000)
 Metaspace       used 6133K, capacity 7096K, committed 7296K, reserved 1056768K
  class space    used 610K, capacity 624K, committed 640K, reserved 1048576K
Event: 4.435 GC heap after
Heap after GC invocations=25 (full 0):
 PSYoungGen      total 115200K, used 15584K [0x00000000eab00000, 0x00000000f4d00000, 0x0000000100000000)
  eden space 98304K, 0% used [0x00000000eab00000,0x00000000eab00000,0x00000000f0b00000)
  from space 16896K, 92% used [0x00000000f0b00000,0x00000000f1a38010,0x00000000f1b80000)
  to   space 18944K, 0% used [0x00000000f3a80000,0x00000000f3a80000,0x00000000f4d00000)
 ParOldGen       total 96768K, used 71553K [0x00000000c0000000, 0x00000000c5e80000, 0x00000000eab00000)
  object space 96768K, 73% used [0x00000000c0000000,0x00000000c45e05b0,0x00000000c5e80000)
 Metaspace       used 6133K, capacity 7096K, committed 7296K, reserved 1056768K
  class space    used 610K, capacity 624K, committed 640K, reserved 1048576K
}
Event: 4.842 GC heap before
{Heap before GC invocations=26 (full 0):
 PSYoungGen      total 115200K, used 113888K [0x00000000eab00000, 0x00000000f4d00000, 0x0000000100000000)
  eden space 98304K, 100% used [0x00000000eab00000,0x00000000f0b00000,0x00000000f0b00000)
  from space 16896K, 92% used [0x00000000f0b00000,0x00000000f1a38010,0x00000000f1b80000)
  to   space 18944K, 0% used [0x00000000f3a80000,0x00000000f3a80000,0x00000000f4d00000)
 ParOldGen       total 96768K, used 71553K [0x00000000c0000000, 0x00000000c5e80000, 0x00000000eab00000)
  object space 96768K, 73% used [0x00000000c0000000,0x00000000c45e05b0,0x00000000c5e80000)
 Metaspace       used 6135K, capacity 7096K, committed 7296K, reserved 1056768K
  class space    used 610K, capacity 624K, committed 640K, reserved 1048576K
Event: 4.893 GC heap after
Heap after GC invocations=26 (full 0):
 PSYoungGen      total 145408K, used 14485K [0x00000000eab00000, 0x00000000f5000000, 0x0000000100000000)
  eden space 126464K, 0% used [0x00000000eab00000,0x00000000eab00000,0x00000000f2680000)
  from space 18944K, 76% used [0x00000000f3a80000,0x00000000f48a5480,0x00000000f4d00000)
  to   space 20480K, 0% used [0x00000000f2680000,0x00000000f2680000,0x00000000f3a80000)
 ParOldGen       total 96768K, used 86291K [0x00000000c0000000, 0x00000000c5e80000, 0x00000000eab00000)
  object space 96768K, 89% used [0x00000000c0000000,0x00000000c5444fe0,0x00000000c5e80000)
 Metaspace       used 6135K, capacity 7096K, committed 7296K, reserved 1056768K
  class space    used 610K, capacity 624K, committed 640K, reserved 1048576K
}
Event: 4.893 GC heap before
{Heap before GC invocations=27 (full 1):
 PSYoungGen      total 145408K, used 14485K [0x00000000eab00000, 0x00000000f5000000, 0x0000000100000000)
  eden space 126464K, 0% used [0x00000000eab00000,0x00000000eab00000,0x00000000f2680000)
  from space 18944K, 76% used [0x00000000f3a80000,0x00000000f48a5480,0x00000000f4d00000)
  to   space 20480K, 0% used [0x00000000f2680000,0x00000000f2680000,0x00000000f3a80000)
 ParOldGen       total 96768K, used 86291K [0x00000000c0000000, 0x00000000c5e80000, 0x00000000eab00000)
  object space 96768K, 89% used [0x00000000c0000000,0x00000000c5444fe0,0x00000000c5e80000)
 Metaspace       used 6135K, capacity 7096K, committed 7296K, reserved 1056768K
  class space    used 610K, capacity 624K, committed 640K, reserved 1048576K
Event: 5.696 GC heap after
Heap after GC invocations=27 (full 1):
 PSYoungGen      total 145408K, used 122K [0x00000000eab00000, 0x00000000f5000000, 0x0000000100000000)
  eden space 126464K, 0% used [0x00000000eab00000,0x00000000eab00000,0x00000000f2680000)
  from space 18944K, 0% used [0x00000000f3a80000,0x00000000f3a9ea00,0x00000000f4d00000)
  to   space 20480K, 0% used [0x00000000f2680000,0x00000000f2680000,0x00000000f3a80000)
 ParOldGen       total 113664K, used 96691K [0x00000000c0000000, 0x00000000c6f00000, 0x00000000eab00000)
  object space 113664K, 85% used [0x00000000c0000000,0x00000000c5e6cea0,0x00000000c6f00000)
 Metaspace       used 6135K, capacity 7096K, committed 7296K, reserved 1056768K
  class space    used 610K, capacity 624K, committed 640K, reserved 1048576K
}

Deoptimization events (10 events):
Event: 2.300 Thread 0x000000000904a000 Uncommon trap: reason=unreached action=reinterpret pc=0x000000000f3aa314 method=java.util.HashMap.putVal(ILjava/lang/Object;Ljava/lang/Object;ZZ)Ljava/lang/Object; @ 109
Event: 2.534 Thread 0x0000000009048800 Uncommon trap: reason=unreached action=reinterpret pc=0x000000000f3cfadc method=com.android.dx.ssa.SsaMethod.updateOneDefinition(Lcom/android/dx/ssa/SsaInsn;Lcom/android/dx/rop/code/RegisterSpec;)V @ 4
Event: 2.867 Thread 0x0000000008e18800 Uncommon trap: reason=class_check action=maybe_recompile pc=0x000000000f6d0544 method=com.android.dx.ssa.SCCP.simulateBranch(Lcom/android/dx/ssa/SsaInsn;)V @ 145
Event: 2.987 Thread 0x000000000904a000 Uncommon trap: reason=class_check action=maybe_recompile pc=0x000000000f6d0544 method=com.android.dx.ssa.SCCP.simulateBranch(Lcom/android/dx/ssa/SsaInsn;)V @ 145
Event: 3.127 Thread 0x0000000009048800 Uncommon trap: reason=bimorphic action=maybe_recompile pc=0x000000000f6b6c34 method=java.util.HashMap.putVal(ILjava/lang/Object;Ljava/lang/Object;ZZ)Ljava/lang/Object; @ 203
Event: 3.134 Thread 0x0000000008e18800 Uncommon trap: reason=bimorphic action=maybe_recompile pc=0x000000000f6b6c34 method=java.util.HashMap.putVal(ILjava/lang/Object;Ljava/lang/Object;ZZ)Ljava/lang/Object; @ 203
Event: 3.134 Thread 0x0000000008e18800 Uncommon trap: reason=bimorphic action=maybe_recompile pc=0x000000000f6b6c34 method=java.util.HashMap.putVal(ILjava/lang/Object;Ljava/lang/Object;ZZ)Ljava/lang/Object; @ 203
Event: 3.134 Thread 0x0000000008e18800 Uncommon trap: reason=bimorphic action=maybe_recompile pc=0x000000000f6b6c34 method=java.util.HashMap.putVal(ILjava/lang/Object;Ljava/lang/Object;ZZ)Ljava/lang/Object; @ 203
Event: 4.055 Thread 0x0000000009048800 Uncommon trap: reason=class_check action=maybe_recompile pc=0x000000000f6d0544 method=com.android.dx.ssa.SCCP.simulateBranch(Lcom/android/dx/ssa/SsaInsn;)V @ 145
Event: 4.060 Thread 0x0000000008e18800 Uncommon trap: reason=class_check action=maybe_recompile pc=0x000000000f6d0544 method=com.android.dx.ssa.SCCP.simulateBranch(Lcom/android/dx/ssa/SsaInsn;)V @ 145

Internal exceptions (10 events):
Event: 1.389 Thread 0x0000000008ffe800 Exception <a 'java/security/PrivilegedActionException'> (0x00000000eb17ef60) thrown at [D:\re\workspace\8-2-build-windows-amd64-cygwin\jdk8u5\2488\hotspot\src\share\vm\prims\jvm.cpp, line 1248]
Event: 1.421 Thread 0x000000000331e000 Exception <a 'java/security/PrivilegedActionException'> (0x00000000eb4a6cc0) thrown at [D:\re\workspace\8-2-build-windows-amd64-cygwin\jdk8u5\2488\hotspot\src\share\vm\prims\jvm.cpp, line 1248]
Event: 1.468 Thread 0x000000000331e000 Exception <a 'java/security/PrivilegedActionException'> (0x00000000eb824da8) thrown at [D:\re\workspace\8-2-build-windows-amd64-cygwin\jdk8u5\2488\hotspot\src\share\vm\prims\jvm.cpp, line 1248]
Event: 1.470 Thread 0x000000000331e000 Exception <a 'java/security/PrivilegedActionException'> (0x00000000eb88fb38) thrown at [D:\re\workspace\8-2-build-windows-amd64-cygwin\jdk8u5\2488\hotspot\src\share\vm\prims\jvm.cpp, line 1248]
Event: 1.488 Thread 0x0000000008e18800 Implicit null exception at 0x000000000f51d56d to 0x000000000f51dc85
Event: 1.675 Thread 0x000000000904a000 Exception <a 'java/security/PrivilegedActionException'> (0x00000000eb259f98) thrown at [D:\re\workspace\8-2-build-windows-amd64-cygwin\jdk8u5\2488\hotspot\src\share\vm\prims\jvm.cpp, line 1248]
Event: 2.099 Thread 0x0000000008ffe800 Exception <a 'java/lang/ArrayIndexOutOfBoundsException': 18> (0x00000000eb810fd0) thrown at [D:\re\workspace\8-2-build-windows-amd64-cygwin\jdk8u5\2488\hotspot\src\share\vm\interpreter\interpreterRuntime.cpp, line 337]
Event: 2.099 Thread 0x0000000008ffe800 Exception <a 'java/lang/ArrayIndexOutOfBoundsException': 145> (0x00000000eb812a68) thrown at [D:\re\workspace\8-2-build-windows-amd64-cygwin\jdk8u5\2488\hotspot\src\share\vm\interpreter\interpreterRuntime.cpp, line 337]
Event: 2.100 Thread 0x0000000008ffe800 Exception <a 'java/lang/ArrayIndexOutOfBoundsException'> (0x00000000eb813c80) thrown at [D:\re\workspace\8-2-build-windows-amd64-cygwin\jdk8u5\2488\hotspot\src\share\vm\runtime\sharedRuntime.cpp, line 595]
Event: 2.533 Thread 0x0000000009048800 Exception <a 'java/security/PrivilegedActionException'> (0x00000000eb0dc618) thrown at [D:\re\workspace\8-2-build-windows-amd64-cygwin\jdk8u5\2488\hotspot\src\share\vm\prims\jvm.cpp, line 1248]

Events (10 events):
Event: 4.144 Executing VM operation: EnableBiasedLocking
Event: 4.144 Executing VM operation: EnableBiasedLocking done
Event: 4.367 Executing VM operation: ParallelGCFailedAllocation
Event: 4.435 Executing VM operation: ParallelGCFailedAllocation done
Event: 4.761 Thread 0x0000000008e18800 DEOPT PACKING pc=0x000000000f66aa26 sp=0x000000000a1ce6a0
Event: 4.761 Thread 0x0000000008e18800 DEOPT UNPACKING pc=0x000000000f057604 sp=0x000000000a1ce460 mode 0
Event: 4.842 Executing VM operation: ParallelGCFailedAllocation
Event: 5.696 Executing VM operation: ParallelGCFailedAllocation done
Event: 5.712 Thread 0x0000000008ffe800 DEOPT PACKING pc=0x000000000f64ed6a sp=0x000000000a3ce300
Event: 5.712 Thread 0x0000000008ffe800 DEOPT UNPACKING pc=0x000000000f057604 sp=0x000000000a3ce098 mode 0


Dynamic libraries:
0x00007ff7b4fc0000 - 0x00007ff7b4ff4000 	C:\Program Files\Java\jdk1.8.0_05\bin\java.exe
0x00007ffc12260000 - 0x00007ffc12421000 	C:\WINDOWS\SYSTEM32\ntdll.dll
0x00007ffc121b0000 - 0x00007ffc1225d000 	C:\WINDOWS\system32\KERNEL32.DLL
0x00007ffc0ee80000 - 0x00007ffc0f05d000 	C:\WINDOWS\system32\KERNELBASE.dll
0x00007ffc10740000 - 0x00007ffc107e6000 	C:\WINDOWS\system32\ADVAPI32.dll
0x00007ffc0fc70000 - 0x00007ffc0fd0d000 	C:\WINDOWS\system32\msvcrt.dll
0x00007ffc11f60000 - 0x00007ffc11fbb000 	C:\WINDOWS\system32\sechost.dll
0x00007ffc0fe70000 - 0x00007ffc0ff96000 	C:\WINDOWS\system32\RPCRT4.dll
0x00007ffc12000000 - 0x00007ffc1214e000 	C:\WINDOWS\system32\USER32.dll
0x00007ffc10840000 - 0x00007ffc109c6000 	C:\WINDOWS\system32\GDI32.dll
0x00007ffc0a090000 - 0x00007ffc0a304000 	C:\WINDOWS\WinSxS\amd64_microsoft.windows.common-controls_6595b64144ccf1df_6.0.10240.16384_none_f41f7b285750ef43\COMCTL32.dll
0x00007ffc107f0000 - 0x00007ffc10826000 	C:\WINDOWS\system32\IMM32.DLL
0x00007ffc0fd10000 - 0x00007ffc0fe6c000 	C:\WINDOWS\system32\MSCTF.dll
0x00007ffc0eb60000 - 0x00007ffc0eb91000 	C:\Windows\system32\nvinitx.dll
0x00007ffc0eb50000 - 0x00007ffc0eb5a000 	C:\WINDOWS\SYSTEM32\VERSION.dll
0x000000000f000000 - 0x000000000f006000 	C:\Program Files\NVIDIA Corporation\CoProcManager\_etoured.dll
0x00007ffc0c970000 - 0x00007ffc0c9a3000 	C:\Program Files\NVIDIA Corporation\CoProcManager\nvd3d9wrapx.dll
0x00007ffc0faa0000 - 0x00007ffc0fc65000 	C:\WINDOWS\system32\SETUPAPI.dll
0x00007ffc0f0c0000 - 0x00007ffc0f104000 	C:\WINDOWS\system32\CFGMGR32.dll
0x00007ffc0c920000 - 0x00007ffc0c942000 	C:\Program Files\NVIDIA Corporation\CoProcManager\nvdxgiwrapx.dll
0x0000000064d80000 - 0x0000000064e52000 	C:\Program Files\Java\jdk1.8.0_05\jre\bin\msvcr100.dll
0x00000000651c0000 - 0x00000000659ea000 	C:\Program Files\Java\jdk1.8.0_05\jre\bin\server\jvm.dll
0x00007ffc10830000 - 0x00007ffc10838000 	C:\WINDOWS\system32\PSAPI.DLL
0x00007ffc0cc60000 - 0x00007ffc0cc83000 	C:\WINDOWS\SYSTEM32\WINMM.dll
0x00007ffc05c20000 - 0x00007ffc05c29000 	C:\WINDOWS\SYSTEM32\WSOCK32.dll
0x00007ffc10440000 - 0x00007ffc104a9000 	C:\WINDOWS\system32\WS2_32.dll
0x00007ffc11ff0000 - 0x00007ffc11ff8000 	C:\WINDOWS\system32\NSI.dll
0x00007ffc0cc00000 - 0x00007ffc0cc2c000 	C:\WINDOWS\SYSTEM32\WINMMBASE.dll
0x00007ffc0d4f0000 - 0x00007ffc0d517000 	C:\WINDOWS\SYSTEM32\DEVOBJ.dll
0x0000000066180000 - 0x000000006618f000 	C:\Program Files\Java\jdk1.8.0_05\jre\bin\verify.dll
0x0000000066150000 - 0x0000000066178000 	C:\Program Files\Java\jdk1.8.0_05\jre\bin\java.dll
0x00000000651a0000 - 0x00000000651b6000 	C:\Program Files\Java\jdk1.8.0_05\jre\bin\zip.dll
0x00007ffc109d0000 - 0x00007ffc11ef2000 	C:\WINDOWS\system32\SHELL32.dll
0x00007ffc0f2e0000 - 0x00007ffc0f908000 	C:\WINDOWS\system32\windows.storage.dll
0x00007ffc10160000 - 0x00007ffc103dc000 	C:\WINDOWS\system32\combase.dll
0x00007ffc11f00000 - 0x00007ffc11f51000 	C:\WINDOWS\system32\shlwapi.dll
0x00007ffc0ec70000 - 0x00007ffc0ec7f000 	C:\WINDOWS\system32\kernel.appcore.dll
0x0000000007d40000 - 0x0000000007df3000 	C:\WINDOWS\system32\shcore.dll
0x00007ffc0ecc0000 - 0x00007ffc0ed0a000 	C:\WINDOWS\system32\powrprof.dll
0x00007ffc0ec80000 - 0x00007ffc0ec93000 	C:\WINDOWS\system32\profapi.dll
0x00007ffbf73e0000 - 0x00007ffbf756a000 	C:\WINDOWS\SYSTEM32\dbghelp.dll

VM Arguments:
jvm_args: -Xmx1024M -Dfile.encoding=GBK -Duser.country=US -Duser.language=en -Duser.variant 
java_command: com.android.dx.command.Main --dex --num-threads=4 --multi-dex --main-dex-list E:\USA\courses\Advanced_Programming_Tools\Zijiang-Yang-APT\Connexus-Android\app\build\intermediates\multi-dex\debug\maindexlist.txt --output E:\USA\courses\Advanced_Programming_Tools\Zijiang-Yang-APT\Connexus-Android\app\build\intermediates\dex\debug E:\USA\courses\Advanced_Programming_Tools\Zijiang-Yang-APT\Connexus-Android\app\build\intermediates\multi-dex\debug\allclasses.jar
java_class_path (initial): D:\Program Files (x86)\AndroidSDK\build-tools\build-tools-23.0.1\lib\dx.jar
Launcher Type: SUN_STANDARD

Environment Variables:
JAVA_HOME=C:\Program Files\Java\jdk1.8.0_05
CLASSPATH=.;C:\Program Files\Java\jdk1.8.0_05\lib\dt.jar;C:\Program Files\Java\jdk1.8.0_05\lib\tools.jar;E:\CS_self_study\Algorithm\algs4.jar;E:\CS_self_study\Algorithm\stdlib.jar;
PATH=C:\Program Files (x86)\Common Files\Microsoft Shared\Windows Live;C:\Windows\system32;C:\Windows;C:\Windows\System32\Wbem;C:\Windows\System32\WindowsPowerShell\v1.0\;C:\Program Files\Lenovo\Bluetooth Software\;C:\Program Files\Lenovo\Bluetooth Software\syswow64;C:\Program Files (x86)\Common Files\Acronis\SnapAPI\;C:\Program Files (x86)\Microsoft SQL Server\100\Tools\Binn\;C:\Program Files (x86)\Microsoft SQL Server\100\DTS\Binn\;d:\Program Files\MATLAB\R2012a\runtime\win64;d:\Program Files\MATLAB\R2012a\bin;d:\Program Files\MATLAB\MATLAB Production Server\R2013b\runtime\win64;d:\Program Files\MATLAB\MATLAB Production Server\R2013b\bin;d:\Program Files\MATLAB\MATLAB Production Server\R2013b\polyspace\bin;C:\WINDOWS\system32;C:\WINDOWS;C:\WINDOWS\System32\Wbem;C:\WINDOWS\System32\WindowsPowerShell\v1.0\;C:\Program Files (x86)\NVIDIA Corporation\PhysX\Common;C:\Program Files (x86)\Skype\Phone\;C:\Users\Josh\.dnx\bin;C:\Program Files\Microsoft DNX\Dnvm\;C:\Program Files (x86)\Windows Kits\8.1\Windows Performance Toolkit\;D:\Program Files\Git\cmd;D:\Program Files (x86)\MiKTeX 2.9\miktex\bin\;C:\Program Files (x86)\Common Files\Microsoft Shared\Windows Live;D:\LeapDeveloperKit\LeapSDK\lib\x86;C:\Program Files\Java\jdk1.8.0_05\bin;C:\Program Files\Java\jdk1.8.0_05\jre\bin;D:\Program Files (x86)\eclipse\AndroidSDK\platform-tools;D:\Program Files (x86)\eclipse\AndroidSDK\tools;D:\Program Files (x86)\Oracle\VirtualBox;D:\cygwin64\bin;C:\Python27;C:\Python27\Scripts;C:\Users\Josh\AppData\Local\Code\bin
USERNAME=Josh
OS=Windows_NT
PROCESSOR_IDENTIFIER=Intel64 Family 6 Model 42 Stepping 7, GenuineIntel



---------------  S Y S T E M  ---------------

OS: Windows 8.1 , 64 bit Build 9600 

CPU:total 4 (2 cores per cpu, 2 threads per core) family 6 model 42 stepping 7, cmov, cx8, fxsr, mmx, sse, sse2, sse3, ssse3, sse4.1, sse4.2, popcnt, avx, aes, clmul, ht, tsc, tscinvbit

Memory: 4k page, physical 6233964k(424632k free), swap 6233964k(4188k free)

vm_info: Java HotSpot(TM) 64-Bit Server VM (25.5-b02) for windows-amd64 JRE (1.8.0_05-b13), built on Mar 18 2014 01:08:39 by "java_re" with MS VC++ 10.0 (VS2010)

time: Sat Oct 17 00:22:29 2015
elapsed time: 5 seconds

