#
# There is insufficient memory for the Java Runtime Environment to continue.
# Native memory allocation (malloc) failed to allocate 134217744 bytes for Chunk::new
# Possible reasons:
#   The system is out of physical RAM or swap space
#   In 32 bit mode, the process size limit was hit
# Possible solutions:
#   Reduce memory load on the system
#   Increase physical memory or swap space
#   Check if swap backing store is full
#   Use 64 bit Java on a 64 bit OS
#   Decrease Java heap size (-Xmx/-Xms)
#   Decrease number of Java threads
#   Decrease Java thread stack sizes (-Xss)
#   Set larger code cache with -XX:ReservedCodeCacheSize=
# This output file may be truncated or incomplete.
#
#  Out of Memory Error (allocation.cpp:388), pid=1420, tid=1268
#
# JRE version: Java(TM) SE Runtime Environment (8.0_05-b13) (build 1.8.0_05-b13)
# Java VM: Java HotSpot(TM) 64-Bit Server VM (25.5-b02 mixed mode windows-amd64 compressed oops)
# Failed to write core dump. Minidumps are not enabled by default on client versions of Windows
#

---------------  T H R E A D  ---------------

Current thread (0x0000000005ee2000):  JavaThread "C2 CompilerThread1" daemon [_thread_in_native, id=1268, stack(0x0000000007910000,0x0000000007a10000)]

Stack: [0x0000000007910000,0x0000000007a10000]
Native frames: (J=compiled Java code, j=interpreted, Vv=VM code, C=native code)
V  [jvm.dll+0x308dea]
V  [jvm.dll+0x25def1]
V  [jvm.dll+0x25eb0f]
V  [jvm.dll+0x2564e5]
V  [jvm.dll+0xbcfc5]
V  [jvm.dll+0xbd45c]
V  [jvm.dll+0x44e048]
V  [jvm.dll+0x44ef20]
V  [jvm.dll+0x44f1da]
V  [jvm.dll+0x4500bf]
V  [jvm.dll+0x452171]
V  [jvm.dll+0x4545a5]
V  [jvm.dll+0x454f2c]
V  [jvm.dll+0x455273]
V  [jvm.dll+0x4420c3]
V  [jvm.dll+0x44366b]
V  [jvm.dll+0x427532]
V  [jvm.dll+0x96702]
V  [jvm.dll+0x96ef3]
V  [jvm.dll+0x2232c4]
V  [jvm.dll+0x27baca]
C  [msvcr100.dll+0x21d9f]
C  [msvcr100.dll+0x21e3b]
C  [KERNEL32.DLL+0x12d92]
C  [ntdll.dll+0x9f64]


Current CompileTask:
C2:  68745 1974   !   4       com.android.dx.cf.code.Ropper::processBlock (1101 bytes)


---------------  P R O C E S S  ---------------

Java Threads: ( => current thread )
  0x0000000007d42000 JavaThread "pool-2-thread-4" [_thread_blocked, id=7440, stack(0x0000000008910000,0x0000000008a10000)]
  0x0000000007d3a800 JavaThread "pool-2-thread-3" [_thread_blocked, id=4484, stack(0x0000000008810000,0x0000000008910000)]
  0x0000000007d39800 JavaThread "pool-2-thread-2" [_thread_blocked, id=5504, stack(0x0000000008710000,0x0000000008810000)]
  0x0000000007d39000 JavaThread "pool-3-thread-1" [_thread_blocked, id=8684, stack(0x0000000008610000,0x0000000008710000)]
  0x0000000007d36800 JavaThread "pool-2-thread-1" [_thread_blocked, id=8676, stack(0x0000000008510000,0x0000000008610000)]
  0x0000000005f1e000 JavaThread "Service Thread" daemon [_thread_blocked, id=6636, stack(0x0000000007b10000,0x0000000007c10000)]
  0x0000000005ee8800 JavaThread "C1 CompilerThread2" daemon [_thread_blocked, id=9172, stack(0x0000000007a10000,0x0000000007b10000)]
=>0x0000000005ee2000 JavaThread "C2 CompilerThread1" daemon [_thread_in_native, id=1268, stack(0x0000000007910000,0x0000000007a10000)]
  0x0000000005ed5000 JavaThread "C2 CompilerThread0" daemon [_thread_blocked, id=5816, stack(0x0000000007810000,0x0000000007910000)]
  0x0000000005ed3000 JavaThread "Attach Listener" daemon [_thread_blocked, id=7936, stack(0x0000000007710000,0x0000000007810000)]
  0x0000000007253000 JavaThread "Signal Dispatcher" daemon [_thread_blocked, id=9940, stack(0x0000000007610000,0x0000000007710000)]
  0x00000000027e5800 JavaThread "Finalizer" daemon [_thread_blocked, id=1696, stack(0x0000000007110000,0x0000000007210000)]
  0x00000000027da800 JavaThread "Reference Handler" daemon [_thread_blocked, id=8576, stack(0x0000000007010000,0x0000000007110000)]
  0x000000000227e000 JavaThread "main" [_thread_blocked, id=6948, stack(0x0000000002280000,0x0000000002380000)]

Other Threads:
  0x0000000005e87800 VMThread [stack: 0x0000000006f10000,0x0000000007010000] [id=6728]
  0x00000000072a6000 WatcherThread [stack: 0x0000000007c10000,0x0000000007d10000] [id=9560]

VM state:at safepoint (normal execution)

VM Mutex/Monitor currently owned by a thread:  ([mutex/lock_event])
[0x000000000227cd20] Threads_lock - owner thread: 0x0000000005e87800
[0x000000000227d4a0] Heap_lock - owner thread: 0x000000000227e000

Heap:
 PSYoungGen      total 232960K, used 116736K [0x00000000eab00000, 0x0000000100000000, 0x0000000100000000)
  eden space 116736K, 100% used [0x00000000eab00000,0x00000000f1d00000,0x00000000f1d00000)
  from space 116224K, 0% used [0x00000000f1d00000,0x00000000f1d00000,0x00000000f8e80000)
  to   space 116224K, 0% used [0x00000000f8e80000,0x00000000f8e80000,0x0000000100000000)
 ParOldGen       total 250880K, used 250797K [0x00000000c0000000, 0x00000000cf500000, 0x00000000eab00000)
  object space 250880K, 99% used [0x00000000c0000000,0x00000000cf4eb778,0x00000000cf500000)
 Metaspace       used 6326K, capacity 7128K, committed 7424K, reserved 1056768K
  class space    used 627K, capacity 656K, committed 768K, reserved 1048576K

Card table byte_map: [0x0000000002bb0000,0x0000000002dc0000] byte_map_base: 0x00000000025b0000

Marking Bits: (ParMarkBitMap*) 0x00000000582013b0
 Begin Bits: [0x0000000003320000, 0x0000000004320000)
 End Bits:   [0x0000000004320000, 0x0000000005320000)

Polling page: 0x0000000000a20000

CodeCache: size=245760Kb used=10901Kb max_used=10912Kb free=234858Kb
 bounds [0x000000000f010000, 0x000000000fad0000, 0x000000001e010000]
 total_blobs=2687 nmethods=2414 adapters=186
 compilation: enabled

Compilation events (10 events):
Event: 57.548 Thread 0x0000000005ed5000 nmethod 2325 0x000000000f133050 code [0x000000000f1331a0, 0x000000000f133418]
Event: 57.549 Thread 0x0000000005ed5000 2356       4       com.android.dx.dex.code.CstInsn::<init> (39 bytes)
Event: 59.496 Thread 0x0000000005ed5000 nmethod 2356 0x000000000fa7fe90 code [0x000000000fa7ffe0, 0x000000000fa80138]
Event: 60.543 Thread 0x0000000005ed5000 2451   !   4       com.android.dx.cf.code.BaseMachine::result (36 bytes)
Event: 61.505 Thread 0x0000000005ed5000 nmethod 2451 0x000000000faad710 code [0x000000000faad840, 0x000000000faad8f8]
Event: 61.505 Thread 0x0000000005ed5000 2276       4       com.android.dx.rop.cst.CstString::hashCode (8 bytes)
Event: 62.454 Thread 0x0000000005ed5000 nmethod 2276 0x000000000f135150 code [0x000000000f135280, 0x000000000f1353f8]
Event: 62.454 Thread 0x0000000005ed5000 2327       4       com.android.dx.rop.code.Rop::<init> (137 bytes)
Event: 64.403 Thread 0x0000000005ed5000 nmethod 2327 0x000000000fa94d50 code [0x000000000fa94ea0, 0x000000000fa95038]
Event: 65.295 Thread 0x0000000005ed5000 2322       4       java.util.TreeMap$ValueIterator::next (8 bytes)

GC Heap History (10 events):
Event: 64.402 GC heap after
Heap after GC invocations=73 (full 40):
 PSYoungGen      total 232960K, used 116646K [0x00000000eab00000, 0x0000000100000000, 0x0000000100000000)
  eden space 116736K, 99% used [0x00000000eab00000,0x00000000f1ce9960,0x00000000f1d00000)
  from space 116224K, 0% used [0x00000000f1d00000,0x00000000f1d00000,0x00000000f8e80000)
  to   space 116224K, 0% used [0x00000000f8e80000,0x00000000f8e80000,0x0000000100000000)
 ParOldGen       total 250880K, used 250797K [0x00000000c0000000, 0x00000000cf500000, 0x00000000eab00000)
  object space 250880K, 99% used [0x00000000c0000000,0x00000000cf4eb778,0x00000000cf500000)
 Metaspace       used 6326K, capacity 7128K, committed 7424K, reserved 1056768K
  class space    used 627K, capacity 656K, committed 768K, reserved 1048576K
}
Event: 64.403 GC heap before
{Heap before GC invocations=74 (full 41):
 PSYoungGen      total 232960K, used 116736K [0x00000000eab00000, 0x0000000100000000, 0x0000000100000000)
  eden space 116736K, 100% used [0x00000000eab00000,0x00000000f1d00000,0x00000000f1d00000)
  from space 116224K, 0% used [0x00000000f1d00000,0x00000000f1d00000,0x00000000f8e80000)
  to   space 116224K, 0% used [0x00000000f8e80000,0x00000000f8e80000,0x0000000100000000)
 ParOldGen       total 250880K, used 250797K [0x00000000c0000000, 0x00000000cf500000, 0x00000000eab00000)
  object space 250880K, 99% used [0x00000000c0000000,0x00000000cf4eb778,0x00000000cf500000)
 Metaspace       used 6326K, capacity 7128K, committed 7424K, reserved 1056768K
  class space    used 627K, capacity 656K, committed 768K, reserved 1048576K
Event: 65.295 GC heap after
Heap after GC invocations=74 (full 41):
 PSYoungGen      total 232960K, used 116647K [0x00000000eab00000, 0x0000000100000000, 0x0000000100000000)
  eden space 116736K, 99% used [0x00000000eab00000,0x00000000f1ce9ca0,0x00000000f1d00000)
  from space 116224K, 0% used [0x00000000f1d00000,0x00000000f1d00000,0x00000000f8e80000)
  to   space 116224K, 0% used [0x00000000f8e80000,0x00000000f8e80000,0x0000000100000000)
 ParOldGen       total 250880K, used 250797K [0x00000000c0000000, 0x00000000cf500000, 0x00000000eab00000)
  object space 250880K, 99% used [0x00000000c0000000,0x00000000cf4eb778,0x00000000cf500000)
 Metaspace       used 6326K, capacity 7128K, committed 7424K, reserved 1056768K
  class space    used 627K, capacity 656K, committed 768K, reserved 1048576K
}
Event: 65.295 GC heap before
{Heap before GC invocations=75 (full 42):
 PSYoungGen      total 232960K, used 116736K [0x00000000eab00000, 0x0000000100000000, 0x0000000100000000)
  eden space 116736K, 100% used [0x00000000eab00000,0x00000000f1d00000,0x00000000f1d00000)
  from space 116224K, 0% used [0x00000000f1d00000,0x00000000f1d00000,0x00000000f8e80000)
  to   space 116224K, 0% used [0x00000000f8e80000,0x00000000f8e80000,0x0000000100000000)
 ParOldGen       total 250880K, used 250797K [0x00000000c0000000, 0x00000000cf500000, 0x00000000eab00000)
  object space 250880K, 99% used [0x00000000c0000000,0x00000000cf4eb778,0x00000000cf500000)
 Metaspace       used 6326K, capacity 7128K, committed 7424K, reserved 1056768K
  class space    used 627K, capacity 656K, committed 768K, reserved 1048576K
Event: 66.286 GC heap after
Heap after GC invocations=75 (full 42):
 PSYoungGen      total 232960K, used 116667K [0x00000000eab00000, 0x0000000100000000, 0x0000000100000000)
  eden space 116736K, 99% used [0x00000000eab00000,0x00000000f1ceed20,0x00000000f1d00000)
  from space 116224K, 0% used [0x00000000f1d00000,0x00000000f1d00000,0x00000000f8e80000)
  to   space 116224K, 0% used [0x00000000f8e80000,0x00000000f8e80000,0x0000000100000000)
 ParOldGen       total 250880K, used 250797K [0x00000000c0000000, 0x00000000cf500000, 0x00000000eab00000)
  object space 250880K, 99% used [0x00000000c0000000,0x00000000cf4eb778,0x00000000cf500000)
 Metaspace       used 6326K, capacity 7128K, committed 7424K, reserved 1056768K
  class space    used 627K, capacity 656K, committed 768K, reserved 1048576K
}
Event: 66.286 GC heap before
{Heap before GC invocations=76 (full 43):
 PSYoungGen      total 232960K, used 116735K [0x00000000eab00000, 0x0000000100000000, 0x0000000100000000)
  eden space 116736K, 99% used [0x00000000eab00000,0x00000000f1cffff0,0x00000000f1d00000)
  from space 116224K, 0% used [0x00000000f1d00000,0x00000000f1d00000,0x00000000f8e80000)
  to   space 116224K, 0% used [0x00000000f8e80000,0x00000000f8e80000,0x0000000100000000)
 ParOldGen       total 250880K, used 250797K [0x00000000c0000000, 0x00000000cf500000, 0x00000000eab00000)
  object space 250880K, 99% used [0x00000000c0000000,0x00000000cf4eb778,0x00000000cf500000)
 Metaspace       used 6326K, capacity 7128K, committed 7424K, reserved 1056768K
  class space    used 627K, capacity 656K, committed 768K, reserved 1048576K
Event: 67.371 GC heap after
Heap after GC invocations=76 (full 43):
 PSYoungGen      total 232960K, used 116690K [0x00000000eab00000, 0x0000000100000000, 0x0000000100000000)
  eden space 116736K, 99% used [0x00000000eab00000,0x00000000f1cf4aa0,0x00000000f1d00000)
  from space 116224K, 0% used [0x00000000f1d00000,0x00000000f1d00000,0x00000000f8e80000)
  to   space 116224K, 0% used [0x00000000f8e80000,0x00000000f8e80000,0x0000000100000000)
 ParOldGen       total 250880K, used 250797K [0x00000000c0000000, 0x00000000cf500000, 0x00000000eab00000)
  object space 250880K, 99% used [0x00000000c0000000,0x00000000cf4eb778,0x00000000cf500000)
 Metaspace       used 6326K, capacity 7128K, committed 7424K, reserved 1056768K
  class space    used 627K, capacity 656K, committed 768K, reserved 1048576K
}
Event: 67.371 GC heap before
{Heap before GC invocations=77 (full 44):
 PSYoungGen      total 232960K, used 116736K [0x00000000eab00000, 0x0000000100000000, 0x0000000100000000)
  eden space 116736K, 100% used [0x00000000eab00000,0x00000000f1d00000,0x00000000f1d00000)
  from space 116224K, 0% used [0x00000000f1d00000,0x00000000f1d00000,0x00000000f8e80000)
  to   space 116224K, 0% used [0x00000000f8e80000,0x00000000f8e80000,0x0000000100000000)
 ParOldGen       total 250880K, used 250797K [0x00000000c0000000, 0x00000000cf500000, 0x00000000eab00000)
  object space 250880K, 99% used [0x00000000c0000000,0x00000000cf4eb778,0x00000000cf500000)
 Metaspace       used 6326K, capacity 7128K, committed 7424K, reserved 1056768K
  class space    used 627K, capacity 656K, committed 768K, reserved 1048576K
Event: 68.454 GC heap after
Heap after GC invocations=77 (full 44):
 PSYoungGen      total 232960K, used 116696K [0x00000000eab00000, 0x0000000100000000, 0x0000000100000000)
  eden space 116736K, 99% used [0x00000000eab00000,0x00000000f1cf6000,0x00000000f1d00000)
  from space 116224K, 0% used [0x00000000f1d00000,0x00000000f1d00000,0x00000000f8e80000)
  to   space 116224K, 0% used [0x00000000f8e80000,0x00000000f8e80000,0x0000000100000000)
 ParOldGen       total 250880K, used 250797K [0x00000000c0000000, 0x00000000cf500000, 0x00000000eab00000)
  object space 250880K, 99% used [0x00000000c0000000,0x00000000cf4eb778,0x00000000cf500000)
 Metaspace       used 6326K, capacity 7128K, committed 7424K, reserved 1056768K
  class space    used 627K, capacity 656K, committed 768K, reserved 1048576K
}
Event: 68.455 GC heap before
{Heap before GC invocations=78 (full 45):
 PSYoungGen      total 232960K, used 116736K [0x00000000eab00000, 0x0000000100000000, 0x0000000100000000)
  eden space 116736K, 100% used [0x00000000eab00000,0x00000000f1d00000,0x00000000f1d00000)
  from space 116224K, 0% used [0x00000000f1d00000,0x00000000f1d00000,0x00000000f8e80000)
  to   space 116224K, 0% used [0x00000000f8e80000,0x00000000f8e80000,0x0000000100000000)
 ParOldGen       total 250880K, used 250797K [0x00000000c0000000, 0x00000000cf500000, 0x00000000eab00000)
  object space 250880K, 99% used [0x00000000c0000000,0x00000000cf4eb778,0x00000000cf500000)
 Metaspace       used 6326K, capacity 7128K, committed 7424K, reserved 1056768K
  class space    used 627K, capacity 656K, committed 768K, reserved 1048576K

Deoptimization events (10 events):
Event: 15.098 Thread 0x0000000007d36800 Uncommon trap: reason=unreached action=reinterpret pc=0x000000000f7e85a8 method=java.util.HashMap.putVal(ILjava/lang/Object;Ljava/lang/Object;ZZ)Ljava/lang/Object; @ 109
Event: 15.371 Thread 0x0000000007d3a800 Uncommon trap: reason=class_check action=maybe_recompile pc=0x000000000f80ba34 method=com.android.dx.ssa.SCCP.simulateBranch(Lcom/android/dx/ssa/SsaInsn;)V @ 145
Event: 15.380 Thread 0x0000000007d3a800 Uncommon trap: reason=class_check action=maybe_recompile pc=0x000000000f80ba34 method=com.android.dx.ssa.SCCP.simulateBranch(Lcom/android/dx/ssa/SsaInsn;)V @ 145
Event: 15.380 Thread 0x0000000007d3a800 Uncommon trap: reason=class_check action=maybe_recompile pc=0x000000000f80ba34 method=com.android.dx.ssa.SCCP.simulateBranch(Lcom/android/dx/ssa/SsaInsn;)V @ 145
Event: 15.383 Thread 0x0000000007d3a800 Uncommon trap: reason=class_check action=maybe_recompile pc=0x000000000f80ba34 method=com.android.dx.ssa.SCCP.simulateBranch(Lcom/android/dx/ssa/SsaInsn;)V @ 145
Event: 21.121 Thread 0x000000000227e000 Uncommon trap: reason=bimorphic action=maybe_recompile pc=0x000000000f576b74 method=com.android.dx.ssa.SCCP.setLatticeValueTo(IILcom/android/dx/rop/cst/Constant;)Z @ 43
Event: 21.122 Thread 0x000000000227e000 Uncommon trap: reason=bimorphic action=maybe_recompile pc=0x000000000f576b74 method=com.android.dx.ssa.SCCP.setLatticeValueTo(IILcom/android/dx/rop/cst/Constant;)Z @ 43
Event: 32.295 Thread 0x000000000227e000 Uncommon trap: reason=class_check action=maybe_recompile pc=0x000000000f8aaf8c method=com.android.dx.ssa.SCCP.replaceConstants()V @ 182
Event: 34.037 Thread 0x000000000227e000 Uncommon trap: reason=class_check action=maybe_recompile pc=0x000000000f8aaf8c method=com.android.dx.ssa.SCCP.replaceConstants()V @ 182
Event: 50.801 Thread 0x0000000007d36800 Uncommon trap: reason=class_check action=maybe_recompile pc=0x000000000fab6fa4 method=com.android.dx.cf.code.Simulator$SimVisitor.visitConstant(IIILcom/android/dx/rop/cst/Constant;I)V @ 103

Internal exceptions (10 events):
Event: 2.109 Thread 0x0000000007d39800 Exception <a 'java/lang/ArrayIndexOutOfBoundsException'> (0x00000000ed2dd798) thrown at [D:\re\workspace\8-2-build-windows-amd64-cygwin\jdk8u5\2488\hotspot\src\share\vm\runtime\sharedRuntime.cpp, line 595]
Event: 2.391 Thread 0x000000000227e000 Exception <a 'java/security/PrivilegedActionException'> (0x00000000ecdf7d10) thrown at [D:\re\workspace\8-2-build-windows-amd64-cygwin\jdk8u5\2488\hotspot\src\share\vm\prims\jvm.cpp, line 1248]
Event: 2.946 Thread 0x0000000007d36800 Exception <a 'java/security/PrivilegedActionException'> (0x00000000eba0a4e0) thrown at [D:\re\workspace\8-2-build-windows-amd64-cygwin\jdk8u5\2488\hotspot\src\share\vm\prims\jvm.cpp, line 1248]
Event: 3.620 Thread 0x000000000227e000 Exception <a 'java/security/PrivilegedActionException'> (0x00000000eef55ca8) thrown at [D:\re\workspace\8-2-build-windows-amd64-cygwin\jdk8u5\2488\hotspot\src\share\vm\prims\jvm.cpp, line 1248]
Event: 10.932 Thread 0x0000000007d42000 Exception <a 'java/security/PrivilegedActionException'> (0x00000000ebcff9d8) thrown at [D:\re\workspace\8-2-build-windows-amd64-cygwin\jdk8u5\2488\hotspot\src\share\vm\prims\jvm.cpp, line 1248]
Event: 10.946 Thread 0x0000000007d42000 Exception <a 'java/security/PrivilegedActionException'> (0x00000000ebe844f8) thrown at [D:\re\workspace\8-2-build-windows-amd64-cygwin\jdk8u5\2488\hotspot\src\share\vm\prims\jvm.cpp, line 1248]
Event: 14.693 Thread 0x0000000007d36800 Implicit null exception at 0x000000000f339792 to 0x000000000f339c65
Event: 21.130 Thread 0x0000000007d39800 Exception <a 'java/security/PrivilegedActionException'> (0x00000000f0ac11d8) thrown at [D:\re\workspace\8-2-build-windows-amd64-cygwin\jdk8u5\2488\hotspot\src\share\vm\prims\jvm.cpp, line 1248]
Event: 21.225 Thread 0x000000000227e000 Exception <a 'java/security/PrivilegedActionException'> (0x00000000f2401b80) thrown at [D:\re\workspace\8-2-build-windows-amd64-cygwin\jdk8u5\2488\hotspot\src\share\vm\prims\jvm.cpp, line 1248]
Event: 32.256 Thread 0x0000000007d36800 Exception <a 'java/security/PrivilegedActionException'> (0x00000000f0f31328) thrown at [D:\re\workspace\8-2-build-windows-amd64-cygwin\jdk8u5\2488\hotspot\src\share\vm\prims\jvm.cpp, line 1248]

Events (10 events):
Event: 64.403 Executing VM operation: ParallelGCFailedAllocation done
Event: 64.403 Executing VM operation: ParallelGCFailedAllocation
Event: 65.295 Executing VM operation: ParallelGCFailedAllocation done
Event: 65.295 Executing VM operation: ParallelGCFailedAllocation
Event: 66.286 Executing VM operation: ParallelGCFailedAllocation done
Event: 66.286 Executing VM operation: ParallelGCFailedAllocation
Event: 67.371 Executing VM operation: ParallelGCFailedAllocation done
Event: 67.371 Executing VM operation: ParallelGCFailedAllocation
Event: 68.454 Executing VM operation: ParallelGCFailedAllocation done
Event: 68.454 Executing VM operation: ParallelGCFailedAllocation


Dynamic libraries:
0x00007ff75a910000 - 0x00007ff75a944000 	C:\Program Files\Java\jdk1.8.0_05\bin\java.exe
0x00007ff974730000 - 0x00007ff9748f1000 	C:\WINDOWS\SYSTEM32\ntdll.dll
0x00007ff973fb0000 - 0x00007ff97405d000 	C:\WINDOWS\system32\KERNEL32.DLL
0x00007ff9713b0000 - 0x00007ff97158d000 	C:\WINDOWS\system32\KERNELBASE.dll
0x00007ff9722a0000 - 0x00007ff972346000 	C:\WINDOWS\system32\ADVAPI32.dll
0x00007ff973b70000 - 0x00007ff973c0d000 	C:\WINDOWS\system32\msvcrt.dll
0x00007ff972350000 - 0x00007ff9723ab000 	C:\WINDOWS\system32\sechost.dll
0x00007ff973e80000 - 0x00007ff973fa6000 	C:\WINDOWS\system32\RPCRT4.dll
0x00007ff974560000 - 0x00007ff9746ae000 	C:\WINDOWS\system32\USER32.dll
0x00007ff9743d0000 - 0x00007ff974556000 	C:\WINDOWS\system32\GDI32.dll
0x00007ff96c820000 - 0x00007ff96ca94000 	C:\WINDOWS\WinSxS\amd64_microsoft.windows.common-controls_6595b64144ccf1df_6.0.10240.16384_none_f41f7b285750ef43\COMCTL32.dll
0x00007ff9739d0000 - 0x00007ff973a06000 	C:\WINDOWS\system32\IMM32.DLL
0x00007ff973a10000 - 0x00007ff973b6c000 	C:\WINDOWS\system32\MSCTF.dll
0x00007ff971030000 - 0x00007ff971061000 	C:\Windows\system32\nvinitx.dll
0x00007ff971020000 - 0x00007ff97102a000 	C:\WINDOWS\SYSTEM32\VERSION.dll
0x000000000f000000 - 0x000000000f006000 	C:\Program Files\NVIDIA Corporation\CoProcManager\_etoured.dll
0x00007ff96eda0000 - 0x00007ff96edd3000 	C:\Program Files\NVIDIA Corporation\CoProcManager\nvd3d9wrapx.dll
0x00007ff9720d0000 - 0x00007ff972295000 	C:\WINDOWS\system32\SETUPAPI.dll
0x00007ff971590000 - 0x00007ff9715d4000 	C:\WINDOWS\system32\CFGMGR32.dll
0x00007ff96ed70000 - 0x00007ff96ed92000 	C:\Program Files\NVIDIA Corporation\CoProcManager\nvdxgiwrapx.dll
0x0000000057880000 - 0x0000000057952000 	C:\Program Files\Java\jdk1.8.0_05\jre\bin\msvcr100.dll
0x0000000057a50000 - 0x000000005827a000 	C:\Program Files\Java\jdk1.8.0_05\jre\bin\server\jvm.dll
0x00007ff971de0000 - 0x00007ff971de8000 	C:\WINDOWS\system32\PSAPI.DLL
0x00007ff96f370000 - 0x00007ff96f393000 	C:\WINDOWS\SYSTEM32\WINMM.dll
0x00007ff965e10000 - 0x00007ff965e19000 	C:\WINDOWS\SYSTEM32\WSOCK32.dll
0x00007ff9723b0000 - 0x00007ff972419000 	C:\WINDOWS\system32\WS2_32.dll
0x00007ff973dc0000 - 0x00007ff973dc8000 	C:\WINDOWS\system32\NSI.dll
0x00000000009f0000 - 0x0000000000a1c000 	C:\WINDOWS\SYSTEM32\WINMMBASE.dll
0x00007ff96f9c0000 - 0x00007ff96f9e7000 	C:\WINDOWS\SYSTEM32\DEVOBJ.dll
0x0000000058fd0000 - 0x0000000058fdf000 	C:\Program Files\Java\jdk1.8.0_05\jre\bin\verify.dll
0x0000000058fa0000 - 0x0000000058fc8000 	C:\Program Files\Java\jdk1.8.0_05\jre\bin\java.dll
0x0000000058f80000 - 0x0000000058f96000 	C:\Program Files\Java\jdk1.8.0_05\jre\bin\zip.dll
0x00007ff972420000 - 0x00007ff973942000 	C:\WINDOWS\system32\SHELL32.dll
0x00007ff9715e0000 - 0x00007ff971c08000 	C:\WINDOWS\system32\windows.storage.dll
0x00007ff971df0000 - 0x00007ff97206c000 	C:\WINDOWS\system32\combase.dll
0x00007ff973970000 - 0x00007ff9739c1000 	C:\WINDOWS\system32\shlwapi.dll
0x00007ff971140000 - 0x00007ff97114f000 	C:\WINDOWS\system32\kernel.appcore.dll
0x00007ff9711e0000 - 0x00007ff971293000 	C:\WINDOWS\system32\shcore.dll
0x00007ff971190000 - 0x00007ff9711da000 	C:\WINDOWS\system32\powrprof.dll
0x00007ff971150000 - 0x00007ff971163000 	C:\WINDOWS\system32\profapi.dll
0x0000000058f60000 - 0x0000000058f7a000 	C:\Program Files\Java\jdk1.8.0_05\jre\bin\net.dll
0x00007ff970900000 - 0x00007ff97095d000 	C:\WINDOWS\system32\mswsock.dll
0x00007ff96d010000 - 0x00007ff96d048000 	C:\WINDOWS\SYSTEM32\IPHLPAPI.DLL
0x00007ff96cb40000 - 0x00007ff96cb4b000 	C:\WINDOWS\SYSTEM32\WINNSI.DLL
0x00007ff969de0000 - 0x00007ff969df6000 	C:\WINDOWS\SYSTEM32\dhcpcsvc6.DLL
0x00007ff969dc0000 - 0x00007ff969dda000 	C:\WINDOWS\SYSTEM32\dhcpcsvc.DLL
0x00007ff958780000 - 0x00007ff95890a000 	C:\WINDOWS\SYSTEM32\dbghelp.dll

VM Arguments:
jvm_args: -Xmx1024M -Dfile.encoding=GBK -Duser.country=US -Duser.language=en -Duser.variant 
java_command: com.android.dx.command.Main --dex --num-threads=4 --multi-dex --main-dex-list E:\USA\courses\Advanced_Programming_Tools\Zijiang-Yang-APT\Connexus-Android\app\build\intermediates\multi-dex\debug\maindexlist.txt --output E:\USA\courses\Advanced_Programming_Tools\Zijiang-Yang-APT\Connexus-Android\app\build\intermediates\dex\debug E:\USA\courses\Advanced_Programming_Tools\Zijiang-Yang-APT\Connexus-Android\app\build\intermediates\multi-dex\debug\allclasses.jar
java_class_path (initial): D:\Program Files (x86)\AndroidSDK\build-tools\build-tools-23.0.1\lib\dx.jar
Launcher Type: SUN_STANDARD

Environment Variables:
JAVA_HOME=C:\Program Files\Java\jdk1.8.0_05
CLASSPATH=.;C:\Program Files\Java\jdk1.8.0_05\lib\dt.jar;C:\Program Files\Java\jdk1.8.0_05\lib\tools.jar;E:\CS_self_study\Algorithm\algs4.jar;E:\CS_self_study\Algorithm\stdlib.jar;
PATH=C:\Program Files (x86)\Common Files\Microsoft Shared\Windows Live;C:\Windows\system32;C:\Windows;C:\Windows\System32\Wbem;C:\Windows\System32\WindowsPowerShell\v1.0\;C:\Program Files\Lenovo\Bluetooth Software\;C:\Program Files\Lenovo\Bluetooth Software\syswow64;C:\Program Files (x86)\Common Files\Acronis\SnapAPI\;C:\Program Files (x86)\Microsoft SQL Server\100\Tools\Binn\;C:\Program Files (x86)\Microsoft SQL Server\100\DTS\Binn\;d:\Program Files\MATLAB\R2012a\runtime\win64;d:\Program Files\MATLAB\R2012a\bin;d:\Program Files\MATLAB\MATLAB Production Server\R2013b\runtime\win64;d:\Program Files\MATLAB\MATLAB Production Server\R2013b\bin;d:\Program Files\MATLAB\MATLAB Production Server\R2013b\polyspace\bin;C:\WINDOWS\system32;C:\WINDOWS;C:\WINDOWS\System32\Wbem;C:\WINDOWS\System32\WindowsPowerShell\v1.0\;C:\Program Files (x86)\NVIDIA Corporation\PhysX\Common;C:\Program Files (x86)\Skype\Phone\;C:\Users\Josh\.dnx\bin;C:\Program Files\Microsoft DNX\Dnvm\;C:\Program Files (x86)\Windows Kits\8.1\Windows Performance Toolkit\;D:\Program Files\Git\cmd;D:\Program Files (x86)\MiKTeX 2.9\miktex\bin\;C:\Program Files (x86)\Common Files\Microsoft Shared\Windows Live;D:\LeapDeveloperKit\LeapSDK\lib\x86;C:\Program Files\Java\jdk1.8.0_05\bin;C:\Program Files\Java\jdk1.8.0_05\jre\bin;D:\Program Files (x86)\eclipse\AndroidSDK\platform-tools;D:\Program Files (x86)\eclipse\AndroidSDK\tools;D:\Program Files (x86)\Oracle\VirtualBox;D:\cygwin64\bin;C:\Python27;C:\Python27\Scripts;C:\Users\Josh\AppData\Local\Code\bin
USERNAME=Josh
OS=Windows_NT
PROCESSOR_IDENTIFIER=Intel64 Family 6 Model 42 Stepping 7, GenuineIntel



---------------  S Y S T E M  ---------------

OS: Windows 8.1 , 64 bit Build 9600 

CPU:total 4 (2 cores per cpu, 2 threads per core) family 6 model 42 stepping 7, cmov, cx8, fxsr, mmx, sse, sse2, sse3, ssse3, sse4.1, sse4.2, popcnt, avx, aes, clmul, ht, tsc, tscinvbit

Memory: 4k page, physical 6233964k(409988k free), swap 6233964k(72656k free)

vm_info: Java HotSpot(TM) 64-Bit Server VM (25.5-b02) for windows-amd64 JRE (1.8.0_05-b13), built on Mar 18 2014 01:08:39 by "java_re" with MS VC++ 10.0 (VS2010)

time: Sun Oct 25 03:51:18 2015
elapsed time: 68 seconds

