#
# There is insufficient memory for the Java Runtime Environment to continue.
# Native memory allocation (malloc) failed to allocate 32744 bytes for ChunkPool::allocate
# Possible reasons:
#   The system is out of physical RAM or swap space
#   In 32 bit mode, the process size limit was hit
# Possible solutions:
#   Reduce memory load on the system
#   Increase physical memory or swap space
#   Check if swap backing store is full
#   Use 64 bit Java on a 64 bit OS
#   Decrease Java heap size (-Xmx/-Xms)
#   Decrease number of Java threads
#   Decrease Java thread stack sizes (-Xss)
#   Set larger code cache with -XX:ReservedCodeCacheSize=
# This output file may be truncated or incomplete.
#
#  Out of Memory Error (allocation.cpp:271), pid=9660, tid=5596
#
# JRE version: Java(TM) SE Runtime Environment (8.0_05-b13) (build 1.8.0_05-b13)
# Java VM: Java HotSpot(TM) 64-Bit Server VM (25.5-b02 mixed mode windows-amd64 compressed oops)
# Failed to write core dump. Minidumps are not enabled by default on client versions of Windows
#

---------------  T H R E A D  ---------------

Current thread (0x0000000006572800):  JavaThread "C2 CompilerThread1" daemon [_thread_in_native, id=5596, stack(0x0000000008070000,0x0000000008170000)]

Stack: [0x0000000008070000,0x0000000008170000]
Native frames: (J=compiled Java code, j=interpreted, Vv=VM code, C=native code)
V  [jvm.dll+0x308dea]


Current CompileTask:
C2:  22413 1971       4       com.android.dx.rop.code.Rops::ropFor (771 bytes)


---------------  P R O C E S S  ---------------

Java Threads: ( => current thread )
  0x0000000007d65000 JavaThread "pool-2-thread-4" [_thread_blocked, id=9152, stack(0x0000000009070000,0x0000000009170000)]
  0x0000000008566800 JavaThread "pool-2-thread-3" [_thread_blocked, id=7364, stack(0x0000000008f70000,0x0000000009070000)]
  0x0000000008566000 JavaThread "pool-2-thread-2" [_thread_blocked, id=8832, stack(0x0000000008e70000,0x0000000008f70000)]
  0x000000000856a800 JavaThread "pool-3-thread-1" [_thread_blocked, id=5068, stack(0x0000000008d70000,0x0000000008e70000)]
  0x0000000008567800 JavaThread "pool-2-thread-1" [_thread_blocked, id=7044, stack(0x0000000008c70000,0x0000000008d70000)]
  0x00000000065ad000 JavaThread "Service Thread" daemon [_thread_blocked, id=8952, stack(0x0000000008270000,0x0000000008370000)]
  0x0000000006579000 JavaThread "C1 CompilerThread2" daemon [_thread_blocked, id=5968, stack(0x0000000008170000,0x0000000008270000)]
=>0x0000000006572800 JavaThread "C2 CompilerThread1" daemon [_thread_in_native, id=5596, stack(0x0000000008070000,0x0000000008170000)]
  0x0000000006564000 JavaThread "C2 CompilerThread0" daemon [_thread_in_native, id=8604, stack(0x0000000007f70000,0x0000000008070000)]
  0x00000000079b3800 JavaThread "Attach Listener" daemon [_thread_blocked, id=4164, stack(0x0000000007e70000,0x0000000007f70000)]
  0x00000000079b2800 JavaThread "Signal Dispatcher" daemon [_thread_blocked, id=2740, stack(0x0000000007d70000,0x0000000007e70000)]
  0x0000000002e75000 JavaThread "Finalizer" daemon [_thread_blocked, id=7080, stack(0x00000000077b0000,0x00000000078b0000)]
  0x0000000006518000 JavaThread "Reference Handler" daemon [_thread_blocked, id=9812, stack(0x00000000076b0000,0x00000000077b0000)]
  0x000000000116e000 JavaThread "main" [_thread_blocked, id=2728, stack(0x00000000028f0000,0x00000000029f0000)]

Other Threads:
  0x0000000006517000 VMThread [stack: 0x00000000075b0000,0x00000000076b0000] [id=4804]
  0x0000000007a0b000 WatcherThread [stack: 0x0000000008370000,0x0000000008470000] [id=3796]

VM state:at safepoint (normal execution)

VM Mutex/Monitor currently owned by a thread:  ([mutex/lock_event])
[0x000000000116cba0] Threads_lock - owner thread: 0x0000000006517000
[0x000000000116d4a0] Heap_lock - owner thread: 0x0000000008566000

Heap:
 PSYoungGen      total 205824K, used 182576K [0x00000000eab00000, 0x00000000fb880000, 0x0000000100000000)
  eden space 143360K, 100% used [0x00000000eab00000,0x00000000f3700000,0x00000000f3700000)
  from space 62464K, 62% used [0x00000000f7b80000,0x00000000fa1cc140,0x00000000fb880000)
  to   space 61440K, 99% used [0x00000000f3700000,0x00000000f72fdd90,0x00000000f7300000)
 ParOldGen       total 283648K, used 252806K [0x00000000c0000000, 0x00000000d1500000, 0x00000000eab00000)
  object space 283648K, 89% used [0x00000000c0000000,0x00000000cf6e5bd8,0x00000000d1500000)
 Metaspace       used 6157K, capacity 7096K, committed 7296K, reserved 1056768K
  class space    used 612K, capacity 624K, committed 640K, reserved 1048576K

Card table byte_map: [0x0000000003240000,0x0000000003450000] byte_map_base: 0x0000000002c40000

Marking Bits: (ParMarkBitMap*) 0x00000000659713b0
 Begin Bits: [0x00000000039b0000, 0x00000000049b0000)
 End Bits:   [0x00000000049b0000, 0x00000000059b0000)

Polling page: 0x0000000000d10000

CodeCache: size=245760Kb used=10347Kb max_used=10362Kb free=235412Kb
 bounds [0x000000000f010000, 0x000000000fa40000, 0x000000001e010000]
 total_blobs=2553 nmethods=2286 adapters=180
 compilation: enabled

Compilation events (10 events):
Event: 21.844 Thread 0x0000000006572800 nmethod 2350 0x000000000fa2cd50 code [0x000000000fa2d060, 0x000000000fa2fa78]
Event: 21.847 Thread 0x0000000006572800 2402       4       com.android.dx.cf.code.Merger::mergeLocals (122 bytes)
Event: 21.879 Thread 0x0000000006572800 nmethod 2402 0x000000000fa2ab50 code [0x000000000fa2ad60, 0x000000000fa2bc00]
Event: 21.879 Thread 0x0000000006572800 2395       4       java.util.HashMap$TreeNode::find (172 bytes)
Event: 21.936 Thread 0x0000000006572800 nmethod 2395 0x000000000fa36350 code [0x000000000fa365a0, 0x000000000fa38468]
Event: 21.937 Thread 0x0000000006572800 1893       4       com.android.dx.ssa.InterferenceRegisterMapper::interferes (78 bytes)
Event: 21.943 Thread 0x0000000006572800 nmethod 1893 0x000000000fa24590 code [0x000000000fa24700, 0x000000000fa24a48]
Event: 21.943 Thread 0x0000000006572800 1834       4       com.android.dx.rop.type.Type::compareTo (9 bytes)
Event: 21.944 Thread 0x0000000006572800 nmethod 1834 0x000000000fa22910 code [0x000000000fa22a60, 0x000000000fa22bd8]
Event: 21.944 Thread 0x0000000006572800 1971       4       com.android.dx.rop.code.Rops::ropFor (771 bytes)

GC Heap History (10 events):
Event: 15.261 GC heap before
{Heap before GC invocations=35 (full 5):
 PSYoungGen      total 193536K, used 188398K [0x00000000eab00000, 0x00000000fa200000, 0x0000000100000000)
  eden space 150528K, 100% used [0x00000000eab00000,0x00000000f3e00000,0x00000000f3e00000)
  from space 43008K, 88% used [0x00000000f3e00000,0x00000000f62fba60,0x00000000f6800000)
  to   space 48128K, 0% used [0x00000000f7300000,0x00000000f7300000,0x00000000fa200000)
 ParOldGen       total 209408K, used 178754K [0x00000000c0000000, 0x00000000ccc80000, 0x00000000eab00000)
  object space 209408K, 85% used [0x00000000c0000000,0x00000000cae90870,0x00000000ccc80000)
 Metaspace       used 6149K, capacity 7096K, committed 7296K, reserved 1056768K
  class space    used 612K, capacity 624K, committed 640K, reserved 1048576K
Event: 15.512 GC heap after
Heap after GC invocations=35 (full 5):
 PSYoungGen      total 191488K, used 48122K [0x00000000eab00000, 0x00000000fbf00000, 0x0000000100000000)
  eden space 143360K, 0% used [0x00000000eab00000,0x00000000eab00000,0x00000000f3700000)
  from space 48128K, 99% used [0x00000000f7300000,0x00000000fa1fe998,0x00000000fa200000)
  to   space 61440K, 0% used [0x00000000f3700000,0x00000000f3700000,0x00000000f7300000)
 ParOldGen       total 209408K, used 192289K [0x00000000c0000000, 0x00000000ccc80000, 0x00000000eab00000)
  object space 209408K, 91% used [0x00000000c0000000,0x00000000cbbc8558,0x00000000ccc80000)
 Metaspace       used 6149K, capacity 7096K, committed 7296K, reserved 1056768K
  class space    used 612K, capacity 624K, committed 640K, reserved 1048576K
}
Event: 15.512 GC heap before
{Heap before GC invocations=36 (full 6):
 PSYoungGen      total 191488K, used 48122K [0x00000000eab00000, 0x00000000fbf00000, 0x0000000100000000)
  eden space 143360K, 0% used [0x00000000eab00000,0x00000000eab00000,0x00000000f3700000)
  from space 48128K, 99% used [0x00000000f7300000,0x00000000fa1fe998,0x00000000fa200000)
  to   space 61440K, 0% used [0x00000000f3700000,0x00000000f3700000,0x00000000f7300000)
 ParOldGen       total 209408K, used 192289K [0x00000000c0000000, 0x00000000ccc80000, 0x00000000eab00000)
  object space 209408K, 91% used [0x00000000c0000000,0x00000000cbbc8558,0x00000000ccc80000)
 Metaspace       used 6149K, capacity 7096K, committed 7296K, reserved 1056768K
  class space    used 612K, capacity 624K, committed 640K, reserved 1048576K
Event: 17.249 GC heap after
Heap after GC invocations=36 (full 6):
 PSYoungGen      total 191488K, used 30618K [0x00000000eab00000, 0x00000000fbf00000, 0x0000000100000000)
  eden space 143360K, 0% used [0x00000000eab00000,0x00000000eab00000,0x00000000f3700000)
  from space 48128K, 63% used [0x00000000f7300000,0x00000000f90e6a40,0x00000000fa200000)
  to   space 61440K, 0% used [0x00000000f3700000,0x00000000f3700000,0x00000000f7300000)
 ParOldGen       total 244224K, used 209233K [0x00000000c0000000, 0x00000000cee80000, 0x00000000eab00000)
  object space 244224K, 85% used [0x00000000c0000000,0x00000000ccc54400,0x00000000cee80000)
 Metaspace       used 6149K, capacity 7096K, committed 7296K, reserved 1056768K
  class space    used 612K, capacity 624K, committed 640K, reserved 1048576K
}
Event: 18.210 GC heap before
{Heap before GC invocations=37 (full 6):
 PSYoungGen      total 191488K, used 173978K [0x00000000eab00000, 0x00000000fbf00000, 0x0000000100000000)
  eden space 143360K, 100% used [0x00000000eab00000,0x00000000f3700000,0x00000000f3700000)
  from space 48128K, 63% used [0x00000000f7300000,0x00000000f90e6a40,0x00000000fa200000)
  to   space 61440K, 0% used [0x00000000f3700000,0x00000000f3700000,0x00000000f7300000)
 ParOldGen       total 244224K, used 209233K [0x00000000c0000000, 0x00000000cee80000, 0x00000000eab00000)
  object space 244224K, 85% used [0x00000000c0000000,0x00000000ccc54400,0x00000000cee80000)
 Metaspace       used 6155K, capacity 7096K, committed 7296K, reserved 1056768K
  class space    used 612K, capacity 624K, committed 640K, reserved 1048576K
Event: 18.402 GC heap after
Heap after GC invocations=37 (full 6):
 PSYoungGen      total 204800K, used 36680K [0x00000000eab00000, 0x00000000fb880000, 0x0000000100000000)
  eden space 143360K, 0% used [0x00000000eab00000,0x00000000eab00000,0x00000000f3700000)
  from space 61440K, 59% used [0x00000000f3700000,0x00000000f5ad22e0,0x00000000f7300000)
  to   space 62464K, 0% used [0x00000000f7b80000,0x00000000f7b80000,0x00000000fb880000)
 ParOldGen       total 244224K, used 226727K [0x00000000c0000000, 0x00000000cee80000, 0x00000000eab00000)
  object space 244224K, 92% used [0x00000000c0000000,0x00000000cdd69d70,0x00000000cee80000)
 Metaspace       used 6155K, capacity 7096K, committed 7296K, reserved 1056768K
  class space    used 612K, capacity 624K, committed 640K, reserved 1048576K
}
Event: 18.402 GC heap before
{Heap before GC invocations=38 (full 7):
 PSYoungGen      total 204800K, used 36680K [0x00000000eab00000, 0x00000000fb880000, 0x0000000100000000)
  eden space 143360K, 0% used [0x00000000eab00000,0x00000000eab00000,0x00000000f3700000)
  from space 61440K, 59% used [0x00000000f3700000,0x00000000f5ad22e0,0x00000000f7300000)
  to   space 62464K, 0% used [0x00000000f7b80000,0x00000000f7b80000,0x00000000fb880000)
 ParOldGen       total 244224K, used 226727K [0x00000000c0000000, 0x00000000cee80000, 0x00000000eab00000)
  object space 244224K, 92% used [0x00000000c0000000,0x00000000cdd69d70,0x00000000cee80000)
 Metaspace       used 6155K, capacity 7096K, committed 7296K, reserved 1056768K
  class space    used 612K, capacity 624K, committed 640K, reserved 1048576K
Event: 20.514 GC heap after
Heap after GC invocations=38 (full 7):
 PSYoungGen      total 204800K, used 18103K [0x00000000eab00000, 0x00000000fb880000, 0x0000000100000000)
  eden space 143360K, 0% used [0x00000000eab00000,0x00000000eab00000,0x00000000f3700000)
  from space 61440K, 29% used [0x00000000f3700000,0x00000000f48adf38,0x00000000f7300000)
  to   space 62464K, 0% used [0x00000000f7b80000,0x00000000f7b80000,0x00000000fb880000)
 ParOldGen       total 283648K, used 243935K [0x00000000c0000000, 0x00000000d1500000, 0x00000000eab00000)
  object space 283648K, 85% used [0x00000000c0000000,0x00000000cee37d18,0x00000000d1500000)
 Metaspace       used 6155K, capacity 7096K, committed 7296K, reserved 1056768K
  class space    used 612K, capacity 624K, committed 640K, reserved 1048576K
}
Event: 21.086 GC heap before
{Heap before GC invocations=39 (full 7):
 PSYoungGen      total 204800K, used 161463K [0x00000000eab00000, 0x00000000fb880000, 0x0000000100000000)
  eden space 143360K, 100% used [0x00000000eab00000,0x00000000f3700000,0x00000000f3700000)
  from space 61440K, 29% used [0x00000000f3700000,0x00000000f48adf38,0x00000000f7300000)
  to   space 62464K, 0% used [0x00000000f7b80000,0x00000000f7b80000,0x00000000fb880000)
 ParOldGen       total 283648K, used 243935K [0x00000000c0000000, 0x00000000d1500000, 0x00000000eab00000)
  object space 283648K, 85% used [0x00000000c0000000,0x00000000cee37d18,0x00000000d1500000)
 Metaspace       used 6157K, capacity 7096K, committed 7296K, reserved 1056768K
  class space    used 612K, capacity 624K, committed 640K, reserved 1048576K
Event: 21.292 GC heap after
Heap after GC invocations=39 (full 7):
 PSYoungGen      total 205824K, used 39216K [0x00000000eab00000, 0x00000000fb880000, 0x0000000100000000)
  eden space 143360K, 0% used [0x00000000eab00000,0x00000000eab00000,0x00000000f3700000)
  from space 62464K, 62% used [0x00000000f7b80000,0x00000000fa1cc140,0x00000000fb880000)
  to   space 61440K, 0% used [0x00000000f3700000,0x00000000f3700000,0x00000000f7300000)
 ParOldGen       total 283648K, used 243943K [0x00000000c0000000, 0x00000000d1500000, 0x00000000eab00000)
  object space 283648K, 86% used [0x00000000c0000000,0x00000000cee39d18,0x00000000d1500000)
 Metaspace       used 6157K, capacity 7096K, committed 7296K, reserved 1056768K
  class space    used 612K, capacity 624K, committed 640K, reserved 1048576K
}

Deoptimization events (10 events):
Event: 3.565 Thread 0x000000000116e000 Uncommon trap: reason=bimorphic action=maybe_recompile pc=0x000000000f77c99c method=com.android.dx.cf.code.BytecodeArray.parseInstruction(ILcom/android/dx/cf/code/BytecodeArray$Visitor;)I @ 955
Event: 3.565 Thread 0x000000000116e000 Uncommon trap: reason=bimorphic action=maybe_recompile pc=0x000000000f77ca64 method=com.android.dx.cf.code.BytecodeArray.parseInstruction(ILcom/android/dx/cf/code/BytecodeArray$Visitor;)I @ 987
Event: 3.565 Thread 0x000000000116e000 Uncommon trap: reason=bimorphic action=maybe_recompile pc=0x000000000f77cd34 method=com.android.dx.cf.code.BytecodeArray.parseInstruction(ILcom/android/dx/cf/code/BytecodeArray$Visitor;)I @ 1130
Event: 3.565 Thread 0x000000000116e000 Uncommon trap: reason=bimorphic action=maybe_recompile pc=0x000000000f77cd34 method=com.android.dx.cf.code.BytecodeArray.parseInstruction(ILcom/android/dx/cf/code/BytecodeArray$Visitor;)I @ 1130
Event: 3.753 Thread 0x000000000116e000 Uncommon trap: reason=class_check action=maybe_recompile pc=0x000000000f719a20 method=com.android.dx.ssa.SCCP.simulateBranch(Lcom/android/dx/ssa/SsaInsn;)V @ 145
Event: 3.888 Thread 0x000000000116e000 Uncommon trap: reason=class_check action=maybe_recompile pc=0x000000000f719a20 method=com.android.dx.ssa.SCCP.simulateBranch(Lcom/android/dx/ssa/SsaInsn;)V @ 145
Event: 4.352 Thread 0x0000000008566800 Uncommon trap: reason=unreached action=reinterpret pc=0x000000000f80b564 method=com.android.dx.cf.code.BytecodeArray.parseInstruction(ILcom/android/dx/cf/code/BytecodeArray$Visitor;)I @ 1261
Event: 6.330 Thread 0x000000000116e000 Uncommon trap: reason=unreached action=reinterpret pc=0x000000000f1ac870 method=java.util.zip.ZipCoder.decoder()Ljava/nio/charset/CharsetDecoder; @ 4
Event: 6.330 Thread 0x000000000116e000 Uncommon trap: reason=unreached action=reinterpret pc=0x000000000f1b2998 method=java.util.zip.ZipEntry.setExtra0([BZ)V @ 1
Event: 8.159 Thread 0x0000000008566800 Uncommon trap: reason=unreached action=reinterpret pc=0x000000000f3aabe4 method=java.util.HashMap.putVal(ILjava/lang/Object;Ljava/lang/Object;ZZ)Ljava/lang/Object; @ 109

Internal exceptions (10 events):
Event: 1.370 Thread 0x000000000116e000 Exception <a 'java/security/PrivilegedActionException'> (0x00000000eac85ab8) thrown at [D:\re\workspace\8-2-build-windows-amd64-cygwin\jdk8u5\2488\hotspot\src\share\vm\prims\jvm.cpp, line 1248]
Event: 1.372 Thread 0x000000000116e000 Exception <a 'java/security/PrivilegedActionException'> (0x00000000eacbdb98) thrown at [D:\re\workspace\8-2-build-windows-amd64-cygwin\jdk8u5\2488\hotspot\src\share\vm\prims\jvm.cpp, line 1248]
Event: 1.519 Thread 0x0000000008566800 Exception <a 'java/security/PrivilegedActionException'> (0x00000000eab71d00) thrown at [D:\re\workspace\8-2-build-windows-amd64-cygwin\jdk8u5\2488\hotspot\src\share\vm\prims\jvm.cpp, line 1248]
Event: 1.834 Thread 0x0000000008566000 Implicit null exception at 0x000000000f6cf2c5 to 0x000000000f6d1201
Event: 1.940 Thread 0x0000000007d65000 Exception <a 'java/lang/ArrayIndexOutOfBoundsException': 18> (0x00000000eb420c28) thrown at [D:\re\workspace\8-2-build-windows-amd64-cygwin\jdk8u5\2488\hotspot\src\share\vm\interpreter\interpreterRuntime.cpp, line 337]
Event: 1.940 Thread 0x0000000007d65000 Exception <a 'java/lang/ArrayIndexOutOfBoundsException': 145> (0x00000000eb4226c0) thrown at [D:\re\workspace\8-2-build-windows-amd64-cygwin\jdk8u5\2488\hotspot\src\share\vm\interpreter\interpreterRuntime.cpp, line 337]
Event: 1.941 Thread 0x0000000007d65000 Exception <a 'java/lang/ArrayIndexOutOfBoundsException'> (0x00000000eb4238d8) thrown at [D:\re\workspace\8-2-build-windows-amd64-cygwin\jdk8u5\2488\hotspot\src\share\vm\runtime\sharedRuntime.cpp, line 595]
Event: 2.366 Thread 0x0000000008567800 Exception <a 'java/security/PrivilegedActionException'> (0x00000000ec26b220) thrown at [D:\re\workspace\8-2-build-windows-amd64-cygwin\jdk8u5\2488\hotspot\src\share\vm\prims\jvm.cpp, line 1248]
Event: 6.328 Thread 0x000000000116e000 Exception <a 'java/security/PrivilegedActionException'> (0x00000000f16dd8c8) thrown at [D:\re\workspace\8-2-build-windows-amd64-cygwin\jdk8u5\2488\hotspot\src\share\vm\prims\jvm.cpp, line 1248]
Event: 6.330 Thread 0x000000000116e000 Implicit null exception at 0x000000000f1ac2ba to 0x000000000f1ac855

Events (10 events):
Event: 21.466 Thread 0x0000000008566800 DEOPT PACKING pc=0x000000000f451949 sp=0x000000000906e810
Event: 21.466 Thread 0x0000000008566800 DEOPT UNPACKING pc=0x000000000f057604 sp=0x000000000906e650 mode 0
Event: 21.520 Thread 0x0000000008566800 DEOPT PACKING pc=0x000000000f45161a sp=0x000000000906e810
Event: 21.520 Thread 0x0000000008566800 DEOPT UNPACKING pc=0x000000000f057604 sp=0x000000000906e650 mode 0
Event: 21.550 Thread 0x0000000008567800 DEOPT PACKING pc=0x000000000f391ea5 sp=0x0000000008d6ed00
Event: 21.550 Thread 0x0000000008567800 DEOPT UNPACKING pc=0x000000000f057604 sp=0x0000000008d6eaa0 mode 0
Event: 21.570 Thread 0x000000000116e000 DEOPT PACKING pc=0x000000000f451816 sp=0x00000000029edf30
Event: 21.570 Thread 0x000000000116e000 DEOPT UNPACKING pc=0x000000000f057604 sp=0x00000000029edd70 mode 0
Event: 21.722 Thread 0x000000000116e000 DEOPT PACKING pc=0x000000000f391ea5 sp=0x00000000029ee100
Event: 21.722 Thread 0x000000000116e000 DEOPT UNPACKING pc=0x000000000f057604 sp=0x00000000029edea0 mode 0


Dynamic libraries:
0x00007ff7b4fc0000 - 0x00007ff7b4ff4000 	C:\Program Files\Java\jdk1.8.0_05\bin\java.exe
0x00007ffc12260000 - 0x00007ffc12421000 	C:\WINDOWS\SYSTEM32\ntdll.dll
0x00007ffc121b0000 - 0x00007ffc1225d000 	C:\WINDOWS\system32\KERNEL32.DLL
0x00007ffc0ee80000 - 0x00007ffc0f05d000 	C:\WINDOWS\system32\KERNELBASE.dll
0x00007ffc10740000 - 0x00007ffc107e6000 	C:\WINDOWS\system32\ADVAPI32.dll
0x00007ffc0fc70000 - 0x00007ffc0fd0d000 	C:\WINDOWS\system32\msvcrt.dll
0x00007ffc11f60000 - 0x00007ffc11fbb000 	C:\WINDOWS\system32\sechost.dll
0x00007ffc0fe70000 - 0x00007ffc0ff96000 	C:\WINDOWS\system32\RPCRT4.dll
0x00007ffc12000000 - 0x00007ffc1214e000 	C:\WINDOWS\system32\USER32.dll
0x00007ffc10840000 - 0x00007ffc109c6000 	C:\WINDOWS\system32\GDI32.dll
0x00007ffc0a090000 - 0x00007ffc0a304000 	C:\WINDOWS\WinSxS\amd64_microsoft.windows.common-controls_6595b64144ccf1df_6.0.10240.16384_none_f41f7b285750ef43\COMCTL32.dll
0x00007ffc107f0000 - 0x00007ffc10826000 	C:\WINDOWS\system32\IMM32.DLL
0x00007ffc0fd10000 - 0x00007ffc0fe6c000 	C:\WINDOWS\system32\MSCTF.dll
0x00007ffc0eb60000 - 0x00007ffc0eb91000 	C:\Windows\system32\nvinitx.dll
0x00007ffc0eb50000 - 0x00007ffc0eb5a000 	C:\WINDOWS\SYSTEM32\VERSION.dll
0x000000000f000000 - 0x000000000f006000 	C:\Program Files\NVIDIA Corporation\CoProcManager\_etoured.dll
0x00007ffc0c970000 - 0x00007ffc0c9a3000 	C:\Program Files\NVIDIA Corporation\CoProcManager\nvd3d9wrapx.dll
0x00007ffc0faa0000 - 0x00007ffc0fc65000 	C:\WINDOWS\system32\SETUPAPI.dll
0x00007ffc0f0c0000 - 0x00007ffc0f104000 	C:\WINDOWS\system32\CFGMGR32.dll
0x00007ffc0c920000 - 0x00007ffc0c942000 	C:\Program Files\NVIDIA Corporation\CoProcManager\nvdxgiwrapx.dll
0x0000000064d80000 - 0x0000000064e52000 	C:\Program Files\Java\jdk1.8.0_05\jre\bin\msvcr100.dll
0x00000000651c0000 - 0x00000000659ea000 	C:\Program Files\Java\jdk1.8.0_05\jre\bin\server\jvm.dll
0x00007ffc10830000 - 0x00007ffc10838000 	C:\WINDOWS\system32\PSAPI.DLL
0x00007ffc05c20000 - 0x00007ffc05c29000 	C:\WINDOWS\SYSTEM32\WSOCK32.dll
0x00007ffc0cc60000 - 0x00007ffc0cc83000 	C:\WINDOWS\SYSTEM32\WINMM.dll
0x00007ffc10440000 - 0x00007ffc104a9000 	C:\WINDOWS\system32\WS2_32.dll
0x00007ffc11ff0000 - 0x00007ffc11ff8000 	C:\WINDOWS\system32\NSI.dll
0x00000000028c0000 - 0x00000000028ec000 	C:\WINDOWS\SYSTEM32\WINMMBASE.dll
0x00007ffc0d4f0000 - 0x00007ffc0d517000 	C:\WINDOWS\SYSTEM32\DEVOBJ.dll
0x0000000066180000 - 0x000000006618f000 	C:\Program Files\Java\jdk1.8.0_05\jre\bin\verify.dll
0x0000000066150000 - 0x0000000066178000 	C:\Program Files\Java\jdk1.8.0_05\jre\bin\java.dll
0x00000000651a0000 - 0x00000000651b6000 	C:\Program Files\Java\jdk1.8.0_05\jre\bin\zip.dll
0x00007ffc109d0000 - 0x00007ffc11ef2000 	C:\WINDOWS\system32\SHELL32.dll
0x00007ffc0f2e0000 - 0x00007ffc0f908000 	C:\WINDOWS\system32\windows.storage.dll
0x00007ffc10160000 - 0x00007ffc103dc000 	C:\WINDOWS\system32\combase.dll
0x00007ffc11f00000 - 0x00007ffc11f51000 	C:\WINDOWS\system32\shlwapi.dll
0x00007ffc0ec70000 - 0x00007ffc0ec7f000 	C:\WINDOWS\system32\kernel.appcore.dll
0x00000000078b0000 - 0x0000000007963000 	C:\WINDOWS\system32\shcore.dll
0x00007ffc0ecc0000 - 0x00007ffc0ed0a000 	C:\WINDOWS\system32\powrprof.dll
0x00007ffc0ec80000 - 0x00007ffc0ec93000 	C:\WINDOWS\system32\profapi.dll
0x00007ffbf73e0000 - 0x00007ffbf756a000 	C:\WINDOWS\SYSTEM32\dbghelp.dll

VM Arguments:
jvm_args: -Xmx1024M -Dfile.encoding=GBK -Duser.country=US -Duser.language=en -Duser.variant 
java_command: com.android.dx.command.Main --dex --num-threads=4 --multi-dex --main-dex-list E:\USA\courses\Advanced_Programming_Tools\Zijiang-Yang-APT\Connexus-Android\app\build\intermediates\multi-dex\debug\maindexlist.txt --output E:\USA\courses\Advanced_Programming_Tools\Zijiang-Yang-APT\Connexus-Android\app\build\intermediates\dex\debug E:\USA\courses\Advanced_Programming_Tools\Zijiang-Yang-APT\Connexus-Android\app\build\intermediates\multi-dex\debug\allclasses.jar
java_class_path (initial): D:\Program Files (x86)\AndroidSDK\build-tools\build-tools-23.0.1\lib\dx.jar
Launcher Type: SUN_STANDARD

Environment Variables:
JAVA_HOME=C:\Program Files\Java\jdk1.8.0_05
CLASSPATH=.;C:\Program Files\Java\jdk1.8.0_05\lib\dt.jar;C:\Program Files\Java\jdk1.8.0_05\lib\tools.jar;E:\CS_self_study\Algorithm\algs4.jar;E:\CS_self_study\Algorithm\stdlib.jar;
PATH=C:\Program Files (x86)\Common Files\Microsoft Shared\Windows Live;C:\Windows\system32;C:\Windows;C:\Windows\System32\Wbem;C:\Windows\System32\WindowsPowerShell\v1.0\;C:\Program Files\Lenovo\Bluetooth Software\;C:\Program Files\Lenovo\Bluetooth Software\syswow64;C:\Program Files (x86)\Common Files\Acronis\SnapAPI\;C:\Program Files (x86)\Microsoft SQL Server\100\Tools\Binn\;C:\Program Files (x86)\Microsoft SQL Server\100\DTS\Binn\;d:\Program Files\MATLAB\R2012a\runtime\win64;d:\Program Files\MATLAB\R2012a\bin;d:\Program Files\MATLAB\MATLAB Production Server\R2013b\runtime\win64;d:\Program Files\MATLAB\MATLAB Production Server\R2013b\bin;d:\Program Files\MATLAB\MATLAB Production Server\R2013b\polyspace\bin;C:\WINDOWS\system32;C:\WINDOWS;C:\WINDOWS\System32\Wbem;C:\WINDOWS\System32\WindowsPowerShell\v1.0\;C:\Program Files (x86)\NVIDIA Corporation\PhysX\Common;C:\Program Files (x86)\Skype\Phone\;C:\Users\Josh\.dnx\bin;C:\Program Files\Microsoft DNX\Dnvm\;C:\Program Files (x86)\Windows Kits\8.1\Windows Performance Toolkit\;D:\Program Files\Git\cmd;D:\Program Files (x86)\MiKTeX 2.9\miktex\bin\;C:\Program Files (x86)\Common Files\Microsoft Shared\Windows Live;D:\LeapDeveloperKit\LeapSDK\lib\x86;C:\Program Files\Java\jdk1.8.0_05\bin;C:\Program Files\Java\jdk1.8.0_05\jre\bin;D:\Program Files (x86)\eclipse\AndroidSDK\platform-tools;D:\Program Files (x86)\eclipse\AndroidSDK\tools;D:\Program Files (x86)\Oracle\VirtualBox;D:\cygwin64\bin;C:\Python27;C:\Python27\Scripts;C:\Users\Josh\AppData\Local\Code\bin
USERNAME=Josh
OS=Windows_NT
PROCESSOR_IDENTIFIER=Intel64 Family 6 Model 42 Stepping 7, GenuineIntel



---------------  S Y S T E M  ---------------

OS: Windows 8.1 , 64 bit Build 9600 

CPU:total 4 (2 cores per cpu, 2 threads per core) family 6 model 42 stepping 7, cmov, cx8, fxsr, mmx, sse, sse2, sse3, ssse3, sse4.1, sse4.2, popcnt, avx, aes, clmul, ht, tsc, tscinvbit

Memory: 4k page, physical 6233964k(372588k free), swap 6233964k(4492k free)

vm_info: Java HotSpot(TM) 64-Bit Server VM (25.5-b02) for windows-amd64 JRE (1.8.0_05-b13), built on Mar 18 2014 01:08:39 by "java_re" with MS VC++ 10.0 (VS2010)

time: Fri Oct 16 22:07:18 2015
elapsed time: 22 seconds

