#
# There is insufficient memory for the Java Runtime Environment to continue.
# Native memory allocation (malloc) failed to allocate 1080256 bytes for Chunk::new
# Possible reasons:
#   The system is out of physical RAM or swap space
#   In 32 bit mode, the process size limit was hit
# Possible solutions:
#   Reduce memory load on the system
#   Increase physical memory or swap space
#   Check if swap backing store is full
#   Use 64 bit Java on a 64 bit OS
#   Decrease Java heap size (-Xmx/-Xms)
#   Decrease number of Java threads
#   Decrease Java thread stack sizes (-Xss)
#   Set larger code cache with -XX:ReservedCodeCacheSize=
# This output file may be truncated or incomplete.
#
#  Out of Memory Error (allocation.cpp:388), pid=6228, tid=80
#
# JRE version: Java(TM) SE Runtime Environment (8.0_05-b13) (build 1.8.0_05-b13)
# Java VM: Java HotSpot(TM) 64-Bit Server VM (25.5-b02 mixed mode windows-amd64 compressed oops)
# Failed to write core dump. Minidumps are not enabled by default on client versions of Windows
#

---------------  T H R E A D  ---------------

Current thread (0x000000000668e800):  JavaThread "C2 CompilerThread0" daemon [_thread_in_native, id=80, stack(0x0000000007fd0000,0x00000000080d0000)]

Stack: [0x0000000007fd0000,0x00000000080d0000]
Native frames: (J=compiled Java code, j=interpreted, Vv=VM code, C=native code)
V  [jvm.dll+0x308dea]


Current CompileTask:
C2:  19022 2284       4       com.android.dx.ssa.ConstCollector::updateConstUses (248 bytes)


---------------  P R O C E S S  ---------------

Java Threads: ( => current thread )
  0x0000000008617800 JavaThread "pool-2-thread-4" [_thread_blocked, id=8944, stack(0x00000000090d0000,0x00000000091d0000)]
  0x0000000008616800 JavaThread "pool-2-thread-3" [_thread_blocked, id=8624, stack(0x0000000008fd0000,0x00000000090d0000)]
  0x0000000008616000 JavaThread "pool-2-thread-2" [_thread_blocked, id=6476, stack(0x0000000008ed0000,0x0000000008fd0000)]
  0x00000000089ae000 JavaThread "pool-3-thread-1" [_thread_blocked, id=6580, stack(0x0000000008dd0000,0x0000000008ed0000)]
  0x00000000085e4000 JavaThread "pool-2-thread-1" [_thread_blocked, id=3468, stack(0x0000000008cd0000,0x0000000008dd0000)]
  0x0000000007a6a800 JavaThread "Service Thread" daemon [_thread_blocked, id=3296, stack(0x00000000082d0000,0x00000000083d0000)]
  0x0000000006697000 JavaThread "C1 CompilerThread2" daemon [_thread_blocked, id=8368, stack(0x00000000081d0000,0x00000000082d0000)]
  0x0000000006691000 JavaThread "C2 CompilerThread1" daemon [_thread_in_native, id=2704, stack(0x00000000080d0000,0x00000000081d0000)]
=>0x000000000668e800 JavaThread "C2 CompilerThread0" daemon [_thread_in_native, id=80, stack(0x0000000007fd0000,0x00000000080d0000)]
  0x0000000007a12800 JavaThread "Attach Listener" daemon [_thread_blocked, id=8840, stack(0x0000000007ed0000,0x0000000007fd0000)]
  0x0000000006684800 JavaThread "Signal Dispatcher" daemon [_thread_blocked, id=3668, stack(0x0000000007dd0000,0x0000000007ed0000)]
  0x0000000002f95000 JavaThread "Finalizer" daemon [_thread_blocked, id=4736, stack(0x00000000078d0000,0x00000000079d0000)]
  0x0000000006638000 JavaThread "Reference Handler" daemon [_thread_blocked, id=7916, stack(0x00000000077d0000,0x00000000078d0000)]
  0x0000000002e9e000 JavaThread "main" [_thread_blocked, id=9204, stack(0x0000000002cf0000,0x0000000002df0000)]

Other Threads:
  0x0000000006637000 VMThread [stack: 0x00000000076d0000,0x00000000077d0000] [id=1436]
  0x0000000007a6c800 WatcherThread [stack: 0x00000000083d0000,0x00000000084d0000] [id=1784]

VM state:not at safepoint (normal execution)

VM Mutex/Monitor currently owned by a thread: None

Heap:
 PSYoungGen      total 181248K, used 45824K [0x00000000eab00000, 0x00000000fa700000, 0x0000000100000000)
  eden space 136192K, 33% used [0x00000000eab00000,0x00000000ed7c0120,0x00000000f3000000)
  from space 45056K, 0% used [0x00000000f3000000,0x00000000f3000000,0x00000000f5c00000)
  to   space 56832K, 0% used [0x00000000f6f80000,0x00000000f6f80000,0x00000000fa700000)
 ParOldGen       total 202240K, used 202214K [0x00000000c0000000, 0x00000000cc580000, 0x00000000eab00000)
  object space 202240K, 99% used [0x00000000c0000000,0x00000000cc579870,0x00000000cc580000)
 Metaspace       used 6164K, capacity 7096K, committed 7296K, reserved 1056768K
  class space    used 611K, capacity 624K, committed 640K, reserved 1048576K

Card table byte_map: [0x0000000003360000,0x0000000003570000] byte_map_base: 0x0000000002d60000

Marking Bits: (ParMarkBitMap*) 0x000000006a8013b0
 Begin Bits: [0x0000000003ad0000, 0x0000000004ad0000)
 End Bits:   [0x0000000004ad0000, 0x0000000005ad0000)

Polling page: 0x00000000028d0000

CodeCache: size=245760Kb used=9953Kb max_used=9953Kb free=235806Kb
 bounds [0x000000000f010000, 0x000000000f9e0000, 0x000000001e010000]
 total_blobs=2481 nmethods=2214 adapters=180
 compilation: enabled

Compilation events (10 events):
Event: 17.049 Thread 0x0000000006697000 2361   !   2       com.android.dx.cf.direct.AnnotationParser::parseParameterAttribute (43 bytes)
Event: 17.049 Thread 0x0000000006697000 nmethod 2361 0x000000000f9ba790 code [0x000000000f9ba920, 0x000000000f9bac38]
Event: 17.049 Thread 0x0000000006697000 2363   !   2       com.android.dx.cf.attrib.BaseParameterAnnotations::<init> (48 bytes)
Event: 17.050 Thread 0x0000000006697000 nmethod 2363 0x000000000f9ba050 code [0x000000000f9ba1e0, 0x000000000f9ba568]
Event: 17.050 Thread 0x0000000006697000 2364       2       com.android.dx.cf.attrib.BaseParameterAnnotations::byteLength (8 bytes)
Event: 17.050 Thread 0x0000000006697000 nmethod 2364 0x000000000f9cf1d0 code [0x000000000f9cf320, 0x000000000f9cf470]
Event: 17.073 Thread 0x0000000006697000 2365       2       com.android.dx.dex.file.UniformListItem::<init> (37 bytes)
Event: 17.073 Thread 0x0000000006697000 nmethod 2365 0x000000000f9cf510 code [0x000000000f9cf6e0, 0x000000000f9cfac8]
Event: 17.109 Thread 0x0000000006697000 2366   !   2       com.android.dx.dex.code.OutputFinisher::reverseBranch (73 bytes)
Event: 17.110 Thread 0x0000000006697000 nmethod 2366 0x000000000f9cfdd0 code [0x000000000f9cffe0, 0x000000000f9d06c8]

GC Heap History (10 events):
Event: 12.209 GC heap before
{Heap before GC invocations=35 (full 4):
 PSYoungGen      total 172544K, used 20816K [0x00000000eab00000, 0x00000000f8300000, 0x0000000100000000)
  eden space 132096K, 0% used [0x00000000eab00000,0x00000000eab00000,0x00000000f2c00000)
  from space 40448K, 51% used [0x00000000f2c00000,0x00000000f4054078,0x00000000f5380000)
  to   space 39936K, 0% used [0x00000000f5c00000,0x00000000f5c00000,0x00000000f8300000)
 ParOldGen       total 168960K, used 168520K [0x00000000c0000000, 0x00000000ca500000, 0x00000000eab00000)
  object space 168960K, 99% used [0x00000000c0000000,0x00000000ca4923f0,0x00000000ca500000)
 Metaspace       used 6154K, capacity 7096K, committed 7296K, reserved 1056768K
  class space    used 611K, capacity 624K, committed 640K, reserved 1048576K
Event: 13.458 GC heap after
Heap after GC invocations=35 (full 4):
 PSYoungGen      total 172544K, used 19082K [0x00000000eab00000, 0x00000000f8300000, 0x0000000100000000)
  eden space 132096K, 0% used [0x00000000eab00000,0x00000000eab00000,0x00000000f2c00000)
  from space 40448K, 47% used [0x00000000f2c00000,0x00000000f3ea2828,0x00000000f5380000)
  to   space 39936K, 0% used [0x00000000f5c00000,0x00000000f5c00000,0x00000000f8300000)
 ParOldGen       total 202240K, used 168549K [0x00000000c0000000, 0x00000000cc580000, 0x00000000eab00000)
  object space 202240K, 83% used [0x00000000c0000000,0x00000000ca499688,0x00000000cc580000)
 Metaspace       used 6154K, capacity 7096K, committed 7296K, reserved 1056768K
  class space    used 611K, capacity 624K, committed 640K, reserved 1048576K
}
Event: 14.244 GC heap before
{Heap before GC invocations=36 (full 4):
 PSYoungGen      total 172544K, used 151178K [0x00000000eab00000, 0x00000000f8300000, 0x0000000100000000)
  eden space 132096K, 100% used [0x00000000eab00000,0x00000000f2c00000,0x00000000f2c00000)
  from space 40448K, 47% used [0x00000000f2c00000,0x00000000f3ea2828,0x00000000f5380000)
  to   space 39936K, 0% used [0x00000000f5c00000,0x00000000f5c00000,0x00000000f8300000)
 ParOldGen       total 202240K, used 168549K [0x00000000c0000000, 0x00000000cc580000, 0x00000000eab00000)
  object space 202240K, 83% used [0x00000000c0000000,0x00000000ca499688,0x00000000cc580000)
 Metaspace       used 6157K, capacity 7096K, committed 7296K, reserved 1056768K
  class space    used 611K, capacity 624K, committed 640K, reserved 1048576K
Event: 14.395 GC heap after
Heap after GC invocations=36 (full 4):
 PSYoungGen      total 176128K, used 36109K [0x00000000eab00000, 0x00000000f8c00000, 0x0000000100000000)
  eden space 136192K, 0% used [0x00000000eab00000,0x00000000eab00000,0x00000000f3000000)
  from space 39936K, 90% used [0x00000000f5c00000,0x00000000f7f436c8,0x00000000f8300000)
  to   space 45056K, 0% used [0x00000000f3000000,0x00000000f3000000,0x00000000f5c00000)
 ParOldGen       total 202240K, used 168557K [0x00000000c0000000, 0x00000000cc580000, 0x00000000eab00000)
  object space 202240K, 83% used [0x00000000c0000000,0x00000000ca49b688,0x00000000cc580000)
 Metaspace       used 6157K, capacity 7096K, committed 7296K, reserved 1056768K
  class space    used 611K, capacity 624K, committed 640K, reserved 1048576K
}
Event: 15.078 GC heap before
{Heap before GC invocations=37 (full 4):
 PSYoungGen      total 176128K, used 172301K [0x00000000eab00000, 0x00000000f8c00000, 0x0000000100000000)
  eden space 136192K, 100% used [0x00000000eab00000,0x00000000f3000000,0x00000000f3000000)
  from space 39936K, 90% used [0x00000000f5c00000,0x00000000f7f436c8,0x00000000f8300000)
  to   space 45056K, 0% used [0x00000000f3000000,0x00000000f3000000,0x00000000f5c00000)
 ParOldGen       total 202240K, used 168557K [0x00000000c0000000, 0x00000000cc580000, 0x00000000eab00000)
  object space 202240K, 83% used [0x00000000c0000000,0x00000000ca49b688,0x00000000cc580000)
 Metaspace       used 6160K, capacity 7096K, committed 7296K, reserved 1056768K
  class space    used 611K, capacity 624K, committed 640K, reserved 1048576K
Event: 15.219 GC heap after
Heap after GC invocations=37 (full 4):
 PSYoungGen      total 181248K, used 45028K [0x00000000eab00000, 0x00000000fa700000, 0x0000000100000000)
  eden space 136192K, 0% used [0x00000000eab00000,0x00000000eab00000,0x00000000f3000000)
  from space 45056K, 99% used [0x00000000f3000000,0x00000000f5bf90c8,0x00000000f5c00000)
  to   space 56832K, 0% used [0x00000000f6f80000,0x00000000f6f80000,0x00000000fa700000)
 ParOldGen       total 202240K, used 179667K [0x00000000c0000000, 0x00000000cc580000, 0x00000000eab00000)
  object space 202240K, 88% used [0x00000000c0000000,0x00000000caf74d90,0x00000000cc580000)
 Metaspace       used 6160K, capacity 7096K, committed 7296K, reserved 1056768K
  class space    used 611K, capacity 624K, committed 640K, reserved 1048576K
}
Event: 15.219 GC heap before
{Heap before GC invocations=38 (full 5):
 PSYoungGen      total 181248K, used 45028K [0x00000000eab00000, 0x00000000fa700000, 0x0000000100000000)
  eden space 136192K, 0% used [0x00000000eab00000,0x00000000eab00000,0x00000000f3000000)
  from space 45056K, 99% used [0x00000000f3000000,0x00000000f5bf90c8,0x00000000f5c00000)
  to   space 56832K, 0% used [0x00000000f6f80000,0x00000000f6f80000,0x00000000fa700000)
 ParOldGen       total 202240K, used 179667K [0x00000000c0000000, 0x00000000cc580000, 0x00000000eab00000)
  object space 202240K, 88% used [0x00000000c0000000,0x00000000caf74d90,0x00000000cc580000)
 Metaspace       used 6160K, capacity 7096K, committed 7296K, reserved 1056768K
  class space    used 611K, capacity 624K, committed 640K, reserved 1048576K
Event: 16.539 GC heap after
Heap after GC invocations=38 (full 5):
 PSYoungGen      total 181248K, used 22427K [0x00000000eab00000, 0x00000000fa700000, 0x0000000100000000)
  eden space 136192K, 0% used [0x00000000eab00000,0x00000000eab00000,0x00000000f3000000)
  from space 45056K, 49% used [0x00000000f3000000,0x00000000f45e6f88,0x00000000f5c00000)
  to   space 56832K, 0% used [0x00000000f6f80000,0x00000000f6f80000,0x00000000fa700000)
 ParOldGen       total 202240K, used 201873K [0x00000000c0000000, 0x00000000cc580000, 0x00000000eab00000)
  object space 202240K, 99% used [0x00000000c0000000,0x00000000cc524650,0x00000000cc580000)
 Metaspace       used 6160K, capacity 7096K, committed 7296K, reserved 1056768K
  class space    used 611K, capacity 624K, committed 640K, reserved 1048576K
}
Event: 17.205 GC heap before
{Heap before GC invocations=39 (full 6):
 PSYoungGen      total 181248K, used 158619K [0x00000000eab00000, 0x00000000fa700000, 0x0000000100000000)
  eden space 136192K, 100% used [0x00000000eab00000,0x00000000f3000000,0x00000000f3000000)
  from space 45056K, 49% used [0x00000000f3000000,0x00000000f45e6f88,0x00000000f5c00000)
  to   space 56832K, 0% used [0x00000000f6f80000,0x00000000f6f80000,0x00000000fa700000)
 ParOldGen       total 202240K, used 201873K [0x00000000c0000000, 0x00000000cc580000, 0x00000000eab00000)
  object space 202240K, 99% used [0x00000000c0000000,0x00000000cc524650,0x00000000cc580000)
 Metaspace       used 6164K, capacity 7096K, committed 7296K, reserved 1056768K
  class space    used 611K, capacity 624K, committed 640K, reserved 1048576K
Event: 18.963 GC heap after
Heap after GC invocations=39 (full 6):
 PSYoungGen      total 181248K, used 42394K [0x00000000eab00000, 0x00000000fa700000, 0x0000000100000000)
  eden space 136192K, 31% used [0x00000000eab00000,0x00000000ed466b80,0x00000000f3000000)
  from space 45056K, 0% used [0x00000000f3000000,0x00000000f3000000,0x00000000f5c00000)
  to   space 56832K, 0% used [0x00000000f6f80000,0x00000000f6f80000,0x00000000fa700000)
 ParOldGen       total 202240K, used 202214K [0x00000000c0000000, 0x00000000cc580000, 0x00000000eab00000)
  object space 202240K, 99% used [0x00000000c0000000,0x00000000cc579870,0x00000000cc580000)
 Metaspace       used 6164K, capacity 7096K, committed 7296K, reserved 1056768K
  class space    used 611K, capacity 624K, committed 640K, reserved 1048576K
}

Deoptimization events (10 events):
Event: 3.460 Thread 0x0000000008616000 Uncommon trap: reason=bimorphic action=maybe_recompile pc=0x000000000f7e7cf4 method=com.android.dx.cf.code.BytecodeArray.parseInstruction(ILcom/android/dx/cf/code/BytecodeArray$Visitor;)I @ 1224
Event: 3.460 Thread 0x0000000008616000 Uncommon trap: reason=bimorphic action=maybe_recompile pc=0x000000000f7e77ec method=com.android.dx.cf.code.BytecodeArray.parseInstruction(ILcom/android/dx/cf/code/BytecodeArray$Visitor;)I @ 939
Event: 3.460 Thread 0x0000000008616000 Uncommon trap: reason=bimorphic action=maybe_recompile pc=0x000000000f7e7cf4 method=com.android.dx.cf.code.BytecodeArray.parseInstruction(ILcom/android/dx/cf/code/BytecodeArray$Visitor;)I @ 1224
Event: 4.695 Thread 0x0000000002e9e000 Uncommon trap: reason=bimorphic action=maybe_recompile pc=0x000000000f84a188 method=com.android.dx.cf.code.BytecodeArray.parseInstruction(ILcom/android/dx/cf/code/BytecodeArray$Visitor;)I @ 1597
Event: 4.696 Thread 0x0000000002e9e000 Uncommon trap: reason=bimorphic action=maybe_recompile pc=0x000000000f84a188 method=com.android.dx.cf.code.BytecodeArray.parseInstruction(ILcom/android/dx/cf/code/BytecodeArray$Visitor;)I @ 1597
Event: 4.773 Thread 0x0000000008617800 Uncommon trap: reason=unreached action=reinterpret pc=0x000000000f8253a0 method=com.android.dx.ssa.SCCP.simulateBranch(Lcom/android/dx/ssa/SsaInsn;)V @ 334
Event: 6.879 Thread 0x0000000008616000 Uncommon trap: reason=unreached action=reinterpret pc=0x000000000f8b50d0 method=com.android.dx.cf.code.BytecodeArray.parseInstruction(ILcom/android/dx/cf/code/BytecodeArray$Visitor;)I @ 1261
Event: 7.038 Thread 0x0000000002e9e000 Uncommon trap: reason=unreached action=reinterpret pc=0x000000000f1d5b04 method=java.util.zip.ZipCoder.decoder()Ljava/nio/charset/CharsetDecoder; @ 4
Event: 16.873 Thread 0x00000000085e4000 Uncommon trap: reason=class_check action=maybe_recompile pc=0x000000000f9559e4 method=com.android.dx.ssa.SCCP.simulateBranch(Lcom/android/dx/ssa/SsaInsn;)V @ 339
Event: 16.913 Thread 0x00000000085e4000 Uncommon trap: reason=class_check action=maybe_recompile pc=0x000000000f9559e4 method=com.android.dx.ssa.SCCP.simulateBranch(Lcom/android/dx/ssa/SsaInsn;)V @ 339

Internal exceptions (10 events):
Event: 1.424 Thread 0x0000000002e9e000 Exception <a 'java/security/PrivilegedActionException'> (0x00000000eac00970) thrown at [D:\re\workspace\8-2-build-windows-amd64-cygwin\jdk8u5\2488\hotspot\src\share\vm\prims\jvm.cpp, line 1248]
Event: 1.501 Thread 0x00000000085e4000 Implicit null exception at 0x000000000f3228df to 0x000000000f324a8d
Event: 1.797 Thread 0x0000000008617800 Implicit null exception at 0x000000000f6ad3c3 to 0x000000000f6af405
Event: 1.798 Thread 0x0000000008617800 Implicit null exception at 0x000000000f685f06 to 0x000000000f687339
Event: 1.816 Thread 0x0000000002e9e000 Exception <a 'java/lang/ArrayIndexOutOfBoundsException': 18> (0x00000000eb2a69b8) thrown at [D:\re\workspace\8-2-build-windows-amd64-cygwin\jdk8u5\2488\hotspot\src\share\vm\interpreter\interpreterRuntime.cpp, line 337]
Event: 1.817 Thread 0x0000000002e9e000 Exception <a 'java/lang/ArrayIndexOutOfBoundsException': 145> (0x00000000eb2a8450) thrown at [D:\re\workspace\8-2-build-windows-amd64-cygwin\jdk8u5\2488\hotspot\src\share\vm\interpreter\interpreterRuntime.cpp, line 337]
Event: 1.818 Thread 0x0000000002e9e000 Exception <a 'java/lang/ArrayIndexOutOfBoundsException'> (0x00000000eb2a9668) thrown at [D:\re\workspace\8-2-build-windows-amd64-cygwin\jdk8u5\2488\hotspot\src\share\vm\runtime\sharedRuntime.cpp, line 595]
Event: 2.365 Thread 0x0000000008616000 Exception <a 'java/security/PrivilegedActionException'> (0x00000000eb3ab688) thrown at [D:\re\workspace\8-2-build-windows-amd64-cygwin\jdk8u5\2488\hotspot\src\share\vm\prims\jvm.cpp, line 1248]
Event: 7.035 Thread 0x0000000002e9e000 Exception <a 'java/security/PrivilegedActionException'> (0x00000000eba98188) thrown at [D:\re\workspace\8-2-build-windows-amd64-cygwin\jdk8u5\2488\hotspot\src\share\vm\prims\jvm.cpp, line 1248]
Event: 7.038 Thread 0x0000000002e9e000 Implicit null exception at 0x000000000f1d4637 to 0x000000000f1d5ac9

Events (10 events):
Event: 16.919 Thread 0x00000000085e4000 DEOPT PACKING pc=0x000000000f830095 sp=0x0000000008dce5d0
Event: 16.919 Thread 0x00000000085e4000 DEOPT UNPACKING pc=0x000000000f057604 sp=0x0000000008dce380 mode 0
Event: 16.970 Thread 0x00000000085e4000 DEOPT PACKING pc=0x000000000f32172c sp=0x0000000008dce800
Event: 16.970 Thread 0x00000000085e4000 DEOPT UNPACKING pc=0x000000000f057604 sp=0x0000000008dce518 mode 0
Event: 16.970 Thread 0x0000000008617800 DEOPT PACKING pc=0x000000000f38cc25 sp=0x00000000091ce750
Event: 16.970 Thread 0x0000000008617800 DEOPT UNPACKING pc=0x000000000f057604 sp=0x00000000091ce4f0 mode 0
Event: 17.173 Thread 0x0000000008616000 DEOPT PACKING pc=0x000000000f38cc25 sp=0x0000000008fce8d0
Event: 17.173 Thread 0x0000000008616000 DEOPT UNPACKING pc=0x000000000f057604 sp=0x0000000008fce670 mode 0
Event: 17.203 Executing VM operation: ParallelGCFailedAllocation
Event: 18.963 Executing VM operation: ParallelGCFailedAllocation done


Dynamic libraries:
0x00007ff7a78d0000 - 0x00007ff7a7904000 	C:\Program Files\Java\jdk1.8.0_05\bin\java.exe
0x00007ff841d00000 - 0x00007ff841ec1000 	C:\WINDOWS\SYSTEM32\ntdll.dll
0x00007ff840570000 - 0x00007ff84061d000 	C:\WINDOWS\system32\KERNEL32.DLL
0x00007ff83e7b0000 - 0x00007ff83e98d000 	C:\WINDOWS\system32\KERNELBASE.dll
0x00007ff83f620000 - 0x00007ff83f6c6000 	C:\WINDOWS\system32\ADVAPI32.dll
0x00007ff83fb10000 - 0x00007ff83fbad000 	C:\WINDOWS\system32\msvcrt.dll
0x00007ff83f900000 - 0x00007ff83f95b000 	C:\WINDOWS\system32\sechost.dll
0x00007ff83f430000 - 0x00007ff83f556000 	C:\WINDOWS\system32\RPCRT4.dll
0x00007ff840680000 - 0x00007ff8407ce000 	C:\WINDOWS\system32\USER32.dll
0x00007ff83ff10000 - 0x00007ff840096000 	C:\WINDOWS\system32\GDI32.dll
0x00007ff839520000 - 0x00007ff839794000 	C:\WINDOWS\WinSxS\amd64_microsoft.windows.common-controls_6595b64144ccf1df_6.0.10240.16384_none_f41f7b285750ef43\COMCTL32.dll
0x00007ff840640000 - 0x00007ff840676000 	C:\WINDOWS\system32\IMM32.DLL
0x00007ff83f7a0000 - 0x00007ff83f8fc000 	C:\WINDOWS\system32\MSCTF.dll
0x00007ff83e600000 - 0x00007ff83e631000 	C:\Windows\system32\nvinitx.dll
0x00007ff83e5f0000 - 0x00007ff83e5fa000 	C:\WINDOWS\SYSTEM32\VERSION.dll
0x000000000f000000 - 0x000000000f006000 	C:\Program Files\NVIDIA Corporation\CoProcManager\_etoured.dll
0x00007ff83c410000 - 0x00007ff83c443000 	C:\Program Files\NVIDIA Corporation\CoProcManager\nvd3d9wrapx.dll
0x00007ff8400a0000 - 0x00007ff840265000 	C:\WINDOWS\system32\SETUPAPI.dll
0x00007ff83f2b0000 - 0x00007ff83f2f4000 	C:\WINDOWS\system32\CFGMGR32.dll
0x00007ff83c240000 - 0x00007ff83c262000 	C:\Program Files\NVIDIA Corporation\CoProcManager\nvdxgiwrapx.dll
0x0000000069ef0000 - 0x0000000069fc2000 	C:\Program Files\Java\jdk1.8.0_05\jre\bin\msvcr100.dll
0x000000006a050000 - 0x000000006a87a000 	C:\Program Files\Java\jdk1.8.0_05\jre\bin\server\jvm.dll
0x00007ff83fb00000 - 0x00007ff83fb08000 	C:\WINDOWS\system32\PSAPI.DLL
0x00007ff834360000 - 0x00007ff834369000 	C:\WINDOWS\SYSTEM32\WSOCK32.dll
0x00007ff83c810000 - 0x00007ff83c833000 	C:\WINDOWS\SYSTEM32\WINMM.dll
0x00007ff83f6d0000 - 0x00007ff83f739000 	C:\WINDOWS\system32\WS2_32.dll
0x00007ff83fa80000 - 0x00007ff83fa88000 	C:\WINDOWS\system32\NSI.dll
0x00007ff83c7b0000 - 0x00007ff83c7dc000 	C:\WINDOWS\SYSTEM32\WINMMBASE.dll
0x00007ff83cf90000 - 0x00007ff83cfb7000 	C:\WINDOWS\SYSTEM32\DEVOBJ.dll
0x000000006b930000 - 0x000000006b93f000 	C:\Program Files\Java\jdk1.8.0_05\jre\bin\verify.dll
0x000000006b900000 - 0x000000006b928000 	C:\Program Files\Java\jdk1.8.0_05\jre\bin\java.dll
0x000000006b8c0000 - 0x000000006b8d6000 	C:\Program Files\Java\jdk1.8.0_05\jre\bin\zip.dll
0x00007ff8407d0000 - 0x00007ff841cf2000 	C:\WINDOWS\system32\SHELL32.dll
0x00007ff83e990000 - 0x00007ff83efb8000 	C:\WINDOWS\system32\windows.storage.dll
0x00007ff83fc90000 - 0x00007ff83ff0c000 	C:\WINDOWS\system32\combase.dll
0x00007ff83f3b0000 - 0x00007ff83f401000 	C:\WINDOWS\system32\shlwapi.dll
0x0000000002920000 - 0x000000000292f000 	C:\WINDOWS\system32\kernel.appcore.dll
0x00007ff83f190000 - 0x00007ff83f243000 	C:\WINDOWS\system32\shcore.dll
0x00007ff83e710000 - 0x00007ff83e75a000 	C:\WINDOWS\system32\powrprof.dll
0x00007ff83e760000 - 0x00007ff83e773000 	C:\WINDOWS\system32\profapi.dll
0x00007ff825a10000 - 0x00007ff825b9a000 	C:\WINDOWS\SYSTEM32\dbghelp.dll

VM Arguments:
jvm_args: -Xmx1024M -Dfile.encoding=GBK -Duser.country=US -Duser.language=en -Duser.variant 
java_command: com.android.dx.command.Main --dex --num-threads=4 --multi-dex --main-dex-list E:\USA\courses\Advanced_Programming_Tools\Zijiang-Yang-APT\Connexus-Android\app\build\intermediates\multi-dex\debug\maindexlist.txt --output E:\USA\courses\Advanced_Programming_Tools\Zijiang-Yang-APT\Connexus-Android\app\build\intermediates\dex\debug E:\USA\courses\Advanced_Programming_Tools\Zijiang-Yang-APT\Connexus-Android\app\build\intermediates\multi-dex\debug\allclasses.jar
java_class_path (initial): D:\Program Files (x86)\AndroidSDK\build-tools\build-tools-23.0.1\lib\dx.jar
Launcher Type: SUN_STANDARD

Environment Variables:
JAVA_HOME=C:\Program Files\Java\jdk1.8.0_05
CLASSPATH=.;C:\Program Files\Java\jdk1.8.0_05\lib\dt.jar;C:\Program Files\Java\jdk1.8.0_05\lib\tools.jar;E:\CS_self_study\Algorithm\algs4.jar;E:\CS_self_study\Algorithm\stdlib.jar;
PATH=C:\Program Files (x86)\Common Files\Microsoft Shared\Windows Live;C:\Windows\system32;C:\Windows;C:\Windows\System32\Wbem;C:\Windows\System32\WindowsPowerShell\v1.0\;C:\Program Files\Lenovo\Bluetooth Software\;C:\Program Files\Lenovo\Bluetooth Software\syswow64;C:\Program Files (x86)\Common Files\Acronis\SnapAPI\;C:\Program Files (x86)\Microsoft SQL Server\100\Tools\Binn\;C:\Program Files (x86)\Microsoft SQL Server\100\DTS\Binn\;d:\Program Files\MATLAB\R2012a\runtime\win64;d:\Program Files\MATLAB\R2012a\bin;d:\Program Files\MATLAB\MATLAB Production Server\R2013b\runtime\win64;d:\Program Files\MATLAB\MATLAB Production Server\R2013b\bin;d:\Program Files\MATLAB\MATLAB Production Server\R2013b\polyspace\bin;C:\WINDOWS\system32;C:\WINDOWS;C:\WINDOWS\System32\Wbem;C:\WINDOWS\System32\WindowsPowerShell\v1.0\;C:\Program Files (x86)\NVIDIA Corporation\PhysX\Common;C:\Program Files (x86)\Skype\Phone\;C:\Users\Josh\.dnx\bin;C:\Program Files\Microsoft DNX\Dnvm\;C:\Program Files (x86)\Windows Kits\8.1\Windows Performance Toolkit\;D:\Program Files\Git\cmd;D:\Program Files (x86)\MiKTeX 2.9\miktex\bin\;C:\Program Files (x86)\Common Files\Microsoft Shared\Windows Live;D:\LeapDeveloperKit\LeapSDK\lib\x86;C:\Program Files\Java\jdk1.8.0_05\bin;C:\Program Files\Java\jdk1.8.0_05\jre\bin;D:\Program Files (x86)\eclipse\AndroidSDK\platform-tools;D:\Program Files (x86)\eclipse\AndroidSDK\tools;D:\Program Files (x86)\Oracle\VirtualBox;D:\cygwin64\bin;C:\Python27;C:\Python27\Scripts;C:\Users\Josh\AppData\Local\Code\bin
USERNAME=Josh
OS=Windows_NT
PROCESSOR_IDENTIFIER=Intel64 Family 6 Model 42 Stepping 7, GenuineIntel



---------------  S Y S T E M  ---------------

OS: Windows 8.1 , 64 bit Build 9600 

CPU:total 4 (2 cores per cpu, 2 threads per core) family 6 model 42 stepping 7, cmov, cx8, fxsr, mmx, sse, sse2, sse3, ssse3, sse4.1, sse4.2, popcnt, avx, aes, clmul, ht, tsc, tscinvbit

Memory: 4k page, physical 6233964k(446684k free), swap 6233964k(2368k free)

vm_info: Java HotSpot(TM) 64-Bit Server VM (25.5-b02) for windows-amd64 JRE (1.8.0_05-b13), built on Mar 18 2014 01:08:39 by "java_re" with MS VC++ 10.0 (VS2010)

time: Sat Oct 24 22:12:51 2015
elapsed time: 19 seconds

