#
# There is insufficient memory for the Java Runtime Environment to continue.
# Native memory allocation (malloc) failed to allocate 1648016 bytes for Chunk::new
# Possible reasons:
#   The system is out of physical RAM or swap space
#   In 32 bit mode, the process size limit was hit
# Possible solutions:
#   Reduce memory load on the system
#   Increase physical memory or swap space
#   Check if swap backing store is full
#   Use 64 bit Java on a 64 bit OS
#   Decrease Java heap size (-Xmx/-Xms)
#   Decrease number of Java threads
#   Decrease Java thread stack sizes (-Xss)
#   Set larger code cache with -XX:ReservedCodeCacheSize=
# This output file may be truncated or incomplete.
#
#  Out of Memory Error (allocation.cpp:388), pid=8916, tid=1984
#
# JRE version: Java(TM) SE Runtime Environment (8.0_05-b13) (build 1.8.0_05-b13)
# Java VM: Java HotSpot(TM) 64-Bit Server VM (25.5-b02 mixed mode windows-amd64 compressed oops)
# Failed to write core dump. Minidumps are not enabled by default on client versions of Windows
#

---------------  T H R E A D  ---------------

Current thread (0x0000000005c41000):  JavaThread "C2 CompilerThread1" daemon [_thread_in_native, id=1984, stack(0x0000000007680000,0x0000000007780000)]

Stack: [0x0000000007680000,0x0000000007780000]
Native frames: (J=compiled Java code, j=interpreted, Vv=VM code, C=native code)
V  [jvm.dll+0x308dea]
V  [jvm.dll+0x25def1]
V  [jvm.dll+0x25eb0f]
V  [jvm.dll+0x2564e5]
V  [jvm.dll+0xbcfc5]
V  [jvm.dll+0xbd45c]
V  [jvm.dll+0x44d422]
V  [jvm.dll+0x48e13f]
V  [jvm.dll+0x4422eb]
V  [jvm.dll+0x44366b]
V  [jvm.dll+0x427532]
V  [jvm.dll+0x96702]
V  [jvm.dll+0x96ef3]
V  [jvm.dll+0x2232c4]
V  [jvm.dll+0x27baca]
C  [msvcr100.dll+0x21d9f]
C  [msvcr100.dll+0x21e3b]
C  [KERNEL32.DLL+0x12d92]
C  [ntdll.dll+0x9f64]


Current CompileTask:
C2:  14608 2584       4       com.android.dx.cf.code.Simulator$SimVisitor::visitNoArgs (2108 bytes)


---------------  P R O C E S S  ---------------

Java Threads: ( => current thread )
  0x0000000007307800 JavaThread "pool-2-thread-4" [_thread_in_Java, id=10112, stack(0x0000000008680000,0x0000000008780000)]
  0x00000000071fe000 JavaThread "pool-2-thread-3" [_thread_in_Java, id=1564, stack(0x0000000008580000,0x0000000008680000)]
  0x00000000071fc800 JavaThread "pool-2-thread-2" [_thread_in_Java, id=9700, stack(0x0000000008480000,0x0000000008580000)]
  0x0000000007213800 JavaThread "pool-3-thread-1" [_thread_blocked, id=116, stack(0x0000000008380000,0x0000000008480000)]
  0x000000000720f000 JavaThread "pool-2-thread-1" [_thread_in_Java, id=8656, stack(0x0000000008280000,0x0000000008380000)]
  0x0000000007010800 JavaThread "Service Thread" daemon [_thread_blocked, id=9096, stack(0x0000000007880000,0x0000000007980000)]
  0x0000000005c46000 JavaThread "C1 CompilerThread2" daemon [_thread_blocked, id=4560, stack(0x0000000007780000,0x0000000007880000)]
=>0x0000000005c41000 JavaThread "C2 CompilerThread1" daemon [_thread_in_native, id=1984, stack(0x0000000007680000,0x0000000007780000)]
  0x0000000005c34000 JavaThread "C2 CompilerThread0" daemon [_thread_in_native, id=9068, stack(0x0000000007580000,0x0000000007680000)]
  0x0000000006fc3000 JavaThread "Attach Listener" daemon [_thread_blocked, id=9424, stack(0x0000000007480000,0x0000000007580000)]
  0x0000000006fc2800 JavaThread "Signal Dispatcher" daemon [_thread_blocked, id=10072, stack(0x0000000007380000,0x0000000007480000)]
  0x0000000002546800 JavaThread "Finalizer" daemon [_thread_blocked, id=6176, stack(0x0000000006e80000,0x0000000006f80000)]
  0x0000000005be7800 JavaThread "Reference Handler" daemon [_thread_blocked, id=816, stack(0x0000000006d80000,0x0000000006e80000)]
  0x000000000080e000 JavaThread "main" [_thread_in_Java, id=2884, stack(0x0000000002350000,0x0000000002450000)]

Other Threads:
  0x0000000005be6800 VMThread [stack: 0x0000000006c80000,0x0000000006d80000] [id=6364]
  0x0000000007017000 WatcherThread [stack: 0x0000000007980000,0x0000000007a80000] [id=9580]

VM state:not at safepoint (normal execution)

VM Mutex/Monitor currently owned by a thread: None

Heap:
 PSYoungGen      total 230400K, used 176804K [0x00000000eab00000, 0x00000000ff700000, 0x0000000100000000)
  eden space 145920K, 75% used [0x00000000eab00000,0x00000000f16bfe98,0x00000000f3980000)
  from space 84480K, 78% used [0x00000000f3980000,0x00000000f7a693f0,0x00000000f8c00000)
  to   space 92160K, 0% used [0x00000000f9d00000,0x00000000f9d00000,0x00000000ff700000)
 ParOldGen       total 254464K, used 208879K [0x00000000c0000000, 0x00000000cf880000, 0x00000000eab00000)
  object space 254464K, 82% used [0x00000000c0000000,0x00000000ccbfbd00,0x00000000cf880000)
 Metaspace       used 6199K, capacity 7096K, committed 7296K, reserved 1056768K
  class space    used 613K, capacity 624K, committed 640K, reserved 1048576K

Card table byte_map: [0x0000000002910000,0x0000000002b20000] byte_map_base: 0x0000000002310000

Marking Bits: (ParMarkBitMap*) 0x00000000582013b0
 Begin Bits: [0x0000000003080000, 0x0000000004080000)
 End Bits:   [0x0000000004080000, 0x0000000005080000)

Polling page: 0x0000000000350000

CodeCache: size=245760Kb used=11308Kb max_used=11326Kb free=234451Kb
 bounds [0x000000000f010000, 0x000000000fb30000, 0x000000001e010000]
 total_blobs=2791 nmethods=2524 adapters=180
 compilation: enabled

Compilation events (10 events):
Event: 14.180 Thread 0x0000000005c41000 nmethod 2574 0x000000000faff490 code [0x000000000faff5c0, 0x000000000faff6b8]
Event: 14.180 Thread 0x0000000005c41000 2567       4       com.android.dx.rop.code.LocalItem::equals (29 bytes)
Event: 14.183 Thread 0x0000000005c41000 nmethod 2567 0x000000000fb0bc90 code [0x000000000fb0bde0, 0x000000000fb0c0d8]
Event: 14.183 Thread 0x0000000005c41000 2469       4       com.android.dx.rop.code.LocalItem::hashCode (41 bytes)
Event: 14.189 Thread 0x0000000005c41000 nmethod 2469 0x000000000fb20b90 code [0x000000000fb20ce0, 0x000000000fb20fd8]
Event: 14.189 Thread 0x0000000005c41000 2577       4       com.android.dx.dex.cf.AttributeTranslator::getAnnotations0 (62 bytes)
Event: 14.197 Thread 0x0000000005c41000 nmethod 2577 0x000000000fb1fe10 code [0x000000000fb1ffa0, 0x000000000fb205e8]
Event: 14.197 Thread 0x0000000005c41000 2579       4       java.util.HashMap$TreeNode::find (172 bytes)
Event: 14.255 Thread 0x0000000005c41000 nmethod 2579 0x000000000fb26650 code [0x000000000fb268a0, 0x000000000fb28748]
Event: 14.255 Thread 0x0000000005c41000 2584       4       com.android.dx.cf.code.Simulator$SimVisitor::visitNoArgs (2108 bytes)

GC Heap History (10 events):
Event: 11.200 GC heap before
{Heap before GC invocations=36 (full 4):
 PSYoungGen      total 201728K, used 170497K [0x00000000eab00000, 0x00000000fab80000, 0x0000000100000000)
  eden space 145408K, 100% used [0x00000000eab00000,0x00000000f3900000,0x00000000f3900000)
  from space 56320K, 44% used [0x00000000f3900000,0x00000000f5180770,0x00000000f7000000)
  to   space 54784K, 0% used [0x00000000f7600000,0x00000000f7600000,0x00000000fab80000)
 ParOldGen       total 208896K, used 161857K [0x00000000c0000000, 0x00000000ccc00000, 0x00000000eab00000)
  object space 208896K, 77% used [0x00000000c0000000,0x00000000c9e10790,0x00000000ccc00000)
 Metaspace       used 6177K, capacity 7096K, committed 7296K, reserved 1056768K
  class space    used 613K, capacity 624K, committed 640K, reserved 1048576K
Event: 11.263 GC heap after
Heap after GC invocations=36 (full 4):
 PSYoungGen      total 201216K, used 47216K [0x00000000eab00000, 0x00000000fba00000, 0x0000000100000000)
  eden space 146432K, 0% used [0x00000000eab00000,0x00000000eab00000,0x00000000f3a00000)
  from space 54784K, 86% used [0x00000000f7600000,0x00000000fa41c3b8,0x00000000fab80000)
  to   space 61440K, 0% used [0x00000000f3a00000,0x00000000f3a00000,0x00000000f7600000)
 ParOldGen       total 208896K, used 161857K [0x00000000c0000000, 0x00000000ccc00000, 0x00000000eab00000)
  object space 208896K, 77% used [0x00000000c0000000,0x00000000c9e10790,0x00000000ccc00000)
 Metaspace       used 6177K, capacity 7096K, committed 7296K, reserved 1056768K
  class space    used 613K, capacity 624K, committed 640K, reserved 1048576K
}
Event: 11.745 GC heap before
{Heap before GC invocations=37 (full 4):
 PSYoungGen      total 201216K, used 193648K [0x00000000eab00000, 0x00000000fba00000, 0x0000000100000000)
  eden space 146432K, 100% used [0x00000000eab00000,0x00000000f3a00000,0x00000000f3a00000)
  from space 54784K, 86% used [0x00000000f7600000,0x00000000fa41c3b8,0x00000000fab80000)
  to   space 61440K, 0% used [0x00000000f3a00000,0x00000000f3a00000,0x00000000f7600000)
 ParOldGen       total 208896K, used 161857K [0x00000000c0000000, 0x00000000ccc00000, 0x00000000eab00000)
  object space 208896K, 77% used [0x00000000c0000000,0x00000000c9e10790,0x00000000ccc00000)
 Metaspace       used 6187K, capacity 7096K, committed 7296K, reserved 1056768K
  class space    used 613K, capacity 624K, committed 640K, reserved 1048576K
Event: 11.857 GC heap after
Heap after GC invocations=37 (full 4):
 PSYoungGen      total 207872K, used 61425K [0x00000000eab00000, 0x00000000fd500000, 0x0000000100000000)
  eden space 146432K, 0% used [0x00000000eab00000,0x00000000eab00000,0x00000000f3a00000)
  from space 61440K, 99% used [0x00000000f3a00000,0x00000000f75fc7e0,0x00000000f7600000)
  to   space 74752K, 0% used [0x00000000f8c00000,0x00000000f8c00000,0x00000000fd500000)
 ParOldGen       total 208896K, used 171000K [0x00000000c0000000, 0x00000000ccc00000, 0x00000000eab00000)
  object space 208896K, 81% used [0x00000000c0000000,0x00000000ca6fe1c0,0x00000000ccc00000)
 Metaspace       used 6187K, capacity 7096K, committed 7296K, reserved 1056768K
  class space    used 613K, capacity 624K, committed 640K, reserved 1048576K
}
Event: 12.233 GC heap before
{Heap before GC invocations=38 (full 4):
 PSYoungGen      total 207872K, used 207857K [0x00000000eab00000, 0x00000000fd500000, 0x0000000100000000)
  eden space 146432K, 100% used [0x00000000eab00000,0x00000000f3a00000,0x00000000f3a00000)
  from space 61440K, 99% used [0x00000000f3a00000,0x00000000f75fc7e0,0x00000000f7600000)
  to   space 74752K, 0% used [0x00000000f8c00000,0x00000000f8c00000,0x00000000fd500000)
 ParOldGen       total 208896K, used 171000K [0x00000000c0000000, 0x00000000ccc00000, 0x00000000eab00000)
  object space 208896K, 81% used [0x00000000c0000000,0x00000000ca6fe1c0,0x00000000ccc00000)
 Metaspace       used 6196K, capacity 7096K, committed 7296K, reserved 1056768K
  class space    used 613K, capacity 624K, committed 640K, reserved 1048576K
Event: 12.343 GC heap after
Heap after GC invocations=38 (full 4):
 PSYoungGen      total 220672K, used 65910K [0x00000000eab00000, 0x00000000fe980000, 0x0000000100000000)
  eden space 145920K, 0% used [0x00000000eab00000,0x00000000eab00000,0x00000000f3980000)
  from space 74752K, 88% used [0x00000000f8c00000,0x00000000fcc5d808,0x00000000fd500000)
  to   space 84480K, 0% used [0x00000000f3980000,0x00000000f3980000,0x00000000f8c00000)
 ParOldGen       total 208896K, used 189872K [0x00000000c0000000, 0x00000000ccc00000, 0x00000000eab00000)
  object space 208896K, 90% used [0x00000000c0000000,0x00000000cb96c038,0x00000000ccc00000)
 Metaspace       used 6196K, capacity 7096K, committed 7296K, reserved 1056768K
  class space    used 613K, capacity 624K, committed 640K, reserved 1048576K
}
Event: 12.343 GC heap before
{Heap before GC invocations=39 (full 5):
 PSYoungGen      total 220672K, used 65910K [0x00000000eab00000, 0x00000000fe980000, 0x0000000100000000)
  eden space 145920K, 0% used [0x00000000eab00000,0x00000000eab00000,0x00000000f3980000)
  from space 74752K, 88% used [0x00000000f8c00000,0x00000000fcc5d808,0x00000000fd500000)
  to   space 84480K, 0% used [0x00000000f3980000,0x00000000f3980000,0x00000000f8c00000)
 ParOldGen       total 208896K, used 189872K [0x00000000c0000000, 0x00000000ccc00000, 0x00000000eab00000)
  object space 208896K, 90% used [0x00000000c0000000,0x00000000cb96c038,0x00000000ccc00000)
 Metaspace       used 6196K, capacity 7096K, committed 7296K, reserved 1056768K
  class space    used 613K, capacity 624K, committed 640K, reserved 1048576K
Event: 13.922 GC heap after
Heap after GC invocations=39 (full 5):
 PSYoungGen      total 220672K, used 43646K [0x00000000eab00000, 0x00000000fe980000, 0x0000000100000000)
  eden space 145920K, 0% used [0x00000000eab00000,0x00000000eab00000,0x00000000f3980000)
  from space 74752K, 58% used [0x00000000f8c00000,0x00000000fb69faa8,0x00000000fd500000)
  to   space 84480K, 0% used [0x00000000f3980000,0x00000000f3980000,0x00000000f8c00000)
 ParOldGen       total 254464K, used 208879K [0x00000000c0000000, 0x00000000cf880000, 0x00000000eab00000)
  object space 254464K, 82% used [0x00000000c0000000,0x00000000ccbfbd00,0x00000000cf880000)
 Metaspace       used 6196K, capacity 7096K, committed 7296K, reserved 1056768K
  class space    used 613K, capacity 624K, committed 640K, reserved 1048576K
}
Event: 14.295 GC heap before
{Heap before GC invocations=40 (full 5):
 PSYoungGen      total 220672K, used 189566K [0x00000000eab00000, 0x00000000fe980000, 0x0000000100000000)
  eden space 145920K, 100% used [0x00000000eab00000,0x00000000f3980000,0x00000000f3980000)
  from space 74752K, 58% used [0x00000000f8c00000,0x00000000fb69faa8,0x00000000fd500000)
  to   space 84480K, 0% used [0x00000000f3980000,0x00000000f3980000,0x00000000f8c00000)
 ParOldGen       total 254464K, used 208879K [0x00000000c0000000, 0x00000000cf880000, 0x00000000eab00000)
  object space 254464K, 82% used [0x00000000c0000000,0x00000000ccbfbd00,0x00000000cf880000)
 Metaspace       used 6199K, capacity 7096K, committed 7296K, reserved 1056768K
  class space    used 613K, capacity 624K, committed 640K, reserved 1048576K
Event: 14.448 GC heap after
Heap after GC invocations=40 (full 5):
 PSYoungGen      total 230400K, used 66468K [0x00000000eab00000, 0x00000000ff700000, 0x0000000100000000)
  eden space 145920K, 0% used [0x00000000eab00000,0x00000000eab00000,0x00000000f3980000)
  from space 84480K, 78% used [0x00000000f3980000,0x00000000f7a693f0,0x00000000f8c00000)
  to   space 92160K, 0% used [0x00000000f9d00000,0x00000000f9d00000,0x00000000ff700000)
 ParOldGen       total 254464K, used 208879K [0x00000000c0000000, 0x00000000cf880000, 0x00000000eab00000)
  object space 254464K, 82% used [0x00000000c0000000,0x00000000ccbfbd00,0x00000000cf880000)
 Metaspace       used 6199K, capacity 7096K, committed 7296K, reserved 1056768K
  class space    used 613K, capacity 624K, committed 640K, reserved 1048576K
}

Deoptimization events (10 events):
Event: 11.551 Thread 0x00000000071fc800 Uncommon trap: reason=bimorphic action=maybe_recompile pc=0x000000000f7cf988 method=com.android.dx.ssa.LiteralOpUpgrader.tryReplacingWithConstant(Lcom/android/dx/ssa/NormalSsaInsn;)Z @ 62
Event: 11.551 Thread 0x00000000071fc800 Uncommon trap: reason=bimorphic action=maybe_recompile pc=0x000000000f7cf988 method=com.android.dx.ssa.LiteralOpUpgrader.tryReplacingWithConstant(Lcom/android/dx/ssa/NormalSsaInsn;)Z @ 62
Event: 11.551 Thread 0x00000000071fc800 Uncommon trap: reason=bimorphic action=maybe_recompile pc=0x000000000f7c8280 method=com.android.dx.ssa.LiteralOpUpgrader.tryReplacingWithConstant(Lcom/android/dx/ssa/NormalSsaInsn;)Z @ 62
Event: 11.862 Thread 0x00000000071fe000 Uncommon trap: reason=class_check action=maybe_recompile pc=0x000000000fa91d6c method=com.android.dx.cf.code.Simulator$SimVisitor.visitNoArgs(IIILcom/android/dx/rop/type/Type;)V @ 841
Event: 11.862 Thread 0x00000000071fe000 Uncommon trap: reason=class_check action=maybe_recompile pc=0x000000000fa91d6c method=com.android.dx.cf.code.Simulator$SimVisitor.visitNoArgs(IIILcom/android/dx/rop/type/Type;)V @ 841
Event: 11.870 Thread 0x00000000071fc800 Uncommon trap: reason=class_check action=maybe_recompile pc=0x000000000fa91d6c method=com.android.dx.cf.code.Simulator$SimVisitor.visitNoArgs(IIILcom/android/dx/rop/type/Type;)V @ 841
Event: 11.870 Thread 0x00000000071fc800 Uncommon trap: reason=class_check action=maybe_recompile pc=0x000000000fa91d6c method=com.android.dx.cf.code.Simulator$SimVisitor.visitNoArgs(IIILcom/android/dx/rop/type/Type;)V @ 841
Event: 11.992 Thread 0x000000000720f000 Uncommon trap: reason=unreached action=reinterpret pc=0x000000000fac3a98 method=java.util.HashMap$TreeNode.find(ILjava/lang/Object;Ljava/lang/Class;)Ljava/util/HashMap$TreeNode; @ 58
Event: 14.228 Thread 0x0000000007307800 Uncommon trap: reason=class_check action=maybe_recompile pc=0x000000000fae780c method=com.android.dx.cf.code.Simulator$SimVisitor.visitNoArgs(IIILcom/android/dx/rop/type/Type;)V @ 1412
Event: 14.228 Thread 0x0000000007307800 Uncommon trap: reason=class_check action=maybe_recompile pc=0x000000000fae780c method=com.android.dx.cf.code.Simulator$SimVisitor.visitNoArgs(IIILcom/android/dx/rop/type/Type;)V @ 1412

Internal exceptions (10 events):
Event: 2.155 Thread 0x00000000071fc800 Exception <a 'java/lang/ArrayIndexOutOfBoundsException'> (0x00000000eaefe2c0) thrown at [D:\re\workspace\8-2-build-windows-amd64-cygwin\jdk8u5\2488\hotspot\src\share\vm\runtime\sharedRuntime.cpp, line 595]
Event: 2.351 Thread 0x000000000080e000 Exception <a 'java/security/PrivilegedActionException'> (0x00000000ed3e3ba8) thrown at [D:\re\workspace\8-2-build-windows-amd64-cygwin\jdk8u5\2488\hotspot\src\share\vm\prims\jvm.cpp, line 1248]
Event: 2.877 Thread 0x000000000720f000 Exception <a 'java/security/PrivilegedActionException'> (0x00000000ed639b48) thrown at [D:\re\workspace\8-2-build-windows-amd64-cygwin\jdk8u5\2488\hotspot\src\share\vm\prims\jvm.cpp, line 1248]
Event: 3.431 Thread 0x000000000080e000 Exception <a 'java/security/PrivilegedActionException'> (0x00000000eb31ec30) thrown at [D:\re\workspace\8-2-build-windows-amd64-cygwin\jdk8u5\2488\hotspot\src\share\vm\prims\jvm.cpp, line 1248]
Event: 7.867 Thread 0x0000000007307800 Exception <a 'java/security/PrivilegedActionException'> (0x00000000ec82e870) thrown at [D:\re\workspace\8-2-build-windows-amd64-cygwin\jdk8u5\2488\hotspot\src\share\vm\prims\jvm.cpp, line 1248]
Event: 8.070 Thread 0x0000000007307800 Exception <a 'java/security/PrivilegedActionException'> (0x00000000f303bc78) thrown at [D:\re\workspace\8-2-build-windows-amd64-cygwin\jdk8u5\2488\hotspot\src\share\vm\prims\jvm.cpp, line 1248]
Event: 8.702 Thread 0x0000000007307800 Exception <a 'java/security/PrivilegedActionException'> (0x00000000eabc07e0) thrown at [D:\re\workspace\8-2-build-windows-amd64-cygwin\jdk8u5\2488\hotspot\src\share\vm\prims\jvm.cpp, line 1248]
Event: 9.390 Thread 0x000000000080e000 Exception <a 'java/security/PrivilegedActionException'> (0x00000000ef5e3118) thrown at [D:\re\workspace\8-2-build-windows-amd64-cygwin\jdk8u5\2488\hotspot\src\share\vm\prims\jvm.cpp, line 1248]
Event: 10.888 Thread 0x00000000071fe000 Exception <a 'java/security/PrivilegedActionException'> (0x00000000ecab12c0) thrown at [D:\re\workspace\8-2-build-windows-amd64-cygwin\jdk8u5\2488\hotspot\src\share\vm\prims\jvm.cpp, line 1248]
Event: 11.340 Thread 0x00000000071fe000 Implicit null exception at 0x000000000f39ab12 to 0x000000000f39afe5

Events (10 events):
Event: 14.228 Thread 0x0000000007307800 DEOPT UNPACKING pc=0x000000000f0555af sp=0x000000000877e7f8 mode 2
Event: 14.228 Thread 0x0000000007307800 Uncommon trap: trap_request=0xffffffde fr.pc=0x000000000fae780c
Event: 14.228 Thread 0x0000000007307800 DEOPT PACKING pc=0x000000000fae780c sp=0x000000000877e860
Event: 14.228 Thread 0x0000000007307800 DEOPT UNPACKING pc=0x000000000f0555af sp=0x000000000877e7f8 mode 2
Event: 14.252 Thread 0x000000000720f000 DEOPT PACKING pc=0x000000000f739c74 sp=0x000000000837f210
Event: 14.252 Thread 0x000000000720f000 DEOPT UNPACKING pc=0x000000000f057604 sp=0x000000000837eff0 mode 0
Event: 14.264 Thread 0x000000000080e000 DEOPT PACKING pc=0x000000000f72f58a sp=0x000000000244e660
Event: 14.264 Thread 0x000000000080e000 DEOPT UNPACKING pc=0x000000000f057604 sp=0x000000000244e470 mode 0
Event: 14.295 Executing VM operation: ParallelGCFailedAllocation
Event: 14.448 Executing VM operation: ParallelGCFailedAllocation done


Dynamic libraries:
0x00007ff75a910000 - 0x00007ff75a944000 	C:\Program Files\Java\jdk1.8.0_05\bin\java.exe
0x00007ff974730000 - 0x00007ff9748f1000 	C:\WINDOWS\SYSTEM32\ntdll.dll
0x00007ff973fb0000 - 0x00007ff97405d000 	C:\WINDOWS\system32\KERNEL32.DLL
0x00007ff9713b0000 - 0x00007ff97158d000 	C:\WINDOWS\system32\KERNELBASE.dll
0x00007ff9722a0000 - 0x00007ff972346000 	C:\WINDOWS\system32\ADVAPI32.dll
0x00007ff973b70000 - 0x00007ff973c0d000 	C:\WINDOWS\system32\msvcrt.dll
0x00007ff972350000 - 0x00007ff9723ab000 	C:\WINDOWS\system32\sechost.dll
0x00007ff973e80000 - 0x00007ff973fa6000 	C:\WINDOWS\system32\RPCRT4.dll
0x00007ff974560000 - 0x00007ff9746ae000 	C:\WINDOWS\system32\USER32.dll
0x00007ff9743d0000 - 0x00007ff974556000 	C:\WINDOWS\system32\GDI32.dll
0x00007ff96c820000 - 0x00007ff96ca94000 	C:\WINDOWS\WinSxS\amd64_microsoft.windows.common-controls_6595b64144ccf1df_6.0.10240.16384_none_f41f7b285750ef43\COMCTL32.dll
0x00007ff9739d0000 - 0x00007ff973a06000 	C:\WINDOWS\system32\IMM32.DLL
0x00007ff973a10000 - 0x00007ff973b6c000 	C:\WINDOWS\system32\MSCTF.dll
0x00007ff971030000 - 0x00007ff971061000 	C:\Windows\system32\nvinitx.dll
0x00007ff971020000 - 0x00007ff97102a000 	C:\WINDOWS\SYSTEM32\VERSION.dll
0x000000000f000000 - 0x000000000f006000 	C:\Program Files\NVIDIA Corporation\CoProcManager\_etoured.dll
0x00007ff96eda0000 - 0x00007ff96edd3000 	C:\Program Files\NVIDIA Corporation\CoProcManager\nvd3d9wrapx.dll
0x00007ff9720d0000 - 0x00007ff972295000 	C:\WINDOWS\system32\SETUPAPI.dll
0x00007ff971590000 - 0x00007ff9715d4000 	C:\WINDOWS\system32\CFGMGR32.dll
0x00007ff96ed70000 - 0x00007ff96ed92000 	C:\Program Files\NVIDIA Corporation\CoProcManager\nvdxgiwrapx.dll
0x0000000057880000 - 0x0000000057952000 	C:\Program Files\Java\jdk1.8.0_05\jre\bin\msvcr100.dll
0x0000000057a50000 - 0x000000005827a000 	C:\Program Files\Java\jdk1.8.0_05\jre\bin\server\jvm.dll
0x00007ff971de0000 - 0x00007ff971de8000 	C:\WINDOWS\system32\PSAPI.DLL
0x00007ff96f370000 - 0x00007ff96f393000 	C:\WINDOWS\SYSTEM32\WINMM.dll
0x00007ff965e10000 - 0x00007ff965e19000 	C:\WINDOWS\SYSTEM32\WSOCK32.dll
0x00007ff9723b0000 - 0x00007ff972419000 	C:\WINDOWS\system32\WS2_32.dll
0x00007ff973dc0000 - 0x00007ff973dc8000 	C:\WINDOWS\system32\NSI.dll
0x00000000007b0000 - 0x00000000007dc000 	C:\WINDOWS\SYSTEM32\WINMMBASE.dll
0x00007ff96f9c0000 - 0x00007ff96f9e7000 	C:\WINDOWS\SYSTEM32\DEVOBJ.dll
0x0000000058fd0000 - 0x0000000058fdf000 	C:\Program Files\Java\jdk1.8.0_05\jre\bin\verify.dll
0x0000000058fa0000 - 0x0000000058fc8000 	C:\Program Files\Java\jdk1.8.0_05\jre\bin\java.dll
0x0000000058f80000 - 0x0000000058f96000 	C:\Program Files\Java\jdk1.8.0_05\jre\bin\zip.dll
0x00007ff972420000 - 0x00007ff973942000 	C:\WINDOWS\system32\SHELL32.dll
0x00007ff9715e0000 - 0x00007ff971c08000 	C:\WINDOWS\system32\windows.storage.dll
0x00007ff971df0000 - 0x00007ff97206c000 	C:\WINDOWS\system32\combase.dll
0x00007ff973970000 - 0x00007ff9739c1000 	C:\WINDOWS\system32\shlwapi.dll
0x00007ff971140000 - 0x00007ff97114f000 	C:\WINDOWS\system32\kernel.appcore.dll
0x00007ff9711e0000 - 0x00007ff971293000 	C:\WINDOWS\system32\shcore.dll
0x00007ff971190000 - 0x00007ff9711da000 	C:\WINDOWS\system32\powrprof.dll
0x00007ff971150000 - 0x00007ff971163000 	C:\WINDOWS\system32\profapi.dll
0x00007ff958780000 - 0x00007ff95890a000 	C:\WINDOWS\SYSTEM32\dbghelp.dll

VM Arguments:
jvm_args: -Xmx1024M -Dfile.encoding=GBK -Duser.country=US -Duser.language=en -Duser.variant 
java_command: com.android.dx.command.Main --dex --num-threads=4 --multi-dex --main-dex-list E:\USA\courses\Advanced_Programming_Tools\Zijiang-Yang-APT\Connexus-Android\app\build\intermediates\multi-dex\debug\maindexlist.txt --output E:\USA\courses\Advanced_Programming_Tools\Zijiang-Yang-APT\Connexus-Android\app\build\intermediates\dex\debug E:\USA\courses\Advanced_Programming_Tools\Zijiang-Yang-APT\Connexus-Android\app\build\intermediates\multi-dex\debug\allclasses.jar
java_class_path (initial): D:\Program Files (x86)\AndroidSDK\build-tools\build-tools-23.0.1\lib\dx.jar
Launcher Type: SUN_STANDARD

Environment Variables:
JAVA_HOME=C:\Program Files\Java\jdk1.8.0_05
CLASSPATH=.;C:\Program Files\Java\jdk1.8.0_05\lib\dt.jar;C:\Program Files\Java\jdk1.8.0_05\lib\tools.jar;E:\CS_self_study\Algorithm\algs4.jar;E:\CS_self_study\Algorithm\stdlib.jar;
PATH=C:\Program Files (x86)\Common Files\Microsoft Shared\Windows Live;C:\Windows\system32;C:\Windows;C:\Windows\System32\Wbem;C:\Windows\System32\WindowsPowerShell\v1.0\;C:\Program Files\Lenovo\Bluetooth Software\;C:\Program Files\Lenovo\Bluetooth Software\syswow64;C:\Program Files (x86)\Common Files\Acronis\SnapAPI\;C:\Program Files (x86)\Microsoft SQL Server\100\Tools\Binn\;C:\Program Files (x86)\Microsoft SQL Server\100\DTS\Binn\;d:\Program Files\MATLAB\R2012a\runtime\win64;d:\Program Files\MATLAB\R2012a\bin;d:\Program Files\MATLAB\MATLAB Production Server\R2013b\runtime\win64;d:\Program Files\MATLAB\MATLAB Production Server\R2013b\bin;d:\Program Files\MATLAB\MATLAB Production Server\R2013b\polyspace\bin;C:\WINDOWS\system32;C:\WINDOWS;C:\WINDOWS\System32\Wbem;C:\WINDOWS\System32\WindowsPowerShell\v1.0\;C:\Program Files (x86)\NVIDIA Corporation\PhysX\Common;C:\Program Files (x86)\Skype\Phone\;C:\Users\Josh\.dnx\bin;C:\Program Files\Microsoft DNX\Dnvm\;C:\Program Files (x86)\Windows Kits\8.1\Windows Performance Toolkit\;D:\Program Files\Git\cmd;D:\Program Files (x86)\MiKTeX 2.9\miktex\bin\;C:\Program Files (x86)\Common Files\Microsoft Shared\Windows Live;D:\LeapDeveloperKit\LeapSDK\lib\x86;C:\Program Files\Java\jdk1.8.0_05\bin;C:\Program Files\Java\jdk1.8.0_05\jre\bin;D:\Program Files (x86)\eclipse\AndroidSDK\platform-tools;D:\Program Files (x86)\eclipse\AndroidSDK\tools;D:\Program Files (x86)\Oracle\VirtualBox;D:\cygwin64\bin;C:\Python27;C:\Python27\Scripts;C:\Users\Josh\AppData\Local\Code\bin
USERNAME=Josh
OS=Windows_NT
PROCESSOR_IDENTIFIER=Intel64 Family 6 Model 42 Stepping 7, GenuineIntel



---------------  S Y S T E M  ---------------

OS: Windows 8.1 , 64 bit Build 9600 

CPU:total 4 (2 cores per cpu, 2 threads per core) family 6 model 42 stepping 7, cmov, cx8, fxsr, mmx, sse, sse2, sse3, ssse3, sse4.1, sse4.2, popcnt, avx, aes, clmul, ht, tsc, tscinvbit

Memory: 4k page, physical 6233964k(525012k free), swap 6233964k(3256k free)

vm_info: Java HotSpot(TM) 64-Bit Server VM (25.5-b02) for windows-amd64 JRE (1.8.0_05-b13), built on Mar 18 2014 01:08:39 by "java_re" with MS VC++ 10.0 (VS2010)

time: Sun Oct 25 03:28:55 2015
elapsed time: 14 seconds

